Using pre-set license
Built from '2021.3/staging' branch; Version is '2021.3.9f1 (ad3870b89536) revision 11352176'; Using compiler version '192829333'; Build Type 'Release'
OS: 'Windows 10  (10.0.19045) 64bit ProfessionalWorkstation' Language: 'es' Physical Memory: 16169 MB
BatchMode: 1, IsHumanControllingUs: 0, StartBugReporterOnCrash: 0, Is64bit: 1, IsPro: 1

COMMAND LINE ARGUMENTS:
C:\Program Files\Unity 2021.3.9f1\Editor\Unity.exe
-adb2
-batchMode
-noUpm
-name
AssetImportWorker4
-projectPath
C:/Users/calav/Documents/GitHub/Unf0und_VR/Unf0und_VR
-logFile
Logs/AssetImportWorker4.log
-srvPort
64240
Successfully changed project path to: C:/Users/calav/Documents/GitHub/Unf0und_VR/Unf0und_VR
C:/Users/calav/Documents/GitHub/Unf0und_VR/Unf0und_VR
[UnityMemory] Configuration Parameters - Can be set up in boot.config
    "memorysetup-bucket-allocator-granularity=16"
    "memorysetup-bucket-allocator-bucket-count=8"
    "memorysetup-bucket-allocator-block-size=33554432"
    "memorysetup-bucket-allocator-block-count=8"
    "memorysetup-main-allocator-block-size=16777216"
    "memorysetup-thread-allocator-block-size=16777216"
    "memorysetup-gfx-main-allocator-block-size=16777216"
    "memorysetup-gfx-thread-allocator-block-size=16777216"
    "memorysetup-cache-allocator-block-size=4194304"
    "memorysetup-typetree-allocator-block-size=2097152"
    "memorysetup-profiler-bucket-allocator-granularity=16"
    "memorysetup-profiler-bucket-allocator-bucket-count=8"
    "memorysetup-profiler-bucket-allocator-block-size=33554432"
    "memorysetup-profiler-bucket-allocator-block-count=8"
    "memorysetup-profiler-allocator-block-size=16777216"
    "memorysetup-profiler-editor-allocator-block-size=1048576"
    "memorysetup-temp-allocator-size-main=16777216"
    "memorysetup-job-temp-allocator-block-size=2097152"
    "memorysetup-job-temp-allocator-block-size-background=1048576"
    "memorysetup-job-temp-allocator-reduction-small-platforms=262144"
    "memorysetup-temp-allocator-size-background-worker=32768"
    "memorysetup-temp-allocator-size-job-worker=262144"
    "memorysetup-temp-allocator-size-preload-manager=33554432"
    "memorysetup-temp-allocator-size-nav-mesh-worker=65536"
    "memorysetup-temp-allocator-size-audio-worker=65536"
    "memorysetup-temp-allocator-size-cloud-worker=32768"
    "memorysetup-temp-allocator-size-gi-baking-worker=262144"
    "memorysetup-temp-allocator-size-gfx=262144"
Default GameObject BitMask: bossChair already registered
Refreshing native plugins compatible for Editor in 169.22 ms, found 13 plugins.
Preloading 1 native plugins for Editor in 0.97 ms.
Initialize engine version: 2021.3.9f1 (ad3870b89536)
[Subsystems] Discovering subsystems at path C:/Program Files/Unity 2021.3.9f1/Editor/Data/Resources/UnitySubsystems
[Subsystems] Discovering subsystems at path C:/Users/calav/Documents/GitHub/Unf0und_VR/Unf0und_VR/Assets
GfxDevice: creating device client; threaded=0; jobified=0
Direct3D:
    Version:  Direct3D 11.0 [level 11.1]
    Renderer: NVIDIA GeForce RTX 2070 (ID=0x1f14)
    Vendor:   NVIDIA
    VRAM:     8031 MB
    Driver:   30.0.15.1278
Initialize mono
Mono path[0] = 'C:/Program Files/Unity 2021.3.9f1/Editor/Data/Managed'
Mono path[1] = 'C:/Program Files/Unity 2021.3.9f1/Editor/Data/MonoBleedingEdge/lib/mono/unityjit-win32'
Mono config path = 'C:/Program Files/Unity 2021.3.9f1/Editor/Data/MonoBleedingEdge/etc'
Using monoOptions --debugger-agent=transport=dt_socket,embedding=1,server=y,suspend=n,address=127.0.0.1:56828
Begin MonoManager ReloadAssembly
Registering precompiled unity dll's ...
Register platform support module: C:/Program Files/Unity 2021.3.9f1/Editor/Data/PlaybackEngines/AndroidPlayer/UnityEditor.Android.Extensions.dll
Register platform support module: C:/Program Files/Unity 2021.3.9f1/Editor/Data/PlaybackEngines/WindowsStandaloneSupport/UnityEditor.WindowsStandalone.Extensions.dll
Registered in 0.005636 seconds.
Native extension for WindowsStandalone target not found
Native extension for Android target not found
Refreshing native plugins compatible for Editor in 159.45 ms, found 13 plugins.
Preloading 1 native plugins for Editor in 0.10 ms.
Mono: successfully reloaded assembly
- Completed reload, in  0.754 seconds
Domain Reload Profiling:
	ReloadAssembly (755ms)
		BeginReloadAssembly (74ms)
			ExecutionOrderSort (0ms)
			DisableScriptedObjects (0ms)
			BackupInstance (0ms)
			ReleaseScriptingObjects (0ms)
			CreateAndSetChildDomain (1ms)
		EndReloadAssembly (563ms)
			LoadAssemblies (72ms)
			RebuildTransferFunctionScriptingTraits (0ms)
			SetupTypeCache (117ms)
			ReleaseScriptCaches (0ms)
			RebuildScriptCaches (29ms)
			SetupLoadedEditorAssemblies (362ms)
				LogAssemblyErrors (0ms)
				InitializePlatformSupportModulesInManaged (46ms)
				SetLoadedEditorAssemblies (0ms)
				RefreshPlugins (160ms)
				BeforeProcessingInitializeOnLoad (1ms)
				ProcessInitializeOnLoadAttributes (114ms)
				ProcessInitializeOnLoadMethodAttributes (41ms)
				AfterProcessingInitializeOnLoad (0ms)
				EditorAssembliesLoaded (0ms)
			ExecutionOrderSort2 (0ms)
			AwakeInstancesAfterBackupRestoration (0ms)
Platform modules already initialized, skipping
Registering precompiled user dll's ...
Registered in 0.021478 seconds.
Begin MonoManager ReloadAssembly
Symbol file LoadedFromMemory doesn't match image C:\Users\calav\Documents\GitHub\Unf0und_VR\Unf0und_VR\Library\PackageCache\com.unity.visualscripting@1.7.8\Editor\VisualScripting.Core\Dependencies\DotNetZip\Unity.VisualScripting.IonicZip.dll
Symbol file LoadedFromMemory doesn't match image C:\Users\calav\Documents\GitHub\Unf0und_VR\Unf0und_VR\Library\PackageCache\com.unity.visualscripting@1.7.8\Editor\VisualScripting.Core\Dependencies\YamlDotNet\Unity.VisualScripting.YamlDotNet.dll
Native extension for WindowsStandalone target not found
Native extension for Android target not found
Refreshing native plugins compatible for Editor in 276.32 ms, found 13 plugins.
Preloading 1 native plugins for Editor in 0.12 ms.
Package Manager log level set to [2]
System.Reflection.TargetInvocationException: Exception has been thrown by the target of an invocation. ---> System.NullReferenceException: Object reference not set to an instance of an object
  at Unity.XR.Oculus.OculusLoader.AssetPathToAbsolutePath (System.String assetPath) [0x0003d] in C:\Users\calav\Documents\GitHub\Unf0und_VR\Unf0und_VR\Library\PackageCache\com.unity.xr.oculus@3.0.2\Runtime\OculusLoader.cs:271 
  at Unity.XR.Oculus.OculusLoader.EditorLoadOVRPlugin () [0x0007b] in C:\Users\calav\Documents\GitHub\Unf0und_VR\Unf0und_VR\Library\PackageCache\com.unity.xr.oculus@3.0.2\Runtime\OculusLoader.cs:256 
  at (wrapper managed-to-native) System.Reflection.RuntimeMethodInfo.InternalInvoke(System.Reflection.RuntimeMethodInfo,object,object[],System.Exception&)
  at System.Reflection.RuntimeMethodInfo.Invoke (System.Object obj, System.Reflection.BindingFlags invokeAttr, System.Reflection.Binder binder, System.Object[] parameters, System.Globalization.CultureInfo culture) [0x0006a] in <9aad1b3a47484d63ba2b3985692d80e9>:0 
   --- End of inner exception stack trace ---
  at System.Reflection.RuntimeMethodInfo.Invoke (System.Object obj, System.Reflection.BindingFlags invokeAttr, System.Reflection.Binder binder, System.Object[] parameters, System.Globalization.CultureInfo culture) [0x00083] in <9aad1b3a47484d63ba2b3985692d80e9>:0 
  at System.Reflection.MethodBase.Invoke (System.Object obj, System.Object[] parameters) [0x00000] in <9aad1b3a47484d63ba2b3985692d80e9>:0 
  at UnityEditor.EditorAssemblies.ProcessInitializeOnLoadMethodAttributes () [0x000a5] in <0d6ce211ebbc47e1a35a84c3672ff58f>:0 
UnityEngine.StackTraceUtility:ExtractStackTrace ()
UnityEngine.DebugLogHandler:LogFormat (UnityEngine.LogType,UnityEngine.Object,string,object[])
UnityEngine.Logger:Log (UnityEngine.LogType,object)
UnityEngine.Debug:LogError (object)
UnityEditor.EditorAssemblies:ProcessInitializeOnLoadMethodAttributes ()

Mono: successfully reloaded assembly
- Completed reload, in  3.058 seconds
Domain Reload Profiling:
	ReloadAssembly (3059ms)
		BeginReloadAssembly (113ms)
			ExecutionOrderSort (0ms)
			DisableScriptedObjects (6ms)
			BackupInstance (0ms)
			ReleaseScriptingObjects (0ms)
			CreateAndSetChildDomain (18ms)
		EndReloadAssembly (2775ms)
			LoadAssemblies (161ms)
			RebuildTransferFunctionScriptingTraits (0ms)
			SetupTypeCache (892ms)
			ReleaseScriptCaches (1ms)
			RebuildScriptCaches (181ms)
			SetupLoadedEditorAssemblies (1299ms)
				LogAssemblyErrors (0ms)
				InitializePlatformSupportModulesInManaged (29ms)
				SetLoadedEditorAssemblies (1ms)
				RefreshPlugins (277ms)
				BeforeProcessingInitializeOnLoad (261ms)
				ProcessInitializeOnLoadAttributes (528ms)
				ProcessInitializeOnLoadMethodAttributes (197ms)
				AfterProcessingInitializeOnLoad (8ms)
				EditorAssembliesLoaded (0ms)
			ExecutionOrderSort2 (0ms)
			AwakeInstancesAfterBackupRestoration (5ms)
Platform modules already initialized, skipping
========================================================================
Worker process is ready to serve import requests
Default GameObject BitMask: bossChair already registered
Launched and connected shader compiler UnityShaderCompiler.exe after 0.05 seconds
Refreshing native plugins compatible for Editor in 2.07 ms, found 13 plugins.
Preloading 1 native plugins for Editor in 0.11 ms.
Unloading 6784 Unused Serialized files (Serialized files now loaded: 0)
Unloading 100 unused Assets / (1.4 MB). Loaded Objects now: 7224.
Memory consumption went from 278.3 MB to 276.9 MB.
Total: 9.517000 ms (FindLiveObjects: 0.563400 ms CreateObjectMapping: 0.619700 ms MarkObjects: 7.641000 ms  DeleteObjects: 0.691900 ms)

AssetImportParameters requested are different than current active one (requested -> active):
  custom:video-decoder-ogg-theora: a1e56fd34408186e4bbccfd4996cb3dc -> 
  custom:container-muxer-webm: aa71ff27fc2769a1b78a27578f13a17b -> 
  custom:container-demuxer-webm: 4f35f7cbe854078d1ac9338744f61a02 -> 
  custom:video-encoder-webm-vp8: eb34c28f22e8b96e1ab97ce403110664 -> 
  custom:audio-encoder-webm-vorbis: bf7c407c2cedff20999df2af8eb42d56 -> 
  custom:framework-win-MediaFoundation: 216162199b28c13a410421893ffa2e32 -> 
  custom:container-demuxer-ogg: 62fdf1f143b41e24485cea50d1cbac27 -> 
  custom:video-decoder-webm-vp8: 9c59270c3fd7afecdb556c50c9e8de78 -> 
  custom:audio-decoder-ogg-vorbis: bf7c407c2cedff20999df2af8eb42d56 -> 
========================================================================
Received Import Request.
  Time since last request: 1474826.600453 seconds.
  path: Assets/Scenes/Game 1.unity
  artifactKey: Guid(c6469aa3ec4832840ac1ef7ba2982b71) Importer(815301076,1909f56bfc062723c751e8b465ee728b)
Start importing Assets/Scenes/Game 1.unity using Guid(c6469aa3ec4832840ac1ef7ba2982b71) Importer(815301076,1909f56bfc062723c751e8b465ee728b)  -> (artifact id: '34e3ed4948a24055ede62273e128866f') in 0.017953 seconds 
========================================================================
Received Import Request.
  Time since last request: 41.166627 seconds.
  path: Assets/Scenes/GameCopia(Aaron).unity
  artifactKey: Guid(c6469aa3ec4832840ac1ef7ba2982b71) Importer(815301076,1909f56bfc062723c751e8b465ee728b)
Start importing Assets/Scenes/GameCopia(Aaron).unity using Guid(c6469aa3ec4832840ac1ef7ba2982b71) Importer(815301076,1909f56bfc062723c751e8b465ee728b)  -> (artifact id: '0c06d3078deac297db02d7144795b8ad') in 0.010340 seconds 
========================================================================
Received Import Request.
  Time since last request: 108.503533 seconds.
  path: Assets/Models/Pool/ThePool/Materials/Suelo/AR_Suelo 2.mat
  artifactKey: Guid(6f35eeb829685354d92b8dada0953e4a) Importer(815301076,1909f56bfc062723c751e8b465ee728b)
Start importing Assets/Models/Pool/ThePool/Materials/Suelo/AR_Suelo 2.mat using Guid(6f35eeb829685354d92b8dada0953e4a) Importer(815301076,1909f56bfc062723c751e8b465ee728b)  -> (artifact id: '1f233e3a944cde1e0e857885bda4a04c') in 0.489936 seconds 
========================================================================
Received Import Request.
  Time since last request: 205.725417 seconds.
  path: Assets/Models/Pasillo/MPasillo.mat
  artifactKey: Guid(91b660fc01df6d9459da99e49cdd73d2) Importer(815301076,1909f56bfc062723c751e8b465ee728b)
Start importing Assets/Models/Pasillo/MPasillo.mat using Guid(91b660fc01df6d9459da99e49cdd73d2) Importer(815301076,1909f56bfc062723c751e8b465ee728b)  -> (artifact id: '92e270e1700826498d7c1c61eda9917a') in 0.296772 seconds 
========================================================================
Received Import Request.
  Time since last request: 0.000026 seconds.
  path: Assets/Prefabs/Pasillo.prefab
  artifactKey: Guid(84fb0d40e51ce0d4595245d84951fd35) Importer(815301076,1909f56bfc062723c751e8b465ee728b)
Start importing Assets/Prefabs/Pasillo.prefab using Guid(84fb0d40e51ce0d4595245d84951fd35) Importer(815301076,1909f56bfc062723c751e8b465ee728b)  -> (artifact id: 'd21f28f8b5cc384a93cb4d6a4ce6280e') in 0.719909 seconds 
========================================================================
Received Import Request.
  Time since last request: 0.000082 seconds.
  path: Assets/AutoHand/Examples/Materials/pasted__pasted__lambert6 1.mat
  artifactKey: Guid(f2a4634c2547005419ae17914359d829) Importer(815301076,1909f56bfc062723c751e8b465ee728b)
Start importing Assets/AutoHand/Examples/Materials/pasted__pasted__lambert6 1.mat using Guid(f2a4634c2547005419ae17914359d829) Importer(815301076,1909f56bfc062723c751e8b465ee728b)  -> (artifact id: '7b610bbbd81e1cc2432c3026dfd798df') in 0.096827 seconds 
========================================================================
Received Import Request.
  Time since last request: 0.000024 seconds.
  path: Assets/Materials/CineMaterials/SueloCine/UN_Cine_SueloPasillo_uv_Normal.tga
  artifactKey: Guid(2114ca6f8fb5f254aa6c2bd6b375a507) Importer(815301076,1909f56bfc062723c751e8b465ee728b)
Start importing Assets/Materials/CineMaterials/SueloCine/UN_Cine_SueloPasillo_uv_Normal.tga using Guid(2114ca6f8fb5f254aa6c2bd6b375a507) Importer(815301076,1909f56bfc062723c751e8b465ee728b)  -> (artifact id: '498028968ced2e553f4df210bd4961df') in 0.103864 seconds 
========================================================================
Received Import Request.
  Time since last request: 0.000027 seconds.
  path: Assets/Models/Cine/UN_Cine.fbx
  artifactKey: Guid(e5972588d61b45947b816a36c768923b) Importer(815301076,1909f56bfc062723c751e8b465ee728b)
Start importing Assets/Models/Cine/UN_Cine.fbx using Guid(e5972588d61b45947b816a36c768923b) Importer(815301076,1909f56bfc062723c751e8b465ee728b)  -> (artifact id: '325e458eb35f24d50a35b9423665c944') in 2.136838 seconds 
========================================================================
Received Import Request.
  Time since last request: 0.000040 seconds.
  path: Assets/Models/Pasillo/newPasillo/material/pasilloFIXED_uv_Normal.tga
  artifactKey: Guid(86124e4f96a53fa47ba8ee73a7e7eee1) Importer(815301076,1909f56bfc062723c751e8b465ee728b)
Start importing Assets/Models/Pasillo/newPasillo/material/pasilloFIXED_uv_Normal.tga using Guid(86124e4f96a53fa47ba8ee73a7e7eee1) Importer(815301076,1909f56bfc062723c751e8b465ee728b)  -> (artifact id: '12b94dde19cb0ee49120f0e5b6a78aa2') in 0.124369 seconds 
========================================================================
Received Import Request.
  Time since last request: 0.000029 seconds.
  path: Assets/Models/Pasillo/newPasillo/pared pasillo.fbx
  artifactKey: Guid(f86ebc12c2ba0de449e977cf4834a845) Importer(815301076,1909f56bfc062723c751e8b465ee728b)
Start importing Assets/Models/Pasillo/newPasillo/pared pasillo.fbx using Guid(f86ebc12c2ba0de449e977cf4834a845) Importer(815301076,1909f56bfc062723c751e8b465ee728b)  -> (artifact id: '9bc752bef252fb7ba3d1124646611b60') in 0.122588 seconds 
========================================================================
Received Import Request.
  Time since last request: 0.000031 seconds.
  path: Assets/Models/Pasillo/newPasillo/material/pared pasillo_uv_Normal.tga
  artifactKey: Guid(ba4a37b07f8dee148831ff7f28b7bf48) Importer(815301076,1909f56bfc062723c751e8b465ee728b)
Start importing Assets/Models/Pasillo/newPasillo/material/pared pasillo_uv_Normal.tga using Guid(ba4a37b07f8dee148831ff7f28b7bf48) Importer(815301076,1909f56bfc062723c751e8b465ee728b)  -> (artifact id: 'e66afe8cbbc7e45185c066ac46610188') in 0.071878 seconds 
Editor requested this worker to shutdown with reason: Scaling down because of idle timeout
AssetImportWorker is now disconnected from the server
Process exiting
Exiting without the bug reporter. Application will terminate with return code 0