Using pre-set license
Built from '2021.3/staging' branch; Version is '2021.3.9f1 (ad3870b89536) revision 11352176'; Using compiler version '192829333'; Build Type 'Release'
OS: 'Windows 10  (10.0.19045) 64bit ProfessionalWorkstation' Language: 'es' Physical Memory: 32649 MB
BatchMode: 1, IsHumanControllingUs: 0, StartBugReporterOnCrash: 0, Is64bit: 1, IsPro: 1

COMMAND LINE ARGUMENTS:
C:\Program Files\Unity\Hub\Editor\2021.3.9f1\Editor\Unity.exe
-adb2
-batchMode
-noUpm
-name
AssetImportWorker10
-projectPath
D:/Fearsum/Unf0und_VR/Unf0und_VR
-logFile
Logs/AssetImportWorker10.log
-srvPort
63911
Successfully changed project path to: D:/Fearsum/Unf0und_VR/Unf0und_VR
D:/Fearsum/Unf0und_VR/Unf0und_VR
[UnityMemory] Configuration Parameters - Can be set up in boot.config
    "memorysetup-bucket-allocator-granularity=16"
    "memorysetup-bucket-allocator-bucket-count=8"
    "memorysetup-bucket-allocator-block-size=33554432"
    "memorysetup-bucket-allocator-block-count=8"
    "memorysetup-main-allocator-block-size=16777216"
    "memorysetup-thread-allocator-block-size=16777216"
    "memorysetup-gfx-main-allocator-block-size=16777216"
    "memorysetup-gfx-thread-allocator-block-size=16777216"
    "memorysetup-cache-allocator-block-size=4194304"
    "memorysetup-typetree-allocator-block-size=2097152"
    "memorysetup-profiler-bucket-allocator-granularity=16"
    "memorysetup-profiler-bucket-allocator-bucket-count=8"
    "memorysetup-profiler-bucket-allocator-block-size=33554432"
    "memorysetup-profiler-bucket-allocator-block-count=8"
    "memorysetup-profiler-allocator-block-size=16777216"
    "memorysetup-profiler-editor-allocator-block-size=1048576"
    "memorysetup-temp-allocator-size-main=16777216"
    "memorysetup-job-temp-allocator-block-size=2097152"
    "memorysetup-job-temp-allocator-block-size-background=1048576"
    "memorysetup-job-temp-allocator-reduction-small-platforms=262144"
    "memorysetup-temp-allocator-size-background-worker=32768"
    "memorysetup-temp-allocator-size-job-worker=262144"
    "memorysetup-temp-allocator-size-preload-manager=33554432"
    "memorysetup-temp-allocator-size-nav-mesh-worker=65536"
    "memorysetup-temp-allocator-size-audio-worker=65536"
    "memorysetup-temp-allocator-size-cloud-worker=32768"
    "memorysetup-temp-allocator-size-gi-baking-worker=262144"
    "memorysetup-temp-allocator-size-gfx=262144"
Default GameObject BitMask: bossChair already registered
Refreshing native plugins compatible for Editor in 124.99 ms, found 13 plugins.
Preloading 1 native plugins for Editor in 0.75 ms.
Initialize engine version: 2021.3.9f1 (ad3870b89536)
[Subsystems] Discovering subsystems at path C:/Program Files/Unity/Hub/Editor/2021.3.9f1/Editor/Data/Resources/UnitySubsystems
[Subsystems] Discovering subsystems at path D:/Fearsum/Unf0und_VR/Unf0und_VR/Assets
GfxDevice: creating device client; threaded=0; jobified=0
Direct3D:
    Version:  Direct3D 11.0 [level 11.1]
    Renderer: NVIDIA GeForce RTX 3060 Ti (ID=0x2414)
    Vendor:   NVIDIA
    VRAM:     8038 MB
    Driver:   31.0.15.3179
Initialize mono
Mono path[0] = 'C:/Program Files/Unity/Hub/Editor/2021.3.9f1/Editor/Data/Managed'
Mono path[1] = 'C:/Program Files/Unity/Hub/Editor/2021.3.9f1/Editor/Data/MonoBleedingEdge/lib/mono/unityjit-win32'
Mono config path = 'C:/Program Files/Unity/Hub/Editor/2021.3.9f1/Editor/Data/MonoBleedingEdge/etc'
Using monoOptions --debugger-agent=transport=dt_socket,embedding=1,server=y,suspend=n,address=127.0.0.1:56772
Begin MonoManager ReloadAssembly
Registering precompiled unity dll's ...
Register platform support module: C:/Program Files/Unity/Hub/Editor/2021.3.9f1/Editor/Data/PlaybackEngines/AndroidPlayer/UnityEditor.Android.Extensions.dll
Register platform support module: C:/Program Files/Unity/Hub/Editor/2021.3.9f1/Editor/Data/PlaybackEngines/WindowsStandaloneSupport/UnityEditor.WindowsStandalone.Extensions.dll
Registered in 0.006267 seconds.
Native extension for WindowsStandalone target not found
Native extension for Android target not found
Refreshing native plugins compatible for Editor in 103.64 ms, found 13 plugins.
Preloading 1 native plugins for Editor in 0.12 ms.
Mono: successfully reloaded assembly
- Completed reload, in  0.527 seconds
Domain Reload Profiling:
	ReloadAssembly (528ms)
		BeginReloadAssembly (56ms)
			ExecutionOrderSort (0ms)
			DisableScriptedObjects (0ms)
			BackupInstance (0ms)
			ReleaseScriptingObjects (0ms)
			CreateAndSetChildDomain (1ms)
		EndReloadAssembly (387ms)
			LoadAssemblies (55ms)
			RebuildTransferFunctionScriptingTraits (0ms)
			SetupTypeCache (73ms)
			ReleaseScriptCaches (0ms)
			RebuildScriptCaches (18ms)
			SetupLoadedEditorAssemblies (256ms)
				LogAssemblyErrors (0ms)
				InitializePlatformSupportModulesInManaged (42ms)
				SetLoadedEditorAssemblies (0ms)
				RefreshPlugins (104ms)
				BeforeProcessingInitializeOnLoad (1ms)
				ProcessInitializeOnLoadAttributes (75ms)
				ProcessInitializeOnLoadMethodAttributes (34ms)
				AfterProcessingInitializeOnLoad (0ms)
				EditorAssembliesLoaded (0ms)
			ExecutionOrderSort2 (0ms)
			AwakeInstancesAfterBackupRestoration (0ms)
Platform modules already initialized, skipping
Registering precompiled user dll's ...
Registered in 0.015267 seconds.
Begin MonoManager ReloadAssembly
Symbol file LoadedFromMemory doesn't match image D:\Fearsum\Unf0und_VR\Unf0und_VR\Library\PackageCache\com.unity.visualscripting@1.7.8\Editor\VisualScripting.Core\Dependencies\DotNetZip\Unity.VisualScripting.IonicZip.dll
Symbol file LoadedFromMemory doesn't match image D:\Fearsum\Unf0und_VR\Unf0und_VR\Library\PackageCache\com.unity.visualscripting@1.7.8\Editor\VisualScripting.Core\Dependencies\YamlDotNet\Unity.VisualScripting.YamlDotNet.dll
Native extension for WindowsStandalone target not found
Native extension for Android target not found
Refreshing native plugins compatible for Editor in 109.80 ms, found 13 plugins.
Preloading 1 native plugins for Editor in 0.04 ms.
Package Manager log level set to [2]
System.Reflection.TargetInvocationException: Exception has been thrown by the target of an invocation. ---> System.NullReferenceException: Object reference not set to an instance of an object
  at Unity.XR.Oculus.OculusLoader.AssetPathToAbsolutePath (System.String assetPath) [0x0003d] in D:\Fearsum\Unf0und_VR\Unf0und_VR\Library\PackageCache\com.unity.xr.oculus@3.0.2\Runtime\OculusLoader.cs:271 
  at Unity.XR.Oculus.OculusLoader.EditorLoadOVRPlugin () [0x0007b] in D:\Fearsum\Unf0und_VR\Unf0und_VR\Library\PackageCache\com.unity.xr.oculus@3.0.2\Runtime\OculusLoader.cs:256 
  at (wrapper managed-to-native) System.Reflection.RuntimeMethodInfo.InternalInvoke(System.Reflection.RuntimeMethodInfo,object,object[],System.Exception&)
  at System.Reflection.RuntimeMethodInfo.Invoke (System.Object obj, System.Reflection.BindingFlags invokeAttr, System.Reflection.Binder binder, System.Object[] parameters, System.Globalization.CultureInfo culture) [0x0006a] in <9aad1b3a47484d63ba2b3985692d80e9>:0 
   --- End of inner exception stack trace ---
  at System.Reflection.RuntimeMethodInfo.Invoke (System.Object obj, System.Reflection.BindingFlags invokeAttr, System.Reflection.Binder binder, System.Object[] parameters, System.Globalization.CultureInfo culture) [0x00083] in <9aad1b3a47484d63ba2b3985692d80e9>:0 
  at System.Reflection.MethodBase.Invoke (System.Object obj, System.Object[] parameters) [0x00000] in <9aad1b3a47484d63ba2b3985692d80e9>:0 
  at UnityEditor.EditorAssemblies.ProcessInitializeOnLoadMethodAttributes () [0x000a5] in <0d6ce211ebbc47e1a35a84c3672ff58f>:0 
UnityEngine.StackTraceUtility:ExtractStackTrace ()
UnityEngine.DebugLogHandler:LogFormat (UnityEngine.LogType,UnityEngine.Object,string,object[])
UnityEngine.Logger:Log (UnityEngine.LogType,object)
UnityEngine.Debug:LogError (object)
UnityEditor.EditorAssemblies:ProcessInitializeOnLoadMethodAttributes ()

Mono: successfully reloaded assembly
- Completed reload, in  1.464 seconds
Domain Reload Profiling:
	ReloadAssembly (1465ms)
		BeginReloadAssembly (195ms)
			ExecutionOrderSort (0ms)
			DisableScriptedObjects (5ms)
			BackupInstance (0ms)
			ReleaseScriptingObjects (0ms)
			CreateAndSetChildDomain (126ms)
		EndReloadAssembly (1178ms)
			LoadAssemblies (95ms)
			RebuildTransferFunctionScriptingTraits (0ms)
			SetupTypeCache (258ms)
			ReleaseScriptCaches (1ms)
			RebuildScriptCaches (62ms)
			SetupLoadedEditorAssemblies (656ms)
				LogAssemblyErrors (0ms)
				InitializePlatformSupportModulesInManaged (10ms)
				SetLoadedEditorAssemblies (0ms)
				RefreshPlugins (110ms)
				BeforeProcessingInitializeOnLoad (102ms)
				ProcessInitializeOnLoadAttributes (339ms)
				ProcessInitializeOnLoadMethodAttributes (88ms)
				AfterProcessingInitializeOnLoad (7ms)
				EditorAssembliesLoaded (0ms)
			ExecutionOrderSort2 (0ms)
			AwakeInstancesAfterBackupRestoration (4ms)
Platform modules already initialized, skipping
========================================================================
Worker process is ready to serve import requests
Default GameObject BitMask: bossChair already registered
Launched and connected shader compiler UnityShaderCompiler.exe after 0.04 seconds
Refreshing native plugins compatible for Editor in 1.52 ms, found 13 plugins.
Preloading 1 native plugins for Editor in 0.05 ms.
Unloading 6784 Unused Serialized files (Serialized files now loaded: 0)
Unloading 100 unused Assets / (1.4 MB). Loaded Objects now: 7224.
Memory consumption went from 278.6 MB to 277.2 MB.
Total: 5.352500 ms (FindLiveObjects: 0.466300 ms CreateObjectMapping: 0.181100 ms MarkObjects: 4.186500 ms  DeleteObjects: 0.517700 ms)

AssetImportParameters requested are different than current active one (requested -> active):
  custom:video-decoder-ogg-theora: a1e56fd34408186e4bbccfd4996cb3dc -> 
  custom:container-muxer-webm: aa71ff27fc2769a1b78a27578f13a17b -> 
  custom:container-demuxer-webm: 4f35f7cbe854078d1ac9338744f61a02 -> 
  custom:video-encoder-webm-vp8: eb34c28f22e8b96e1ab97ce403110664 -> 
  custom:audio-encoder-webm-vorbis: bf7c407c2cedff20999df2af8eb42d56 -> 
  custom:framework-win-MediaFoundation: 216162199b28c13a410421893ffa2e32 -> 
  custom:container-demuxer-ogg: 62fdf1f143b41e24485cea50d1cbac27 -> 
  custom:video-decoder-webm-vp8: 9c59270c3fd7afecdb556c50c9e8de78 -> 
  custom:audio-decoder-ogg-vorbis: bf7c407c2cedff20999df2af8eb42d56 -> 
========================================================================
Received Import Request.
  Time since last request: 20273.470561 seconds.
  path: Assets/Scenes/Scripts/ShootingMinigame/Objects/Barrier/Fence 2.0.fbx
  artifactKey: Guid(d1aa8bfd740d55d4e8867e23d7a67799) Importer(815301076,1909f56bfc062723c751e8b465ee728b)
Start importing Assets/Scenes/Scripts/ShootingMinigame/Objects/Barrier/Fence 2.0.fbx using Guid(d1aa8bfd740d55d4e8867e23d7a67799) Importer(815301076,1909f56bfc062723c751e8b465ee728b)  -> (artifact id: '920fc1f7272acf078e1a9c360927c200') in 0.253237 seconds 
========================================================================
Received Import Request.
  Time since last request: 12.001154 seconds.
  path: Assets/Scenes/Scripts/ShootingMinigame/Objects/Barrier/Barrier.prefab
  artifactKey: Guid(651c3e84a4453c24aa42738d692f0f3c) Importer(815301076,1909f56bfc062723c751e8b465ee728b)
Start importing Assets/Scenes/Scripts/ShootingMinigame/Objects/Barrier/Barrier.prefab using Guid(651c3e84a4453c24aa42738d692f0f3c) Importer(815301076,1909f56bfc062723c751e8b465ee728b)  -> (artifact id: '5c0bc2c029bdbbf0c94f5b6d431c072d') in 0.039170 seconds 
========================================================================
Received Import Request.
  Time since last request: 16.954954 seconds.
  path: Assets/AnyUI/AnyUILibrary/Meshes/AnyUICylinder.FBX
  artifactKey: Guid(a78f5202f6cf8b146af2a84112faa1f0) Importer(815301076,1909f56bfc062723c751e8b465ee728b)
Start importing Assets/AnyUI/AnyUILibrary/Meshes/AnyUICylinder.FBX using Guid(a78f5202f6cf8b146af2a84112faa1f0) Importer(815301076,1909f56bfc062723c751e8b465ee728b)  -> (artifact id: 'cb206b735548f8b14bc067caba3b2fc1') in 0.049860 seconds 
========================================================================
Received Import Request.
  Time since last request: 0.000024 seconds.
  path: Assets/Models/Pool/ThePool/AR_Paredes.fbx
  artifactKey: Guid(e37d37c0a8d329c4ab206a59bae90f8d) Importer(815301076,1909f56bfc062723c751e8b465ee728b)
Start importing Assets/Models/Pool/ThePool/AR_Paredes.fbx using Guid(e37d37c0a8d329c4ab206a59bae90f8d) Importer(815301076,1909f56bfc062723c751e8b465ee728b)  -> (artifact id: '01fc445523ad3b4939fec3d1ac4a5761') in 0.067743 seconds 
========================================================================
Received Import Request.
  Time since last request: 0.000020 seconds.
  path: Assets/Textures/Park/Banco/Banco.fbx
  artifactKey: Guid(1dc6b361a5bcf194f9369b770085c4e6) Importer(815301076,1909f56bfc062723c751e8b465ee728b)
Start importing Assets/Textures/Park/Banco/Banco.fbx using Guid(1dc6b361a5bcf194f9369b770085c4e6) Importer(815301076,1909f56bfc062723c751e8b465ee728b)  -> (artifact id: 'da8703166f34d9641f4974357df01c96') in 0.022041 seconds 
========================================================================
Received Import Request.
  Time since last request: 0.000036 seconds.
  path: Assets/AnyUI/AnyUILibrary/Meshes/AnyUIHemisphere.FBX
  artifactKey: Guid(4541b9d2aa2239944bf8e3a86f640c5f) Importer(815301076,1909f56bfc062723c751e8b465ee728b)
Start importing Assets/AnyUI/AnyUILibrary/Meshes/AnyUIHemisphere.FBX using Guid(4541b9d2aa2239944bf8e3a86f640c5f) Importer(815301076,1909f56bfc062723c751e8b465ee728b)  -> (artifact id: 'e1926465a05397dc1a8e2da6a5630bfa') in 0.028404 seconds 
========================================================================
Received Import Request.
  Time since last request: 0.000023 seconds.
  path: Assets/Textures/Park/Balancin/Balancin.fbx
  artifactKey: Guid(860a05ddda251ab459ae75ca6689457f) Importer(815301076,1909f56bfc062723c751e8b465ee728b)
Start importing Assets/Textures/Park/Balancin/Balancin.fbx using Guid(860a05ddda251ab459ae75ca6689457f) Importer(815301076,1909f56bfc062723c751e8b465ee728b)  -> (artifact id: '2465415e4a9d00728c8f61f2e8555d06') in 0.021468 seconds 
========================================================================
Received Import Request.
  Time since last request: 0.000034 seconds.
  path: Assets/Materials/General/assets recipientes/botella 1/botella 1.fbx
  artifactKey: Guid(871be8f50fd4d9a49b1bb4c034b64044) Importer(815301076,1909f56bfc062723c751e8b465ee728b)
Start importing Assets/Materials/General/assets recipientes/botella 1/botella 1.fbx using Guid(871be8f50fd4d9a49b1bb4c034b64044) Importer(815301076,1909f56bfc062723c751e8b465ee728b)  -> (artifact id: '304c1ab5a580a5393921a3f8ecc260e0') in 0.028526 seconds 
========================================================================
Received Import Request.
  Time since last request: 0.000021 seconds.
  path: Assets/Models/BowlingMinigame/bowlingTV.fbx
  artifactKey: Guid(0adc1ec3a37930c43b89af78eeaca8d6) Importer(815301076,1909f56bfc062723c751e8b465ee728b)
Start importing Assets/Models/BowlingMinigame/bowlingTV.fbx using Guid(0adc1ec3a37930c43b89af78eeaca8d6) Importer(815301076,1909f56bfc062723c751e8b465ee728b)  -> (artifact id: '937123e2a349ae86acbfbfd25306427f') in 0.045045 seconds 
========================================================================
Received Import Request.
  Time since last request: 0.000021 seconds.
  path: Assets/Textures/Park/Arenal/Arenal.fbx
  artifactKey: Guid(7834186cbef6f284c8c10d6dc0f9eaa2) Importer(815301076,1909f56bfc062723c751e8b465ee728b)
Start importing Assets/Textures/Park/Arenal/Arenal.fbx using Guid(7834186cbef6f284c8c10d6dc0f9eaa2) Importer(815301076,1909f56bfc062723c751e8b465ee728b)  -> (artifact id: '537eb3de3f8cfade330b61fd27254991') in 0.022377 seconds 
========================================================================
Received Import Request.
  Time since last request: 0.000034 seconds.
  path: Assets/Scenes/Scripts/ShootingMinigame/Objects/Lock/Candando.fbx
  artifactKey: Guid(06e0fb7705c4d554eaaf27f8ee5e1d0f) Importer(815301076,1909f56bfc062723c751e8b465ee728b)
Start importing Assets/Scenes/Scripts/ShootingMinigame/Objects/Lock/Candando.fbx using Guid(06e0fb7705c4d554eaaf27f8ee5e1d0f) Importer(815301076,1909f56bfc062723c751e8b465ee728b)  -> (artifact id: '9589a725da05a651964d27a10f607295') in 0.053254 seconds 
========================================================================
Received Import Request.
  Time since last request: 0.000037 seconds.
  path: Assets/AnyUI/AnyUILibrary/Meshes/AnyUIRing.FBX
  artifactKey: Guid(e1a7f3958166c1648bd492dfc3d2c747) Importer(815301076,1909f56bfc062723c751e8b465ee728b)
Start importing Assets/AnyUI/AnyUILibrary/Meshes/AnyUIRing.FBX using Guid(e1a7f3958166c1648bd492dfc3d2c747) Importer(815301076,1909f56bfc062723c751e8b465ee728b)  -> (artifact id: '1c6d27cb2e5872d94baa387c0ee8d4e6') in 0.033878 seconds 
========================================================================
Received Import Request.
  Time since last request: 8.237180 seconds.
  path: Assets/Scenes/Scripts/ShootingMinigame/Objects/Dummy/Target/source/Victorian Dressmaker Dummy scan.obj
  artifactKey: Guid(fd0ac2a6b937ee74c92be2cf57fc34d8) Importer(815301076,1909f56bfc062723c751e8b465ee728b)
Start importing Assets/Scenes/Scripts/ShootingMinigame/Objects/Dummy/Target/source/Victorian Dressmaker Dummy scan.obj using Guid(fd0ac2a6b937ee74c92be2cf57fc34d8) Importer(815301076,1909f56bfc062723c751e8b465ee728b)  -> (artifact id: '986b910d9a202b5ce2d1b5d931e56d29') in 0.040661 seconds 
========================================================================
Received Import Request.
  Time since last request: 57.869940 seconds.
  path: Assets/Scenes/Scripts/ShootingMinigame/Objects/Dummy/Target/source/Victorian Dressmaker Dummy scan.obj
  artifactKey: Guid(fd0ac2a6b937ee74c92be2cf57fc34d8) Importer(815301076,1909f56bfc062723c751e8b465ee728b)
Start importing Assets/Scenes/Scripts/ShootingMinigame/Objects/Dummy/Target/source/Victorian Dressmaker Dummy scan.obj using Guid(fd0ac2a6b937ee74c92be2cf57fc34d8) Importer(815301076,1909f56bfc062723c751e8b465ee728b)  -> (artifact id: '29c99daaf7048eefee2cab3beff8f4bc') in 0.035584 seconds 
Editor requested this worker to shutdown with reason: Scaling down because of idle timeout
AssetImportWorker is now disconnected from the server
Process exiting
Exiting without the bug reporter. Application will terminate with return code 0