Using pre-set license
Built from '2021.3/staging' branch; Version is '2021.3.9f1 (ad3870b89536) revision 11352176'; Using compiler version '192829333'; Build Type 'Release'
OS: 'Windows 10  (10.0.19044) 64bit Professional' Language: 'ca' Physical Memory: 32442 MB
BatchMode: 1, IsHumanControllingUs: 0, StartBugReporterOnCrash: 0, Is64bit: 1, IsPro: 1

COMMAND LINE ARGUMENTS:
C:\Program Files\Unity\Hub\Editor\2021.3.9f1-x86_64\Editor\Unity.exe
-adb2
-batchMode
-noUpm
-name
AssetImportWorker4
-projectPath
D:/Usuaris/super/Documents/GitHub/Unf0und_VR/Unf0und_VR
-logFile
Logs/AssetImportWorker4.log
-srvPort
54855
Successfully changed project path to: D:/Usuaris/super/Documents/GitHub/Unf0und_VR/Unf0und_VR
D:/Usuaris/super/Documents/GitHub/Unf0und_VR/Unf0und_VR
[UnityMemory] Configuration Parameters - Can be set up in boot.config
    "memorysetup-bucket-allocator-granularity=16"
    "memorysetup-bucket-allocator-bucket-count=8"
    "memorysetup-bucket-allocator-block-size=33554432"
    "memorysetup-bucket-allocator-block-count=8"
    "memorysetup-main-allocator-block-size=16777216"
    "memorysetup-thread-allocator-block-size=16777216"
    "memorysetup-gfx-main-allocator-block-size=16777216"
    "memorysetup-gfx-thread-allocator-block-size=16777216"
    "memorysetup-cache-allocator-block-size=4194304"
    "memorysetup-typetree-allocator-block-size=2097152"
    "memorysetup-profiler-bucket-allocator-granularity=16"
    "memorysetup-profiler-bucket-allocator-bucket-count=8"
    "memorysetup-profiler-bucket-allocator-block-size=33554432"
    "memorysetup-profiler-bucket-allocator-block-count=8"
    "memorysetup-profiler-allocator-block-size=16777216"
    "memorysetup-profiler-editor-allocator-block-size=1048576"
    "memorysetup-temp-allocator-size-main=16777216"
    "memorysetup-job-temp-allocator-block-size=2097152"
    "memorysetup-job-temp-allocator-block-size-background=1048576"
    "memorysetup-job-temp-allocator-reduction-small-platforms=262144"
    "memorysetup-temp-allocator-size-background-worker=32768"
    "memorysetup-temp-allocator-size-job-worker=262144"
    "memorysetup-temp-allocator-size-preload-manager=33554432"
    "memorysetup-temp-allocator-size-nav-mesh-worker=65536"
    "memorysetup-temp-allocator-size-audio-worker=65536"
    "memorysetup-temp-allocator-size-cloud-worker=32768"
    "memorysetup-temp-allocator-size-gi-baking-worker=262144"
    "memorysetup-temp-allocator-size-gfx=262144"
Refreshing native plugins compatible for Editor in 180.33 ms, found 13 plugins.
Preloading 1 native plugins for Editor in 2.13 ms.
Initialize engine version: 2021.3.9f1 (ad3870b89536)
[Subsystems] Discovering subsystems at path C:/Program Files/Unity/Hub/Editor/2021.3.9f1-x86_64/Editor/Data/Resources/UnitySubsystems
[Subsystems] Discovering subsystems at path D:/Usuaris/super/Documents/GitHub/Unf0und_VR/Unf0und_VR/Assets
GfxDevice: creating device client; threaded=0; jobified=0
Direct3D:
    Version:  Direct3D 11.0 [level 11.1]
    Renderer: NVIDIA T1000 8GB (ID=0x1ff0)
    Vendor:   NVIDIA
    VRAM:     8042 MB
    Driver:   30.0.14.7239
Initialize mono
Mono path[0] = 'C:/Program Files/Unity/Hub/Editor/2021.3.9f1-x86_64/Editor/Data/Managed'
Mono path[1] = 'C:/Program Files/Unity/Hub/Editor/2021.3.9f1-x86_64/Editor/Data/MonoBleedingEdge/lib/mono/unityjit-win32'
Mono config path = 'C:/Program Files/Unity/Hub/Editor/2021.3.9f1-x86_64/Editor/Data/MonoBleedingEdge/etc'
Using monoOptions --debugger-agent=transport=dt_socket,embedding=1,server=y,suspend=n,address=127.0.0.1:56812
Begin MonoManager ReloadAssembly
Registering precompiled unity dll's ...
Register platform support module: C:/Program Files/Unity/Hub/Editor/2021.3.9f1-x86_64/Editor/Data/PlaybackEngines/WindowsStandaloneSupport/UnityEditor.WindowsStandalone.Extensions.dll
Registered in 0.009497 seconds.
Native extension for WindowsStandalone target not found
Refreshing native plugins compatible for Editor in 141.19 ms, found 13 plugins.
Preloading 1 native plugins for Editor in 0.06 ms.
Mono: successfully reloaded assembly
- Completed reload, in  0.803 seconds
Domain Reload Profiling:
	ReloadAssembly (803ms)
		BeginReloadAssembly (89ms)
			ExecutionOrderSort (0ms)
			DisableScriptedObjects (0ms)
			BackupInstance (0ms)
			ReleaseScriptingObjects (0ms)
			CreateAndSetChildDomain (1ms)
		EndReloadAssembly (577ms)
			LoadAssemblies (86ms)
			RebuildTransferFunctionScriptingTraits (0ms)
			SetupTypeCache (112ms)
			ReleaseScriptCaches (0ms)
			RebuildScriptCaches (31ms)
			SetupLoadedEditorAssemblies (372ms)
				LogAssemblyErrors (0ms)
				InitializePlatformSupportModulesInManaged (10ms)
				SetLoadedEditorAssemblies (0ms)
				RefreshPlugins (141ms)
				BeforeProcessingInitializeOnLoad (2ms)
				ProcessInitializeOnLoadAttributes (166ms)
				ProcessInitializeOnLoadMethodAttributes (52ms)
				AfterProcessingInitializeOnLoad (0ms)
				EditorAssembliesLoaded (1ms)
			ExecutionOrderSort2 (0ms)
			AwakeInstancesAfterBackupRestoration (0ms)
Platform modules already initialized, skipping
Registering precompiled user dll's ...
Registered in 0.008668 seconds.
Begin MonoManager ReloadAssembly
Symbol file LoadedFromMemory doesn't match image D:\Usuaris\super\Documents\GitHub\Unf0und_VR\Unf0und_VR\Library\PackageCache\com.unity.visualscripting@1.7.8\Editor\VisualScripting.Core\Dependencies\DotNetZip\Unity.VisualScripting.IonicZip.dll
Symbol file LoadedFromMemory doesn't match image D:\Usuaris\super\Documents\GitHub\Unf0und_VR\Unf0und_VR\Library\PackageCache\com.unity.visualscripting@1.7.8\Editor\VisualScripting.Core\Dependencies\YamlDotNet\Unity.VisualScripting.YamlDotNet.dll
Native extension for WindowsStandalone target not found
Refreshing native plugins compatible for Editor in 196.94 ms, found 13 plugins.
Preloading 1 native plugins for Editor in 0.07 ms.
Package Manager log level set to [2]
System.Reflection.TargetInvocationException: Exception has been thrown by the target of an invocation. ---> System.NullReferenceException: Object reference not set to an instance of an object
  at Unity.XR.Oculus.OculusLoader.AssetPathToAbsolutePath (System.String assetPath) [0x0003d] in D:\Usuaris\super\Documents\GitHub\Unf0und_VR\Unf0und_VR\Library\PackageCache\com.unity.xr.oculus@3.0.2\Runtime\OculusLoader.cs:271 
  at Unity.XR.Oculus.OculusLoader.EditorLoadOVRPlugin () [0x0007b] in D:\Usuaris\super\Documents\GitHub\Unf0und_VR\Unf0und_VR\Library\PackageCache\com.unity.xr.oculus@3.0.2\Runtime\OculusLoader.cs:256 
  at (wrapper managed-to-native) System.Reflection.RuntimeMethodInfo.InternalInvoke(System.Reflection.RuntimeMethodInfo,object,object[],System.Exception&)
  at System.Reflection.RuntimeMethodInfo.Invoke (System.Object obj, System.Reflection.BindingFlags invokeAttr, System.Reflection.Binder binder, System.Object[] parameters, System.Globalization.CultureInfo culture) [0x0006a] in <9aad1b3a47484d63ba2b3985692d80e9>:0 
   --- End of inner exception stack trace ---
  at System.Reflection.RuntimeMethodInfo.Invoke (System.Object obj, System.Reflection.BindingFlags invokeAttr, System.Reflection.Binder binder, System.Object[] parameters, System.Globalization.CultureInfo culture) [0x00083] in <9aad1b3a47484d63ba2b3985692d80e9>:0 
  at System.Reflection.MethodBase.Invoke (System.Object obj, System.Object[] parameters) [0x00000] in <9aad1b3a47484d63ba2b3985692d80e9>:0 
  at UnityEditor.EditorAssemblies.ProcessInitializeOnLoadMethodAttributes () [0x000a5] in <0d6ce211ebbc47e1a35a84c3672ff58f>:0 
UnityEngine.StackTraceUtility:ExtractStackTrace ()
UnityEngine.DebugLogHandler:LogFormat (UnityEngine.LogType,UnityEngine.Object,string,object[])
UnityEngine.Logger:Log (UnityEngine.LogType,object)
UnityEngine.Debug:LogError (object)
UnityEditor.EditorAssemblies:ProcessInitializeOnLoadMethodAttributes ()

Mono: successfully reloaded assembly
- Completed reload, in  2.380 seconds
Domain Reload Profiling:
	ReloadAssembly (2382ms)
		BeginReloadAssembly (138ms)
			ExecutionOrderSort (0ms)
			DisableScriptedObjects (7ms)
			BackupInstance (0ms)
			ReleaseScriptingObjects (0ms)
			CreateAndSetChildDomain (19ms)
		EndReloadAssembly (2094ms)
			LoadAssemblies (112ms)
			RebuildTransferFunctionScriptingTraits (0ms)
			SetupTypeCache (393ms)
			ReleaseScriptCaches (1ms)
			RebuildScriptCaches (118ms)
			SetupLoadedEditorAssemblies (1386ms)
				LogAssemblyErrors (0ms)
				InitializePlatformSupportModulesInManaged (7ms)
				SetLoadedEditorAssemblies (0ms)
				RefreshPlugins (197ms)
				BeforeProcessingInitializeOnLoad (244ms)
				ProcessInitializeOnLoadAttributes (763ms)
				ProcessInitializeOnLoadMethodAttributes (145ms)
				AfterProcessingInitializeOnLoad (30ms)
				EditorAssembliesLoaded (0ms)
			ExecutionOrderSort2 (0ms)
			AwakeInstancesAfterBackupRestoration (7ms)
Platform modules already initialized, skipping
========================================================================
Worker process is ready to serve import requests
Launched and connected shader compiler UnityShaderCompiler.exe after 0.08 seconds
Refreshing native plugins compatible for Editor in 1.92 ms, found 13 plugins.
Preloading 1 native plugins for Editor in 0.11 ms.
Unloading 6725 Unused Serialized files (Serialized files now loaded: 0)
Unloading 79 unused Assets / (0.8 MB). Loaded Objects now: 7177.
Memory consumption went from 279.7 MB to 278.9 MB.
Total: 7.390300 ms (FindLiveObjects: 0.987900 ms CreateObjectMapping: 0.364200 ms MarkObjects: 5.571200 ms  DeleteObjects: 0.465700 ms)

AssetImportParameters requested are different than current active one (requested -> active):
  custom:video-decoder-ogg-theora: a1e56fd34408186e4bbccfd4996cb3dc -> 
  custom:container-muxer-webm: aa71ff27fc2769a1b78a27578f13a17b -> 
  custom:container-demuxer-webm: 4f35f7cbe854078d1ac9338744f61a02 -> 
  custom:video-encoder-webm-vp8: eb34c28f22e8b96e1ab97ce403110664 -> 
  custom:audio-encoder-webm-vorbis: bf7c407c2cedff20999df2af8eb42d56 -> 
  custom:framework-win-MediaFoundation: 216162199b28c13a410421893ffa2e32 -> 
  custom:container-demuxer-ogg: 62fdf1f143b41e24485cea50d1cbac27 -> 
  custom:video-decoder-webm-vp8: 9c59270c3fd7afecdb556c50c9e8de78 -> 
  custom:audio-decoder-ogg-vorbis: bf7c407c2cedff20999df2af8eb42d56 -> 
========================================================================
Received Import Request.
  Time since last request: 1137.798070 seconds.
  path: Assets/AnyUI/Demo/Terrain/Assets/Materials/grid.mat
  artifactKey: Guid(f4f4c83d35273f744a3648bf0a2b0979) Importer(815301076,1909f56bfc062723c751e8b465ee728b)
Start importing Assets/AnyUI/Demo/Terrain/Assets/Materials/grid.mat using Guid(f4f4c83d35273f744a3648bf0a2b0979) Importer(815301076,1909f56bfc062723c751e8b465ee728b)  -> (artifact id: '4453ebea7eae4b7eaf874109cc165c94') in 0.406351 seconds 
========================================================================
Received Import Request.
  Time since last request: 0.000034 seconds.
  path: Assets/AutoHand/Examples/Materials/Colors/lightRed.mat
  artifactKey: Guid(b836562ae56e04844a1c8b31f54f313e) Importer(815301076,1909f56bfc062723c751e8b465ee728b)
Start importing Assets/AutoHand/Examples/Materials/Colors/lightRed.mat using Guid(b836562ae56e04844a1c8b31f54f313e) Importer(815301076,1909f56bfc062723c751e8b465ee728b)  -> (artifact id: '984b37af7b2f8ee733507f38fdd15e47') in 0.053519 seconds 
========================================================================
Received Import Request.
  Time since last request: 0.000041 seconds.
  path: Assets/AnyUI/AnyUILibrary/Meshes/AnyUIBox.FBX
  artifactKey: Guid(ce3c9712df18a5f428fbfee7e00b6d5f) Importer(815301076,1909f56bfc062723c751e8b465ee728b)
Start importing Assets/AnyUI/AnyUILibrary/Meshes/AnyUIBox.FBX using Guid(ce3c9712df18a5f428fbfee7e00b6d5f) Importer(815301076,1909f56bfc062723c751e8b465ee728b)  -> (artifact id: '3998a15304c91263cefb5e18a2d6cac2') in 0.097915 seconds 
========================================================================
Received Import Request.
  Time since last request: 1.783531 seconds.
  path: Assets/AnyUI/Demo/AnyUIDemoRenderTexturesAndMaterials/AnyUI_MaterialAnyUIHemisphere_Mesh35cf4f68-d8b0-4bcd-91ee-42e25543bfd0.mat
  artifactKey: Guid(5a10a93e427b5d940a51016bbdb61b05) Importer(815301076,1909f56bfc062723c751e8b465ee728b)
Start importing Assets/AnyUI/Demo/AnyUIDemoRenderTexturesAndMaterials/AnyUI_MaterialAnyUIHemisphere_Mesh35cf4f68-d8b0-4bcd-91ee-42e25543bfd0.mat using Guid(5a10a93e427b5d940a51016bbdb61b05) Importer(815301076,1909f56bfc062723c751e8b465ee728b)  -> (artifact id: 'a258f602f7f6f1f715b630d77916a741') in 0.040528 seconds 
========================================================================
Received Import Request.
  Time since last request: 0.404151 seconds.
  path: Assets/Models/BowlingMinigame/bowlingTV.fbx
  artifactKey: Guid(0adc1ec3a37930c43b89af78eeaca8d6) Importer(815301076,1909f56bfc062723c751e8b465ee728b)
Start importing Assets/Models/BowlingMinigame/bowlingTV.fbx using Guid(0adc1ec3a37930c43b89af78eeaca8d6) Importer(815301076,1909f56bfc062723c751e8b465ee728b)  -> (artifact id: 'd289cc132f328c5c4f174b55f23d4223') in 0.087555 seconds 
========================================================================
Received Import Request.
  Time since last request: 0.000031 seconds.
  path: Assets/Textures/Park/Arenal/Materials/Arenal-UV 6.mat
  artifactKey: Guid(3b30446a31f65454e9861d8bb69db497) Importer(815301076,1909f56bfc062723c751e8b465ee728b)
Start importing Assets/Textures/Park/Arenal/Materials/Arenal-UV 6.mat using Guid(3b30446a31f65454e9861d8bb69db497) Importer(815301076,1909f56bfc062723c751e8b465ee728b)  -> (artifact id: 'b06d895f6571a4c3bccaefa041417c15') in 0.018899 seconds 
========================================================================
Received Import Request.
  Time since last request: 0.000041 seconds.
  path: Assets/Textures/Park/Banco/Materials/Banco-UV 5.mat
  artifactKey: Guid(e0e53f12357660647b311c830717c38e) Importer(815301076,1909f56bfc062723c751e8b465ee728b)
Start importing Assets/Textures/Park/Banco/Materials/Banco-UV 5.mat using Guid(e0e53f12357660647b311c830717c38e) Importer(815301076,1909f56bfc062723c751e8b465ee728b)  -> (artifact id: 'a758d8b4bb57806906d409cfe238d608') in 0.022200 seconds 
========================================================================
Received Import Request.
  Time since last request: 0.000048 seconds.
  path: Assets/Textures/Park/Balancin/Materials/Balancin-UV 5.mat
  artifactKey: Guid(d903a35176836e94c802b7da1818774f) Importer(815301076,1909f56bfc062723c751e8b465ee728b)
Start importing Assets/Textures/Park/Balancin/Materials/Balancin-UV 5.mat using Guid(d903a35176836e94c802b7da1818774f) Importer(815301076,1909f56bfc062723c751e8b465ee728b)  -> (artifact id: '5631704ef58ef97f0f1c527f5b7902f3') in 0.028153 seconds 
========================================================================
Received Import Request.
  Time since last request: 0.000083 seconds.
  path: Assets/Textures/Park/Arenal/Materials/Arenal-UV 3.mat
  artifactKey: Guid(6a73b14d2be22e64691920e065995c6a) Importer(815301076,1909f56bfc062723c751e8b465ee728b)
Start importing Assets/Textures/Park/Arenal/Materials/Arenal-UV 3.mat using Guid(6a73b14d2be22e64691920e065995c6a) Importer(815301076,1909f56bfc062723c751e8b465ee728b)  -> (artifact id: 'ea88f8d2449c2c0163b8a744d68e6782') in 0.016534 seconds 
========================================================================
Received Import Request.
  Time since last request: 0.000027 seconds.
  path: Assets/AnyUI/Demo/AnyUIDemoRenderTexturesAndMaterials/AnyUI_MaterialGlobeUI83b44463-3d92-42f4-b368-fc8edc11e3ef.mat
  artifactKey: Guid(bbd0f0a1ae99ad448adc3939fa35a516) Importer(815301076,1909f56bfc062723c751e8b465ee728b)
Start importing Assets/AnyUI/Demo/AnyUIDemoRenderTexturesAndMaterials/AnyUI_MaterialGlobeUI83b44463-3d92-42f4-b368-fc8edc11e3ef.mat using Guid(bbd0f0a1ae99ad448adc3939fa35a516) Importer(815301076,1909f56bfc062723c751e8b465ee728b)  -> (artifact id: 'ded3ba870c97de4010978dd0a4f8bee8') in 0.017507 seconds 
========================================================================
Received Import Request.
  Time since last request: 1.299619 seconds.
  path: Assets/AutoHand/Examples/Materials/Blue.mat
  artifactKey: Guid(4f7ac604eff3ce44c92d5c1ab400fa69) Importer(815301076,1909f56bfc062723c751e8b465ee728b)
Start importing Assets/AutoHand/Examples/Materials/Blue.mat using Guid(4f7ac604eff3ce44c92d5c1ab400fa69) Importer(815301076,1909f56bfc062723c751e8b465ee728b)  -> (artifact id: '76cc03d994d24efcdaf19a49bb631a63') in 0.018935 seconds 
========================================================================
Received Import Request.
  Time since last request: 0.013350 seconds.
  path: Assets/AnyUI/Demo/Terrain/Assets/Materials/Buildings.mat
  artifactKey: Guid(3bb3ea2b271b2f541bbc68ca84de6a82) Importer(815301076,1909f56bfc062723c751e8b465ee728b)
Start importing Assets/AnyUI/Demo/Terrain/Assets/Materials/Buildings.mat using Guid(3bb3ea2b271b2f541bbc68ca84de6a82) Importer(815301076,1909f56bfc062723c751e8b465ee728b)  -> (artifact id: '750eddd70ef4523d822b6566edc80e7d') in 0.015481 seconds 
========================================================================
Received Import Request.
  Time since last request: 0.000028 seconds.
  path: Assets/AutoHand/Examples/Prefabs/Demo/Flower + vent.fbx
  artifactKey: Guid(74df12c91f6e602439a242ecd8c76e72) Importer(815301076,1909f56bfc062723c751e8b465ee728b)
Start importing Assets/AutoHand/Examples/Prefabs/Demo/Flower + vent.fbx using Guid(74df12c91f6e602439a242ecd8c76e72) Importer(815301076,1909f56bfc062723c751e8b465ee728b)  -> (artifact id: '0986c79f81216d6bb744a2b08b6ba074') in 0.108775 seconds 
========================================================================
Received Import Request.
  Time since last request: 0.000039 seconds.
  path: Packages/com.unity.probuilder/Content/Resources/Materials/FacePicker.mat
  artifactKey: Guid(5695904020f064fdab5ad265b274a616) Importer(815301076,1909f56bfc062723c751e8b465ee728b)
Start importing Packages/com.unity.probuilder/Content/Resources/Materials/FacePicker.mat using Guid(5695904020f064fdab5ad265b274a616) Importer(815301076,1909f56bfc062723c751e8b465ee728b)  -> (artifact id: 'a9ce266e4ee656d41ca7a1ebe8f5bb7e') in 0.022687 seconds 
========================================================================
Received Import Request.
  Time since last request: 0.000030 seconds.
  path: Packages/com.unity.probuilder/Content/Resources/Materials/EdgePicker.mat
  artifactKey: Guid(4ff996e3a0a5743a3987ab6231160665) Importer(815301076,1909f56bfc062723c751e8b465ee728b)
Start importing Packages/com.unity.probuilder/Content/Resources/Materials/EdgePicker.mat using Guid(4ff996e3a0a5743a3987ab6231160665) Importer(815301076,1909f56bfc062723c751e8b465ee728b)  -> (artifact id: 'd54d29fbe6ee475ce7ff3e225d0e6c6b') in 0.015344 seconds 
========================================================================
Received Import Request.
  Time since last request: 0.000036 seconds.
  path: Packages/com.unity.searcher/Editor/Resources/FlatSkin/Font/Roboto-Bold.ttf
  artifactKey: Guid(3750c318f40cab44a97d3a81beaefeb3) Importer(815301076,1909f56bfc062723c751e8b465ee728b)
Start importing Packages/com.unity.searcher/Editor/Resources/FlatSkin/Font/Roboto-Bold.ttf using Guid(3750c318f40cab44a97d3a81beaefeb3) Importer(815301076,1909f56bfc062723c751e8b465ee728b)  -> (artifact id: '3822cd2378c202a72134019a3b0ac0e2') in 0.040908 seconds 
========================================================================
Received Import Request.
  Time since last request: 0.000038 seconds.
  path: Packages/com.unity.searcher/Editor/Resources/FlatSkin/Font/Roboto-Light.ttf
  artifactKey: Guid(2a29e27936eb547458f646f71125b264) Importer(815301076,1909f56bfc062723c751e8b465ee728b)
Start importing Packages/com.unity.searcher/Editor/Resources/FlatSkin/Font/Roboto-Light.ttf using Guid(2a29e27936eb547458f646f71125b264) Importer(815301076,1909f56bfc062723c751e8b465ee728b)  -> (artifact id: 'c5ac5a029a8a1d5cd82a98369554dbbe') in 0.024670 seconds 
========================================================================
Received Import Request.
  Time since last request: 0.329205 seconds.
  path: Packages/com.unity.searcher/Editor/Resources/FlatSkin/Font/Roboto-Regular.ttf
  artifactKey: Guid(30dc370b164eefc43b95744fc796dad0) Importer(815301076,1909f56bfc062723c751e8b465ee728b)
Start importing Packages/com.unity.searcher/Editor/Resources/FlatSkin/Font/Roboto-Regular.ttf using Guid(30dc370b164eefc43b95744fc796dad0) Importer(815301076,1909f56bfc062723c751e8b465ee728b)  -> (artifact id: 'a60295b62c935af55db417a7703187f4') in 0.019453 seconds 
========================================================================
Received Import Request.
  Time since last request: 0.358914 seconds.
  path: Assets/Skybox/Panoramics/FS017/FS017_Night_Moonless.mat
  artifactKey: Guid(48d4f62e2d5af1643a431d2f4b07ccbb) Importer(815301076,1909f56bfc062723c751e8b465ee728b)
Start importing Assets/Skybox/Panoramics/FS017/FS017_Night_Moonless.mat using Guid(48d4f62e2d5af1643a431d2f4b07ccbb) Importer(815301076,1909f56bfc062723c751e8b465ee728b)  -> (artifact id: 'aa201f0a4d42045fbb84665146f3f9a8') in 0.026980 seconds 
