Using pre-set license
Built from '2021.3/staging' branch; Version is '2021.3.9f1 (ad3870b89536) revision 11352176'; Using compiler version '192829333'; Build Type 'Release'
OS: 'Windows 10  (10.0.19044) 64bit Professional' Language: 'ca' Physical Memory: 32442 MB
BatchMode: 1, IsHumanControllingUs: 0, StartBugReporterOnCrash: 0, Is64bit: 1, IsPro: 1

COMMAND LINE ARGUMENTS:
C:\Program Files\Unity\Hub\Editor\2021.3.9f1-x86_64\Editor\Unity.exe
-adb2
-batchMode
-noUpm
-name
AssetImportWorker14
-projectPath
D:/Usuaris/super/Documents/GitHub/Unf0und_VR/Unf0und_VR
-logFile
Logs/AssetImportWorker14.log
-srvPort
49749
Successfully changed project path to: D:/Usuaris/super/Documents/GitHub/Unf0und_VR/Unf0und_VR
D:/Usuaris/super/Documents/GitHub/Unf0und_VR/Unf0und_VR
[UnityMemory] Configuration Parameters - Can be set up in boot.config
    "memorysetup-bucket-allocator-granularity=16"
    "memorysetup-bucket-allocator-bucket-count=8"
    "memorysetup-bucket-allocator-block-size=33554432"
    "memorysetup-bucket-allocator-block-count=8"
    "memorysetup-main-allocator-block-size=16777216"
    "memorysetup-thread-allocator-block-size=16777216"
    "memorysetup-gfx-main-allocator-block-size=16777216"
    "memorysetup-gfx-thread-allocator-block-size=16777216"
    "memorysetup-cache-allocator-block-size=4194304"
    "memorysetup-typetree-allocator-block-size=2097152"
    "memorysetup-profiler-bucket-allocator-granularity=16"
    "memorysetup-profiler-bucket-allocator-bucket-count=8"
    "memorysetup-profiler-bucket-allocator-block-size=33554432"
    "memorysetup-profiler-bucket-allocator-block-count=8"
    "memorysetup-profiler-allocator-block-size=16777216"
    "memorysetup-profiler-editor-allocator-block-size=1048576"
    "memorysetup-temp-allocator-size-main=16777216"
    "memorysetup-job-temp-allocator-block-size=2097152"
    "memorysetup-job-temp-allocator-block-size-background=1048576"
    "memorysetup-job-temp-allocator-reduction-small-platforms=262144"
    "memorysetup-temp-allocator-size-background-worker=32768"
    "memorysetup-temp-allocator-size-job-worker=262144"
    "memorysetup-temp-allocator-size-preload-manager=33554432"
    "memorysetup-temp-allocator-size-nav-mesh-worker=65536"
    "memorysetup-temp-allocator-size-audio-worker=65536"
    "memorysetup-temp-allocator-size-cloud-worker=32768"
    "memorysetup-temp-allocator-size-gi-baking-worker=262144"
    "memorysetup-temp-allocator-size-gfx=262144"
Refreshing native plugins compatible for Editor in 232.61 ms, found 13 plugins.
Preloading 1 native plugins for Editor in 0.82 ms.
Initialize engine version: 2021.3.9f1 (ad3870b89536)
[Subsystems] Discovering subsystems at path C:/Program Files/Unity/Hub/Editor/2021.3.9f1-x86_64/Editor/Data/Resources/UnitySubsystems
[Subsystems] Discovering subsystems at path D:/Usuaris/super/Documents/GitHub/Unf0und_VR/Unf0und_VR/Assets
GfxDevice: creating device client; threaded=0; jobified=0
Direct3D:
    Version:  Direct3D 11.0 [level 11.1]
    Renderer: NVIDIA T1000 8GB (ID=0x1ff0)
    Vendor:   NVIDIA
    VRAM:     8042 MB
    Driver:   30.0.14.7239
Initialize mono
Mono path[0] = 'C:/Program Files/Unity/Hub/Editor/2021.3.9f1-x86_64/Editor/Data/Managed'
Mono path[1] = 'C:/Program Files/Unity/Hub/Editor/2021.3.9f1-x86_64/Editor/Data/MonoBleedingEdge/lib/mono/unityjit-win32'
Mono config path = 'C:/Program Files/Unity/Hub/Editor/2021.3.9f1-x86_64/Editor/Data/MonoBleedingEdge/etc'
Using monoOptions --debugger-agent=transport=dt_socket,embedding=1,server=y,suspend=n,address=127.0.0.1:56540
Begin MonoManager ReloadAssembly
Registering precompiled unity dll's ...
Register platform support module: C:/Program Files/Unity/Hub/Editor/2021.3.9f1-x86_64/Editor/Data/PlaybackEngines/WindowsStandaloneSupport/UnityEditor.WindowsStandalone.Extensions.dll
Registered in 0.008971 seconds.
Native extension for WindowsStandalone target not found
Refreshing native plugins compatible for Editor in 225.91 ms, found 13 plugins.
Preloading 1 native plugins for Editor in 0.07 ms.
Mono: successfully reloaded assembly
- Completed reload, in  1.243 seconds
Domain Reload Profiling:
	ReloadAssembly (1244ms)
		BeginReloadAssembly (98ms)
			ExecutionOrderSort (0ms)
			DisableScriptedObjects (0ms)
			BackupInstance (0ms)
			ReleaseScriptingObjects (0ms)
			CreateAndSetChildDomain (1ms)
		EndReloadAssembly (966ms)
			LoadAssemblies (95ms)
			RebuildTransferFunctionScriptingTraits (0ms)
			SetupTypeCache (157ms)
			ReleaseScriptCaches (0ms)
			RebuildScriptCaches (50ms)
			SetupLoadedEditorAssemblies (664ms)
				LogAssemblyErrors (0ms)
				InitializePlatformSupportModulesInManaged (10ms)
				SetLoadedEditorAssemblies (0ms)
				RefreshPlugins (226ms)
				BeforeProcessingInitializeOnLoad (1ms)
				ProcessInitializeOnLoadAttributes (348ms)
				ProcessInitializeOnLoadMethodAttributes (78ms)
				AfterProcessingInitializeOnLoad (0ms)
				EditorAssembliesLoaded (0ms)
			ExecutionOrderSort2 (0ms)
			AwakeInstancesAfterBackupRestoration (0ms)
Platform modules already initialized, skipping
Registering precompiled user dll's ...
Registered in 0.011799 seconds.
Begin MonoManager ReloadAssembly
Symbol file LoadedFromMemory doesn't match image D:\Usuaris\super\Documents\GitHub\Unf0und_VR\Unf0und_VR\Library\PackageCache\com.unity.visualscripting@1.7.8\Editor\VisualScripting.Core\Dependencies\DotNetZip\Unity.VisualScripting.IonicZip.dll
Symbol file LoadedFromMemory doesn't match image D:\Usuaris\super\Documents\GitHub\Unf0und_VR\Unf0und_VR\Library\PackageCache\com.unity.visualscripting@1.7.8\Editor\VisualScripting.Core\Dependencies\YamlDotNet\Unity.VisualScripting.YamlDotNet.dll
Native extension for WindowsStandalone target not found
Refreshing native plugins compatible for Editor in 217.81 ms, found 13 plugins.
Preloading 1 native plugins for Editor in 0.08 ms.
Package Manager log level set to [2]
System.Reflection.TargetInvocationException: Exception has been thrown by the target of an invocation. ---> System.NullReferenceException: Object reference not set to an instance of an object
  at Unity.XR.Oculus.OculusLoader.AssetPathToAbsolutePath (System.String assetPath) [0x0003d] in D:\Usuaris\super\Documents\GitHub\Unf0und_VR\Unf0und_VR\Library\PackageCache\com.unity.xr.oculus@3.0.2\Runtime\OculusLoader.cs:271 
  at Unity.XR.Oculus.OculusLoader.EditorLoadOVRPlugin () [0x0007b] in D:\Usuaris\super\Documents\GitHub\Unf0und_VR\Unf0und_VR\Library\PackageCache\com.unity.xr.oculus@3.0.2\Runtime\OculusLoader.cs:256 
  at (wrapper managed-to-native) System.Reflection.RuntimeMethodInfo.InternalInvoke(System.Reflection.RuntimeMethodInfo,object,object[],System.Exception&)
  at System.Reflection.RuntimeMethodInfo.Invoke (System.Object obj, System.Reflection.BindingFlags invokeAttr, System.Reflection.Binder binder, System.Object[] parameters, System.Globalization.CultureInfo culture) [0x0006a] in <9aad1b3a47484d63ba2b3985692d80e9>:0 
   --- End of inner exception stack trace ---
  at System.Reflection.RuntimeMethodInfo.Invoke (System.Object obj, System.Reflection.BindingFlags invokeAttr, System.Reflection.Binder binder, System.Object[] parameters, System.Globalization.CultureInfo culture) [0x00083] in <9aad1b3a47484d63ba2b3985692d80e9>:0 
  at System.Reflection.MethodBase.Invoke (System.Object obj, System.Object[] parameters) [0x00000] in <9aad1b3a47484d63ba2b3985692d80e9>:0 
  at UnityEditor.EditorAssemblies.ProcessInitializeOnLoadMethodAttributes () [0x000a5] in <0d6ce211ebbc47e1a35a84c3672ff58f>:0 
UnityEngine.StackTraceUtility:ExtractStackTrace ()
UnityEngine.DebugLogHandler:LogFormat (UnityEngine.LogType,UnityEngine.Object,string,object[])
UnityEngine.Logger:Log (UnityEngine.LogType,object)
UnityEngine.Debug:LogError (object)
UnityEditor.EditorAssemblies:ProcessInitializeOnLoadMethodAttributes ()

Mono: successfully reloaded assembly
- Completed reload, in  2.990 seconds
Domain Reload Profiling:
	ReloadAssembly (2991ms)
		BeginReloadAssembly (168ms)
			ExecutionOrderSort (0ms)
			DisableScriptedObjects (8ms)
			BackupInstance (0ms)
			ReleaseScriptingObjects (0ms)
			CreateAndSetChildDomain (28ms)
		EndReloadAssembly (2632ms)
			LoadAssemblies (131ms)
			RebuildTransferFunctionScriptingTraits (0ms)
			SetupTypeCache (513ms)
			ReleaseScriptCaches (1ms)
			RebuildScriptCaches (161ms)
			SetupLoadedEditorAssemblies (1412ms)
				LogAssemblyErrors (0ms)
				InitializePlatformSupportModulesInManaged (5ms)
				SetLoadedEditorAssemblies (0ms)
				RefreshPlugins (218ms)
				BeforeProcessingInitializeOnLoad (246ms)
				ProcessInitializeOnLoadAttributes (729ms)
				ProcessInitializeOnLoadMethodAttributes (203ms)
				AfterProcessingInitializeOnLoad (10ms)
				EditorAssembliesLoaded (1ms)
			ExecutionOrderSort2 (0ms)
			AwakeInstancesAfterBackupRestoration (7ms)
Platform modules already initialized, skipping
========================================================================
Worker process is ready to serve import requests
Launched and connected shader compiler UnityShaderCompiler.exe after 0.22 seconds
Refreshing native plugins compatible for Editor in 1.64 ms, found 13 plugins.
Preloading 1 native plugins for Editor in 0.06 ms.
Unloading 6759 Unused Serialized files (Serialized files now loaded: 0)
Unloading 94 unused Assets / (0.8 MB). Loaded Objects now: 7235.
Memory consumption went from 289.5 MB to 288.7 MB.
Total: 7.395500 ms (FindLiveObjects: 0.862800 ms CreateObjectMapping: 0.289300 ms MarkObjects: 5.825900 ms  DeleteObjects: 0.416100 ms)

AssetImportParameters requested are different than current active one (requested -> active):
  custom:video-decoder-ogg-theora: a1e56fd34408186e4bbccfd4996cb3dc -> 
  custom:container-muxer-webm: aa71ff27fc2769a1b78a27578f13a17b -> 
  custom:container-demuxer-webm: 4f35f7cbe854078d1ac9338744f61a02 -> 
  custom:video-encoder-webm-vp8: eb34c28f22e8b96e1ab97ce403110664 -> 
  custom:audio-encoder-webm-vorbis: bf7c407c2cedff20999df2af8eb42d56 -> 
  custom:framework-win-MediaFoundation: 216162199b28c13a410421893ffa2e32 -> 
  custom:container-demuxer-ogg: 62fdf1f143b41e24485cea50d1cbac27 -> 
  custom:video-decoder-webm-vp8: 9c59270c3fd7afecdb556c50c9e8de78 -> 
  custom:audio-decoder-ogg-vorbis: bf7c407c2cedff20999df2af8eb42d56 -> 
========================================================================
Received Import Request.
  Time since last request: 5267.044586 seconds.
  path: Assets/Visual Design Cafe/Nature Renderer Demo/Realistic/Art/Flowers/Source Assets/White Flowers 01 LOD1.mat
  artifactKey: Guid(0d268f3d718faef4cae00fa5a1e2dc18) Importer(815301076,1909f56bfc062723c751e8b465ee728b)
Start importing Assets/Visual Design Cafe/Nature Renderer Demo/Realistic/Art/Flowers/Source Assets/White Flowers 01 LOD1.mat using Guid(0d268f3d718faef4cae00fa5a1e2dc18) Importer(815301076,1909f56bfc062723c751e8b465ee728b) Shader error in 'Universal Render Pipeline/Nature Shaders/Grass': Couldn't open include file 'Assets/Visual Design Cafe/Nature Renderer/Shader Includes/Nature Renderer.templatex'. at line 1588
Shader error in 'Universal Render Pipeline/Nature Shaders/Grass': Couldn't open include file 'Assets/Visual Design Cafe/Nature Renderer/Shader Includes/Nature Renderer.templatex'. at line 3475
Shader error in 'Universal Render Pipeline/Nature Shaders/Grass': Couldn't open include file 'Assets/Visual Design Cafe/Nature Renderer/Shader Includes/Nature Renderer.templatex'. at line 5192
Shader error in 'Universal Render Pipeline/Nature Shaders/Grass': Couldn't open include file 'Assets/Visual Design Cafe/Nature Renderer/Shader Includes/Nature Renderer.templatex'. at line 6905
Shader error in 'Universal Render Pipeline/Nature Shaders/Grass': Couldn't open include file 'Assets/Visual Design Cafe/Nature Renderer/Shader Includes/Nature Renderer.templatex'. at line 8623
Shader error in 'Universal Render Pipeline/Nature Shaders/Grass': Couldn't open include file 'Assets/Visual Design Cafe/Nature Renderer/Shader Includes/Nature Renderer.templatex'. at line 10393
Shader warning in 'Universal Render Pipeline/Nature Shaders/Grass': Ignoring duplicate keyword line 'multi_compile_instancing __ INSTANCING_ON PROCEDURAL_INSTANCING_ON'
Shader warning in 'Universal Render Pipeline/Nature Shaders/Grass': '_TRANSLUCENCY': macro redefinition. Previous definition found at :1. at line 2068

Compiling Subshader: 0, Pass: ShadowCaster, Vertex program with PROCEDURAL_INSTANCING_ON _ALPHATEST _BAKED_MESH_DATA _COLOR_HSL _LIGHTING_QUALITY_HIGH _NORMALMAP _SURFACE_MAP_PACKED _TRANSLUCENCY _WIND
Platform defines: SHADER_API_DESKTOP UNITY_ENABLE_DETAIL_NORMALMAP UNITY_ENABLE_REFLECTION_BUFFERS UNITY_LIGHTMAP_FULL_HDR UNITY_LIGHT_PROBE_PROXY_VOLUME UNITY_PASS_SHADOWCASTER UNITY_PBS_USE_BRDF1 UNITY_SPECCUBE_BLENDING UNITY_SPECCUBE_BOX_PROJECTION UNITY_USE_DITHER_MASK_FOR_ALPHABLENDED_SHADOWS
Disabled keywords: INSTANCING_ON SHADER_API_GLES30 UNITY_ASTC_NORMALMAP_ENCODING UNITY_COLORSPACE_GAMMA UNITY_ENABLE_NATIVE_SHADOW_LOOKUPS UNITY_FRAMEBUFFER_FETCH_AVAILABLE UNITY_HALF_PRECISION_FRAGMENT_SHADER_REGISTERS UNITY_HARDWARE_TIER1 UNITY_HARDWARE_TIER2 UNITY_HARDWARE_TIER3 UNITY_LIGHTMAP_DLDR_ENCODING UNITY_LIGHTMAP_RGBM_ENCODING UNITY_METAL_SHADOWS_USE_POINT_FILTERING UNITY_NO_DXT5nm UNITY_NO_FULL_STANDARD_SHADER UNITY_NO_SCREENSPACE_SHADOWS UNITY_PBS_USE_BRDF2 UNITY_PBS_USE_BRDF3 UNITY_PRETRANSFORM_TO_DISPLAY_ORIENTATION UNITY_UNIFIED_SHADER_PRECISION_MODEL UNITY_VIRTUAL_TEXTURING _CASTING_PUNCTUAL_LIGHT_SHADOW _COLOR_TINT _EMISSION _LIGHTING_QUALITY_LOW _SPECULARHIGHLIGHTS_OFF _SURFACE_MAP_METALLIC_GLOSS _SURFACE_MAP_OFF _TRANSLUCENCY_MAP _WIND_OFF
Shader error in 'Universal Render Pipeline/Nature Shaders/Grass': Couldn't open include file 'Assets/Visual Design Cafe/Nature Renderer/Shader Includes/Nature Renderer.templatex'. at line 1588
Shader error in 'Universal Render Pipeline/Nature Shaders/Grass': Couldn't open include file 'Assets/Visual Design Cafe/Nature Renderer/Shader Includes/Nature Renderer.templatex'. at line 3475
Shader error in 'Universal Render Pipeline/Nature Shaders/Grass': Couldn't open include file 'Assets/Visual Design Cafe/Nature Renderer/Shader Includes/Nature Renderer.templatex'. at line 5192
Shader error in 'Universal Render Pipeline/Nature Shaders/Grass': Couldn't open include file 'Assets/Visual Design Cafe/Nature Renderer/Shader Includes/Nature Renderer.templatex'. at line 6905
Shader error in 'Universal Render Pipeline/Nature Shaders/Grass': Couldn't open include file 'Assets/Visual Design Cafe/Nature Renderer/Shader Includes/Nature Renderer.templatex'. at line 8623
Shader error in 'Universal Render Pipeline/Nature Shaders/Grass': Couldn't open include file 'Assets/Visual Design Cafe/Nature Renderer/Shader Includes/Nature Renderer.templatex'. at line 10393
Shader warning in 'Universal Render Pipeline/Nature Shaders/Grass': Ignoring duplicate keyword line 'multi_compile_instancing __ INSTANCING_ON PROCEDURAL_INSTANCING_ON'
Shader warning in 'Universal Render Pipeline/Nature Shaders/Grass': '_TRANSLUCENCY': macro redefinition. Previous definition found at :1. at line 2068

Compiling Subshader: 0, Pass: ShadowCaster, Vertex program with PROCEDURAL_INSTANCING_ON _ALPHATEST _BAKED_MESH_DATA _COLOR_HSL _LIGHTING_QUALITY_HIGH _NORMALMAP _SURFACE_MAP_PACKED _TRANSLUCENCY _WIND
Platform defines: SHADER_API_DESKTOP UNITY_ENABLE_DETAIL_NORMALMAP UNITY_ENABLE_REFLECTION_BUFFERS UNITY_LIGHTMAP_FULL_HDR UNITY_LIGHT_PROBE_PROXY_VOLUME UNITY_PASS_SHADOWCASTER UNITY_PBS_USE_BRDF1 UNITY_SPECCUBE_BLENDING UNITY_SPECCUBE_BOX_PROJECTION UNITY_USE_DITHER_MASK_FOR_ALPHABLENDED_SHADOWS
Disabled keywords: INSTANCING_ON SHADER_API_GLES30 UNITY_ASTC_NORMALMAP_ENCODING UNITY_COLORSPACE_GAMMA UNITY_ENABLE_NATIVE_SHADOW_LOOKUPS UNITY_FRAMEBUFFER_FETCH_AVAILABLE UNITY_HALF_PRECISION_FRAGMENT_SHADER_REGISTERS UNITY_HARDWARE_TIER1 UNITY_HARDWARE_TIER2 UNITY_HARDWARE_TIER3 UNITY_LIGHTMAP_DLDR_ENCODING UNITY_LIGHTMAP_RGBM_ENCODING UNITY_METAL_SHADOWS_USE_POINT_FILTERING UNITY_NO_DXT5nm UNITY_NO_FULL_STANDARD_SHADER UNITY_NO_SCREENSPACE_SHADOWS UNITY_PBS_USE_BRDF2 UNITY_PBS_USE_BRDF3 UNITY_PRETRANSFORM_TO_DISPLAY_ORIENTATION UNITY_UNIFIED_SHADER_PRECISION_MODEL UNITY_VIRTUAL_TEXTURING _CASTING_PUNCTUAL_LIGHT_SHADOW _COLOR_TINT _EMISSION _LIGHTING_QUALITY_LOW _SPECULARHIGHLIGHTS_OFF _SURFACE_MAP_METALLIC_GLOSS _SURFACE_MAP_OFF _TRANSLUCENCY_MAP _WIND_OFF
Shader error in 'Universal Render Pipeline/Nature Shaders/Grass': Couldn't open include file 'Assets/Visual Design Cafe/Nature Renderer/Shader Includes/Nature Renderer.templatex'. at line 1588
Shader error in 'Universal Render Pipeline/Nature Shaders/Grass': Couldn't open include file 'Assets/Visual Design Cafe/Nature Renderer/Shader Includes/Nature Renderer.templatex'. at line 3475
Shader error in 'Universal Render Pipeline/Nature Shaders/Grass': Couldn't open include file 'Assets/Visual Design Cafe/Nature Renderer/Shader Includes/Nature Renderer.templatex'. at line 5192
Shader error in 'Universal Render Pipeline/Nature Shaders/Grass': Couldn't open include file 'Assets/Visual Design Cafe/Nature Renderer/Shader Includes/Nature Renderer.templatex'. at line 6905
Shader error in 'Universal Render Pipeline/Nature Shaders/Grass': Couldn't open include file 'Assets/Visual Design Cafe/Nature Renderer/Shader Includes/Nature Renderer.templatex'. at line 8623
Shader error in 'Universal Render Pipeline/Nature Shaders/Grass': Couldn't open include file 'Assets/Visual Design Cafe/Nature Renderer/Shader Includes/Nature Renderer.templatex'. at line 10393
Shader warning in 'Universal Render Pipeline/Nature Shaders/Grass': Ignoring duplicate keyword line 'multi_compile_instancing __ INSTANCING_ON PROCEDURAL_INSTANCING_ON'
Shader warning in 'Universal Render Pipeline/Nature Shaders/Grass': '_TRANSLUCENCY': macro redefinition. Previous definition found at :1. at line 2068

Compiling Subshader: 0, Pass: ShadowCaster, Vertex program with PROCEDURAL_INSTANCING_ON _ALPHATEST _BAKED_MESH_DATA _COLOR_HSL _LIGHTING_QUALITY_HIGH _NORMALMAP _SURFACE_MAP_PACKED _TRANSLUCENCY _WIND
Platform defines: SHADER_API_DESKTOP UNITY_ENABLE_DETAIL_NORMALMAP UNITY_ENABLE_REFLECTION_BUFFERS UNITY_LIGHTMAP_FULL_HDR UNITY_LIGHT_PROBE_PROXY_VOLUME UNITY_PASS_SHADOWCASTER UNITY_PBS_USE_BRDF1 UNITY_SPECCUBE_BLENDING UNITY_SPECCUBE_BOX_PROJECTION UNITY_USE_DITHER_MASK_FOR_ALPHABLENDED_SHADOWS
Disabled keywords: INSTANCING_ON SHADER_API_GLES30 UNITY_ASTC_NORMALMAP_ENCODING UNITY_COLORSPACE_GAMMA UNITY_ENABLE_NATIVE_SHADOW_LOOKUPS UNITY_FRAMEBUFFER_FETCH_AVAILABLE UNITY_HALF_PRECISION_FRAGMENT_SHADER_REGISTERS UNITY_HARDWARE_TIER1 UNITY_HARDWARE_TIER2 UNITY_HARDWARE_TIER3 UNITY_LIGHTMAP_DLDR_ENCODING UNITY_LIGHTMAP_RGBM_ENCODING UNITY_METAL_SHADOWS_USE_POINT_FILTERING UNITY_NO_DXT5nm UNITY_NO_FULL_STANDARD_SHADER UNITY_NO_SCREENSPACE_SHADOWS UNITY_PBS_USE_BRDF2 UNITY_PBS_USE_BRDF3 UNITY_PRETRANSFORM_TO_DISPLAY_ORIENTATION UNITY_UNIFIED_SHADER_PRECISION_MODEL UNITY_VIRTUAL_TEXTURING _CASTING_PUNCTUAL_LIGHT_SHADOW _COLOR_TINT _EMISSION _LIGHTING_QUALITY_LOW _SPECULARHIGHLIGHTS_OFF _SURFACE_MAP_METALLIC_GLOSS _SURFACE_MAP_OFF _TRANSLUCENCY_MAP _WIND_OFF
Shader warning in 'Universal Render Pipeline/Nature Shaders/Grass': '_TRANSLUCENCY': macro redefinition. Previous definition found at :1. at line 5502

Compiling Subshader: 0, Pass: DepthNormals, Vertex program with _ALPHATEST _BAKED_MESH_DATA _COLOR_HSL _LIGHTING_QUALITY_LOW _SURFACE_MAP_PACKED _TRANSLUCENCY _WIND
Platform defines: SHADER_API_DESKTOP UNITY_ENABLE_DETAIL_NORMALMAP UNITY_ENABLE_REFLECTION_BUFFERS UNITY_LIGHTMAP_FULL_HDR UNITY_LIGHT_PROBE_PROXY_VOLUME UNITY_PBS_USE_BRDF1 UNITY_SPECCUBE_BLENDING UNITY_SPECCUBE_BOX_PROJECTION UNITY_USE_DITHER_MASK_FOR_ALPHABLENDED_SHADOWS
Disabled keywords: INSTANCING_ON PROCEDURAL_INSTANCING_ON SHADER_API_GLES30 UNITY_ASTC_NORMALMAP_ENCODING UNITY_COLORSPACE_GAMMA UNITY_ENABLE_NATIVE_SHADOW_LOOKUPS UNITY_FRAMEBUFFER_FETCH_AVAILABLE UNITY_HALF_PRECISION_FRAGMENT_SHADER_REGISTERS UNITY_HARDWARE_TIER1 UNITY_HARDWARE_TIER2 UNITY_HARDWARE_TIER3 UNITY_LIGHTMAP_DLDR_ENCODING UNITY_LIGHTMAP_RGBM_ENCODING UNITY_METAL_SHADOWS_USE_POINT_FILTERING UNITY_NO_DXT5nm UNITY_NO_FULL_STANDARD_SHADER UNITY_NO_SCREENSPACE_SHADOWS UNITY_PBS_USE_BRDF2 UNITY_PBS_USE_BRDF3 UNITY_PRETRANSFORM_TO_DISPLAY_ORIENTATION UNITY_UNIFIED_SHADER_PRECISION_MODEL UNITY_VIRTUAL_TEXTURING _COLOR_TINT _EMISSION _LIGHTING_QUALITY_HIGH _NORMALMAP _SPECULARHIGHLIGHTS_OFF _SURFACE_MAP_METALLIC_GLOSS _SURFACE_MAP_OFF _TRANSLUCENCY_MAP _WIND_OFF
Shader error in 'Universal Render Pipeline/Nature Shaders/Grass': Couldn't open include file 'Assets/Visual Design Cafe/Nature Renderer/Shader Includes/Nature Renderer.templatex'. at line 1588
Shader error in 'Universal Render Pipeline/Nature Shaders/Grass': Couldn't open include file 'Assets/Visual Design Cafe/Nature Renderer/Shader Includes/Nature Renderer.templatex'. at line 3475
Shader error in 'Universal Render Pipeline/Nature Shaders/Grass': Couldn't open include file 'Assets/Visual Design Cafe/Nature Renderer/Shader Includes/Nature Renderer.templatex'. at line 5192
Shader error in 'Universal Render Pipeline/Nature Shaders/Grass': Couldn't open include file 'Assets/Visual Design Cafe/Nature Renderer/Shader Includes/Nature Renderer.templatex'. at line 6905
Shader error in 'Universal Render Pipeline/Nature Shaders/Grass': Couldn't open include file 'Assets/Visual Design Cafe/Nature Renderer/Shader Includes/Nature Renderer.templatex'. at line 8623
Shader error in 'Universal Render Pipeline/Nature Shaders/Grass': Couldn't open include file 'Assets/Visual Design Cafe/Nature Renderer/Shader Includes/Nature Renderer.templatex'. at line 10393
Shader warning in 'Universal Render Pipeline/Nature Shaders/Grass': Ignoring duplicate keyword line 'multi_compile_instancing __ INSTANCING_ON PROCEDURAL_INSTANCING_ON'
Shader warning in 'Universal Render Pipeline/Nature Shaders/Grass': '_TRANSLUCENCY': macro redefinition. Previous definition found at :1. at line 2068

Compiling Subshader: 0, Pass: ShadowCaster, Vertex program with PROCEDURAL_INSTANCING_ON _ALPHATEST _BAKED_MESH_DATA _COLOR_HSL _LIGHTING_QUALITY_HIGH _NORMALMAP _SURFACE_MAP_PACKED _TRANSLUCENCY _WIND
Platform defines: SHADER_API_DESKTOP UNITY_ENABLE_DETAIL_NORMALMAP UNITY_ENABLE_REFLECTION_BUFFERS UNITY_LIGHTMAP_FULL_HDR UNITY_LIGHT_PROBE_PROXY_VOLUME UNITY_PASS_SHADOWCASTER UNITY_PBS_USE_BRDF1 UNITY_SPECCUBE_BLENDING UNITY_SPECCUBE_BOX_PROJECTION UNITY_USE_DITHER_MASK_FOR_ALPHABLENDED_SHADOWS
Disabled keywords: INSTANCING_ON SHADER_API_GLES30 UNITY_ASTC_NORMALMAP_ENCODING UNITY_COLORSPACE_GAMMA UNITY_ENABLE_NATIVE_SHADOW_LOOKUPS UNITY_FRAMEBUFFER_FETCH_AVAILABLE UNITY_HALF_PRECISION_FRAGMENT_SHADER_REGISTERS UNITY_HARDWARE_TIER1 UNITY_HARDWARE_TIER2 UNITY_HARDWARE_TIER3 UNITY_LIGHTMAP_DLDR_ENCODING UNITY_LIGHTMAP_RGBM_ENCODING UNITY_METAL_SHADOWS_USE_POINT_FILTERING UNITY_NO_DXT5nm UNITY_NO_FULL_STANDARD_SHADER UNITY_NO_SCREENSPACE_SHADOWS UNITY_PBS_USE_BRDF2 UNITY_PBS_USE_BRDF3 UNITY_PRETRANSFORM_TO_DISPLAY_ORIENTATION UNITY_UNIFIED_SHADER_PRECISION_MODEL UNITY_VIRTUAL_TEXTURING _CASTING_PUNCTUAL_LIGHT_SHADOW _COLOR_TINT _EMISSION _LIGHTING_QUALITY_LOW _SPECULARHIGHLIGHTS_OFF _SURFACE_MAP_METALLIC_GLOSS _SURFACE_MAP_OFF _TRANSLUCENCY_MAP _WIND_OFF
Shader warning in 'Universal Render Pipeline/Nature Shaders/Grass': '_TRANSLUCENCY': macro redefinition. Previous definition found at :1. at line 5502

Compiling Subshader: 0, Pass: DepthNormals, Vertex program with _ALPHATEST _BAKED_MESH_DATA _COLOR_HSL _LIGHTING_QUALITY_LOW _SURFACE_MAP_PACKED _TRANSLUCENCY _WIND
Platform defines: SHADER_API_DESKTOP UNITY_ENABLE_DETAIL_NORMALMAP UNITY_ENABLE_REFLECTION_BUFFERS UNITY_LIGHTMAP_FULL_HDR UNITY_LIGHT_PROBE_PROXY_VOLUME UNITY_PBS_USE_BRDF1 UNITY_SPECCUBE_BLENDING UNITY_SPECCUBE_BOX_PROJECTION UNITY_USE_DITHER_MASK_FOR_ALPHABLENDED_SHADOWS
Disabled keywords: INSTANCING_ON PROCEDURAL_INSTANCING_ON SHADER_API_GLES30 UNITY_ASTC_NORMALMAP_ENCODING UNITY_COLORSPACE_GAMMA UNITY_ENABLE_NATIVE_SHADOW_LOOKUPS UNITY_FRAMEBUFFER_FETCH_AVAILABLE UNITY_HALF_PRECISION_FRAGMENT_SHADER_REGISTERS UNITY_HARDWARE_TIER1 UNITY_HARDWARE_TIER2 UNITY_HARDWARE_TIER3 UNITY_LIGHTMAP_DLDR_ENCODING UNITY_LIGHTMAP_RGBM_ENCODING UNITY_METAL_SHADOWS_USE_POINT_FILTERING UNITY_NO_DXT5nm UNITY_NO_FULL_STANDARD_SHADER UNITY_NO_SCREENSPACE_SHADOWS UNITY_PBS_USE_BRDF2 UNITY_PBS_USE_BRDF3 UNITY_PRETRANSFORM_TO_DISPLAY_ORIENTATION UNITY_UNIFIED_SHADER_PRECISION_MODEL UNITY_VIRTUAL_TEXTURING _COLOR_TINT _EMISSION _LIGHTING_QUALITY_HIGH _NORMALMAP _SPECULARHIGHLIGHTS_OFF _SURFACE_MAP_METALLIC_GLOSS _SURFACE_MAP_OFF _TRANSLUCENCY_MAP _WIND_OFF
Shader error in 'Universal Render Pipeline/Nature Shaders/Grass': Couldn't open include file 'Assets/Visual Design Cafe/Nature Renderer/Shader Includes/Nature Renderer.templatex'. at line 1588
Shader error in 'Universal Render Pipeline/Nature Shaders/Grass': Couldn't open include file 'Assets/Visual Design Cafe/Nature Renderer/Shader Includes/Nature Renderer.templatex'. at line 3475
Shader error in 'Universal Render Pipeline/Nature Shaders/Grass': Couldn't open include file 'Assets/Visual Design Cafe/Nature Renderer/Shader Includes/Nature Renderer.templatex'. at line 5192
Shader error in 'Universal Render Pipeline/Nature Shaders/Grass': Couldn't open include file 'Assets/Visual Design Cafe/Nature Renderer/Shader Includes/Nature Renderer.templatex'. at line 6905
Shader error in 'Universal Render Pipeline/Nature Shaders/Grass': Couldn't open include file 'Assets/Visual Design Cafe/Nature Renderer/Shader Includes/Nature Renderer.templatex'. at line 8623
Shader error in 'Universal Render Pipeline/Nature Shaders/Grass': Couldn't open include file 'Assets/Visual Design Cafe/Nature Renderer/Shader Includes/Nature Renderer.templatex'. at line 10393
Shader warning in 'Universal Render Pipeline/Nature Shaders/Grass': Ignoring duplicate keyword line 'multi_compile_instancing __ INSTANCING_ON PROCEDURAL_INSTANCING_ON'
Shader warning in 'Universal Render Pipeline/Nature Shaders/Grass': '_TRANSLUCENCY': macro redefinition. Previous definition found at :1. at line 157

Compiling Subshader: 0, Pass: Universal Forward, Vertex program with _ADDITIONAL_LIGHTS _ALPHATEST _BAKED_MESH_DATA _COLOR_HSL _LIGHTING_QUALITY_LOW _MAIN_LIGHT_SHADOWS _SURFACE_MAP_PACKED _TRANSLUCENCY _WIND
Platform defines: SHADER_API_DESKTOP UNITY_ENABLE_DETAIL_NORMALMAP UNITY_ENABLE_REFLECTION_BUFFERS UNITY_LIGHTMAP_FULL_HDR UNITY_LIGHT_PROBE_PROXY_VOLUME UNITY_PBS_USE_BRDF1 UNITY_SPECCUBE_BLENDING UNITY_SPECCUBE_BOX_PROJECTION UNITY_USE_DITHER_MASK_FOR_ALPHABLENDED_SHADOWS
Disabled keywords: FOG_EXP FOG_EXP2 FOG_LINEAR INSTANCING_ON PROCEDURAL_INSTANCING_ON SHADER_API_GLES30 UNITY_ASTC_NORMALMAP_ENCODING UNITY_COLORSPACE_GAMMA UNITY_ENABLE_NATIVE_SHADOW_LOOKUPS UNITY_FRAMEBUFFER_FETCH_AVAILABLE UNITY_HALF_PRECISION_FRAGMENT_SHADER_REGISTERS UNITY_HARDWARE_TIER1 UNITY_HARDWARE_TIER2 UNITY_HARDWARE_TIER3 UNITY_LIGHTMAP_DLDR_ENCODING UNITY_LIGHTMAP_RGBM_ENCODING UNITY_METAL_SHADOWS_USE_POINT_FILTERING UNITY_NO_DXT5nm UNITY_NO_FULL_STANDARD_SHADER UNITY_NO_SCREENSPACE_SHADOWS UNITY_PBS_USE_BRDF2 UNITY_PBS_USE_BRDF3 UNITY_PRETRANSFORM_TO_DISPLAY_ORIENTATION UNITY_UNIFIED_SHADER_PRECISION_MODEL UNITY_VIRTUAL_TEXTURING _ADDITIONAL_LIGHTS_VERTEX _ADDITIONAL_OFF _CLUSTERED_RENDERING _COLOR_TINT _EMISSION _LIGHTING_QUALITY_HIGH _MAIN_LIGHT_SHADOWS_CASCADE _MAIN_LIGHT_SHADOWS_SCREEN _NORMALMAP _SPECULARHIGHLIGHTS_OFF _SURFACE_MAP_METALLIC_GLOSS _SURFACE_MAP_OFF _TRANSLUCENCY_MAP _WIND_OFF
Shader warning in 'Universal Render Pipeline/Nature Shaders/Grass': '_TRANSLUCENCY': macro redefinition. Previous definition found at :1. at line 2068

Compiling Subshader: 0, Pass: ShadowCaster, Vertex program with PROCEDURAL_INSTANCING_ON _ALPHATEST _BAKED_MESH_DATA _COLOR_HSL _LIGHTING_QUALITY_HIGH _NORMALMAP _SURFACE_MAP_PACKED _TRANSLUCENCY _WIND
Platform defines: SHADER_API_DESKTOP UNITY_ENABLE_DETAIL_NORMALMAP UNITY_ENABLE_REFLECTION_BUFFERS UNITY_LIGHTMAP_FULL_HDR UNITY_LIGHT_PROBE_PROXY_VOLUME UNITY_PASS_SHADOWCASTER UNITY_PBS_USE_BRDF1 UNITY_SPECCUBE_BLENDING UNITY_SPECCUBE_BOX_PROJECTION UNITY_USE_DITHER_MASK_FOR_ALPHABLENDED_SHADOWS
Disabled keywords: INSTANCING_ON SHADER_API_GLES30 UNITY_ASTC_NORMALMAP_ENCODING UNITY_COLORSPACE_GAMMA UNITY_ENABLE_NATIVE_SHADOW_LOOKUPS UNITY_FRAMEBUFFER_FETCH_AVAILABLE UNITY_HALF_PRECISION_FRAGMENT_SHADER_REGISTERS UNITY_HARDWARE_TIER1 UNITY_HARDWARE_TIER2 UNITY_HARDWARE_TIER3 UNITY_LIGHTMAP_DLDR_ENCODING UNITY_LIGHTMAP_RGBM_ENCODING UNITY_METAL_SHADOWS_USE_POINT_FILTERING UNITY_NO_DXT5nm UNITY_NO_FULL_STANDARD_SHADER UNITY_NO_SCREENSPACE_SHADOWS UNITY_PBS_USE_BRDF2 UNITY_PBS_USE_BRDF3 UNITY_PRETRANSFORM_TO_DISPLAY_ORIENTATION UNITY_UNIFIED_SHADER_PRECISION_MODEL UNITY_VIRTUAL_TEXTURING _CASTING_PUNCTUAL_LIGHT_SHADOW _COLOR_TINT _EMISSION _LIGHTING_QUALITY_LOW _SPECULARHIGHLIGHTS_OFF _SURFACE_MAP_METALLIC_GLOSS _SURFACE_MAP_OFF _TRANSLUCENCY_MAP _WIND_OFF
Shader warning in 'Universal Render Pipeline/Nature Shaders/Grass': '_TRANSLUCENCY': macro redefinition. Previous definition found at :1. at line 5502

Compiling Subshader: 0, Pass: DepthNormals, Vertex program with _ALPHATEST _BAKED_MESH_DATA _COLOR_HSL _LIGHTING_QUALITY_LOW _SURFACE_MAP_PACKED _TRANSLUCENCY _WIND
Platform defines: SHADER_API_DESKTOP UNITY_ENABLE_DETAIL_NORMALMAP UNITY_ENABLE_REFLECTION_BUFFERS UNITY_LIGHTMAP_FULL_HDR UNITY_LIGHT_PROBE_PROXY_VOLUME UNITY_PBS_USE_BRDF1 UNITY_SPECCUBE_BLENDING UNITY_SPECCUBE_BOX_PROJECTION UNITY_USE_DITHER_MASK_FOR_ALPHABLENDED_SHADOWS
Disabled keywords: INSTANCING_ON PROCEDURAL_INSTANCING_ON SHADER_API_GLES30 UNITY_ASTC_NORMALMAP_ENCODING UNITY_COLORSPACE_GAMMA UNITY_ENABLE_NATIVE_SHADOW_LOOKUPS UNITY_FRAMEBUFFER_FETCH_AVAILABLE UNITY_HALF_PRECISION_FRAGMENT_SHADER_REGISTERS UNITY_HARDWARE_TIER1 UNITY_HARDWARE_TIER2 UNITY_HARDWARE_TIER3 UNITY_LIGHTMAP_DLDR_ENCODING UNITY_LIGHTMAP_RGBM_ENCODING UNITY_METAL_SHADOWS_USE_POINT_FILTERING UNITY_NO_DXT5nm UNITY_NO_FULL_STANDARD_SHADER UNITY_NO_SCREENSPACE_SHADOWS UNITY_PBS_USE_BRDF2 UNITY_PBS_USE_BRDF3 UNITY_PRETRANSFORM_TO_DISPLAY_ORIENTATION UNITY_UNIFIED_SHADER_PRECISION_MODEL UNITY_VIRTUAL_TEXTURING _COLOR_TINT _EMISSION _LIGHTING_QUALITY_HIGH _NORMALMAP _SPECULARHIGHLIGHTS_OFF _SURFACE_MAP_METALLIC_GLOSS _SURFACE_MAP_OFF _TRANSLUCENCY_MAP _WIND_OFF
Shader error in 'Universal Render Pipeline/Nature Shaders/Grass': Couldn't open include file 'Assets/Visual Design Cafe/Nature Renderer/Shader Includes/Nature Renderer.templatex'. at line 1588
Shader error in 'Universal Render Pipeline/Nature Shaders/Grass': Couldn't open include file 'Assets/Visual Design Cafe/Nature Renderer/Shader Includes/Nature Renderer.templatex'. at line 3475
Shader error in 'Universal Render Pipeline/Nature Shaders/Grass': Couldn't open include file 'Assets/Visual Design Cafe/Nature Renderer/Shader Includes/Nature Renderer.templatex'. at line 5192
Shader error in 'Universal Render Pipeline/Nature Shaders/Grass': Couldn't open include file 'Assets/Visual Design Cafe/Nature Renderer/Shader Includes/Nature Renderer.templatex'. at line 6905
Shader error in 'Universal Render Pipeline/Nature Shaders/Grass': Couldn't open include file 'Assets/Visual Design Cafe/Nature Renderer/Shader Includes/Nature Renderer.templatex'. at line 8623
Shader error in 'Universal Render Pipeline/Nature Shaders/Grass': Couldn't open include file 'Assets/Visual Design Cafe/Nature Renderer/Shader Includes/Nature Renderer.templatex'. at line 10393
Shader warning in 'Universal Render Pipeline/Nature Shaders/Grass': Ignoring duplicate keyword line 'multi_compile_instancing __ INSTANCING_ON PROCEDURAL_INSTANCING_ON'
Shader warning in 'Universal Render Pipeline/Nature Shaders/Grass': '_TRANSLUCENCY': macro redefinition. Previous definition found at :1. at line 157

Compiling Subshader: 0, Pass: Universal Forward, Vertex program with _ADDITIONAL_LIGHTS _ALPHATEST _BAKED_MESH_DATA _COLOR_HSL _LIGHTING_QUALITY_LOW _MAIN_LIGHT_SHADOWS _SURFACE_MAP_PACKED _TRANSLUCENCY _WIND
Platform defines: SHADER_API_DESKTOP UNITY_ENABLE_DETAIL_NORMALMAP UNITY_ENABLE_REFLECTION_BUFFERS UNITY_LIGHTMAP_FULL_HDR UNITY_LIGHT_PROBE_PROXY_VOLUME UNITY_PBS_USE_BRDF1 UNITY_SPECCUBE_BLENDING UNITY_SPECCUBE_BOX_PROJECTION UNITY_USE_DITHER_MASK_FOR_ALPHABLENDED_SHADOWS
Disabled keywords: FOG_EXP FOG_EXP2 FOG_LINEAR INSTANCING_ON PROCEDURAL_INSTANCING_ON SHADER_API_GLES30 UNITY_ASTC_NORMALMAP_ENCODING UNITY_COLORSPACE_GAMMA UNITY_ENABLE_NATIVE_SHADOW_LOOKUPS UNITY_FRAMEBUFFER_FETCH_AVAILABLE UNITY_HALF_PRECISION_FRAGMENT_SHADER_REGISTERS UNITY_HARDWARE_TIER1 UNITY_HARDWARE_TIER2 UNITY_HARDWARE_TIER3 UNITY_LIGHTMAP_DLDR_ENCODING UNITY_LIGHTMAP_RGBM_ENCODING UNITY_METAL_SHADOWS_USE_POINT_FILTERING UNITY_NO_DXT5nm UNITY_NO_FULL_STANDARD_SHADER UNITY_NO_SCREENSPACE_SHADOWS UNITY_PBS_USE_BRDF2 UNITY_PBS_USE_BRDF3 UNITY_PRETRANSFORM_TO_DISPLAY_ORIENTATION UNITY_UNIFIED_SHADER_PRECISION_MODEL UNITY_VIRTUAL_TEXTURING _ADDITIONAL_LIGHTS_VERTEX _ADDITIONAL_OFF _CLUSTERED_RENDERING _COLOR_TINT _EMISSION _LIGHTING_QUALITY_HIGH _MAIN_LIGHT_SHADOWS_CASCADE _MAIN_LIGHT_SHADOWS_SCREEN _NORMALMAP _SPECULARHIGHLIGHTS_OFF _SURFACE_MAP_METALLIC_GLOSS _SURFACE_MAP_OFF _TRANSLUCENCY_MAP _WIND_OFF
Shader warning in 'Universal Render Pipeline/Nature Shaders/Grass': '_TRANSLUCENCY': macro redefinition. Previous definition found at :1. at line 2068

Compiling Subshader: 0, Pass: ShadowCaster, Vertex program with PROCEDURAL_INSTANCING_ON _ALPHATEST _BAKED_MESH_DATA _COLOR_HSL _LIGHTING_QUALITY_HIGH _NORMALMAP _SURFACE_MAP_PACKED _TRANSLUCENCY _WIND
Platform defines: SHADER_API_DESKTOP UNITY_ENABLE_DETAIL_NORMALMAP UNITY_ENABLE_REFLECTION_BUFFERS UNITY_LIGHTMAP_FULL_HDR UNITY_LIGHT_PROBE_PROXY_VOLUME UNITY_PASS_SHADOWCASTER UNITY_PBS_USE_BRDF1 UNITY_SPECCUBE_BLENDING UNITY_SPECCUBE_BOX_PROJECTION UNITY_USE_DITHER_MASK_FOR_ALPHABLENDED_SHADOWS
Disabled keywords: INSTANCING_ON SHADER_API_GLES30 UNITY_ASTC_NORMALMAP_ENCODING UNITY_COLORSPACE_GAMMA UNITY_ENABLE_NATIVE_SHADOW_LOOKUPS UNITY_FRAMEBUFFER_FETCH_AVAILABLE UNITY_HALF_PRECISION_FRAGMENT_SHADER_REGISTERS UNITY_HARDWARE_TIER1 UNITY_HARDWARE_TIER2 UNITY_HARDWARE_TIER3 UNITY_LIGHTMAP_DLDR_ENCODING UNITY_LIGHTMAP_RGBM_ENCODING UNITY_METAL_SHADOWS_USE_POINT_FILTERING UNITY_NO_DXT5nm UNITY_NO_FULL_STANDARD_SHADER UNITY_NO_SCREENSPACE_SHADOWS UNITY_PBS_USE_BRDF2 UNITY_PBS_USE_BRDF3 UNITY_PRETRANSFORM_TO_DISPLAY_ORIENTATION UNITY_UNIFIED_SHADER_PRECISION_MODEL UNITY_VIRTUAL_TEXTURING _CASTING_PUNCTUAL_LIGHT_SHADOW _COLOR_TINT _EMISSION _LIGHTING_QUALITY_LOW _SPECULARHIGHLIGHTS_OFF _SURFACE_MAP_METALLIC_GLOSS _SURFACE_MAP_OFF _TRANSLUCENCY_MAP _WIND_OFF
Shader warning in 'Universal Render Pipeline/Nature Shaders/Grass': '_TRANSLUCENCY': macro redefinition. Previous definition found at :1. at line 5502

Compiling Subshader: 0, Pass: DepthNormals, Vertex program with _ALPHATEST _BAKED_MESH_DATA _COLOR_HSL _LIGHTING_QUALITY_LOW _SURFACE_MAP_PACKED _TRANSLUCENCY _WIND
Platform defines: SHADER_API_DESKTOP UNITY_ENABLE_DETAIL_NORMALMAP UNITY_ENABLE_REFLECTION_BUFFERS UNITY_LIGHTMAP_FULL_HDR UNITY_LIGHT_PROBE_PROXY_VOLUME UNITY_PBS_USE_BRDF1 UNITY_SPECCUBE_BLENDING UNITY_SPECCUBE_BOX_PROJECTION UNITY_USE_DITHER_MASK_FOR_ALPHABLENDED_SHADOWS
Disabled keywords: INSTANCING_ON PROCEDURAL_INSTANCING_ON SHADER_API_GLES30 UNITY_ASTC_NORMALMAP_ENCODING UNITY_COLORSPACE_GAMMA UNITY_ENABLE_NATIVE_SHADOW_LOOKUPS UNITY_FRAMEBUFFER_FETCH_AVAILABLE UNITY_HALF_PRECISION_FRAGMENT_SHADER_REGISTERS UNITY_HARDWARE_TIER1 UNITY_HARDWARE_TIER2 UNITY_HARDWARE_TIER3 UNITY_LIGHTMAP_DLDR_ENCODING UNITY_LIGHTMAP_RGBM_ENCODING UNITY_METAL_SHADOWS_USE_POINT_FILTERING UNITY_NO_DXT5nm UNITY_NO_FULL_STANDARD_SHADER UNITY_NO_SCREENSPACE_SHADOWS UNITY_PBS_USE_BRDF2 UNITY_PBS_USE_BRDF3 UNITY_PRETRANSFORM_TO_DISPLAY_ORIENTATION UNITY_UNIFIED_SHADER_PRECISION_MODEL UNITY_VIRTUAL_TEXTURING _COLOR_TINT _EMISSION _LIGHTING_QUALITY_HIGH _NORMALMAP _SPECULARHIGHLIGHTS_OFF _SURFACE_MAP_METALLIC_GLOSS _SURFACE_MAP_OFF _TRANSLUCENCY_MAP _WIND_OFF
 -> (artifact id: 'ebf04bf4bf1319513eaad9427711a258') in 0.498960 seconds 
Editor requested this worker to shutdown with reason: Scaling down because of idle timeout
AssetImportWorker is now disconnected from the server
Process exiting
Exiting without the bug reporter. Application will terminate with return code 0