Using pre-set license
Built from '2021.3/staging' branch; Version is '2021.3.9f1 (ad3870b89536) revision 11352176'; Using compiler version '192829333'; Build Type 'Release'
OS: 'Windows 10  (10.0.19044) 64bit Professional' Language: 'ca' Physical Memory: 32442 MB
BatchMode: 1, IsHumanControllingUs: 0, StartBugReporterOnCrash: 0, Is64bit: 1, IsPro: 1

COMMAND LINE ARGUMENTS:
C:\Program Files\Unity\Hub\Editor\2021.3.9f1\Editor\Unity.exe
-adb2
-batchMode
-noUpm
-name
AssetImportWorker13
-projectPath
D:/Usuaris/super/Documents/GitHub/Unf0und_VR/Unf0und_VR
-logFile
Logs/AssetImportWorker13.log
-srvPort
57765
Successfully changed project path to: D:/Usuaris/super/Documents/GitHub/Unf0und_VR/Unf0und_VR
D:/Usuaris/super/Documents/GitHub/Unf0und_VR/Unf0und_VR
[UnityMemory] Configuration Parameters - Can be set up in boot.config
    "memorysetup-bucket-allocator-granularity=16"
    "memorysetup-bucket-allocator-bucket-count=8"
    "memorysetup-bucket-allocator-block-size=33554432"
    "memorysetup-bucket-allocator-block-count=8"
    "memorysetup-main-allocator-block-size=16777216"
    "memorysetup-thread-allocator-block-size=16777216"
    "memorysetup-gfx-main-allocator-block-size=16777216"
    "memorysetup-gfx-thread-allocator-block-size=16777216"
    "memorysetup-cache-allocator-block-size=4194304"
    "memorysetup-typetree-allocator-block-size=2097152"
    "memorysetup-profiler-bucket-allocator-granularity=16"
    "memorysetup-profiler-bucket-allocator-bucket-count=8"
    "memorysetup-profiler-bucket-allocator-block-size=33554432"
    "memorysetup-profiler-bucket-allocator-block-count=8"
    "memorysetup-profiler-allocator-block-size=16777216"
    "memorysetup-profiler-editor-allocator-block-size=1048576"
    "memorysetup-temp-allocator-size-main=16777216"
    "memorysetup-job-temp-allocator-block-size=2097152"
    "memorysetup-job-temp-allocator-block-size-background=1048576"
    "memorysetup-job-temp-allocator-reduction-small-platforms=262144"
    "memorysetup-temp-allocator-size-background-worker=32768"
    "memorysetup-temp-allocator-size-job-worker=262144"
    "memorysetup-temp-allocator-size-preload-manager=33554432"
    "memorysetup-temp-allocator-size-nav-mesh-worker=65536"
    "memorysetup-temp-allocator-size-audio-worker=65536"
    "memorysetup-temp-allocator-size-cloud-worker=32768"
    "memorysetup-temp-allocator-size-gi-baking-worker=262144"
    "memorysetup-temp-allocator-size-gfx=262144"
Refreshing native plugins compatible for Editor in 209.11 ms, found 13 plugins.
Preloading 1 native plugins for Editor in 0.76 ms.
Initialize engine version: 2021.3.9f1 (ad3870b89536)
[Subsystems] Discovering subsystems at path C:/Program Files/Unity/Hub/Editor/2021.3.9f1/Editor/Data/Resources/UnitySubsystems
[Subsystems] Discovering subsystems at path D:/Usuaris/super/Documents/GitHub/Unf0und_VR/Unf0und_VR/Assets
GfxDevice: creating device client; threaded=0; jobified=0
Direct3D:
    Version:  Direct3D 11.0 [level 11.1]
    Renderer: NVIDIA T1000 8GB (ID=0x1ff0)
    Vendor:   NVIDIA
    VRAM:     8042 MB
    Driver:   30.0.14.7239
Initialize mono
Mono path[0] = 'C:/Program Files/Unity/Hub/Editor/2021.3.9f1/Editor/Data/Managed'
Mono path[1] = 'C:/Program Files/Unity/Hub/Editor/2021.3.9f1/Editor/Data/MonoBleedingEdge/lib/mono/unityjit-win32'
Mono config path = 'C:/Program Files/Unity/Hub/Editor/2021.3.9f1/Editor/Data/MonoBleedingEdge/etc'
Using monoOptions --debugger-agent=transport=dt_socket,embedding=1,server=y,suspend=n,address=127.0.0.1:56852
Begin MonoManager ReloadAssembly
Registering precompiled unity dll's ...
Register platform support module: C:/Program Files/Unity/Hub/Editor/2021.3.9f1/Editor/Data/PlaybackEngines/AndroidPlayer/UnityEditor.Android.Extensions.dll
Register platform support module: C:/Program Files/Unity/Hub/Editor/2021.3.9f1/Editor/Data/PlaybackEngines/WindowsStandaloneSupport/UnityEditor.WindowsStandalone.Extensions.dll
Registered in 0.010191 seconds.
Native extension for WindowsStandalone target not found
Native extension for Android target not found
Refreshing native plugins compatible for Editor in 251.25 ms, found 13 plugins.
Preloading 1 native plugins for Editor in 4.61 ms.
Mono: successfully reloaded assembly
- Completed reload, in  1.262 seconds
Domain Reload Profiling:
	ReloadAssembly (1263ms)
		BeginReloadAssembly (118ms)
			ExecutionOrderSort (0ms)
			DisableScriptedObjects (0ms)
			BackupInstance (0ms)
			ReleaseScriptingObjects (0ms)
			CreateAndSetChildDomain (1ms)
		EndReloadAssembly (972ms)
			LoadAssemblies (112ms)
			RebuildTransferFunctionScriptingTraits (0ms)
			SetupTypeCache (194ms)
			ReleaseScriptCaches (0ms)
			RebuildScriptCaches (51ms)
			SetupLoadedEditorAssemblies (656ms)
				LogAssemblyErrors (0ms)
				InitializePlatformSupportModulesInManaged (140ms)
				SetLoadedEditorAssemblies (0ms)
				RefreshPlugins (256ms)
				BeforeProcessingInitializeOnLoad (2ms)
				ProcessInitializeOnLoadAttributes (178ms)
				ProcessInitializeOnLoadMethodAttributes (79ms)
				AfterProcessingInitializeOnLoad (0ms)
				EditorAssembliesLoaded (0ms)
			ExecutionOrderSort2 (0ms)
			AwakeInstancesAfterBackupRestoration (0ms)
Platform modules already initialized, skipping
Registering precompiled user dll's ...
Registered in 0.015296 seconds.
Begin MonoManager ReloadAssembly
Symbol file LoadedFromMemory doesn't match image D:\Usuaris\super\Documents\GitHub\Unf0und_VR\Unf0und_VR\Library\PackageCache\com.unity.visualscripting@1.7.8\Editor\VisualScripting.Core\Dependencies\DotNetZip\Unity.VisualScripting.IonicZip.dll
Symbol file LoadedFromMemory doesn't match image D:\Usuaris\super\Documents\GitHub\Unf0und_VR\Unf0und_VR\Library\PackageCache\com.unity.visualscripting@1.7.8\Editor\VisualScripting.Core\Dependencies\YamlDotNet\Unity.VisualScripting.YamlDotNet.dll
Native extension for WindowsStandalone target not found
Native extension for Android target not found
Refreshing native plugins compatible for Editor in 220.06 ms, found 13 plugins.
Preloading 1 native plugins for Editor in 0.06 ms.
Package Manager log level set to [2]
System.Reflection.TargetInvocationException: Exception has been thrown by the target of an invocation. ---> System.NullReferenceException: Object reference not set to an instance of an object
  at Unity.XR.Oculus.OculusLoader.AssetPathToAbsolutePath (System.String assetPath) [0x00041] in D:\Usuaris\super\Documents\GitHub\Unf0und_VR\Unf0und_VR\Library\PackageCache\com.unity.xr.oculus@3.0.2\Runtime\OculusLoader.cs:271 
  at Unity.XR.Oculus.OculusLoader.EditorLoadOVRPlugin () [0x000b0] in D:\Usuaris\super\Documents\GitHub\Unf0und_VR\Unf0und_VR\Library\PackageCache\com.unity.xr.oculus@3.0.2\Runtime\OculusLoader.cs:256 
  at (wrapper managed-to-native) System.Reflection.RuntimeMethodInfo.InternalInvoke(System.Reflection.RuntimeMethodInfo,object,object[],System.Exception&)
  at System.Reflection.RuntimeMethodInfo.Invoke (System.Object obj, System.Reflection.BindingFlags invokeAttr, System.Reflection.Binder binder, System.Object[] parameters, System.Globalization.CultureInfo culture) [0x0006a] in <9aad1b3a47484d63ba2b3985692d80e9>:0 
   --- End of inner exception stack trace ---
  at System.Reflection.RuntimeMethodInfo.Invoke (System.Object obj, System.Reflection.BindingFlags invokeAttr, System.Reflection.Binder binder, System.Object[] parameters, System.Globalization.CultureInfo culture) [0x00083] in <9aad1b3a47484d63ba2b3985692d80e9>:0 
  at System.Reflection.MethodBase.Invoke (System.Object obj, System.Object[] parameters) [0x00000] in <9aad1b3a47484d63ba2b3985692d80e9>:0 
  at UnityEditor.EditorAssemblies.ProcessInitializeOnLoadMethodAttributes () [0x000a5] in <0d6ce211ebbc47e1a35a84c3672ff58f>:0 
UnityEngine.StackTraceUtility:ExtractStackTrace ()
UnityEngine.DebugLogHandler:LogFormat (UnityEngine.LogType,UnityEngine.Object,string,object[])
UnityEngine.Logger:Log (UnityEngine.LogType,object)
UnityEngine.Debug:LogError (object)
UnityEditor.EditorAssemblies:ProcessInitializeOnLoadMethodAttributes ()

Mono: successfully reloaded assembly
- Completed reload, in  3.385 seconds
Domain Reload Profiling:
	ReloadAssembly (3386ms)
		BeginReloadAssembly (243ms)
			ExecutionOrderSort (0ms)
			DisableScriptedObjects (8ms)
			BackupInstance (0ms)
			ReleaseScriptingObjects (0ms)
			CreateAndSetChildDomain (152ms)
		EndReloadAssembly (2916ms)
			LoadAssemblies (138ms)
			RebuildTransferFunctionScriptingTraits (0ms)
			SetupTypeCache (595ms)
			ReleaseScriptCaches (1ms)
			RebuildScriptCaches (149ms)
			SetupLoadedEditorAssemblies (1524ms)
				LogAssemblyErrors (0ms)
				InitializePlatformSupportModulesInManaged (22ms)
				SetLoadedEditorAssemblies (0ms)
				RefreshPlugins (220ms)
				BeforeProcessingInitializeOnLoad (244ms)
				ProcessInitializeOnLoadAttributes (755ms)
				ProcessInitializeOnLoadMethodAttributes (272ms)
				AfterProcessingInitializeOnLoad (11ms)
				EditorAssembliesLoaded (0ms)
			ExecutionOrderSort2 (0ms)
			AwakeInstancesAfterBackupRestoration (21ms)
Platform modules already initialized, skipping
========================================================================
Worker process is ready to serve import requests
Launched and connected shader compiler UnityShaderCompiler.exe after 0.08 seconds
Refreshing native plugins compatible for Editor in 1.76 ms, found 13 plugins.
Preloading 1 native plugins for Editor in 0.08 ms.
Unloading 6783 Unused Serialized files (Serialized files now loaded: 0)
Unloading 101 unused Assets / (2.9 MB). Loaded Objects now: 7239.
Memory consumption went from 284.6 MB to 281.6 MB.
Total: 7.285600 ms (FindLiveObjects: 0.907000 ms CreateObjectMapping: 0.268500 ms MarkObjects: 5.312000 ms  DeleteObjects: 0.796600 ms)

AssetImportParameters requested are different than current active one (requested -> active):
  custom:video-decoder-ogg-theora: a1e56fd34408186e4bbccfd4996cb3dc -> 
  custom:container-muxer-webm: aa71ff27fc2769a1b78a27578f13a17b -> 
  custom:container-demuxer-webm: 4f35f7cbe854078d1ac9338744f61a02 -> 
  custom:video-encoder-webm-vp8: eb34c28f22e8b96e1ab97ce403110664 -> 
  custom:audio-encoder-webm-vorbis: bf7c407c2cedff20999df2af8eb42d56 -> 
  custom:framework-win-MediaFoundation: 216162199b28c13a410421893ffa2e32 -> 
  custom:container-demuxer-ogg: 62fdf1f143b41e24485cea50d1cbac27 -> 
  custom:video-decoder-webm-vp8: 9c59270c3fd7afecdb556c50c9e8de78 -> 
  custom:audio-decoder-ogg-vorbis: bf7c407c2cedff20999df2af8eb42d56 -> 
========================================================================
Received Import Request.
  Time since last request: 16179.016622 seconds.
  path: Assets/Models/Pool/props/Un_Cubo.fbx
  artifactKey: Guid(d644e7b2b97242e4d919fbb81f0bcaf4) Importer(815301076,1909f56bfc062723c751e8b465ee728b)
Start importing Assets/Models/Pool/props/Un_Cubo.fbx using Guid(d644e7b2b97242e4d919fbb81f0bcaf4) Importer(815301076,1909f56bfc062723c751e8b465ee728b)  -> (artifact id: '1e09ec4bbecff89ce39229757db312a6') in 0.418332 seconds 
========================================================================
Received Import Request.
  Time since last request: 0.000030 seconds.
  path: Assets/AutoHand/Examples/Materials/GunHighlights.mat
  artifactKey: Guid(7a156f7d45177bc42adb509591520010) Importer(815301076,1909f56bfc062723c751e8b465ee728b)
Start importing Assets/AutoHand/Examples/Materials/GunHighlights.mat using Guid(7a156f7d45177bc42adb509591520010) Importer(815301076,1909f56bfc062723c751e8b465ee728b)  -> (artifact id: '11a48b949423a44efb58345bf49f5a46') in 0.042228 seconds 
========================================================================
Received Import Request.
  Time since last request: 0.000033 seconds.
  path: Assets/Scenes/Scripts/ShootingMinigame/Objects/Screen/Props_Ark_Screen_01.fbx.fbx
  artifactKey: Guid(f3ce7bd34149a58419f8ca7f31ba4919) Importer(815301076,1909f56bfc062723c751e8b465ee728b)
Start importing Assets/Scenes/Scripts/ShootingMinigame/Objects/Screen/Props_Ark_Screen_01.fbx.fbx using Guid(f3ce7bd34149a58419f8ca7f31ba4919) Importer(815301076,1909f56bfc062723c751e8b465ee728b)  -> (artifact id: '8c1689b1b3c6e6caf4b1f1dd59efa882') in 0.319112 seconds 
========================================================================
Received Import Request.
  Time since last request: 0.000029 seconds.
  path: Assets/Materials/recreativas/texturas maquina hockey/hockey.mat
  artifactKey: Guid(a43c2e333265cdf4ba7a7e19f06b6d6f) Importer(815301076,1909f56bfc062723c751e8b465ee728b)
Start importing Assets/Materials/recreativas/texturas maquina hockey/hockey.mat using Guid(a43c2e333265cdf4ba7a7e19f06b6d6f) Importer(815301076,1909f56bfc062723c751e8b465ee728b)  -> (artifact id: '41b5362c7b74e47730aba91ac54719fd') in 3.230046 seconds 
========================================================================
Received Import Request.
  Time since last request: 0.000037 seconds.
  path: Assets/AutoHand/Examples/Materials/Black Rubber.mat
  artifactKey: Guid(60158c1f5a888be49b0e486812385af4) Importer(815301076,1909f56bfc062723c751e8b465ee728b)
Start importing Assets/AutoHand/Examples/Materials/Black Rubber.mat using Guid(60158c1f5a888be49b0e486812385af4) Importer(815301076,1909f56bfc062723c751e8b465ee728b)  -> (artifact id: '5dac9f76057c588871521cacaf38d48d') in 0.017174 seconds 
========================================================================
Received Import Request.
  Time since last request: 0.000025 seconds.
  path: Assets/AutoHand/Examples/Materials/Colors/lightBlue.mat
  artifactKey: Guid(b29920a68027afb4481921378a31c018) Importer(815301076,1909f56bfc062723c751e8b465ee728b)
Start importing Assets/AutoHand/Examples/Materials/Colors/lightBlue.mat using Guid(b29920a68027afb4481921378a31c018) Importer(815301076,1909f56bfc062723c751e8b465ee728b)  -> (artifact id: '1a69a8a8ad6c72b6f495a84e111bd1a8') in 0.015992 seconds 
========================================================================
Received Import Request.
  Time since last request: 0.000025 seconds.
  path: Assets/Visual Design Cafe/Nature Renderer Demo/Realistic/Timeline/Line.mat
  artifactKey: Guid(9e81fd98f36fa6546960343c4a1d9ebf) Importer(815301076,1909f56bfc062723c751e8b465ee728b)
Start importing Assets/Visual Design Cafe/Nature Renderer Demo/Realistic/Timeline/Line.mat using Guid(9e81fd98f36fa6546960343c4a1d9ebf) Importer(815301076,1909f56bfc062723c751e8b465ee728b)  -> (artifact id: 'ce78d96cef32a2382859ba1b361897f0') in 0.071386 seconds 
========================================================================
Received Import Request.
  Time since last request: 0.000025 seconds.
  path: Assets/Visual Design Cafe/Nature Renderer Demo/Realistic/Art/Trees/Source Assets/Materials/Conifer_Billboard.mat
  artifactKey: Guid(807b0ad96d574a1469ca70ba065258a7) Importer(815301076,1909f56bfc062723c751e8b465ee728b)
Start importing Assets/Visual Design Cafe/Nature Renderer Demo/Realistic/Art/Trees/Source Assets/Materials/Conifer_Billboard.mat using Guid(807b0ad96d574a1469ca70ba065258a7) Importer(815301076,1909f56bfc062723c751e8b465ee728b)  -> (artifact id: '16b3110560db28903cd31dbbf8f711f5') in 1.582018 seconds 
========================================================================
Received Import Request.
  Time since last request: 0.000031 seconds.
  path: Assets/AutoHand/Examples/Materials/Colors/lightTeal 1.mat
  artifactKey: Guid(f21e43a1bcf81334ea78a274da7712ce) Importer(815301076,1909f56bfc062723c751e8b465ee728b)
Start importing Assets/AutoHand/Examples/Materials/Colors/lightTeal 1.mat using Guid(f21e43a1bcf81334ea78a274da7712ce) Importer(815301076,1909f56bfc062723c751e8b465ee728b)  -> (artifact id: '89fd189a81c72f2edf0e9aa7e8d49c08') in 0.029223 seconds 
========================================================================
Received Import Request.
  Time since last request: 0.000038 seconds.
  path: Assets/AnyUI/Demo/Globe/Assets/Globe.mat
  artifactKey: Guid(088483a608d5c324186f1373bcaf536b) Importer(815301076,1909f56bfc062723c751e8b465ee728b)
Start importing Assets/AnyUI/Demo/Globe/Assets/Globe.mat using Guid(088483a608d5c324186f1373bcaf536b) Importer(815301076,1909f56bfc062723c751e8b465ee728b)  -> (artifact id: 'afe8b72a7d850952f66ec79b6cd10ac3') in 0.362166 seconds 
========================================================================
Received Import Request.
  Time since last request: 0.000048 seconds.
  path: Assets/AutoHand/Examples/Mesh/Materials/cupboard 2.mat
  artifactKey: Guid(092be5dc34c4a8f458a78b768e164ef6) Importer(815301076,1909f56bfc062723c751e8b465ee728b)
Start importing Assets/AutoHand/Examples/Mesh/Materials/cupboard 2.mat using Guid(092be5dc34c4a8f458a78b768e164ef6) Importer(815301076,1909f56bfc062723c751e8b465ee728b)  -> (artifact id: 'fffc5aab5f0f84f4777bcc988a17d1c7') in 0.033369 seconds 
========================================================================
Received Import Request.
  Time since last request: 0.000042 seconds.
  path: Assets/Skybox/Panoramics/FS017/FS017_Snowy.mat
  artifactKey: Guid(24d76106ebc1bd947a3fed862f899b82) Importer(815301076,1909f56bfc062723c751e8b465ee728b)
Start importing Assets/Skybox/Panoramics/FS017/FS017_Snowy.mat using Guid(24d76106ebc1bd947a3fed862f899b82) Importer(815301076,1909f56bfc062723c751e8b465ee728b)  -> (artifact id: '09050f53852745026d2f86761c3cfa6e') in 0.312167 seconds 
========================================================================
Received Import Request.
  Time since last request: 0.000029 seconds.
  path: Assets/Materials/recreativas/columna/Columna.mat
  artifactKey: Guid(492d87bd330b8a142bef08f15af8f433) Importer(815301076,1909f56bfc062723c751e8b465ee728b)
Start importing Assets/Materials/recreativas/columna/Columna.mat using Guid(492d87bd330b8a142bef08f15af8f433) Importer(815301076,1909f56bfc062723c751e8b465ee728b)  -> (artifact id: 'ad34743a0fb43612c9b6a148fe4ab06f') in 1.090227 seconds 
========================================================================
Received Import Request.
  Time since last request: 0.000038 seconds.
  path: Assets/Models/brother/source/source/Evan Afton/copiaMat/Flesh.mat
  artifactKey: Guid(bf73613f2e0f7ed418cf28ddb1c04034) Importer(815301076,1909f56bfc062723c751e8b465ee728b)
Start importing Assets/Models/brother/source/source/Evan Afton/copiaMat/Flesh.mat using Guid(bf73613f2e0f7ed418cf28ddb1c04034) Importer(815301076,1909f56bfc062723c751e8b465ee728b)  -> (artifact id: '3b688859b41f8ab87f5b7299bab18ad5') in 0.020227 seconds 
========================================================================
Received Import Request.
  Time since last request: 0.000029 seconds.
  path: Assets/Skybox/Panoramics/FS017/FS017_Night_Moonless.mat
  artifactKey: Guid(48d4f62e2d5af1643a431d2f4b07ccbb) Importer(815301076,1909f56bfc062723c751e8b465ee728b)
Start importing Assets/Skybox/Panoramics/FS017/FS017_Night_Moonless.mat using Guid(48d4f62e2d5af1643a431d2f4b07ccbb) Importer(815301076,1909f56bfc062723c751e8b465ee728b)  -> (artifact id: '10699b840fb6ca4dff1293146ceebd00') in 0.323833 seconds 
========================================================================
Received Import Request.
  Time since last request: 0.000037 seconds.
  path: Packages/com.unity.probuilder/Content/Resources/Materials/EdgePickerHDRP.mat
  artifactKey: Guid(980c24c5a501a9a429356d191ad356a9) Importer(815301076,1909f56bfc062723c751e8b465ee728b)
Start importing Packages/com.unity.probuilder/Content/Resources/Materials/EdgePickerHDRP.mat using Guid(980c24c5a501a9a429356d191ad356a9) Importer(815301076,1909f56bfc062723c751e8b465ee728b)  -> (artifact id: '06485ca4ef981f5d56bed561e4903c78') in 0.025796 seconds 
========================================================================
Received Import Request.
  Time since last request: 0.000035 seconds.
  path: Assets/Materials/recreativas/texturas baloncesto/baloncesto.mat
  artifactKey: Guid(6a3e860293f1dfc42bb020d0ac034b5f) Importer(815301076,1909f56bfc062723c751e8b465ee728b)
Start importing Assets/Materials/recreativas/texturas baloncesto/baloncesto.mat using Guid(6a3e860293f1dfc42bb020d0ac034b5f) Importer(815301076,1909f56bfc062723c751e8b465ee728b)  -> (artifact id: 'e9af5f55ed241d8b1e0e095fe80603da') in 0.998703 seconds 
========================================================================
Received Import Request.
  Time since last request: 0.000030 seconds.
  path: Assets/Materials/recreativas/texturas maquina gancho/maquinagancho.mat
  artifactKey: Guid(fb0c7adf2ce519e4a91f1df9630abf0a) Importer(815301076,1909f56bfc062723c751e8b465ee728b)
Start importing Assets/Materials/recreativas/texturas maquina gancho/maquinagancho.mat using Guid(fb0c7adf2ce519e4a91f1df9630abf0a) Importer(815301076,1909f56bfc062723c751e8b465ee728b)  -> (artifact id: '6381decc9f0c9bb6acaae2e8232d3309') in 1.258405 seconds 
========================================================================
Received Import Request.
  Time since last request: 0.000034 seconds.
  path: Assets/AutoHand/Examples/Materials/GreyDevGrid_Diffuse 1.mat
  artifactKey: Guid(aee382a3129b1874895c356f6f99538c) Importer(815301076,1909f56bfc062723c751e8b465ee728b)
Start importing Assets/AutoHand/Examples/Materials/GreyDevGrid_Diffuse 1.mat using Guid(aee382a3129b1874895c356f6f99538c) Importer(815301076,1909f56bfc062723c751e8b465ee728b)  -> (artifact id: 'e23c789a44dabbd6d4f58f578c9201ad') in 0.072607 seconds 
========================================================================
Received Import Request.
  Time since last request: 0.000026 seconds.
  path: Assets/Visual Design Cafe/Nature Renderer Demo/Realistic/Art/Trees/Source Assets/Conifer_Cap.mat
  artifactKey: Guid(869de798d1018874785f1dfbb10a01a7) Importer(815301076,1909f56bfc062723c751e8b465ee728b)
Start importing Assets/Visual Design Cafe/Nature Renderer Demo/Realistic/Art/Trees/Source Assets/Conifer_Cap.mat using Guid(869de798d1018874785f1dfbb10a01a7) Importer(815301076,1909f56bfc062723c751e8b465ee728b)  -> (artifact id: '3009a2047730d8766e99efaf3dc07448') in 0.642228 seconds 
========================================================================
Received Import Request.
  Time since last request: 0.000029 seconds.
  path: Assets/Materials/General/assets recipientes/botella 1/botella1.mat
  artifactKey: Guid(4636b4f57a9350949844c39f7e83e9db) Importer(815301076,1909f56bfc062723c751e8b465ee728b)
Start importing Assets/Materials/General/assets recipientes/botella 1/botella1.mat using Guid(4636b4f57a9350949844c39f7e83e9db) Importer(815301076,1909f56bfc062723c751e8b465ee728b)  -> (artifact id: '0adf81411df22aba63790b9d585fc48d') in 1.084889 seconds 
========================================================================
Received Import Request.
  Time since last request: 0.000035 seconds.
  path: Assets/Models/Pool/pool/paredes_abajo.fbx
  artifactKey: Guid(0fcea7c0f14909e4e8ca9ef2fcc407b9) Importer(815301076,1909f56bfc062723c751e8b465ee728b)
Start importing Assets/Models/Pool/pool/paredes_abajo.fbx using Guid(0fcea7c0f14909e4e8ca9ef2fcc407b9) Importer(815301076,1909f56bfc062723c751e8b465ee728b)  -> (artifact id: 'b0376aef212ceba705a68b0aeb6b5d1a') in 0.041412 seconds 
========================================================================
Received Import Request.
  Time since last request: 0.000029 seconds.
  path: Assets/AutoHand/Examples/Materials/Gold Metal.mat
  artifactKey: Guid(060a529cb79282740b2718083890d1b0) Importer(815301076,1909f56bfc062723c751e8b465ee728b)
Start importing Assets/AutoHand/Examples/Materials/Gold Metal.mat using Guid(060a529cb79282740b2718083890d1b0) Importer(815301076,1909f56bfc062723c751e8b465ee728b)  -> (artifact id: 'a12ca8cbf3fe5202e4966851c955e41a') in 0.011404 seconds 
========================================================================
Received Import Request.
  Time since last request: 0.000027 seconds.
  path: Assets/Skybox/Panoramics/FS002/FS002_Sunset.mat
  artifactKey: Guid(44d0573bf6d91e447b62f3aff840f2ae) Importer(815301076,1909f56bfc062723c751e8b465ee728b)
Start importing Assets/Skybox/Panoramics/FS002/FS002_Sunset.mat using Guid(44d0573bf6d91e447b62f3aff840f2ae) Importer(815301076,1909f56bfc062723c751e8b465ee728b)  -> (artifact id: 'f4e4dfa48efb72fa7fcf9d2e728047b6') in 0.318066 seconds 
========================================================================
Received Import Request.
  Time since last request: 0.000030 seconds.
  path: Assets/AutoHand/Examples/Materials/Colors/lightPurple.mat
  artifactKey: Guid(d4855c528c79fc34bb107d7497ce2e58) Importer(815301076,1909f56bfc062723c751e8b465ee728b)
Start importing Assets/AutoHand/Examples/Materials/Colors/lightPurple.mat using Guid(d4855c528c79fc34bb107d7497ce2e58) Importer(815301076,1909f56bfc062723c751e8b465ee728b)  -> (artifact id: 'b8ce7d3baf100390c6aeaa0cd47f2ed6') in 0.045748 seconds 
========================================================================
Received Import Request.
  Time since last request: 0.000037 seconds.
  path: Assets/Materials/recreativas/Texturas estanteria/estanteria.mat
  artifactKey: Guid(c853235fd7cf3d34db22601bb6c0020c) Importer(815301076,1909f56bfc062723c751e8b465ee728b)
Start importing Assets/Materials/recreativas/Texturas estanteria/estanteria.mat using Guid(c853235fd7cf3d34db22601bb6c0020c) Importer(815301076,1909f56bfc062723c751e8b465ee728b)  -> (artifact id: '36fcc705fc5c73e8032b6d1c6bb1c08a') in 1.210096 seconds 
========================================================================
Received Import Request.
  Time since last request: 0.000028 seconds.
  path: Assets/Visual Design Cafe/Nature Renderer/Resources/Nature Renderer Templates/Grass Material.mat
  artifactKey: Guid(a7aa27fcfff0c8e4cb9fb9a05dc8ca16) Importer(815301076,1909f56bfc062723c751e8b465ee728b)
Start importing Assets/Visual Design Cafe/Nature Renderer/Resources/Nature Renderer Templates/Grass Material.mat using Guid(a7aa27fcfff0c8e4cb9fb9a05dc8ca16) Importer(815301076,1909f56bfc062723c751e8b465ee728b)  -> (artifact id: '9f5b617d7119284913da60e915efb12f') in 0.822954 seconds 
========================================================================
Received Import Request.
  Time since last request: 0.000036 seconds.
  path: Assets/AutoHand/Examples/Materials/Hand.mat
  artifactKey: Guid(984c694004cb1774f9cac4c7c8b71ebb) Importer(815301076,1909f56bfc062723c751e8b465ee728b)
Start importing Assets/AutoHand/Examples/Materials/Hand.mat using Guid(984c694004cb1774f9cac4c7c8b71ebb) Importer(815301076,1909f56bfc062723c751e8b465ee728b)  -> (artifact id: 'f92b6e350d009190043edd1ad2d725c0') in 0.024315 seconds 
========================================================================
Received Import Request.
  Time since last request: 0.000024 seconds.
  path: Assets/Prefabs/Pool/Un_Pool_Up_2.fbx
  artifactKey: Guid(3828038da59454342b4d90f7cb203f3e) Importer(815301076,1909f56bfc062723c751e8b465ee728b)
Start importing Assets/Prefabs/Pool/Un_Pool_Up_2.fbx using Guid(3828038da59454342b4d90f7cb203f3e) Importer(815301076,1909f56bfc062723c751e8b465ee728b)  -> (artifact id: '87b81ddb7c76a9a914f0dca795c7101c') in 0.083864 seconds 
========================================================================
Received Import Request.
  Time since last request: 0.000025 seconds.
  path: Assets/Visual Design Cafe/Nature Renderer Demo/Realistic/Art/Trees/Source Assets/Materials/Conifer_Branches.mat
  artifactKey: Guid(6ed8d863fa4e4ee4db27ac197ce98d99) Importer(815301076,1909f56bfc062723c751e8b465ee728b)
Start importing Assets/Visual Design Cafe/Nature Renderer Demo/Realistic/Art/Trees/Source Assets/Materials/Conifer_Branches.mat using Guid(6ed8d863fa4e4ee4db27ac197ce98d99) Importer(815301076,1909f56bfc062723c751e8b465ee728b)  -> (artifact id: 'd3e72ea97300bbdecdeb350df1e067bf') in 1.692348 seconds 
========================================================================
Received Import Request.
  Time since last request: 0.000027 seconds.
  path: Assets/AutoHand/Examples/Mesh/Materials/cupboard 1.mat
  artifactKey: Guid(580e3f16b77786144a4fec57163790ce) Importer(815301076,1909f56bfc062723c751e8b465ee728b)
Start importing Assets/AutoHand/Examples/Mesh/Materials/cupboard 1.mat using Guid(580e3f16b77786144a4fec57163790ce) Importer(815301076,1909f56bfc062723c751e8b465ee728b)  -> (artifact id: '10d73a4ef886013a3ae3feaa487f058e') in 0.053524 seconds 
========================================================================
Received Import Request.
  Time since last request: 0.000034 seconds.
  path: Assets/AnyUI/Assets/Resources/Earth.mat
  artifactKey: Guid(58f746c0901b31541a3dc703464def6a) Importer(815301076,1909f56bfc062723c751e8b465ee728b)
Start importing Assets/AnyUI/Assets/Resources/Earth.mat using Guid(58f746c0901b31541a3dc703464def6a) Importer(815301076,1909f56bfc062723c751e8b465ee728b)  -> (artifact id: 'f1c5804d99c49de479c2e9f2f5d66cca') in 0.427737 seconds 
========================================================================
Received Import Request.
  Time since last request: 0.000036 seconds.
  path: Assets/TextMesh Pro/Resources/Fonts & Materials/LiberationSans SDF - Outline.mat
  artifactKey: Guid(79459efec17a4d00a321bdcc27bbc385) Importer(815301076,1909f56bfc062723c751e8b465ee728b)
Start importing Assets/TextMesh Pro/Resources/Fonts & Materials/LiberationSans SDF - Outline.mat using Guid(79459efec17a4d00a321bdcc27bbc385) Importer(815301076,1909f56bfc062723c751e8b465ee728b)  -> (artifact id: '2946852f198ad903a691bc8f667dfd45') in 0.082961 seconds 
========================================================================
Received Import Request.
  Time since last request: 0.000032 seconds.
  path: Assets/AutoHand/Examples/Materials/Colors/lightererTeal.mat
  artifactKey: Guid(a37a9a0e8a452d643ade922798bfac79) Importer(815301076,1909f56bfc062723c751e8b465ee728b)
Start importing Assets/AutoHand/Examples/Materials/Colors/lightererTeal.mat using Guid(a37a9a0e8a452d643ade922798bfac79) Importer(815301076,1909f56bfc062723c751e8b465ee728b)  -> (artifact id: '3bd93e545f6b1f889ff3b547fb421181') in 0.035767 seconds 
========================================================================
Received Import Request.
  Time since last request: 0.000025 seconds.
  path: Assets/AutoHand/Examples/Mesh/rollingPin.fbx
  artifactKey: Guid(e08c537a5297d5a41a6df0fb383a3d81) Importer(815301076,1909f56bfc062723c751e8b465ee728b)
Start importing Assets/AutoHand/Examples/Mesh/rollingPin.fbx using Guid(e08c537a5297d5a41a6df0fb383a3d81) Importer(815301076,1909f56bfc062723c751e8b465ee728b)  -> (artifact id: 'e156cd387ee0d3d5ea9c18cd0dcf104d') in 0.094107 seconds 
========================================================================
Received Import Request.
  Time since last request: 0.000027 seconds.
  path: Assets/AutoHand/Examples/Mesh/BrightRed.mat
  artifactKey: Guid(0347dbc9b384a714283434a3ba5b571a) Importer(815301076,1909f56bfc062723c751e8b465ee728b)
Start importing Assets/AutoHand/Examples/Mesh/BrightRed.mat using Guid(0347dbc9b384a714283434a3ba5b571a) Importer(815301076,1909f56bfc062723c751e8b465ee728b)  -> (artifact id: 'afaef2154105883db22e0457cb0b9e7f') in 0.037249 seconds 
========================================================================
Received Import Request.
  Time since last request: 0.000031 seconds.
  path: Packages/com.unity.probuilder/Content/Resources/Materials/EdgePicker.mat
  artifactKey: Guid(4ff996e3a0a5743a3987ab6231160665) Importer(815301076,1909f56bfc062723c751e8b465ee728b)
Start importing Packages/com.unity.probuilder/Content/Resources/Materials/EdgePicker.mat using Guid(4ff996e3a0a5743a3987ab6231160665) Importer(815301076,1909f56bfc062723c751e8b465ee728b)  -> (artifact id: '7ba4f827dae091807d5b883a9ee069f3') in 0.038721 seconds 
========================================================================
Received Import Request.
  Time since last request: 0.000029 seconds.
  path: Assets/Materials/General/assets recipientes/lata peque単a/lata peque単a.fbx
  artifactKey: Guid(432e0f03fbadcea4995dcebbe30b6432) Importer(815301076,1909f56bfc062723c751e8b465ee728b)
Start importing Assets/Materials/General/assets recipientes/lata peque単a/lata peque単a.fbx using Guid(432e0f03fbadcea4995dcebbe30b6432) Importer(815301076,1909f56bfc062723c751e8b465ee728b)  -> (artifact id: 'a4258efab5d728fe44cd80b49cbd611a') in 0.072480 seconds 
========================================================================
Received Import Request.
  Time since last request: 0.000040 seconds.
  path: Assets/AnyUI/Assets/Resources/Floor.mat
  artifactKey: Guid(121774179336c2f4b8663218c3e04d97) Importer(815301076,1909f56bfc062723c751e8b465ee728b)
Start importing Assets/AnyUI/Assets/Resources/Floor.mat using Guid(121774179336c2f4b8663218c3e04d97) Importer(815301076,1909f56bfc062723c751e8b465ee728b)  -> (artifact id: '8a6b64b78cea2f4e96db2947b55e21dd') in 0.040801 seconds 
========================================================================
Received Import Request.
  Time since last request: 0.000028 seconds.
  path: Assets/AutoHand/Examples/Mesh/Table 1.fbx
  artifactKey: Guid(0efbd4c9f25507f4eba14d4e92a2ab29) Importer(815301076,1909f56bfc062723c751e8b465ee728b)
Start importing Assets/AutoHand/Examples/Mesh/Table 1.fbx using Guid(0efbd4c9f25507f4eba14d4e92a2ab29) Importer(815301076,1909f56bfc062723c751e8b465ee728b)  -> (artifact id: 'a8006ea2866833fd7dd4fd5070fcaa36') in 0.073300 seconds 
========================================================================
Received Import Request.
  Time since last request: 0.000403 seconds.
  path: Assets/Skybox/Panoramics/FS003/FS003_Day_Sunless.mat
  artifactKey: Guid(0f1401d983cde1c49a7f687a57e62c5a) Importer(815301076,1909f56bfc062723c751e8b465ee728b)
Start importing Assets/Skybox/Panoramics/FS003/FS003_Day_Sunless.mat using Guid(0f1401d983cde1c49a7f687a57e62c5a) Importer(815301076,1909f56bfc062723c751e8b465ee728b)  -> (artifact id: 'a9f5db7351ea2ace32a8e3b8f9ced5de') in 0.392198 seconds 
========================================================================
Received Import Request.
  Time since last request: 0.000030 seconds.
  path: Assets/Skybox/Panoramics/FS013/FS013_Rainy.mat
  artifactKey: Guid(8426cf3d3939a7d419671f3d5c269c0b) Importer(815301076,1909f56bfc062723c751e8b465ee728b)
Start importing Assets/Skybox/Panoramics/FS013/FS013_Rainy.mat using Guid(8426cf3d3939a7d419671f3d5c269c0b) Importer(815301076,1909f56bfc062723c751e8b465ee728b)  -> (artifact id: '4cb8904cdfd4a11055a9689a5d72cad2') in 0.403818 seconds 
========================================================================
Received Import Request.
  Time since last request: 0.000040 seconds.
  path: Assets/Textures/Park/Banco/Materials/Banco-UV 1.mat
  artifactKey: Guid(3bcb2e370f1dc6e4aa1c3a7070a26220) Importer(815301076,1909f56bfc062723c751e8b465ee728b)
Start importing Assets/Textures/Park/Banco/Materials/Banco-UV 1.mat using Guid(3bcb2e370f1dc6e4aa1c3a7070a26220) Importer(815301076,1909f56bfc062723c751e8b465ee728b)  -> (artifact id: 'a84e370ee26b09eac5380c6b3cacc779') in 0.032381 seconds 
========================================================================
Received Import Request.
  Time since last request: 0.000024 seconds.
  path: Assets/Skybox/Panoramics/FS013/FS013_Sunset.mat
  artifactKey: Guid(de1d750fefeeac642bf9b11a3978ccf5) Importer(815301076,1909f56bfc062723c751e8b465ee728b)
Start importing Assets/Skybox/Panoramics/FS013/FS013_Sunset.mat using Guid(de1d750fefeeac642bf9b11a3978ccf5) Importer(815301076,1909f56bfc062723c751e8b465ee728b)  -> (artifact id: '798927ab1dc17549b6a81033f1c601ed') in 0.415119 seconds 
========================================================================
Received Import Request.
  Time since last request: 0.000031 seconds.
  path: Assets/AutoHand/Examples/Materials/Gold.mat
  artifactKey: Guid(77ac1f040dfb0524d85fc8b813eb1e49) Importer(815301076,1909f56bfc062723c751e8b465ee728b)
Start importing Assets/AutoHand/Examples/Materials/Gold.mat using Guid(77ac1f040dfb0524d85fc8b813eb1e49) Importer(815301076,1909f56bfc062723c751e8b465ee728b)  -> (artifact id: '91ba3283fcd77b40b5724a55cc0c2f28') in 0.016995 seconds 
========================================================================
Received Import Request.
  Time since last request: 0.000033 seconds.
  path: Assets/Models/Pool/pool_probar_puertas.fbx
  artifactKey: Guid(84311189ee3da224a99f53faae95ddb6) Importer(815301076,1909f56bfc062723c751e8b465ee728b)
Start importing Assets/Models/Pool/pool_probar_puertas.fbx using Guid(84311189ee3da224a99f53faae95ddb6) Importer(815301076,1909f56bfc062723c751e8b465ee728b)  -> (artifact id: '94e92dcb8d14d4c1f955e4c2e955e424') in 0.607502 seconds 
========================================================================
Received Import Request.
  Time since last request: 0.000031 seconds.
  path: Assets/Skybox/Panoramics/FS003/FS003_Night.mat
  artifactKey: Guid(80fa4f34db87aad4d93c45188b19bfd6) Importer(815301076,1909f56bfc062723c751e8b465ee728b)
Start importing Assets/Skybox/Panoramics/FS003/FS003_Night.mat using Guid(80fa4f34db87aad4d93c45188b19bfd6) Importer(815301076,1909f56bfc062723c751e8b465ee728b)  -> (artifact id: '525c42693145893e83c9d8b939193e30') in 0.317937 seconds 
========================================================================
Received Import Request.
  Time since last request: 0.000078 seconds.
  path: Assets/Visual Design Cafe/Nature Renderer Demo/Realistic/Art/Trees/Source Assets/Materials/Cypress_Forest_Desktop_Billboard.mat
  artifactKey: Guid(6e96b44ff17a7de4a859752d4aa68e3d) Importer(815301076,1909f56bfc062723c751e8b465ee728b)
Start importing Assets/Visual Design Cafe/Nature Renderer Demo/Realistic/Art/Trees/Source Assets/Materials/Cypress_Forest_Desktop_Billboard.mat using Guid(6e96b44ff17a7de4a859752d4aa68e3d) Importer(815301076,1909f56bfc062723c751e8b465ee728b)  -> (artifact id: '5f911e2d6a29ec6bc0422d3b01947edf') in 1.653439 seconds 
========================================================================
Received Import Request.
  Time since last request: 0.000032 seconds.
  path: Assets/Models/Tutorial/Assets/Desk/source/M_FantasyDesk.001.mat
  artifactKey: Guid(ff385c029704bc14799d77153205e8ff) Importer(815301076,1909f56bfc062723c751e8b465ee728b)
Start importing Assets/Models/Tutorial/Assets/Desk/source/M_FantasyDesk.001.mat using Guid(ff385c029704bc14799d77153205e8ff) Importer(815301076,1909f56bfc062723c751e8b465ee728b)  -> (artifact id: 'c0a0aef19a39ff1c2b1fc16419d6a9a4') in 1.954954 seconds 
========================================================================
Received Import Request.
  Time since last request: 0.000034 seconds.
  path: Assets/AnyUI/Demo/Globe/Assets/Ground.mat
  artifactKey: Guid(fdbdbab97d410694fa74a4fec682a40b) Importer(815301076,1909f56bfc062723c751e8b465ee728b)
Start importing Assets/AnyUI/Demo/Globe/Assets/Ground.mat using Guid(fdbdbab97d410694fa74a4fec682a40b) Importer(815301076,1909f56bfc062723c751e8b465ee728b)  -> (artifact id: '59427c5a6857c69e7bb4d7ee558811af') in 0.049907 seconds 
========================================================================
Received Import Request.
  Time since last request: 0.000030 seconds.
  path: Assets/Visual Design Cafe/Nature Renderer Demo/Realistic/Art/Trees/Source Assets/Conifer_Billboard.mat
  artifactKey: Guid(f38129caef3a2854e806254192b46337) Importer(815301076,1909f56bfc062723c751e8b465ee728b)
Start importing Assets/Visual Design Cafe/Nature Renderer Demo/Realistic/Art/Trees/Source Assets/Conifer_Billboard.mat using Guid(f38129caef3a2854e806254192b46337) Importer(815301076,1909f56bfc062723c751e8b465ee728b)  -> (artifact id: '6bea39d6cd4180fd579ad7d571a80d4c') in 1.587817 seconds 
========================================================================
Received Import Request.
  Time since last request: 0.000030 seconds.
  path: Assets/AutoHand/Examples/Materials/Grid Metal.mat
  artifactKey: Guid(a98834c08bc85714385968e866289089) Importer(815301076,1909f56bfc062723c751e8b465ee728b)
Start importing Assets/AutoHand/Examples/Materials/Grid Metal.mat using Guid(a98834c08bc85714385968e866289089) Importer(815301076,1909f56bfc062723c751e8b465ee728b)  -> (artifact id: '984929ae1e8051b5bffa2bf2579d81e0') in 0.043138 seconds 
========================================================================
Received Import Request.
  Time since last request: 0.000046 seconds.
  path: Assets/Models/Pool/props/Rosco/Un_Rosco.fbx
  artifactKey: Guid(10c6ec66008483c4f8c093304e149118) Importer(815301076,1909f56bfc062723c751e8b465ee728b)
Start importing Assets/Models/Pool/props/Rosco/Un_Rosco.fbx using Guid(10c6ec66008483c4f8c093304e149118) Importer(815301076,1909f56bfc062723c751e8b465ee728b)  -> (artifact id: '14595cabef3678a73a41d1a66d51e277') in 0.044788 seconds 
========================================================================
Received Import Request.
  Time since last request: 0.000025 seconds.
  path: Assets/Materials/General/assets recipientes/lata aplastada/lata aplastada.fbx
  artifactKey: Guid(8aa9d853733eff642a4a7da674a3338d) Importer(815301076,1909f56bfc062723c751e8b465ee728b)
Start importing Assets/Materials/General/assets recipientes/lata aplastada/lata aplastada.fbx using Guid(8aa9d853733eff642a4a7da674a3338d) Importer(815301076,1909f56bfc062723c751e8b465ee728b)  -> (artifact id: 'f8cd3ac00cd152c7276bc282a0391d33') in 0.031509 seconds 
========================================================================
Received Import Request.
  Time since last request: 0.000027 seconds.
  path: Assets/Models/Pool/pool/techos_abajo.fbx
  artifactKey: Guid(35f3d5a2aac6e2f409df2132bb51d635) Importer(815301076,1909f56bfc062723c751e8b465ee728b)
Start importing Assets/Models/Pool/pool/techos_abajo.fbx using Guid(35f3d5a2aac6e2f409df2132bb51d635) Importer(815301076,1909f56bfc062723c751e8b465ee728b)  -> (artifact id: 'a9ef722cd0719e4e79a349f1c790e3df') in 0.068447 seconds 
========================================================================
Received Import Request.
  Time since last request: 0.000027 seconds.
  path: Assets/Scenes/Scripts/ShootingMinigame/Objects/Barrier/Fence 2.0.obj
  artifactKey: Guid(1e496fab4f7023b4ebc09afe05172300) Importer(815301076,1909f56bfc062723c751e8b465ee728b)
Start importing Assets/Scenes/Scripts/ShootingMinigame/Objects/Barrier/Fence 2.0.obj using Guid(1e496fab4f7023b4ebc09afe05172300) Importer(815301076,1909f56bfc062723c751e8b465ee728b)  -> (artifact id: 'ecc08396ce2cb306aa04d55f25a07c0c') in 0.039311 seconds 
========================================================================
Received Import Request.
  Time since last request: 0.000030 seconds.
  path: Assets/Models/Pool/Un_Pool_Down_2.fbx
  artifactKey: Guid(faffab5e21da65643aa21cea24471424) Importer(815301076,1909f56bfc062723c751e8b465ee728b)
Start importing Assets/Models/Pool/Un_Pool_Down_2.fbx using Guid(faffab5e21da65643aa21cea24471424) Importer(815301076,1909f56bfc062723c751e8b465ee728b)  -> (artifact id: '489dbf5e1dd849d2595ace30e68e0e8f') in 0.179345 seconds 
========================================================================
Received Import Request.
  Time since last request: 0.000039 seconds.
  path: Assets/Scenes/Scripts/ShootingMinigame/Objects/Map/Material.002.mat
  artifactKey: Guid(4d6fdc6dcc127b64eb64d4c8430464b5) Importer(815301076,1909f56bfc062723c751e8b465ee728b)
Start importing Assets/Scenes/Scripts/ShootingMinigame/Objects/Map/Material.002.mat using Guid(4d6fdc6dcc127b64eb64d4c8430464b5) Importer(815301076,1909f56bfc062723c751e8b465ee728b)  -> (artifact id: 'ea7e5817dd7589279e16c5a14613c98a') in 0.645885 seconds 
========================================================================
Received Prepare
Registering precompiled user dll's ...
Registered in 0.015386 seconds.
Begin MonoManager ReloadAssembly
Symbol file LoadedFromMemory doesn't match image D:\Usuaris\super\Documents\GitHub\Unf0und_VR\Unf0und_VR\Library\PackageCache\com.unity.visualscripting@1.7.8\Editor\VisualScripting.Core\Dependencies\DotNetZip\Unity.VisualScripting.IonicZip.dll
Symbol file LoadedFromMemory doesn't match image D:\Usuaris\super\Documents\GitHub\Unf0und_VR\Unf0und_VR\Library\PackageCache\com.unity.visualscripting@1.7.8\Editor\VisualScripting.Core\Dependencies\YamlDotNet\Unity.VisualScripting.YamlDotNet.dll
Native extension for WindowsStandalone target not found
Native extension for Android target not found
Refreshing native plugins compatible for Editor in 1.82 ms, found 13 plugins.
Preloading 1 native plugins for Editor in 0.09 ms.
System.Reflection.TargetInvocationException: Exception has been thrown by the target of an invocation. ---> System.NullReferenceException: Object reference not set to an instance of an object
  at Unity.XR.Oculus.OculusLoader.AssetPathToAbsolutePath (System.String assetPath) [0x00041] in D:\Usuaris\super\Documents\GitHub\Unf0und_VR\Unf0und_VR\Library\PackageCache\com.unity.xr.oculus@3.0.2\Runtime\OculusLoader.cs:271 
  at Unity.XR.Oculus.OculusLoader.EditorLoadOVRPlugin () [0x000b0] in D:\Usuaris\super\Documents\GitHub\Unf0und_VR\Unf0und_VR\Library\PackageCache\com.unity.xr.oculus@3.0.2\Runtime\OculusLoader.cs:256 
  at (wrapper managed-to-native) System.Reflection.RuntimeMethodInfo.InternalInvoke(System.Reflection.RuntimeMethodInfo,object,object[],System.Exception&)
  at System.Reflection.RuntimeMethodInfo.Invoke (System.Object obj, System.Reflection.BindingFlags invokeAttr, System.Reflection.Binder binder, System.Object[] parameters, System.Globalization.CultureInfo culture) [0x0006a] in <9aad1b3a47484d63ba2b3985692d80e9>:0 
   --- End of inner exception stack trace ---
  at System.Reflection.RuntimeMethodInfo.Invoke (System.Object obj, System.Reflection.BindingFlags invokeAttr, System.Reflection.Binder binder, System.Object[] parameters, System.Globalization.CultureInfo culture) [0x00083] in <9aad1b3a47484d63ba2b3985692d80e9>:0 
  at System.Reflection.MethodBase.Invoke (System.Object obj, System.Object[] parameters) [0x00000] in <9aad1b3a47484d63ba2b3985692d80e9>:0 
  at UnityEditor.EditorAssemblies.ProcessInitializeOnLoadMethodAttributes () [0x000a5] in <0d6ce211ebbc47e1a35a84c3672ff58f>:0 
UnityEngine.StackTraceUtility:ExtractStackTrace ()
UnityEngine.DebugLogHandler:LogFormat (UnityEngine.LogType,UnityEngine.Object,string,object[])
UnityEngine.Logger:Log (UnityEngine.LogType,object)
UnityEngine.Debug:LogError (object)
UnityEditor.EditorAssemblies:ProcessInitializeOnLoadMethodAttributes ()

Mono: successfully reloaded assembly
- Completed reload, in  2.698 seconds
Domain Reload Profiling:
	ReloadAssembly (2699ms)
		BeginReloadAssembly (237ms)
			ExecutionOrderSort (0ms)
			DisableScriptedObjects (10ms)
			BackupInstance (0ms)
			ReleaseScriptingObjects (0ms)
			CreateAndSetChildDomain (75ms)
		EndReloadAssembly (2309ms)
			LoadAssemblies (172ms)
			RebuildTransferFunctionScriptingTraits (0ms)
			SetupTypeCache (485ms)
			ReleaseScriptCaches (2ms)
			RebuildScriptCaches (113ms)
			SetupLoadedEditorAssemblies (1089ms)
				LogAssemblyErrors (0ms)
				InitializePlatformSupportModulesInManaged (36ms)
				SetLoadedEditorAssemblies (1ms)
				RefreshPlugins (2ms)
				BeforeProcessingInitializeOnLoad (189ms)
				ProcessInitializeOnLoadAttributes (661ms)
				ProcessInitializeOnLoadMethodAttributes (188ms)
				AfterProcessingInitializeOnLoad (12ms)
				EditorAssembliesLoaded (0ms)
			ExecutionOrderSort2 (0ms)
			AwakeInstancesAfterBackupRestoration (46ms)
Platform modules already initialized, skipping
Refreshing native plugins compatible for Editor in 6.50 ms, found 13 plugins.
Preloading 1 native plugins for Editor in 0.06 ms.
Unloading 6602 Unused Serialized files (Serialized files now loaded: 0)
Unloading 79 unused Assets / (2.9 MB). Loaded Objects now: 7352.
Memory consumption went from 282.2 MB to 279.3 MB.
Total: 7.651000 ms (FindLiveObjects: 0.887600 ms CreateObjectMapping: 0.297700 ms MarkObjects: 5.575100 ms  DeleteObjects: 0.889300 ms)

AssetImportParameters requested are different than current active one (requested -> active):
  custom:video-decoder-ogg-theora: a1e56fd34408186e4bbccfd4996cb3dc -> 
  custom:container-muxer-webm: aa71ff27fc2769a1b78a27578f13a17b -> 
  custom:container-demuxer-webm: 4f35f7cbe854078d1ac9338744f61a02 -> 
  custom:video-encoder-webm-vp8: eb34c28f22e8b96e1ab97ce403110664 -> 
  custom:audio-encoder-webm-vorbis: bf7c407c2cedff20999df2af8eb42d56 -> 
  custom:framework-win-MediaFoundation: 216162199b28c13a410421893ffa2e32 -> 
  custom:container-demuxer-ogg: 62fdf1f143b41e24485cea50d1cbac27 -> 
  custom:video-decoder-webm-vp8: 9c59270c3fd7afecdb556c50c9e8de78 -> 
  custom:audio-decoder-ogg-vorbis: bf7c407c2cedff20999df2af8eb42d56 -> 
Editor requested this worker to shutdown with reason: Scaling down because of idle timeout
AssetImportWorker is now disconnected from the server
Process exiting
Exiting without the bug reporter. Application will terminate with return code 0