Using pre-set license
Built from '2021.3/staging' branch; Version is '2021.3.9f1 (ad3870b89536) revision 11352176'; Using compiler version '192829333'; Build Type 'Release'
OS: 'Windows 10  (10.0.19045) 64bit ProfessionalWorkstation' Language: 'es' Physical Memory: 8140 MB
BatchMode: 1, IsHumanControllingUs: 0, StartBugReporterOnCrash: 0, Is64bit: 1, IsPro: 1

COMMAND LINE ARGUMENTS:
C:\Program Files\Unity\Hub\Editor\2021.3.9f1\Editor\Unity.exe
-adb2
-batchMode
-noUpm
-name
AssetImportWorker9
-projectPath
D:/Unf0und_VR/Unf0und_VR
-logFile
Logs/AssetImportWorker9.log
-srvPort
52970
Successfully changed project path to: D:/Unf0und_VR/Unf0und_VR
D:/Unf0und_VR/Unf0und_VR
[UnityMemory] Configuration Parameters - Can be set up in boot.config
    "memorysetup-bucket-allocator-granularity=16"
    "memorysetup-bucket-allocator-bucket-count=8"
    "memorysetup-bucket-allocator-block-size=33554432"
    "memorysetup-bucket-allocator-block-count=8"
    "memorysetup-main-allocator-block-size=16777216"
    "memorysetup-thread-allocator-block-size=16777216"
    "memorysetup-gfx-main-allocator-block-size=16777216"
    "memorysetup-gfx-thread-allocator-block-size=16777216"
    "memorysetup-cache-allocator-block-size=4194304"
    "memorysetup-typetree-allocator-block-size=2097152"
    "memorysetup-profiler-bucket-allocator-granularity=16"
    "memorysetup-profiler-bucket-allocator-bucket-count=8"
    "memorysetup-profiler-bucket-allocator-block-size=33554432"
    "memorysetup-profiler-bucket-allocator-block-count=8"
    "memorysetup-profiler-allocator-block-size=16777216"
    "memorysetup-profiler-editor-allocator-block-size=1048576"
    "memorysetup-temp-allocator-size-main=16777216"
    "memorysetup-job-temp-allocator-block-size=2097152"
    "memorysetup-job-temp-allocator-block-size-background=1048576"
    "memorysetup-job-temp-allocator-reduction-small-platforms=262144"
    "memorysetup-temp-allocator-size-background-worker=32768"
    "memorysetup-temp-allocator-size-job-worker=262144"
    "memorysetup-temp-allocator-size-preload-manager=33554432"
    "memorysetup-temp-allocator-size-nav-mesh-worker=65536"
    "memorysetup-temp-allocator-size-audio-worker=65536"
    "memorysetup-temp-allocator-size-cloud-worker=32768"
    "memorysetup-temp-allocator-size-gi-baking-worker=262144"
    "memorysetup-temp-allocator-size-gfx=262144"
Default GameObject BitMask: bossChair already registered
Refreshing native plugins compatible for Editor in 188.11 ms, found 13 plugins.
Preloading 1 native plugins for Editor in 1.04 ms.
Initialize engine version: 2021.3.9f1 (ad3870b89536)
[Subsystems] Discovering subsystems at path C:/Program Files/Unity/Hub/Editor/2021.3.9f1/Editor/Data/Resources/UnitySubsystems
[Subsystems] Discovering subsystems at path D:/Unf0und_VR/Unf0und_VR/Assets
GfxDevice: creating device client; threaded=0; jobified=0
Direct3D:
    Version:  Direct3D 11.0 [level 11.1]
    Renderer: NVIDIA GeForce GTX 1660 Ti (ID=0x2182)
    Vendor:   NVIDIA
    VRAM:     5979 MB
    Driver:   31.0.15.3141
Initialize mono
Mono path[0] = 'C:/Program Files/Unity/Hub/Editor/2021.3.9f1/Editor/Data/Managed'
Mono path[1] = 'C:/Program Files/Unity/Hub/Editor/2021.3.9f1/Editor/Data/MonoBleedingEdge/lib/mono/unityjit-win32'
Mono config path = 'C:/Program Files/Unity/Hub/Editor/2021.3.9f1/Editor/Data/MonoBleedingEdge/etc'
Using monoOptions --debugger-agent=transport=dt_socket,embedding=1,server=y,suspend=n,address=127.0.0.1:56308
Begin MonoManager ReloadAssembly
Registering precompiled unity dll's ...
Register platform support module: C:/Program Files/Unity/Hub/Editor/2021.3.9f1/Editor/Data/PlaybackEngines/AndroidPlayer/UnityEditor.Android.Extensions.dll
Register platform support module: C:/Program Files/Unity/Hub/Editor/2021.3.9f1/Editor/Data/PlaybackEngines/WindowsStandaloneSupport/UnityEditor.WindowsStandalone.Extensions.dll
Registered in 0.011543 seconds.
Native extension for WindowsStandalone target not found
Native extension for Android target not found
Refreshing native plugins compatible for Editor in 171.10 ms, found 13 plugins.
Preloading 1 native plugins for Editor in 0.17 ms.
Mono: successfully reloaded assembly
- Completed reload, in  0.877 seconds
Domain Reload Profiling:
	ReloadAssembly (878ms)
		BeginReloadAssembly (100ms)
			ExecutionOrderSort (0ms)
			DisableScriptedObjects (0ms)
			BackupInstance (0ms)
			ReleaseScriptingObjects (0ms)
			CreateAndSetChildDomain (1ms)
		EndReloadAssembly (631ms)
			LoadAssemblies (98ms)
			RebuildTransferFunctionScriptingTraits (0ms)
			SetupTypeCache (124ms)
			ReleaseScriptCaches (0ms)
			RebuildScriptCaches (31ms)
			SetupLoadedEditorAssemblies (412ms)
				LogAssemblyErrors (0ms)
				InitializePlatformSupportModulesInManaged (70ms)
				SetLoadedEditorAssemblies (0ms)
				RefreshPlugins (171ms)
				BeforeProcessingInitializeOnLoad (2ms)
				ProcessInitializeOnLoadAttributes (116ms)
				ProcessInitializeOnLoadMethodAttributes (53ms)
				AfterProcessingInitializeOnLoad (0ms)
				EditorAssembliesLoaded (0ms)
			ExecutionOrderSort2 (0ms)
			AwakeInstancesAfterBackupRestoration (0ms)
Platform modules already initialized, skipping
Registering precompiled user dll's ...
Registered in 0.017400 seconds.
Android Extension - Scanning For ADB Devices 4787 ms
Begin MonoManager ReloadAssembly
Symbol file LoadedFromMemory doesn't match image D:\Unf0und_VR\Unf0und_VR\Library\PackageCache\com.unity.visualscripting@1.7.8\Editor\VisualScripting.Core\Dependencies\DotNetZip\Unity.VisualScripting.IonicZip.dll
Symbol file LoadedFromMemory doesn't match image D:\Unf0und_VR\Unf0und_VR\Library\PackageCache\com.unity.visualscripting@1.7.8\Editor\VisualScripting.Core\Dependencies\YamlDotNet\Unity.VisualScripting.YamlDotNet.dll
Native extension for WindowsStandalone target not found
Native extension for Android target not found
Refreshing native plugins compatible for Editor in 190.37 ms, found 13 plugins.
Preloading 1 native plugins for Editor in 0.07 ms.
Package Manager log level set to [2]
System.Reflection.TargetInvocationException: Exception has been thrown by the target of an invocation. ---> System.NullReferenceException: Object reference not set to an instance of an object
  at Unity.XR.Oculus.OculusLoader.AssetPathToAbsolutePath (System.String assetPath) [0x0003d] in D:\Unf0und_VR\Unf0und_VR\Library\PackageCache\com.unity.xr.oculus@3.0.2\Runtime\OculusLoader.cs:271 
  at Unity.XR.Oculus.OculusLoader.EditorLoadOVRPlugin () [0x0007b] in D:\Unf0und_VR\Unf0und_VR\Library\PackageCache\com.unity.xr.oculus@3.0.2\Runtime\OculusLoader.cs:256 
  at (wrapper managed-to-native) System.Reflection.RuntimeMethodInfo.InternalInvoke(System.Reflection.RuntimeMethodInfo,object,object[],System.Exception&)
  at System.Reflection.RuntimeMethodInfo.Invoke (System.Object obj, System.Reflection.BindingFlags invokeAttr, System.Reflection.Binder binder, System.Object[] parameters, System.Globalization.CultureInfo culture) [0x0006a] in <9aad1b3a47484d63ba2b3985692d80e9>:0 
   --- End of inner exception stack trace ---
  at System.Reflection.RuntimeMethodInfo.Invoke (System.Object obj, System.Reflection.BindingFlags invokeAttr, System.Reflection.Binder binder, System.Object[] parameters, System.Globalization.CultureInfo culture) [0x00083] in <9aad1b3a47484d63ba2b3985692d80e9>:0 
  at System.Reflection.MethodBase.Invoke (System.Object obj, System.Object[] parameters) [0x00000] in <9aad1b3a47484d63ba2b3985692d80e9>:0 
  at UnityEditor.EditorAssemblies.ProcessInitializeOnLoadMethodAttributes () [0x000a5] in <0d6ce211ebbc47e1a35a84c3672ff58f>:0 
UnityEngine.StackTraceUtility:ExtractStackTrace ()
UnityEngine.DebugLogHandler:LogFormat (UnityEngine.LogType,UnityEngine.Object,string,object[])
UnityEngine.Logger:Log (UnityEngine.LogType,object)
UnityEngine.Debug:LogError (object)
UnityEditor.EditorAssemblies:ProcessInitializeOnLoadMethodAttributes ()

Mono: successfully reloaded assembly
- Completed reload, in  6.040 seconds
Domain Reload Profiling:
	ReloadAssembly (6041ms)
		BeginReloadAssembly (158ms)
			ExecutionOrderSort (0ms)
			DisableScriptedObjects (7ms)
			BackupInstance (0ms)
			ReleaseScriptingObjects (0ms)
			CreateAndSetChildDomain (28ms)
		EndReloadAssembly (5649ms)
			LoadAssemblies (1701ms)
			RebuildTransferFunctionScriptingTraits (0ms)
			SetupTypeCache (460ms)
			ReleaseScriptCaches (2ms)
			RebuildScriptCaches (119ms)
			SetupLoadedEditorAssemblies (3147ms)
				LogAssemblyErrors (0ms)
				InitializePlatformSupportModulesInManaged (17ms)
				SetLoadedEditorAssemblies (0ms)
				RefreshPlugins (191ms)
				BeforeProcessingInitializeOnLoad (198ms)
				ProcessInitializeOnLoadAttributes (2573ms)
				ProcessInitializeOnLoadMethodAttributes (154ms)
				AfterProcessingInitializeOnLoad (13ms)
				EditorAssembliesLoaded (0ms)
			ExecutionOrderSort2 (0ms)
			AwakeInstancesAfterBackupRestoration (6ms)
Platform modules already initialized, skipping
========================================================================
Worker process is ready to serve import requests
Default GameObject BitMask: bossChair already registered
Launched and connected shader compiler UnityShaderCompiler.exe after 0.06 seconds
Refreshing native plugins compatible for Editor in 2.88 ms, found 13 plugins.
Preloading 1 native plugins for Editor in 0.10 ms.
Unloading 6784 Unused Serialized files (Serialized files now loaded: 0)
Unloading 100 unused Assets / (1.4 MB). Loaded Objects now: 7222.
Memory consumption went from 278.2 MB to 276.8 MB.
Total: 11.560500 ms (FindLiveObjects: 1.144300 ms CreateObjectMapping: 0.437100 ms MarkObjects: 9.124000 ms  DeleteObjects: 0.853200 ms)

AssetImportParameters requested are different than current active one (requested -> active):
  custom:video-decoder-ogg-theora: a1e56fd34408186e4bbccfd4996cb3dc -> 
  custom:container-muxer-webm: aa71ff27fc2769a1b78a27578f13a17b -> 
  custom:container-demuxer-webm: 4f35f7cbe854078d1ac9338744f61a02 -> 
  custom:video-encoder-webm-vp8: eb34c28f22e8b96e1ab97ce403110664 -> 
  custom:audio-encoder-webm-vorbis: bf7c407c2cedff20999df2af8eb42d56 -> 
  custom:framework-win-MediaFoundation: 216162199b28c13a410421893ffa2e32 -> 
  custom:container-demuxer-ogg: 62fdf1f143b41e24485cea50d1cbac27 -> 
  custom:video-decoder-webm-vp8: 9c59270c3fd7afecdb556c50c9e8de78 -> 
  custom:audio-decoder-ogg-vorbis: bf7c407c2cedff20999df2af8eb42d56 -> 
========================================================================
Received Import Request.
  Time since last request: 314270.580814 seconds.
  path: Assets/Scenes/GameCopia(Aaron).unity
  artifactKey: Guid(c6469aa3ec4832840ac1ef7ba2982b71) Importer(815301076,1909f56bfc062723c751e8b465ee728b)
Start importing Assets/Scenes/GameCopia(Aaron).unity using Guid(c6469aa3ec4832840ac1ef7ba2982b71) Importer(815301076,1909f56bfc062723c751e8b465ee728b)  -> (artifact id: 'ab4d03929a72fe56a4ce31906c43e1fe') in 0.027576 seconds 
========================================================================
Received Import Request.
  Time since last request: 0.000037 seconds.
  path: Assets/New Terrain 1.asset
  artifactKey: Guid(df94608148e960844a9383fe55ab8d4c) Importer(815301076,1909f56bfc062723c751e8b465ee728b)
Start importing Assets/New Terrain 1.asset using Guid(df94608148e960844a9383fe55ab8d4c) Importer(815301076,1909f56bfc062723c751e8b465ee728b) Tree prefab at index 0 is missing.
Tree prefab at index 1 is missing.
 -> (artifact id: '1624d862c5861a59590921b16e0e7955') in 0.207771 seconds 
========================================================================
Received Import Request.
  Time since last request: 0.000025 seconds.
  path: Assets/Scenes/Game.unity
  artifactKey: Guid(9fc0d4010bbf28b4594072e72b8655ab) Importer(815301076,1909f56bfc062723c751e8b465ee728b)
Start importing Assets/Scenes/Game.unity using Guid(9fc0d4010bbf28b4594072e72b8655ab) Importer(815301076,1909f56bfc062723c751e8b465ee728b)  -> (artifact id: '4712d96d3cf01bd804e552981b11060e') in 0.010089 seconds 
========================================================================
Received Import Request.
  Time since last request: 21.082265 seconds.
  path: Assets/Materials/recreativas/texturas mesilla bolera/mesilla bolera.mat
  artifactKey: Guid(a2a59e4fe13b4354aa0947a8f6f86cb0) Importer(815301076,1909f56bfc062723c751e8b465ee728b)
Start importing Assets/Materials/recreativas/texturas mesilla bolera/mesilla bolera.mat using Guid(a2a59e4fe13b4354aa0947a8f6f86cb0) Importer(815301076,1909f56bfc062723c751e8b465ee728b)  -> (artifact id: 'db5ee44288ac9c038e0823ff2c14b55c') in 0.704859 seconds 
========================================================================
Received Import Request.
  Time since last request: 0.000034 seconds.
  path: Assets/Materials/recreativas/texturas mesilla bolera/UN_saladejuegos_mesilla bolera_UV_SpecularSmoothness.tga
  artifactKey: Guid(7ef07f7e47ac2294b8f7a9cb51018282) Importer(815301076,1909f56bfc062723c751e8b465ee728b)
Start importing Assets/Materials/recreativas/texturas mesilla bolera/UN_saladejuegos_mesilla bolera_UV_SpecularSmoothness.tga using Guid(7ef07f7e47ac2294b8f7a9cb51018282) Importer(815301076,1909f56bfc062723c751e8b465ee728b)  -> (artifact id: '5bde3a171b76f00985c91736fe5c5253') in 0.097504 seconds 
========================================================================
Received Import Request.
  Time since last request: 0.000055 seconds.
  path: Assets/Materials/recreativas/texturas mesilla bolera/UN_saladejuegos_mesilla bolera_UV_Normal.tga
  artifactKey: Guid(03f7fd7f473330c42a037a0e5e69fe4e) Importer(815301076,1909f56bfc062723c751e8b465ee728b)
Start importing Assets/Materials/recreativas/texturas mesilla bolera/UN_saladejuegos_mesilla bolera_UV_Normal.tga using Guid(03f7fd7f473330c42a037a0e5e69fe4e) Importer(815301076,1909f56bfc062723c751e8b465ee728b)  -> (artifact id: '42dcd832eeb478c97ef938f8ec6eeb5d') in 0.037507 seconds 
========================================================================
Received Import Request.
  Time since last request: 0.000039 seconds.
  path: Assets/Materials/recreativas/texturas mesa alta con sillas/UN_saladejuegos_mesaconsilla_Material_Normal.tga
  artifactKey: Guid(1050ca4821ab37840b66e3001eb0385d) Importer(815301076,1909f56bfc062723c751e8b465ee728b)
Start importing Assets/Materials/recreativas/texturas mesa alta con sillas/UN_saladejuegos_mesaconsilla_Material_Normal.tga using Guid(1050ca4821ab37840b66e3001eb0385d) Importer(815301076,1909f56bfc062723c751e8b465ee728b)  -> (artifact id: '0fc568525ff1e77c6106b15fc8183f9f') in 0.048502 seconds 
========================================================================
Received Import Request.
  Time since last request: 0.000064 seconds.
  path: Assets/Materials/recreativas/texturas mesa alta con sillas/UN_saladejuegos_mesaconsilla_Material_SpecularSmoothness.tga
  artifactKey: Guid(e962d010ac3447d4facb348bf2b0477a) Importer(815301076,1909f56bfc062723c751e8b465ee728b)
Start importing Assets/Materials/recreativas/texturas mesa alta con sillas/UN_saladejuegos_mesaconsilla_Material_SpecularSmoothness.tga using Guid(e962d010ac3447d4facb348bf2b0477a) Importer(815301076,1909f56bfc062723c751e8b465ee728b)  -> (artifact id: '3eea4cc225f4b1854d4e113df45de16e') in 0.036944 seconds 
========================================================================
Received Import Request.
  Time since last request: 0.000048 seconds.
  path: Assets/Materials/recreativas/texturas mesilla bolera/UN_saladejuegos_mesilla bolera_UV_AlbedoTransparency.tga
  artifactKey: Guid(59d3549fd689006459f90f22d2f25107) Importer(815301076,1909f56bfc062723c751e8b465ee728b)
Start importing Assets/Materials/recreativas/texturas mesilla bolera/UN_saladejuegos_mesilla bolera_UV_AlbedoTransparency.tga using Guid(59d3549fd689006459f90f22d2f25107) Importer(815301076,1909f56bfc062723c751e8b465ee728b)  -> (artifact id: '42ede93320c773a2556ad559f2870c30') in 0.030454 seconds 
========================================================================
Received Import Request.
  Time since last request: 0.000049 seconds.
  path: Assets/Models/Recreativos/UN_saladejuegos_mesilla bolera.fbx
  artifactKey: Guid(c75eacdc387fdbb4594712ecd44b22b7) Importer(815301076,1909f56bfc062723c751e8b465ee728b)
Start importing Assets/Models/Recreativos/UN_saladejuegos_mesilla bolera.fbx using Guid(c75eacdc387fdbb4594712ecd44b22b7) Importer(815301076,1909f56bfc062723c751e8b465ee728b)  -> (artifact id: '5b903037b003449afa07adcf8f787564') in 0.106701 seconds 
========================================================================
Received Import Request.
  Time since last request: 16.963323 seconds.
  path: Assets/Models/UN_saladejuegos_bombilla.fbx
  artifactKey: Guid(e6cd60fb776c43d478efcaaffeb8c533) Importer(815301076,1909f56bfc062723c751e8b465ee728b)
Start importing Assets/Models/UN_saladejuegos_bombilla.fbx using Guid(e6cd60fb776c43d478efcaaffeb8c533) Importer(815301076,1909f56bfc062723c751e8b465ee728b)  -> (artifact id: 'a7d41c022f171cbb31c5545b16f62309') in 0.083169 seconds 
========================================================================
Received Import Request.
  Time since last request: 1.992901 seconds.
  path: Assets/Models/Cine/Un_Cartel.fbx
  artifactKey: Guid(49aa6c6208496bd4db800e8b0959d394) Importer(815301076,1909f56bfc062723c751e8b465ee728b)
Start importing Assets/Models/Cine/Un_Cartel.fbx using Guid(49aa6c6208496bd4db800e8b0959d394) Importer(815301076,1909f56bfc062723c751e8b465ee728b)  -> (artifact id: '1891e814678f4c892dfb3e8c7cd1bc7c') in 0.247864 seconds 
========================================================================
Received Import Request.
  Time since last request: 0.000042 seconds.
  path: Assets/Models/Cine/UN_Cinema_ButacasFila.fbx
  artifactKey: Guid(95dbcf6ed6b054f4fb7dc1109b44a780) Importer(815301076,1909f56bfc062723c751e8b465ee728b)
Start importing Assets/Models/Cine/UN_Cinema_ButacasFila.fbx using Guid(95dbcf6ed6b054f4fb7dc1109b44a780) Importer(815301076,1909f56bfc062723c751e8b465ee728b)  -> (artifact id: '4059dd8c9e67a85a92adcf73c1f9479b') in 0.139067 seconds 
========================================================================
Received Import Request.
  Time since last request: 0.000035 seconds.
  path: Assets/Models/Cine/UN_Cine.fbx
  artifactKey: Guid(e5972588d61b45947b816a36c768923b) Importer(815301076,1909f56bfc062723c751e8b465ee728b)
Start importing Assets/Models/Cine/UN_Cine.fbx using Guid(e5972588d61b45947b816a36c768923b) Importer(815301076,1909f56bfc062723c751e8b465ee728b)  -> (artifact id: '40994f86a58cead8839334d26589cc05') in 2.888856 seconds 
========================================================================
Received Prepare
Default GameObject BitMask: bossChair already registered
Registering precompiled user dll's ...
Registered in 0.016593 seconds.
Begin MonoManager ReloadAssembly
Symbol file LoadedFromMemory doesn't match image D:\Unf0und_VR\Unf0und_VR\Library\PackageCache\com.unity.visualscripting@1.7.8\Editor\VisualScripting.Core\Dependencies\DotNetZip\Unity.VisualScripting.IonicZip.dll
Symbol file LoadedFromMemory doesn't match image D:\Unf0und_VR\Unf0und_VR\Library\PackageCache\com.unity.visualscripting@1.7.8\Editor\VisualScripting.Core\Dependencies\YamlDotNet\Unity.VisualScripting.YamlDotNet.dll
Native extension for WindowsStandalone target not found
Native extension for Android target not found
Refreshing native plugins compatible for Editor in 2.43 ms, found 13 plugins.
Preloading 1 native plugins for Editor in 0.10 ms.
System.Reflection.TargetInvocationException: Exception has been thrown by the target of an invocation. ---> System.NullReferenceException: Object reference not set to an instance of an object
  at Unity.XR.Oculus.OculusLoader.AssetPathToAbsolutePath (System.String assetPath) [0x0003d] in D:\Unf0und_VR\Unf0und_VR\Library\PackageCache\com.unity.xr.oculus@3.0.2\Runtime\OculusLoader.cs:271 
  at Unity.XR.Oculus.OculusLoader.EditorLoadOVRPlugin () [0x0007b] in D:\Unf0und_VR\Unf0und_VR\Library\PackageCache\com.unity.xr.oculus@3.0.2\Runtime\OculusLoader.cs:256 
  at (wrapper managed-to-native) System.Reflection.RuntimeMethodInfo.InternalInvoke(System.Reflection.RuntimeMethodInfo,object,object[],System.Exception&)
  at System.Reflection.RuntimeMethodInfo.Invoke (System.Object obj, System.Reflection.BindingFlags invokeAttr, System.Reflection.Binder binder, System.Object[] parameters, System.Globalization.CultureInfo culture) [0x0006a] in <9aad1b3a47484d63ba2b3985692d80e9>:0 
   --- End of inner exception stack trace ---
  at System.Reflection.RuntimeMethodInfo.Invoke (System.Object obj, System.Reflection.BindingFlags invokeAttr, System.Reflection.Binder binder, System.Object[] parameters, System.Globalization.CultureInfo culture) [0x00083] in <9aad1b3a47484d63ba2b3985692d80e9>:0 
  at System.Reflection.MethodBase.Invoke (System.Object obj, System.Object[] parameters) [0x00000] in <9aad1b3a47484d63ba2b3985692d80e9>:0 
  at UnityEditor.EditorAssemblies.ProcessInitializeOnLoadMethodAttributes () [0x000a5] in <0d6ce211ebbc47e1a35a84c3672ff58f>:0 
UnityEngine.StackTraceUtility:ExtractStackTrace ()
UnityEngine.DebugLogHandler:LogFormat (UnityEngine.LogType,UnityEngine.Object,string,object[])
UnityEngine.Logger:Log (UnityEngine.LogType,object)
UnityEngine.Debug:LogError (object)
UnityEditor.EditorAssemblies:ProcessInitializeOnLoadMethodAttributes ()

Mono: successfully reloaded assembly
- Completed reload, in  4.632 seconds
Domain Reload Profiling:
	ReloadAssembly (4633ms)
		BeginReloadAssembly (438ms)
			ExecutionOrderSort (0ms)
			DisableScriptedObjects (12ms)
			BackupInstance (0ms)
			ReleaseScriptingObjects (0ms)
			CreateAndSetChildDomain (119ms)
		EndReloadAssembly (3937ms)
			LoadAssemblies (1937ms)
			RebuildTransferFunctionScriptingTraits (0ms)
			SetupTypeCache (554ms)
			ReleaseScriptCaches (2ms)
			RebuildScriptCaches (79ms)
			SetupLoadedEditorAssemblies (992ms)
				LogAssemblyErrors (0ms)
				InitializePlatformSupportModulesInManaged (35ms)
				SetLoadedEditorAssemblies (1ms)
				RefreshPlugins (3ms)
				BeforeProcessingInitializeOnLoad (140ms)
				ProcessInitializeOnLoadAttributes (633ms)
				ProcessInitializeOnLoadMethodAttributes (164ms)
				AfterProcessingInitializeOnLoad (16ms)
				EditorAssembliesLoaded (0ms)
			ExecutionOrderSort2 (0ms)
			AwakeInstancesAfterBackupRestoration (31ms)
Platform modules already initialized, skipping
Refreshing native plugins compatible for Editor in 112.98 ms, found 13 plugins.
Preloading 1 native plugins for Editor in 0.08 ms.
Unloading 6603 Unused Serialized files (Serialized files now loaded: 0)
Unloading 78 unused Assets / (1.4 MB). Loaded Objects now: 7337.
Memory consumption went from 275.4 MB to 274.0 MB.
Total: 13.343000 ms (FindLiveObjects: 0.953300 ms CreateObjectMapping: 0.310900 ms MarkObjects: 10.744900 ms  DeleteObjects: 1.332100 ms)

AssetImportParameters requested are different than current active one (requested -> active):
  custom:video-decoder-ogg-theora: a1e56fd34408186e4bbccfd4996cb3dc -> 
  custom:container-muxer-webm: aa71ff27fc2769a1b78a27578f13a17b -> 
  custom:container-demuxer-webm: 4f35f7cbe854078d1ac9338744f61a02 -> 
  custom:video-encoder-webm-vp8: eb34c28f22e8b96e1ab97ce403110664 -> 
  custom:audio-encoder-webm-vorbis: bf7c407c2cedff20999df2af8eb42d56 -> 
  custom:framework-win-MediaFoundation: 216162199b28c13a410421893ffa2e32 -> 
  custom:container-demuxer-ogg: 62fdf1f143b41e24485cea50d1cbac27 -> 
  custom:video-decoder-webm-vp8: 9c59270c3fd7afecdb556c50c9e8de78 -> 
  custom:audio-decoder-ogg-vorbis: bf7c407c2cedff20999df2af8eb42d56 -> 
========================================================================
Received Prepare
Default GameObject BitMask: bossChair already registered
Registering precompiled user dll's ...
Registered in 0.015942 seconds.
Begin MonoManager ReloadAssembly
Symbol file LoadedFromMemory doesn't match image D:\Unf0und_VR\Unf0und_VR\Library\PackageCache\com.unity.visualscripting@1.7.8\Editor\VisualScripting.Core\Dependencies\DotNetZip\Unity.VisualScripting.IonicZip.dll
Symbol file LoadedFromMemory doesn't match image D:\Unf0und_VR\Unf0und_VR\Library\PackageCache\com.unity.visualscripting@1.7.8\Editor\VisualScripting.Core\Dependencies\YamlDotNet\Unity.VisualScripting.YamlDotNet.dll
Native extension for WindowsStandalone target not found
Native extension for Android target not found
Refreshing native plugins compatible for Editor in 5.09 ms, found 13 plugins.
Preloading 1 native plugins for Editor in 0.23 ms.
System.Reflection.TargetInvocationException: Exception has been thrown by the target of an invocation. ---> System.NullReferenceException: Object reference not set to an instance of an object
  at Unity.XR.Oculus.OculusLoader.AssetPathToAbsolutePath (System.String assetPath) [0x0003d] in D:\Unf0und_VR\Unf0und_VR\Library\PackageCache\com.unity.xr.oculus@3.0.2\Runtime\OculusLoader.cs:271 
  at Unity.XR.Oculus.OculusLoader.EditorLoadOVRPlugin () [0x0007b] in D:\Unf0und_VR\Unf0und_VR\Library\PackageCache\com.unity.xr.oculus@3.0.2\Runtime\OculusLoader.cs:256 
  at (wrapper managed-to-native) System.Reflection.RuntimeMethodInfo.InternalInvoke(System.Reflection.RuntimeMethodInfo,object,object[],System.Exception&)
  at System.Reflection.RuntimeMethodInfo.Invoke (System.Object obj, System.Reflection.BindingFlags invokeAttr, System.Reflection.Binder binder, System.Object[] parameters, System.Globalization.CultureInfo culture) [0x0006a] in <9aad1b3a47484d63ba2b3985692d80e9>:0 
   --- End of inner exception stack trace ---
  at System.Reflection.RuntimeMethodInfo.Invoke (System.Object obj, System.Reflection.BindingFlags invokeAttr, System.Reflection.Binder binder, System.Object[] parameters, System.Globalization.CultureInfo culture) [0x00083] in <9aad1b3a47484d63ba2b3985692d80e9>:0 
  at System.Reflection.MethodBase.Invoke (System.Object obj, System.Object[] parameters) [0x00000] in <9aad1b3a47484d63ba2b3985692d80e9>:0 
  at UnityEditor.EditorAssemblies.ProcessInitializeOnLoadMethodAttributes () [0x000a5] in <0d6ce211ebbc47e1a35a84c3672ff58f>:0 
UnityEngine.StackTraceUtility:ExtractStackTrace ()
UnityEngine.DebugLogHandler:LogFormat (UnityEngine.LogType,UnityEngine.Object,string,object[])
UnityEngine.Logger:Log (UnityEngine.LogType,object)
UnityEngine.Debug:LogError (object)
UnityEditor.EditorAssemblies:ProcessInitializeOnLoadMethodAttributes ()

Mono: successfully reloaded assembly
- Completed reload, in  5.120 seconds
Domain Reload Profiling:
	ReloadAssembly (5122ms)
		BeginReloadAssembly (334ms)
			ExecutionOrderSort (0ms)
			DisableScriptedObjects (9ms)
			BackupInstance (0ms)
			ReleaseScriptingObjects (0ms)
			CreateAndSetChildDomain (96ms)
		EndReloadAssembly (4632ms)
			LoadAssemblies (217ms)
			RebuildTransferFunctionScriptingTraits (0ms)
			SetupTypeCache (826ms)
			ReleaseScriptCaches (10ms)
			RebuildScriptCaches (102ms)
			SetupLoadedEditorAssemblies (1516ms)
				LogAssemblyErrors (0ms)
				InitializePlatformSupportModulesInManaged (53ms)
				SetLoadedEditorAssemblies (2ms)
				RefreshPlugins (5ms)
				BeforeProcessingInitializeOnLoad (170ms)
				ProcessInitializeOnLoadAttributes (776ms)
				ProcessInitializeOnLoadMethodAttributes (176ms)
				AfterProcessingInitializeOnLoad (334ms)
				EditorAssembliesLoaded (0ms)
			ExecutionOrderSort2 (0ms)
			AwakeInstancesAfterBackupRestoration (22ms)
Platform modules already initialized, skipping
Refreshing native plugins compatible for Editor in 17.41 ms, found 13 plugins.
Preloading 1 native plugins for Editor in 0.12 ms.
Unloading 6604 Unused Serialized files (Serialized files now loaded: 0)
Unloading 78 unused Assets / (1.4 MB). Loaded Objects now: 7354.
Memory consumption went from 275.5 MB to 274.1 MB.
Total: 29.203300 ms (FindLiveObjects: 1.761500 ms CreateObjectMapping: 2.091900 ms MarkObjects: 23.090900 ms  DeleteObjects: 2.254100 ms)

AssetImportParameters requested are different than current active one (requested -> active):
  custom:video-decoder-ogg-theora: a1e56fd34408186e4bbccfd4996cb3dc -> 
  custom:container-muxer-webm: aa71ff27fc2769a1b78a27578f13a17b -> 
  custom:container-demuxer-webm: 4f35f7cbe854078d1ac9338744f61a02 -> 
  custom:video-encoder-webm-vp8: eb34c28f22e8b96e1ab97ce403110664 -> 
  custom:audio-encoder-webm-vorbis: bf7c407c2cedff20999df2af8eb42d56 -> 
  custom:framework-win-MediaFoundation: 216162199b28c13a410421893ffa2e32 -> 
  custom:container-demuxer-ogg: 62fdf1f143b41e24485cea50d1cbac27 -> 
  custom:video-decoder-webm-vp8: 9c59270c3fd7afecdb556c50c9e8de78 -> 
  custom:audio-decoder-ogg-vorbis: bf7c407c2cedff20999df2af8eb42d56 -> 
========================================================================
Received Prepare
Default GameObject BitMask: bossChair already registered
Registering precompiled user dll's ...
Registered in 0.017718 seconds.
Begin MonoManager ReloadAssembly
Symbol file LoadedFromMemory doesn't match image D:\Unf0und_VR\Unf0und_VR\Library\PackageCache\com.unity.visualscripting@1.7.8\Editor\VisualScripting.Core\Dependencies\DotNetZip\Unity.VisualScripting.IonicZip.dll
Symbol file LoadedFromMemory doesn't match image D:\Unf0und_VR\Unf0und_VR\Library\PackageCache\com.unity.visualscripting@1.7.8\Editor\VisualScripting.Core\Dependencies\YamlDotNet\Unity.VisualScripting.YamlDotNet.dll
Native extension for WindowsStandalone target not found
Native extension for Android target not found
Refreshing native plugins compatible for Editor in 3.16 ms, found 13 plugins.
Preloading 1 native plugins for Editor in 0.11 ms.
System.Reflection.TargetInvocationException: Exception has been thrown by the target of an invocation. ---> System.NullReferenceException: Object reference not set to an instance of an object
  at Unity.XR.Oculus.OculusLoader.AssetPathToAbsolutePath (System.String assetPath) [0x0003d] in D:\Unf0und_VR\Unf0und_VR\Library\PackageCache\com.unity.xr.oculus@3.0.2\Runtime\OculusLoader.cs:271 
  at Unity.XR.Oculus.OculusLoader.EditorLoadOVRPlugin () [0x0007b] in D:\Unf0und_VR\Unf0und_VR\Library\PackageCache\com.unity.xr.oculus@3.0.2\Runtime\OculusLoader.cs:256 
  at (wrapper managed-to-native) System.Reflection.RuntimeMethodInfo.InternalInvoke(System.Reflection.RuntimeMethodInfo,object,object[],System.Exception&)
  at System.Reflection.RuntimeMethodInfo.Invoke (System.Object obj, System.Reflection.BindingFlags invokeAttr, System.Reflection.Binder binder, System.Object[] parameters, System.Globalization.CultureInfo culture) [0x0006a] in <9aad1b3a47484d63ba2b3985692d80e9>:0 
   --- End of inner exception stack trace ---
  at System.Reflection.RuntimeMethodInfo.Invoke (System.Object obj, System.Reflection.BindingFlags invokeAttr, System.Reflection.Binder binder, System.Object[] parameters, System.Globalization.CultureInfo culture) [0x00083] in <9aad1b3a47484d63ba2b3985692d80e9>:0 
  at System.Reflection.MethodBase.Invoke (System.Object obj, System.Object[] parameters) [0x00000] in <9aad1b3a47484d63ba2b3985692d80e9>:0 
  at UnityEditor.EditorAssemblies.ProcessInitializeOnLoadMethodAttributes () [0x000a5] in <0d6ce211ebbc47e1a35a84c3672ff58f>:0 
UnityEngine.StackTraceUtility:ExtractStackTrace ()
UnityEngine.DebugLogHandler:LogFormat (UnityEngine.LogType,UnityEngine.Object,string,object[])
UnityEngine.Logger:Log (UnityEngine.LogType,object)
UnityEngine.Debug:LogError (object)
UnityEditor.EditorAssemblies:ProcessInitializeOnLoadMethodAttributes ()

Mono: successfully reloaded assembly
- Completed reload, in  6.333 seconds
Domain Reload Profiling:
	ReloadAssembly (6334ms)
		BeginReloadAssembly (1809ms)
			ExecutionOrderSort (0ms)
			DisableScriptedObjects (23ms)
			BackupInstance (0ms)
			ReleaseScriptingObjects (1ms)
			CreateAndSetChildDomain (267ms)
		EndReloadAssembly (4241ms)
			LoadAssemblies (1866ms)
			RebuildTransferFunctionScriptingTraits (0ms)
			SetupTypeCache (717ms)
			ReleaseScriptCaches (4ms)
			RebuildScriptCaches (88ms)
			SetupLoadedEditorAssemblies (1042ms)
				LogAssemblyErrors (0ms)
				InitializePlatformSupportModulesInManaged (33ms)
				SetLoadedEditorAssemblies (1ms)
				RefreshPlugins (3ms)
				BeforeProcessingInitializeOnLoad (156ms)
				ProcessInitializeOnLoadAttributes (668ms)
				ProcessInitializeOnLoadMethodAttributes (164ms)
				AfterProcessingInitializeOnLoad (16ms)
				EditorAssembliesLoaded (0ms)
			ExecutionOrderSort2 (0ms)
			AwakeInstancesAfterBackupRestoration (26ms)
Platform modules already initialized, skipping
Refreshing native plugins compatible for Editor in 130.27 ms, found 13 plugins.
Preloading 1 native plugins for Editor in 0.11 ms.
Unloading 6604 Unused Serialized files (Serialized files now loaded: 0)
Unloading 78 unused Assets / (1.4 MB). Loaded Objects now: 7371.
Memory consumption went from 275.5 MB to 274.1 MB.
Total: 13.925500 ms (FindLiveObjects: 1.995700 ms CreateObjectMapping: 1.122300 ms MarkObjects: 9.388300 ms  DeleteObjects: 1.416300 ms)

AssetImportParameters requested are different than current active one (requested -> active):
  custom:video-decoder-ogg-theora: a1e56fd34408186e4bbccfd4996cb3dc -> 
  custom:container-muxer-webm: aa71ff27fc2769a1b78a27578f13a17b -> 
  custom:container-demuxer-webm: 4f35f7cbe854078d1ac9338744f61a02 -> 
  custom:video-encoder-webm-vp8: eb34c28f22e8b96e1ab97ce403110664 -> 
  custom:audio-encoder-webm-vorbis: bf7c407c2cedff20999df2af8eb42d56 -> 
  custom:framework-win-MediaFoundation: 216162199b28c13a410421893ffa2e32 -> 
  custom:container-demuxer-ogg: 62fdf1f143b41e24485cea50d1cbac27 -> 
  custom:video-decoder-webm-vp8: 9c59270c3fd7afecdb556c50c9e8de78 -> 
  custom:audio-decoder-ogg-vorbis: bf7c407c2cedff20999df2af8eb42d56 -> 
========================================================================
Received Prepare
Default GameObject BitMask: bossChair already registered
Registering precompiled user dll's ...
Registered in 0.164479 seconds.
Begin MonoManager ReloadAssembly
Symbol file LoadedFromMemory doesn't match image D:\Unf0und_VR\Unf0und_VR\Library\PackageCache\com.unity.visualscripting@1.7.8\Editor\VisualScripting.Core\Dependencies\DotNetZip\Unity.VisualScripting.IonicZip.dll
Symbol file LoadedFromMemory doesn't match image D:\Unf0und_VR\Unf0und_VR\Library\PackageCache\com.unity.visualscripting@1.7.8\Editor\VisualScripting.Core\Dependencies\YamlDotNet\Unity.VisualScripting.YamlDotNet.dll
Native extension for WindowsStandalone target not found
Native extension for Android target not found
Refreshing native plugins compatible for Editor in 4.73 ms, found 13 plugins.
Preloading 1 native plugins for Editor in 0.15 ms.
System.Reflection.TargetInvocationException: Exception has been thrown by the target of an invocation. ---> System.NullReferenceException: Object reference not set to an instance of an object
  at Unity.XR.Oculus.OculusLoader.AssetPathToAbsolutePath (System.String assetPath) [0x0003d] in D:\Unf0und_VR\Unf0und_VR\Library\PackageCache\com.unity.xr.oculus@3.0.2\Runtime\OculusLoader.cs:271 
  at Unity.XR.Oculus.OculusLoader.EditorLoadOVRPlugin () [0x0007b] in D:\Unf0und_VR\Unf0und_VR\Library\PackageCache\com.unity.xr.oculus@3.0.2\Runtime\OculusLoader.cs:256 
  at (wrapper managed-to-native) System.Reflection.RuntimeMethodInfo.InternalInvoke(System.Reflection.RuntimeMethodInfo,object,object[],System.Exception&)
  at System.Reflection.RuntimeMethodInfo.Invoke (System.Object obj, System.Reflection.BindingFlags invokeAttr, System.Reflection.Binder binder, System.Object[] parameters, System.Globalization.CultureInfo culture) [0x0006a] in <9aad1b3a47484d63ba2b3985692d80e9>:0 
   --- End of inner exception stack trace ---
  at System.Reflection.RuntimeMethodInfo.Invoke (System.Object obj, System.Reflection.BindingFlags invokeAttr, System.Reflection.Binder binder, System.Object[] parameters, System.Globalization.CultureInfo culture) [0x00083] in <9aad1b3a47484d63ba2b3985692d80e9>:0 
  at System.Reflection.MethodBase.Invoke (System.Object obj, System.Object[] parameters) [0x00000] in <9aad1b3a47484d63ba2b3985692d80e9>:0 
  at UnityEditor.EditorAssemblies.ProcessInitializeOnLoadMethodAttributes () [0x000a5] in <0d6ce211ebbc47e1a35a84c3672ff58f>:0 
UnityEngine.StackTraceUtility:ExtractStackTrace ()
UnityEngine.DebugLogHandler:LogFormat (UnityEngine.LogType,UnityEngine.Object,string,object[])
UnityEngine.Logger:Log (UnityEngine.LogType,object)
UnityEngine.Debug:LogError (object)
UnityEditor.EditorAssemblies:ProcessInitializeOnLoadMethodAttributes ()

Mono: successfully reloaded assembly
- Completed reload, in  2.716 seconds
Domain Reload Profiling:
	ReloadAssembly (2718ms)
		BeginReloadAssembly (332ms)
			ExecutionOrderSort (0ms)
			DisableScriptedObjects (8ms)
			BackupInstance (0ms)
			ReleaseScriptingObjects (0ms)
			CreateAndSetChildDomain (103ms)
		EndReloadAssembly (2212ms)
			LoadAssemblies (266ms)
			RebuildTransferFunctionScriptingTraits (0ms)
			SetupTypeCache (606ms)
			ReleaseScriptCaches (4ms)
			RebuildScriptCaches (103ms)
			SetupLoadedEditorAssemblies (975ms)
				LogAssemblyErrors (0ms)
				InitializePlatformSupportModulesInManaged (38ms)
				SetLoadedEditorAssemblies (1ms)
				RefreshPlugins (5ms)
				BeforeProcessingInitializeOnLoad (158ms)
				ProcessInitializeOnLoadAttributes (594ms)
				ProcessInitializeOnLoadMethodAttributes (163ms)
				AfterProcessingInitializeOnLoad (16ms)
				EditorAssembliesLoaded (0ms)
			ExecutionOrderSort2 (0ms)
			AwakeInstancesAfterBackupRestoration (26ms)
Platform modules already initialized, skipping
Refreshing native plugins compatible for Editor in 10.99 ms, found 13 plugins.
Preloading 1 native plugins for Editor in 0.07 ms.
Unloading 6604 Unused Serialized files (Serialized files now loaded: 0)
Unloading 78 unused Assets / (1.4 MB). Loaded Objects now: 7388.
Memory consumption went from 275.5 MB to 274.1 MB.
Total: 11.175600 ms (FindLiveObjects: 0.723400 ms CreateObjectMapping: 0.180200 ms MarkObjects: 8.543800 ms  DeleteObjects: 1.726400 ms)

AssetImportParameters requested are different than current active one (requested -> active):
  custom:video-decoder-ogg-theora: a1e56fd34408186e4bbccfd4996cb3dc -> 
  custom:container-muxer-webm: aa71ff27fc2769a1b78a27578f13a17b -> 
  custom:container-demuxer-webm: 4f35f7cbe854078d1ac9338744f61a02 -> 
  custom:video-encoder-webm-vp8: eb34c28f22e8b96e1ab97ce403110664 -> 
  custom:audio-encoder-webm-vorbis: bf7c407c2cedff20999df2af8eb42d56 -> 
  custom:framework-win-MediaFoundation: 216162199b28c13a410421893ffa2e32 -> 
  custom:container-demuxer-ogg: 62fdf1f143b41e24485cea50d1cbac27 -> 
  custom:video-decoder-webm-vp8: 9c59270c3fd7afecdb556c50c9e8de78 -> 
  custom:audio-decoder-ogg-vorbis: bf7c407c2cedff20999df2af8eb42d56 -> 
========================================================================
Received Import Request.
  Time since last request: 1063.970631 seconds.
  path: Assets/Models/FinalBoss/Ch44_1001_Emissive.png
  artifactKey: Guid(7ca24443ca7cdcf4a92fde484089c131) Importer(815301076,1909f56bfc062723c751e8b465ee728b)
Start importing Assets/Models/FinalBoss/Ch44_1001_Emissive.png using Guid(7ca24443ca7cdcf4a92fde484089c131) Importer(815301076,1909f56bfc062723c751e8b465ee728b)  -> (artifact id: '909e4c72e84b34201db224595b6d2bb3') in 0.422776 seconds 
========================================================================
Received Import Request.
  Time since last request: 0.000063 seconds.
  path: Assets/Models/FinalBoss/Ch44_1001_Glossiness.png
  artifactKey: Guid(0cbce37121aecd145afed74b63b06050) Importer(815301076,1909f56bfc062723c751e8b465ee728b)
Start importing Assets/Models/FinalBoss/Ch44_1001_Glossiness.png using Guid(0cbce37121aecd145afed74b63b06050) Importer(815301076,1909f56bfc062723c751e8b465ee728b)  -> (artifact id: '6fda47232e371cadbdac7001b2371e6a') in 1.485323 seconds 
========================================================================
Received Import Request.
  Time since last request: 0.000060 seconds.
  path: Assets/Models/FinalBoss/Ch44_nonPBR.fbx
  artifactKey: Guid(dfc61098d8e42844a9040b174b222a04) Importer(815301076,1909f56bfc062723c751e8b465ee728b)
Start importing Assets/Models/FinalBoss/Ch44_nonPBR.fbx using Guid(dfc61098d8e42844a9040b174b222a04) Importer(815301076,1909f56bfc062723c751e8b465ee728b)  -> (artifact id: '7ac1ee2e63fa091df6ea4895cd87329a') in 1.430443 seconds 
========================================================================
Received Import Request.
  Time since last request: 3.220772 seconds.
  path: Assets/Models/Chair/Theater_Chair.prefab
  artifactKey: Guid(325903d7dcc31224e8cd94bd6d17bd86) Importer(815301076,1909f56bfc062723c751e8b465ee728b)
Start importing Assets/Models/Chair/Theater_Chair.prefab using Guid(325903d7dcc31224e8cd94bd6d17bd86) Importer(815301076,1909f56bfc062723c751e8b465ee728b)  -> (artifact id: 'bcffb79ab137c73f7f81e08579b45874') in 0.191267 seconds 
========================================================================
Received Import Request.
  Time since last request: 1.498252 seconds.
  path: Assets/Models/brother/Walking (4).fbx
  artifactKey: Guid(4f6bac82e9d050747a7084a46bcc32e5) Importer(815301076,1909f56bfc062723c751e8b465ee728b)
Start importing Assets/Models/brother/Walking (4).fbx using Guid(4f6bac82e9d050747a7084a46bcc32e5) Importer(815301076,1909f56bfc062723c751e8b465ee728b)  -> (artifact id: 'b936b8a156b75e60051ab4af82588318') in 1.347115 seconds 
========================================================================
Received Import Request.
  Time since last request: 1.417571 seconds.
  path: Assets/Models/cage/source/cage.fbx
  artifactKey: Guid(6df09a36e38c99d4890f12510af81a58) Importer(815301076,1909f56bfc062723c751e8b465ee728b)
Start importing Assets/Models/cage/source/cage.fbx using Guid(6df09a36e38c99d4890f12510af81a58) Importer(815301076,1909f56bfc062723c751e8b465ee728b)  -> (artifact id: '0d0b192329f56b8a76f3c2a194a2c5c5') in 0.124477 seconds 
========================================================================
Received Import Request.
  Time since last request: 0.000060 seconds.
  path: Assets/Models/cage/source/cage_DefaultMaterial_BaseColor.png
  artifactKey: Guid(782b64c640332d64cbb00e8118ca3278) Importer(815301076,1909f56bfc062723c751e8b465ee728b)
Start importing Assets/Models/cage/source/cage_DefaultMaterial_BaseColor.png using Guid(782b64c640332d64cbb00e8118ca3278) Importer(815301076,1909f56bfc062723c751e8b465ee728b)  -> (artifact id: 'e42cfc66c369e1814305c789962562a6') in 0.076112 seconds 
========================================================================
Received Import Request.
  Time since last request: 0.000040 seconds.
  path: Assets/Models/cage/source/cage_DefaultMaterial_OcclusionRoughnessMetallic.png
  artifactKey: Guid(3fc4a16b2f2de2e4ea99218e08444d17) Importer(815301076,1909f56bfc062723c751e8b465ee728b)
Start importing Assets/Models/cage/source/cage_DefaultMaterial_OcclusionRoughnessMetallic.png using Guid(3fc4a16b2f2de2e4ea99218e08444d17) Importer(815301076,1909f56bfc062723c751e8b465ee728b)  -> (artifact id: '94e0079d69c31643d9d5fd4bcb3aa8b0') in 0.122300 seconds 
========================================================================
Received Import Request.
  Time since last request: 0.000066 seconds.
  path: Assets/Models/cage/source/cage_DefaultMaterial_Normal.png
  artifactKey: Guid(bff0f49645f5ef54fb23dcbe14ca6cde) Importer(815301076,1909f56bfc062723c751e8b465ee728b)
Start importing Assets/Models/cage/source/cage_DefaultMaterial_Normal.png using Guid(bff0f49645f5ef54fb23dcbe14ca6cde) Importer(815301076,1909f56bfc062723c751e8b465ee728b)  -> (artifact id: '84af2782d0e3c6d210175b8222584ea0') in 0.043630 seconds 
========================================================================
Received Import Request.
  Time since last request: 408.464873 seconds.
  path: Assets/AnyUI/Demo/AnyUIDemoRenderTexturesAndMaterials/AnyUI_MaterialAnyUIHemisphere_Mesh35cf4f68-d8b0-4bcd-91ee-42e25543bfd0.mat
  artifactKey: Guid(5a10a93e427b5d940a51016bbdb61b05) Importer(815301076,1909f56bfc062723c751e8b465ee728b)
Start importing Assets/AnyUI/Demo/AnyUIDemoRenderTexturesAndMaterials/AnyUI_MaterialAnyUIHemisphere_Mesh35cf4f68-d8b0-4bcd-91ee-42e25543bfd0.mat using Guid(5a10a93e427b5d940a51016bbdb61b05) Importer(815301076,1909f56bfc062723c751e8b465ee728b)  -> (artifact id: 'a258f602f7f6f1f715b630d77916a741') in 0.075742 seconds 
========================================================================
Received Import Request.
  Time since last request: 0.000034 seconds.
  path: Assets/AnyUI/Demo/AnyUIDemoRenderTexturesAndMaterials/AnyUI_RenderTextureCanvas_AnyUIHemispherefb04ac6f-ceef-41df-8787-36359e51f4d1.renderTexture
  artifactKey: Guid(24df5fa0276507e45988572250981470) Importer(815301076,1909f56bfc062723c751e8b465ee728b)
Start importing Assets/AnyUI/Demo/AnyUIDemoRenderTexturesAndMaterials/AnyUI_RenderTextureCanvas_AnyUIHemispherefb04ac6f-ceef-41df-8787-36359e51f4d1.renderTexture using Guid(24df5fa0276507e45988572250981470) Importer(815301076,1909f56bfc062723c751e8b465ee728b)  -> (artifact id: '1ec4d01623675779a9aaefbd3af0c7a0') in 0.087350 seconds 
========================================================================
Received Import Request.
  Time since last request: 0.000079 seconds.
  path: Assets/AnyUI/AnyUILibrary/Meshes/AnyUISphere.FBX
  artifactKey: Guid(cd6f82fa1fb22a246b82bc7aee79f12a) Importer(815301076,1909f56bfc062723c751e8b465ee728b)
Start importing Assets/AnyUI/AnyUILibrary/Meshes/AnyUISphere.FBX using Guid(cd6f82fa1fb22a246b82bc7aee79f12a) Importer(815301076,1909f56bfc062723c751e8b465ee728b)  -> (artifact id: '9c8cddddc52d5ec738e67bbf0aa9b0bb') in 0.096949 seconds 
========================================================================
Received Import Request.
  Time since last request: 0.000046 seconds.
  path: Assets/Models/brother/source/source/Evan Afton/Schermafbeelding 2022-02-05 124924.png
  artifactKey: Guid(03414c62bdd1fd34991c9875bf15f748) Importer(815301076,1909f56bfc062723c751e8b465ee728b)
Start importing Assets/Models/brother/source/source/Evan Afton/Schermafbeelding 2022-02-05 124924.png using Guid(03414c62bdd1fd34991c9875bf15f748) Importer(815301076,1909f56bfc062723c751e8b465ee728b)  -> (artifact id: 'ccb1d19eaab7a6d0bcc68ab7ce34b160') in 0.076513 seconds 
========================================================================
Received Import Request.
  Time since last request: 0.000063 seconds.
  path: Assets/Models/Pool/props/Mbanco/UN_Banco.fbx
  artifactKey: Guid(41fbb717c2140384680be3c363d3817c) Importer(815301076,1909f56bfc062723c751e8b465ee728b)
Start importing Assets/Models/Pool/props/Mbanco/UN_Banco.fbx using Guid(41fbb717c2140384680be3c363d3817c) Importer(815301076,1909f56bfc062723c751e8b465ee728b)  -> (artifact id: '49172f86a81b06145c29e45bc0086d04') in 0.235388 seconds 
========================================================================
Received Import Request.
  Time since last request: 0.000037 seconds.
  path: Assets/AnyUI/AnyUILibrary/Meshes/AnyUIHemisphere.FBX
  artifactKey: Guid(4541b9d2aa2239944bf8e3a86f640c5f) Importer(815301076,1909f56bfc062723c751e8b465ee728b)
Start importing Assets/AnyUI/AnyUILibrary/Meshes/AnyUIHemisphere.FBX using Guid(4541b9d2aa2239944bf8e3a86f640c5f) Importer(815301076,1909f56bfc062723c751e8b465ee728b)  -> (artifact id: 'e1926465a05397dc1a8e2da6a5630bfa') in 0.083917 seconds 
========================================================================
Received Import Request.
  Time since last request: 0.000109 seconds.
  path: Assets/AnyUI/Demo/AnyUIDemoRenderTexturesAndMaterials/AnyUI_RenderTextureCanvas_AnyUISphere6075a2bc-9de6-4291-bcce-ab67656bf4ba.renderTexture
  artifactKey: Guid(dd0f883b2ecf9fd48a1a383ba2263c74) Importer(815301076,1909f56bfc062723c751e8b465ee728b)
Start importing Assets/AnyUI/Demo/AnyUIDemoRenderTexturesAndMaterials/AnyUI_RenderTextureCanvas_AnyUISphere6075a2bc-9de6-4291-bcce-ab67656bf4ba.renderTexture using Guid(dd0f883b2ecf9fd48a1a383ba2263c74) Importer(815301076,1909f56bfc062723c751e8b465ee728b)  -> (artifact id: 'a3c32de6725f9daa9d44ba6b259620b0') in 0.045168 seconds 
========================================================================
Received Import Request.
  Time since last request: 0.000051 seconds.
  path: Assets/Models/brother/source/textures/Schermafbeelding 2022-02-05 124714.png
  artifactKey: Guid(f25818dfac162664897ef6f9c2a554d6) Importer(815301076,1909f56bfc062723c751e8b465ee728b)
Start importing Assets/Models/brother/source/textures/Schermafbeelding 2022-02-05 124714.png using Guid(f25818dfac162664897ef6f9c2a554d6) Importer(815301076,1909f56bfc062723c751e8b465ee728b)  -> (artifact id: '292fca227f6446b791a9ba7e0114a704') in 0.038257 seconds 
========================================================================
Received Import Request.
  Time since last request: 0.000055 seconds.
  path: Assets/AnyUI/AnyUILibrary/AnyUISphere.prefab
  artifactKey: Guid(d2287a9efd46ba1429e6966120a60685) Importer(815301076,1909f56bfc062723c751e8b465ee728b)
Start importing Assets/AnyUI/AnyUILibrary/AnyUISphere.prefab using Guid(d2287a9efd46ba1429e6966120a60685) Importer(815301076,1909f56bfc062723c751e8b465ee728b)  -> (artifact id: '851461ef138b85479ac03d7487fc0e36') in 0.144450 seconds 
========================================================================
Received Import Request.
  Time since last request: 0.000076 seconds.
  path: Assets/AnyUI/Demo/AnyUIDemoRenderTexturesAndMaterials/AnyUI_MaterialAnyUIHemisphere_Meshc6764c2b-8a4d-47e3-9d67-2e6b59c09914.mat
  artifactKey: Guid(d6555c44da3493847ae976bc0ea85672) Importer(815301076,1909f56bfc062723c751e8b465ee728b)
Start importing Assets/AnyUI/Demo/AnyUIDemoRenderTexturesAndMaterials/AnyUI_MaterialAnyUIHemisphere_Meshc6764c2b-8a4d-47e3-9d67-2e6b59c09914.mat using Guid(d6555c44da3493847ae976bc0ea85672) Importer(815301076,1909f56bfc062723c751e8b465ee728b)  -> (artifact id: '7d021646bcdb6b9d5b4de1474608417c') in 0.063978 seconds 
========================================================================
Received Import Request.
  Time since last request: 0.000059 seconds.
  path: Assets/Models/brother/textures/Schermafbeelding 2022-02-05 124714.png
  artifactKey: Guid(7cc5b9a4c8340484d83bd95ead6a9cf2) Importer(815301076,1909f56bfc062723c751e8b465ee728b)
Start importing Assets/Models/brother/textures/Schermafbeelding 2022-02-05 124714.png using Guid(7cc5b9a4c8340484d83bd95ead6a9cf2) Importer(815301076,1909f56bfc062723c751e8b465ee728b)  -> (artifact id: '659cdd0372fe8dc5bd1b4916a8132fc0') in 0.030704 seconds 
========================================================================
Received Import Request.
  Time since last request: 0.000058 seconds.
  path: Assets/Models/brother/source/source/Evan Afton/Schermafbeelding 2022-02-05 124855.png
  artifactKey: Guid(d5fad2a25e630684daed7ae48caa21f2) Importer(815301076,1909f56bfc062723c751e8b465ee728b)
Start importing Assets/Models/brother/source/source/Evan Afton/Schermafbeelding 2022-02-05 124855.png using Guid(d5fad2a25e630684daed7ae48caa21f2) Importer(815301076,1909f56bfc062723c751e8b465ee728b)  -> (artifact id: 'ee908b7788331113a08ba66ce91ac296') in 0.015738 seconds 
========================================================================
Received Import Request.
  Time since last request: 420.959394 seconds.
  path: Assets/Models/Boss/Zombie Scream (1).fbx
  artifactKey: Guid(d8d7a63ef218c944380a645cd8c42af5) Importer(815301076,1909f56bfc062723c751e8b465ee728b)
Start importing Assets/Models/Boss/Zombie Scream (1).fbx using Guid(d8d7a63ef218c944380a645cd8c42af5) Importer(815301076,1909f56bfc062723c751e8b465ee728b)  -> (artifact id: '00ad820be06070631e0732660f0a82d8') in 0.128764 seconds 
========================================================================
Received Import Request.
  Time since last request: 0.000040 seconds.
  path: Assets/Models/Boss/Zombie Scream.fbx
  artifactKey: Guid(4a1fea259df69c84180706612405fa6d) Importer(815301076,1909f56bfc062723c751e8b465ee728b)
Start importing Assets/Models/Boss/Zombie Scream.fbx using Guid(4a1fea259df69c84180706612405fa6d) Importer(815301076,1909f56bfc062723c751e8b465ee728b)  -> (artifact id: 'a3ff1b4271305c7a944a0d52ed0b264e') in 0.185726 seconds 
========================================================================
Received Import Request.
  Time since last request: 593.082071 seconds.
  path: Assets/Scenes/Scripts/ShootingMinigame/Objects/Map/Material.007.mat
  artifactKey: Guid(4ea5b6999a8f95a4ea7f3ad67aa38c64) Importer(815301076,1909f56bfc062723c751e8b465ee728b)
Start importing Assets/Scenes/Scripts/ShootingMinigame/Objects/Map/Material.007.mat using Guid(4ea5b6999a8f95a4ea7f3ad67aa38c64) Importer(815301076,1909f56bfc062723c751e8b465ee728b)  -> (artifact id: '421bc841678105eb42bf93d09b08fbf5') in 0.282319 seconds 
========================================================================
Received Import Request.
  Time since last request: 0.000040 seconds.
  path: Assets/Prefabs/UN_Cinema_Escenario (1).fbx
  artifactKey: Guid(e97c3f9f29e96b44cb322ec1774ab113) Importer(815301076,1909f56bfc062723c751e8b465ee728b)
Start importing Assets/Prefabs/UN_Cinema_Escenario (1).fbx using Guid(e97c3f9f29e96b44cb322ec1774ab113) Importer(815301076,1909f56bfc062723c751e8b465ee728b)  -> (artifact id: 'ba80389908bb4b9b9e6025a7301ad616') in 0.158220 seconds 
========================================================================
Received Import Request.
  Time since last request: 0.575099 seconds.
  path: Assets/AutoHand/Examples/Materials/TransparentBlue.mat
  artifactKey: Guid(fe089319daeb30e4698111607469107b) Importer(815301076,1909f56bfc062723c751e8b465ee728b)
Start importing Assets/AutoHand/Examples/Materials/TransparentBlue.mat using Guid(fe089319daeb30e4698111607469107b) Importer(815301076,1909f56bfc062723c751e8b465ee728b)  -> (artifact id: 'ddede30e31a1e2a938ba6cf600a056f8') in 0.174710 seconds 
========================================================================
Received Import Request.
  Time since last request: 0.000034 seconds.
  path: Assets/AnyUI/Assets/Resources/Materials/wreckingballmeshui.mat
  artifactKey: Guid(15bff35ecb750cc4a9161aa1384433fe) Importer(815301076,1909f56bfc062723c751e8b465ee728b)
Start importing Assets/AnyUI/Assets/Resources/Materials/wreckingballmeshui.mat using Guid(15bff35ecb750cc4a9161aa1384433fe) Importer(815301076,1909f56bfc062723c751e8b465ee728b)  -> (artifact id: 'c154efe61032448622ae0f22c12c0590') in 0.072848 seconds 
========================================================================
Received Import Request.
  Time since last request: 0.000048 seconds.
  path: Assets/Materials/recreativas/texturas sala bolera/zona bolera/zona bolera.mat
  artifactKey: Guid(5b1649468a0297f47a68204ddca9af67) Importer(815301076,1909f56bfc062723c751e8b465ee728b)
Start importing Assets/Materials/recreativas/texturas sala bolera/zona bolera/zona bolera.mat using Guid(5b1649468a0297f47a68204ddca9af67) Importer(815301076,1909f56bfc062723c751e8b465ee728b)  -> (artifact id: 'dcab1de8a3d08a00e43b612934e4ceeb') in 0.526573 seconds 
========================================================================
Received Import Request.
  Time since last request: 0.000032 seconds.
  path: Assets/AutoHand/Examples/Mesh/SportsCar.fbx
  artifactKey: Guid(94e4b94c638bc6b43a940894a03b3364) Importer(815301076,1909f56bfc062723c751e8b465ee728b)
Start importing Assets/AutoHand/Examples/Mesh/SportsCar.fbx using Guid(94e4b94c638bc6b43a940894a03b3364) Importer(815301076,1909f56bfc062723c751e8b465ee728b)  -> (artifact id: 'cd75acd0f0a4b5c1cb01e25b251bf108') in 0.210192 seconds 
========================================================================
Received Import Request.
  Time since last request: 0.000039 seconds.
  path: Assets/AutoHand/Examples/Mesh/NormalCar1.fbx
  artifactKey: Guid(1ce937b39ea5e614eac6cc1e3a29a564) Importer(815301076,1909f56bfc062723c751e8b465ee728b)
Start importing Assets/AutoHand/Examples/Mesh/NormalCar1.fbx using Guid(1ce937b39ea5e614eac6cc1e3a29a564) Importer(815301076,1909f56bfc062723c751e8b465ee728b)  -> (artifact id: '5892fc3ac27d1415840cce390b82b961') in 0.227748 seconds 
========================================================================
Received Import Request.
  Time since last request: 0.000069 seconds.
  path: Assets/Textures/Fashlight/Materials/UN_Lantern_Material.001_AlbedoTransparency.mat
  artifactKey: Guid(0d729b7633046ca4da708d96b719a5be) Importer(815301076,1909f56bfc062723c751e8b465ee728b)
Start importing Assets/Textures/Fashlight/Materials/UN_Lantern_Material.001_AlbedoTransparency.mat using Guid(0d729b7633046ca4da708d96b719a5be) Importer(815301076,1909f56bfc062723c751e8b465ee728b)  -> (artifact id: '3c46f086ceac7976c483bc84d03e8440') in 0.260179 seconds 
========================================================================
Received Import Request.
  Time since last request: 0.000097 seconds.
  path: Assets/AutoHand/Examples/Materials/Black Rubber.mat
  artifactKey: Guid(60158c1f5a888be49b0e486812385af4) Importer(815301076,1909f56bfc062723c751e8b465ee728b)
Start importing Assets/AutoHand/Examples/Materials/Black Rubber.mat using Guid(60158c1f5a888be49b0e486812385af4) Importer(815301076,1909f56bfc062723c751e8b465ee728b)  -> (artifact id: '4dbf8cf0cb5992e64d8056c380ff596e') in 0.111326 seconds 
