Using pre-set license
Built from '2021.3/staging' branch; Version is '2021.3.9f1 (ad3870b89536) revision 11352176'; Using compiler version '192829333'; Build Type 'Release'
OS: 'Windows 10  (10.0.19045) 64bit ProfessionalWorkstation' Language: 'es' Physical Memory: 8140 MB
BatchMode: 1, IsHumanControllingUs: 0, StartBugReporterOnCrash: 0, Is64bit: 1, IsPro: 1

COMMAND LINE ARGUMENTS:
C:\Program Files\Unity\Hub\Editor\2021.3.9f1\Editor\Unity.exe
-adb2
-batchMode
-noUpm
-name
AssetImportWorker10
-projectPath
D:/Unf0und_VR/Unf0und_VR
-logFile
Logs/AssetImportWorker10.log
-srvPort
52970
Successfully changed project path to: D:/Unf0und_VR/Unf0und_VR
D:/Unf0und_VR/Unf0und_VR
[UnityMemory] Configuration Parameters - Can be set up in boot.config
    "memorysetup-bucket-allocator-granularity=16"
    "memorysetup-bucket-allocator-bucket-count=8"
    "memorysetup-bucket-allocator-block-size=33554432"
    "memorysetup-bucket-allocator-block-count=8"
    "memorysetup-main-allocator-block-size=16777216"
    "memorysetup-thread-allocator-block-size=16777216"
    "memorysetup-gfx-main-allocator-block-size=16777216"
    "memorysetup-gfx-thread-allocator-block-size=16777216"
    "memorysetup-cache-allocator-block-size=4194304"
    "memorysetup-typetree-allocator-block-size=2097152"
    "memorysetup-profiler-bucket-allocator-granularity=16"
    "memorysetup-profiler-bucket-allocator-bucket-count=8"
    "memorysetup-profiler-bucket-allocator-block-size=33554432"
    "memorysetup-profiler-bucket-allocator-block-count=8"
    "memorysetup-profiler-allocator-block-size=16777216"
    "memorysetup-profiler-editor-allocator-block-size=1048576"
    "memorysetup-temp-allocator-size-main=16777216"
    "memorysetup-job-temp-allocator-block-size=2097152"
    "memorysetup-job-temp-allocator-block-size-background=1048576"
    "memorysetup-job-temp-allocator-reduction-small-platforms=262144"
    "memorysetup-temp-allocator-size-background-worker=32768"
    "memorysetup-temp-allocator-size-job-worker=262144"
    "memorysetup-temp-allocator-size-preload-manager=33554432"
    "memorysetup-temp-allocator-size-nav-mesh-worker=65536"
    "memorysetup-temp-allocator-size-audio-worker=65536"
    "memorysetup-temp-allocator-size-cloud-worker=32768"
    "memorysetup-temp-allocator-size-gi-baking-worker=262144"
    "memorysetup-temp-allocator-size-gfx=262144"
Default GameObject BitMask: bossChair already registered
Refreshing native plugins compatible for Editor in 183.29 ms, found 13 plugins.
Preloading 1 native plugins for Editor in 0.85 ms.
Initialize engine version: 2021.3.9f1 (ad3870b89536)
[Subsystems] Discovering subsystems at path C:/Program Files/Unity/Hub/Editor/2021.3.9f1/Editor/Data/Resources/UnitySubsystems
[Subsystems] Discovering subsystems at path D:/Unf0und_VR/Unf0und_VR/Assets
GfxDevice: creating device client; threaded=0; jobified=0
Direct3D:
    Version:  Direct3D 11.0 [level 11.1]
    Renderer: NVIDIA GeForce GTX 1660 Ti (ID=0x2182)
    Vendor:   NVIDIA
    VRAM:     5979 MB
    Driver:   31.0.15.3141
Initialize mono
Mono path[0] = 'C:/Program Files/Unity/Hub/Editor/2021.3.9f1/Editor/Data/Managed'
Mono path[1] = 'C:/Program Files/Unity/Hub/Editor/2021.3.9f1/Editor/Data/MonoBleedingEdge/lib/mono/unityjit-win32'
Mono config path = 'C:/Program Files/Unity/Hub/Editor/2021.3.9f1/Editor/Data/MonoBleedingEdge/etc'
Using monoOptions --debugger-agent=transport=dt_socket,embedding=1,server=y,suspend=n,address=127.0.0.1:56628
Begin MonoManager ReloadAssembly
Registering precompiled unity dll's ...
Register platform support module: C:/Program Files/Unity/Hub/Editor/2021.3.9f1/Editor/Data/PlaybackEngines/AndroidPlayer/UnityEditor.Android.Extensions.dll
Register platform support module: C:/Program Files/Unity/Hub/Editor/2021.3.9f1/Editor/Data/PlaybackEngines/WindowsStandaloneSupport/UnityEditor.WindowsStandalone.Extensions.dll
Registered in 0.012407 seconds.
Native extension for WindowsStandalone target not found
Native extension for Android target not found
Refreshing native plugins compatible for Editor in 173.62 ms, found 13 plugins.
Preloading 1 native plugins for Editor in 0.16 ms.
Mono: successfully reloaded assembly
- Completed reload, in  0.874 seconds
Domain Reload Profiling:
	ReloadAssembly (875ms)
		BeginReloadAssembly (101ms)
			ExecutionOrderSort (0ms)
			DisableScriptedObjects (0ms)
			BackupInstance (0ms)
			ReleaseScriptingObjects (0ms)
			CreateAndSetChildDomain (1ms)
		EndReloadAssembly (635ms)
			LoadAssemblies (98ms)
			RebuildTransferFunctionScriptingTraits (0ms)
			SetupTypeCache (124ms)
			ReleaseScriptCaches (0ms)
			RebuildScriptCaches (33ms)
			SetupLoadedEditorAssemblies (414ms)
				LogAssemblyErrors (0ms)
				InitializePlatformSupportModulesInManaged (70ms)
				SetLoadedEditorAssemblies (0ms)
				RefreshPlugins (174ms)
				BeforeProcessingInitializeOnLoad (1ms)
				ProcessInitializeOnLoadAttributes (114ms)
				ProcessInitializeOnLoadMethodAttributes (54ms)
				AfterProcessingInitializeOnLoad (0ms)
				EditorAssembliesLoaded (0ms)
			ExecutionOrderSort2 (0ms)
			AwakeInstancesAfterBackupRestoration (0ms)
Platform modules already initialized, skipping
Registering precompiled user dll's ...
Registered in 0.016390 seconds.
Android Extension - Scanning For ADB Devices 4695 ms
Begin MonoManager ReloadAssembly
Symbol file LoadedFromMemory doesn't match image D:\Unf0und_VR\Unf0und_VR\Library\PackageCache\com.unity.visualscripting@1.7.8\Editor\VisualScripting.Core\Dependencies\DotNetZip\Unity.VisualScripting.IonicZip.dll
Symbol file LoadedFromMemory doesn't match image D:\Unf0und_VR\Unf0und_VR\Library\PackageCache\com.unity.visualscripting@1.7.8\Editor\VisualScripting.Core\Dependencies\YamlDotNet\Unity.VisualScripting.YamlDotNet.dll
Native extension for WindowsStandalone target not found
Native extension for Android target not found
Refreshing native plugins compatible for Editor in 182.46 ms, found 13 plugins.
Preloading 1 native plugins for Editor in 0.08 ms.
Package Manager log level set to [2]
System.Reflection.TargetInvocationException: Exception has been thrown by the target of an invocation. ---> System.NullReferenceException: Object reference not set to an instance of an object
  at Unity.XR.Oculus.OculusLoader.AssetPathToAbsolutePath (System.String assetPath) [0x0003d] in D:\Unf0und_VR\Unf0und_VR\Library\PackageCache\com.unity.xr.oculus@3.0.2\Runtime\OculusLoader.cs:271 
  at Unity.XR.Oculus.OculusLoader.EditorLoadOVRPlugin () [0x0007b] in D:\Unf0und_VR\Unf0und_VR\Library\PackageCache\com.unity.xr.oculus@3.0.2\Runtime\OculusLoader.cs:256 
  at (wrapper managed-to-native) System.Reflection.RuntimeMethodInfo.InternalInvoke(System.Reflection.RuntimeMethodInfo,object,object[],System.Exception&)
  at System.Reflection.RuntimeMethodInfo.Invoke (System.Object obj, System.Reflection.BindingFlags invokeAttr, System.Reflection.Binder binder, System.Object[] parameters, System.Globalization.CultureInfo culture) [0x0006a] in <9aad1b3a47484d63ba2b3985692d80e9>:0 
   --- End of inner exception stack trace ---
  at System.Reflection.RuntimeMethodInfo.Invoke (System.Object obj, System.Reflection.BindingFlags invokeAttr, System.Reflection.Binder binder, System.Object[] parameters, System.Globalization.CultureInfo culture) [0x00083] in <9aad1b3a47484d63ba2b3985692d80e9>:0 
  at System.Reflection.MethodBase.Invoke (System.Object obj, System.Object[] parameters) [0x00000] in <9aad1b3a47484d63ba2b3985692d80e9>:0 
  at UnityEditor.EditorAssemblies.ProcessInitializeOnLoadMethodAttributes () [0x000a5] in <0d6ce211ebbc47e1a35a84c3672ff58f>:0 
UnityEngine.StackTraceUtility:ExtractStackTrace ()
UnityEngine.DebugLogHandler:LogFormat (UnityEngine.LogType,UnityEngine.Object,string,object[])
UnityEngine.Logger:Log (UnityEngine.LogType,object)
UnityEngine.Debug:LogError (object)
UnityEditor.EditorAssemblies:ProcessInitializeOnLoadMethodAttributes ()

Mono: successfully reloaded assembly
- Completed reload, in  6.027 seconds
Domain Reload Profiling:
	ReloadAssembly (6029ms)
		BeginReloadAssembly (160ms)
			ExecutionOrderSort (0ms)
			DisableScriptedObjects (7ms)
			BackupInstance (0ms)
			ReleaseScriptingObjects (0ms)
			CreateAndSetChildDomain (30ms)
		EndReloadAssembly (5632ms)
			LoadAssemblies (1705ms)
			RebuildTransferFunctionScriptingTraits (0ms)
			SetupTypeCache (457ms)
			ReleaseScriptCaches (1ms)
			RebuildScriptCaches (120ms)
			SetupLoadedEditorAssemblies (3150ms)
				LogAssemblyErrors (0ms)
				InitializePlatformSupportModulesInManaged (17ms)
				SetLoadedEditorAssemblies (0ms)
				RefreshPlugins (183ms)
				BeforeProcessingInitializeOnLoad (188ms)
				ProcessInitializeOnLoadAttributes (2600ms)
				ProcessInitializeOnLoadMethodAttributes (149ms)
				AfterProcessingInitializeOnLoad (13ms)
				EditorAssembliesLoaded (0ms)
			ExecutionOrderSort2 (0ms)
			AwakeInstancesAfterBackupRestoration (6ms)
Platform modules already initialized, skipping
========================================================================
Worker process is ready to serve import requests
Default GameObject BitMask: bossChair already registered
Launched and connected shader compiler UnityShaderCompiler.exe after 0.09 seconds
Refreshing native plugins compatible for Editor in 2.86 ms, found 13 plugins.
Preloading 1 native plugins for Editor in 0.10 ms.
Unloading 6784 Unused Serialized files (Serialized files now loaded: 0)
Unloading 100 unused Assets / (1.4 MB). Loaded Objects now: 7222.
Memory consumption went from 278.2 MB to 276.8 MB.
Total: 10.748400 ms (FindLiveObjects: 0.709600 ms CreateObjectMapping: 0.222500 ms MarkObjects: 8.824600 ms  DeleteObjects: 0.990100 ms)

AssetImportParameters requested are different than current active one (requested -> active):
  custom:video-decoder-ogg-theora: a1e56fd34408186e4bbccfd4996cb3dc -> 
  custom:container-muxer-webm: aa71ff27fc2769a1b78a27578f13a17b -> 
  custom:container-demuxer-webm: 4f35f7cbe854078d1ac9338744f61a02 -> 
  custom:video-encoder-webm-vp8: eb34c28f22e8b96e1ab97ce403110664 -> 
  custom:audio-encoder-webm-vorbis: bf7c407c2cedff20999df2af8eb42d56 -> 
  custom:framework-win-MediaFoundation: 216162199b28c13a410421893ffa2e32 -> 
  custom:container-demuxer-ogg: 62fdf1f143b41e24485cea50d1cbac27 -> 
  custom:video-decoder-webm-vp8: 9c59270c3fd7afecdb556c50c9e8de78 -> 
  custom:audio-decoder-ogg-vorbis: bf7c407c2cedff20999df2af8eb42d56 -> 
========================================================================
Received Import Request.
  Time since last request: 314270.575939 seconds.
  path: Assets/UniversalRenderPipelineGlobalSettings.asset
  artifactKey: Guid(f084acecf6a2e6844b23d47482ba4b51) Importer(815301076,1909f56bfc062723c751e8b465ee728b)
Start importing Assets/UniversalRenderPipelineGlobalSettings.asset using Guid(f084acecf6a2e6844b23d47482ba4b51) Importer(815301076,1909f56bfc062723c751e8b465ee728b)  -> (artifact id: 'd73ae2d075d379e6a099bd505e034725') in 0.073225 seconds 
========================================================================
Received Import Request.
  Time since last request: 0.000036 seconds.
  path: Assets/New Terrain.asset
  artifactKey: Guid(a17c3576be903134397751a8bcc40e6e) Importer(815301076,1909f56bfc062723c751e8b465ee728b)
Start importing Assets/New Terrain.asset using Guid(a17c3576be903134397751a8bcc40e6e) Importer(815301076,1909f56bfc062723c751e8b465ee728b)  -> (artifact id: 'ceb6cfa90c44d907ccf72bdf0271b963') in 0.141061 seconds 
========================================================================
Received Import Request.
  Time since last request: 0.000029 seconds.
  path: Assets/New Terrain 2.asset
  artifactKey: Guid(e874e42b1af08da4a8bc763613899d2e) Importer(815301076,1909f56bfc062723c751e8b465ee728b)
Start importing Assets/New Terrain 2.asset using Guid(e874e42b1af08da4a8bc763613899d2e) Importer(815301076,1909f56bfc062723c751e8b465ee728b) The tree tree_Broadleaf_XL1_LOD1 must use the Nature/Soft Occlusion shader. Otherwise billboarding/lighting will not work correctly.
 -> (artifact id: '3902c0dc64ce0e0d6fa582760466df4f') in 0.534713 seconds 
========================================================================
Received Import Request.
  Time since last request: 20.647128 seconds.
  path: Assets/Materials/recreativas/texturas mesa alta con sillas/mesa alta con sillas.mat
  artifactKey: Guid(933a32e603985854690d5261c5d2efdd) Importer(815301076,1909f56bfc062723c751e8b465ee728b)
Start importing Assets/Materials/recreativas/texturas mesa alta con sillas/mesa alta con sillas.mat using Guid(933a32e603985854690d5261c5d2efdd) Importer(815301076,1909f56bfc062723c751e8b465ee728b)  -> (artifact id: '75f34a3583ad0d3f5b1ba44508a494ac') in 0.635254 seconds 
========================================================================
Received Import Request.
  Time since last request: 0.000037 seconds.
  path: Assets/Models/Pool/props/UN_pool_silla plastico.fbx
  artifactKey: Guid(3f04213dffa823541a1af5ded481b2de) Importer(815301076,1909f56bfc062723c751e8b465ee728b)
Start importing Assets/Models/Pool/props/UN_pool_silla plastico.fbx using Guid(3f04213dffa823541a1af5ded481b2de) Importer(815301076,1909f56bfc062723c751e8b465ee728b)  -> (artifact id: '56c46372a49ffc56736301733bf0aace') in 0.754894 seconds 
========================================================================
Received Import Request.
  Time since last request: 0.000046 seconds.
  path: Assets/Models/Recreativos/UN_saladejuegos_mesaconsilla.fbx
  artifactKey: Guid(8de54c8246b20814fb081bb4ab70107c) Importer(815301076,1909f56bfc062723c751e8b465ee728b)
Start importing Assets/Models/Recreativos/UN_saladejuegos_mesaconsilla.fbx using Guid(8de54c8246b20814fb081bb4ab70107c) Importer(815301076,1909f56bfc062723c751e8b465ee728b)  -> (artifact id: 'fed12d65c98366bd45218db7544898dc') in 0.220109 seconds 
========================================================================
Received Import Request.
  Time since last request: 0.000040 seconds.
  path: Assets/Materials/recreativas/texturas mesa alta con sillas/UN_saladejuegos_mesaconsilla_Material_AlbedoTransparency.tga
  artifactKey: Guid(44baa8e9a6e005a4fbbbc5707986035c) Importer(815301076,1909f56bfc062723c751e8b465ee728b)
Start importing Assets/Materials/recreativas/texturas mesa alta con sillas/UN_saladejuegos_mesaconsilla_Material_AlbedoTransparency.tga using Guid(44baa8e9a6e005a4fbbbc5707986035c) Importer(815301076,1909f56bfc062723c751e8b465ee728b)  -> (artifact id: 'fa6f0c7f170dfe52b8ad162c4ec90470') in 0.043822 seconds 
========================================================================
Received Import Request.
  Time since last request: 17.041815 seconds.
  path: Assets/Models/UN_Lantern.fbx
  artifactKey: Guid(d00027179ec934740acf8d1bba2b1f67) Importer(815301076,1909f56bfc062723c751e8b465ee728b)
Start importing Assets/Models/UN_Lantern.fbx using Guid(d00027179ec934740acf8d1bba2b1f67) Importer(815301076,1909f56bfc062723c751e8b465ee728b)  -> (artifact id: 'f1bb0f6cea03b48d65564d1bbe231275') in 0.114180 seconds 
========================================================================
Received Import Request.
  Time since last request: 1.972600 seconds.
  path: Assets/Models/Cine/Material.mat
  artifactKey: Guid(e35ceb7bc0df2cc499b44b3363f9cad1) Importer(815301076,1909f56bfc062723c751e8b465ee728b)
Start importing Assets/Models/Cine/Material.mat using Guid(e35ceb7bc0df2cc499b44b3363f9cad1) Importer(815301076,1909f56bfc062723c751e8b465ee728b)  -> (artifact id: 'cdb1eb3b3797349e272cc97d64044d82') in 0.238625 seconds 
========================================================================
Received Import Request.
  Time since last request: 0.000027 seconds.
  path: Assets/Models/Cine/Un_Cine_PaquetePalomita.fbx
  artifactKey: Guid(93bd25905e6c4ed42980ba140bdd7848) Importer(815301076,1909f56bfc062723c751e8b465ee728b)
Start importing Assets/Models/Cine/Un_Cine_PaquetePalomita.fbx using Guid(93bd25905e6c4ed42980ba140bdd7848) Importer(815301076,1909f56bfc062723c751e8b465ee728b)  -> (artifact id: 'bebd135e1cd2d7e64fd83d94027cfa8e') in 0.126904 seconds 
========================================================================
Received Import Request.
  Time since last request: 0.000042 seconds.
  path: Assets/Models/Cine/UN_Cine_Prueba.fbx
  artifactKey: Guid(5e343a9a53d24bb45b1c2c89d9c1761b) Importer(815301076,1909f56bfc062723c751e8b465ee728b)
Start importing Assets/Models/Cine/UN_Cine_Prueba.fbx using Guid(5e343a9a53d24bb45b1c2c89d9c1761b) Importer(815301076,1909f56bfc062723c751e8b465ee728b)  -> (artifact id: '2863a57594192ab5cb9d7c0920f0990d') in 1.530964 seconds 
========================================================================
Received Import Request.
  Time since last request: 0.000031 seconds.
  path: Assets/Models/Cine/Un_Cine_Vaso.fbx
  artifactKey: Guid(87b36bfa77f6fed4b9577ccf6dd128b3) Importer(815301076,1909f56bfc062723c751e8b465ee728b)
Start importing Assets/Models/Cine/Un_Cine_Vaso.fbx using Guid(87b36bfa77f6fed4b9577ccf6dd128b3) Importer(815301076,1909f56bfc062723c751e8b465ee728b)  -> (artifact id: '75fa0d0aae5fd6cc0dfacb09fe2d15d0') in 0.095284 seconds 
========================================================================
Received Prepare
Default GameObject BitMask: bossChair already registered
Registering precompiled user dll's ...
Registered in 0.017571 seconds.
Begin MonoManager ReloadAssembly
Symbol file LoadedFromMemory doesn't match image D:\Unf0und_VR\Unf0und_VR\Library\PackageCache\com.unity.visualscripting@1.7.8\Editor\VisualScripting.Core\Dependencies\DotNetZip\Unity.VisualScripting.IonicZip.dll
Symbol file LoadedFromMemory doesn't match image D:\Unf0und_VR\Unf0und_VR\Library\PackageCache\com.unity.visualscripting@1.7.8\Editor\VisualScripting.Core\Dependencies\YamlDotNet\Unity.VisualScripting.YamlDotNet.dll
Native extension for WindowsStandalone target not found
Native extension for Android target not found
Refreshing native plugins compatible for Editor in 3.27 ms, found 13 plugins.
Preloading 1 native plugins for Editor in 0.12 ms.
System.Reflection.TargetInvocationException: Exception has been thrown by the target of an invocation. ---> System.NullReferenceException: Object reference not set to an instance of an object
  at Unity.XR.Oculus.OculusLoader.AssetPathToAbsolutePath (System.String assetPath) [0x0003d] in D:\Unf0und_VR\Unf0und_VR\Library\PackageCache\com.unity.xr.oculus@3.0.2\Runtime\OculusLoader.cs:271 
  at Unity.XR.Oculus.OculusLoader.EditorLoadOVRPlugin () [0x0007b] in D:\Unf0und_VR\Unf0und_VR\Library\PackageCache\com.unity.xr.oculus@3.0.2\Runtime\OculusLoader.cs:256 
  at (wrapper managed-to-native) System.Reflection.RuntimeMethodInfo.InternalInvoke(System.Reflection.RuntimeMethodInfo,object,object[],System.Exception&)
  at System.Reflection.RuntimeMethodInfo.Invoke (System.Object obj, System.Reflection.BindingFlags invokeAttr, System.Reflection.Binder binder, System.Object[] parameters, System.Globalization.CultureInfo culture) [0x0006a] in <9aad1b3a47484d63ba2b3985692d80e9>:0 
   --- End of inner exception stack trace ---
  at System.Reflection.RuntimeMethodInfo.Invoke (System.Object obj, System.Reflection.BindingFlags invokeAttr, System.Reflection.Binder binder, System.Object[] parameters, System.Globalization.CultureInfo culture) [0x00083] in <9aad1b3a47484d63ba2b3985692d80e9>:0 
  at System.Reflection.MethodBase.Invoke (System.Object obj, System.Object[] parameters) [0x00000] in <9aad1b3a47484d63ba2b3985692d80e9>:0 
  at UnityEditor.EditorAssemblies.ProcessInitializeOnLoadMethodAttributes () [0x000a5] in <0d6ce211ebbc47e1a35a84c3672ff58f>:0 
UnityEngine.StackTraceUtility:ExtractStackTrace ()
UnityEngine.DebugLogHandler:LogFormat (UnityEngine.LogType,UnityEngine.Object,string,object[])
UnityEngine.Logger:Log (UnityEngine.LogType,object)
UnityEngine.Debug:LogError (object)
UnityEditor.EditorAssemblies:ProcessInitializeOnLoadMethodAttributes ()

Mono: successfully reloaded assembly
- Completed reload, in  4.644 seconds
Domain Reload Profiling:
	ReloadAssembly (4646ms)
		BeginReloadAssembly (460ms)
			ExecutionOrderSort (0ms)
			DisableScriptedObjects (14ms)
			BackupInstance (0ms)
			ReleaseScriptingObjects (0ms)
			CreateAndSetChildDomain (124ms)
		EndReloadAssembly (3928ms)
			LoadAssemblies (1937ms)
			RebuildTransferFunctionScriptingTraits (0ms)
			SetupTypeCache (570ms)
			ReleaseScriptCaches (3ms)
			RebuildScriptCaches (94ms)
			SetupLoadedEditorAssemblies (990ms)
				LogAssemblyErrors (0ms)
				InitializePlatformSupportModulesInManaged (31ms)
				SetLoadedEditorAssemblies (1ms)
				RefreshPlugins (4ms)
				BeforeProcessingInitializeOnLoad (148ms)
				ProcessInitializeOnLoadAttributes (624ms)
				ProcessInitializeOnLoadMethodAttributes (168ms)
				AfterProcessingInitializeOnLoad (15ms)
				EditorAssembliesLoaded (0ms)
			ExecutionOrderSort2 (0ms)
			AwakeInstancesAfterBackupRestoration (30ms)
Platform modules already initialized, skipping
Refreshing native plugins compatible for Editor in 112.76 ms, found 13 plugins.
Preloading 1 native plugins for Editor in 0.08 ms.
Unloading 6603 Unused Serialized files (Serialized files now loaded: 0)
Unloading 78 unused Assets / (1.4 MB). Loaded Objects now: 7335.
Memory consumption went from 275.4 MB to 274.0 MB.
Total: 14.899000 ms (FindLiveObjects: 0.872200 ms CreateObjectMapping: 0.243300 ms MarkObjects: 12.769800 ms  DeleteObjects: 1.011200 ms)

AssetImportParameters requested are different than current active one (requested -> active):
  custom:video-decoder-ogg-theora: a1e56fd34408186e4bbccfd4996cb3dc -> 
  custom:container-muxer-webm: aa71ff27fc2769a1b78a27578f13a17b -> 
  custom:container-demuxer-webm: 4f35f7cbe854078d1ac9338744f61a02 -> 
  custom:video-encoder-webm-vp8: eb34c28f22e8b96e1ab97ce403110664 -> 
  custom:audio-encoder-webm-vorbis: bf7c407c2cedff20999df2af8eb42d56 -> 
  custom:framework-win-MediaFoundation: 216162199b28c13a410421893ffa2e32 -> 
  custom:container-demuxer-ogg: 62fdf1f143b41e24485cea50d1cbac27 -> 
  custom:video-decoder-webm-vp8: 9c59270c3fd7afecdb556c50c9e8de78 -> 
  custom:audio-decoder-ogg-vorbis: bf7c407c2cedff20999df2af8eb42d56 -> 
========================================================================
Received Prepare
Default GameObject BitMask: bossChair already registered
Registering precompiled user dll's ...
Registered in 0.015474 seconds.
Begin MonoManager ReloadAssembly
Symbol file LoadedFromMemory doesn't match image D:\Unf0und_VR\Unf0und_VR\Library\PackageCache\com.unity.visualscripting@1.7.8\Editor\VisualScripting.Core\Dependencies\DotNetZip\Unity.VisualScripting.IonicZip.dll
Symbol file LoadedFromMemory doesn't match image D:\Unf0und_VR\Unf0und_VR\Library\PackageCache\com.unity.visualscripting@1.7.8\Editor\VisualScripting.Core\Dependencies\YamlDotNet\Unity.VisualScripting.YamlDotNet.dll
Native extension for WindowsStandalone target not found
Native extension for Android target not found
Refreshing native plugins compatible for Editor in 4.23 ms, found 13 plugins.
Preloading 1 native plugins for Editor in 0.15 ms.
System.Reflection.TargetInvocationException: Exception has been thrown by the target of an invocation. ---> System.NullReferenceException: Object reference not set to an instance of an object
  at Unity.XR.Oculus.OculusLoader.AssetPathToAbsolutePath (System.String assetPath) [0x0003d] in D:\Unf0und_VR\Unf0und_VR\Library\PackageCache\com.unity.xr.oculus@3.0.2\Runtime\OculusLoader.cs:271 
  at Unity.XR.Oculus.OculusLoader.EditorLoadOVRPlugin () [0x0007b] in D:\Unf0und_VR\Unf0und_VR\Library\PackageCache\com.unity.xr.oculus@3.0.2\Runtime\OculusLoader.cs:256 
  at (wrapper managed-to-native) System.Reflection.RuntimeMethodInfo.InternalInvoke(System.Reflection.RuntimeMethodInfo,object,object[],System.Exception&)
  at System.Reflection.RuntimeMethodInfo.Invoke (System.Object obj, System.Reflection.BindingFlags invokeAttr, System.Reflection.Binder binder, System.Object[] parameters, System.Globalization.CultureInfo culture) [0x0006a] in <9aad1b3a47484d63ba2b3985692d80e9>:0 
   --- End of inner exception stack trace ---
  at System.Reflection.RuntimeMethodInfo.Invoke (System.Object obj, System.Reflection.BindingFlags invokeAttr, System.Reflection.Binder binder, System.Object[] parameters, System.Globalization.CultureInfo culture) [0x00083] in <9aad1b3a47484d63ba2b3985692d80e9>:0 
  at System.Reflection.MethodBase.Invoke (System.Object obj, System.Object[] parameters) [0x00000] in <9aad1b3a47484d63ba2b3985692d80e9>:0 
  at UnityEditor.EditorAssemblies.ProcessInitializeOnLoadMethodAttributes () [0x000a5] in <0d6ce211ebbc47e1a35a84c3672ff58f>:0 
UnityEngine.StackTraceUtility:ExtractStackTrace ()
UnityEngine.DebugLogHandler:LogFormat (UnityEngine.LogType,UnityEngine.Object,string,object[])
UnityEngine.Logger:Log (UnityEngine.LogType,object)
UnityEngine.Debug:LogError (object)
UnityEditor.EditorAssemblies:ProcessInitializeOnLoadMethodAttributes ()

Mono: successfully reloaded assembly
- Completed reload, in  4.948 seconds
Domain Reload Profiling:
	ReloadAssembly (4950ms)
		BeginReloadAssembly (347ms)
			ExecutionOrderSort (0ms)
			DisableScriptedObjects (12ms)
			BackupInstance (0ms)
			ReleaseScriptingObjects (0ms)
			CreateAndSetChildDomain (110ms)
		EndReloadAssembly (4444ms)
			LoadAssemblies (285ms)
			RebuildTransferFunctionScriptingTraits (0ms)
			SetupTypeCache (760ms)
			ReleaseScriptCaches (8ms)
			RebuildScriptCaches (103ms)
			SetupLoadedEditorAssemblies (1176ms)
				LogAssemblyErrors (0ms)
				InitializePlatformSupportModulesInManaged (42ms)
				SetLoadedEditorAssemblies (1ms)
				RefreshPlugins (5ms)
				BeforeProcessingInitializeOnLoad (182ms)
				ProcessInitializeOnLoadAttributes (760ms)
				ProcessInitializeOnLoadMethodAttributes (172ms)
				AfterProcessingInitializeOnLoad (15ms)
				EditorAssembliesLoaded (0ms)
			ExecutionOrderSort2 (0ms)
			AwakeInstancesAfterBackupRestoration (24ms)
Platform modules already initialized, skipping
Refreshing native plugins compatible for Editor in 20.65 ms, found 13 plugins.
Preloading 1 native plugins for Editor in 0.08 ms.
Unloading 6604 Unused Serialized files (Serialized files now loaded: 0)
Unloading 78 unused Assets / (1.4 MB). Loaded Objects now: 7352.
Memory consumption went from 275.5 MB to 274.1 MB.
Total: 19.560900 ms (FindLiveObjects: 1.828500 ms CreateObjectMapping: 2.208300 ms MarkObjects: 14.326400 ms  DeleteObjects: 1.194900 ms)

AssetImportParameters requested are different than current active one (requested -> active):
  custom:video-decoder-ogg-theora: a1e56fd34408186e4bbccfd4996cb3dc -> 
  custom:container-muxer-webm: aa71ff27fc2769a1b78a27578f13a17b -> 
  custom:container-demuxer-webm: 4f35f7cbe854078d1ac9338744f61a02 -> 
  custom:video-encoder-webm-vp8: eb34c28f22e8b96e1ab97ce403110664 -> 
  custom:audio-encoder-webm-vorbis: bf7c407c2cedff20999df2af8eb42d56 -> 
  custom:framework-win-MediaFoundation: 216162199b28c13a410421893ffa2e32 -> 
  custom:container-demuxer-ogg: 62fdf1f143b41e24485cea50d1cbac27 -> 
  custom:video-decoder-webm-vp8: 9c59270c3fd7afecdb556c50c9e8de78 -> 
  custom:audio-decoder-ogg-vorbis: bf7c407c2cedff20999df2af8eb42d56 -> 
========================================================================
Received Prepare
Default GameObject BitMask: bossChair already registered
Registering precompiled user dll's ...
Registered in 0.017917 seconds.
Begin MonoManager ReloadAssembly
Symbol file LoadedFromMemory doesn't match image D:\Unf0und_VR\Unf0und_VR\Library\PackageCache\com.unity.visualscripting@1.7.8\Editor\VisualScripting.Core\Dependencies\DotNetZip\Unity.VisualScripting.IonicZip.dll
Symbol file LoadedFromMemory doesn't match image D:\Unf0und_VR\Unf0und_VR\Library\PackageCache\com.unity.visualscripting@1.7.8\Editor\VisualScripting.Core\Dependencies\YamlDotNet\Unity.VisualScripting.YamlDotNet.dll
Native extension for WindowsStandalone target not found
Native extension for Android target not found
Refreshing native plugins compatible for Editor in 2.46 ms, found 13 plugins.
Preloading 1 native plugins for Editor in 0.07 ms.
System.Reflection.TargetInvocationException: Exception has been thrown by the target of an invocation. ---> System.NullReferenceException: Object reference not set to an instance of an object
  at Unity.XR.Oculus.OculusLoader.AssetPathToAbsolutePath (System.String assetPath) [0x0003d] in D:\Unf0und_VR\Unf0und_VR\Library\PackageCache\com.unity.xr.oculus@3.0.2\Runtime\OculusLoader.cs:271 
  at Unity.XR.Oculus.OculusLoader.EditorLoadOVRPlugin () [0x0007b] in D:\Unf0und_VR\Unf0und_VR\Library\PackageCache\com.unity.xr.oculus@3.0.2\Runtime\OculusLoader.cs:256 
  at (wrapper managed-to-native) System.Reflection.RuntimeMethodInfo.InternalInvoke(System.Reflection.RuntimeMethodInfo,object,object[],System.Exception&)
  at System.Reflection.RuntimeMethodInfo.Invoke (System.Object obj, System.Reflection.BindingFlags invokeAttr, System.Reflection.Binder binder, System.Object[] parameters, System.Globalization.CultureInfo culture) [0x0006a] in <9aad1b3a47484d63ba2b3985692d80e9>:0 
   --- End of inner exception stack trace ---
  at System.Reflection.RuntimeMethodInfo.Invoke (System.Object obj, System.Reflection.BindingFlags invokeAttr, System.Reflection.Binder binder, System.Object[] parameters, System.Globalization.CultureInfo culture) [0x00083] in <9aad1b3a47484d63ba2b3985692d80e9>:0 
  at System.Reflection.MethodBase.Invoke (System.Object obj, System.Object[] parameters) [0x00000] in <9aad1b3a47484d63ba2b3985692d80e9>:0 
  at UnityEditor.EditorAssemblies.ProcessInitializeOnLoadMethodAttributes () [0x000a5] in <0d6ce211ebbc47e1a35a84c3672ff58f>:0 
UnityEngine.StackTraceUtility:ExtractStackTrace ()
UnityEngine.DebugLogHandler:LogFormat (UnityEngine.LogType,UnityEngine.Object,string,object[])
UnityEngine.Logger:Log (UnityEngine.LogType,object)
UnityEngine.Debug:LogError (object)
UnityEditor.EditorAssemblies:ProcessInitializeOnLoadMethodAttributes ()

Mono: successfully reloaded assembly
- Completed reload, in  6.315 seconds
Domain Reload Profiling:
	ReloadAssembly (6317ms)
		BeginReloadAssembly (1833ms)
			ExecutionOrderSort (2ms)
			DisableScriptedObjects (48ms)
			BackupInstance (0ms)
			ReleaseScriptingObjects (0ms)
			CreateAndSetChildDomain (342ms)
		EndReloadAssembly (4200ms)
			LoadAssemblies (1864ms)
			RebuildTransferFunctionScriptingTraits (0ms)
			SetupTypeCache (704ms)
			ReleaseScriptCaches (3ms)
			RebuildScriptCaches (85ms)
			SetupLoadedEditorAssemblies (1043ms)
				LogAssemblyErrors (0ms)
				InitializePlatformSupportModulesInManaged (36ms)
				SetLoadedEditorAssemblies (1ms)
				RefreshPlugins (3ms)
				BeforeProcessingInitializeOnLoad (158ms)
				ProcessInitializeOnLoadAttributes (657ms)
				ProcessInitializeOnLoadMethodAttributes (172ms)
				AfterProcessingInitializeOnLoad (16ms)
				EditorAssembliesLoaded (0ms)
			ExecutionOrderSort2 (0ms)
			AwakeInstancesAfterBackupRestoration (24ms)
Platform modules already initialized, skipping
Refreshing native plugins compatible for Editor in 129.47 ms, found 13 plugins.
Preloading 1 native plugins for Editor in 0.14 ms.
Unloading 6604 Unused Serialized files (Serialized files now loaded: 0)
Unloading 78 unused Assets / (1.4 MB). Loaded Objects now: 7369.
Memory consumption went from 275.5 MB to 274.1 MB.
Total: 17.086700 ms (FindLiveObjects: 1.635700 ms CreateObjectMapping: 1.222400 ms MarkObjects: 12.618400 ms  DeleteObjects: 1.608100 ms)

AssetImportParameters requested are different than current active one (requested -> active):
  custom:video-decoder-ogg-theora: a1e56fd34408186e4bbccfd4996cb3dc -> 
  custom:container-muxer-webm: aa71ff27fc2769a1b78a27578f13a17b -> 
  custom:container-demuxer-webm: 4f35f7cbe854078d1ac9338744f61a02 -> 
  custom:video-encoder-webm-vp8: eb34c28f22e8b96e1ab97ce403110664 -> 
  custom:audio-encoder-webm-vorbis: bf7c407c2cedff20999df2af8eb42d56 -> 
  custom:framework-win-MediaFoundation: 216162199b28c13a410421893ffa2e32 -> 
  custom:container-demuxer-ogg: 62fdf1f143b41e24485cea50d1cbac27 -> 
  custom:video-decoder-webm-vp8: 9c59270c3fd7afecdb556c50c9e8de78 -> 
  custom:audio-decoder-ogg-vorbis: bf7c407c2cedff20999df2af8eb42d56 -> 
========================================================================
Received Prepare
Default GameObject BitMask: bossChair already registered
Registering precompiled user dll's ...
Registered in 0.151580 seconds.
Begin MonoManager ReloadAssembly
Symbol file LoadedFromMemory doesn't match image D:\Unf0und_VR\Unf0und_VR\Library\PackageCache\com.unity.visualscripting@1.7.8\Editor\VisualScripting.Core\Dependencies\DotNetZip\Unity.VisualScripting.IonicZip.dll
Symbol file LoadedFromMemory doesn't match image D:\Unf0und_VR\Unf0und_VR\Library\PackageCache\com.unity.visualscripting@1.7.8\Editor\VisualScripting.Core\Dependencies\YamlDotNet\Unity.VisualScripting.YamlDotNet.dll
Native extension for WindowsStandalone target not found
Native extension for Android target not found
Refreshing native plugins compatible for Editor in 5.07 ms, found 13 plugins.
Preloading 1 native plugins for Editor in 0.11 ms.
System.Reflection.TargetInvocationException: Exception has been thrown by the target of an invocation. ---> System.NullReferenceException: Object reference not set to an instance of an object
  at Unity.XR.Oculus.OculusLoader.AssetPathToAbsolutePath (System.String assetPath) [0x0003d] in D:\Unf0und_VR\Unf0und_VR\Library\PackageCache\com.unity.xr.oculus@3.0.2\Runtime\OculusLoader.cs:271 
  at Unity.XR.Oculus.OculusLoader.EditorLoadOVRPlugin () [0x0007b] in D:\Unf0und_VR\Unf0und_VR\Library\PackageCache\com.unity.xr.oculus@3.0.2\Runtime\OculusLoader.cs:256 
  at (wrapper managed-to-native) System.Reflection.RuntimeMethodInfo.InternalInvoke(System.Reflection.RuntimeMethodInfo,object,object[],System.Exception&)
  at System.Reflection.RuntimeMethodInfo.Invoke (System.Object obj, System.Reflection.BindingFlags invokeAttr, System.Reflection.Binder binder, System.Object[] parameters, System.Globalization.CultureInfo culture) [0x0006a] in <9aad1b3a47484d63ba2b3985692d80e9>:0 
   --- End of inner exception stack trace ---
  at System.Reflection.RuntimeMethodInfo.Invoke (System.Object obj, System.Reflection.BindingFlags invokeAttr, System.Reflection.Binder binder, System.Object[] parameters, System.Globalization.CultureInfo culture) [0x00083] in <9aad1b3a47484d63ba2b3985692d80e9>:0 
  at System.Reflection.MethodBase.Invoke (System.Object obj, System.Object[] parameters) [0x00000] in <9aad1b3a47484d63ba2b3985692d80e9>:0 
  at UnityEditor.EditorAssemblies.ProcessInitializeOnLoadMethodAttributes () [0x000a5] in <0d6ce211ebbc47e1a35a84c3672ff58f>:0 
UnityEngine.StackTraceUtility:ExtractStackTrace ()
UnityEngine.DebugLogHandler:LogFormat (UnityEngine.LogType,UnityEngine.Object,string,object[])
UnityEngine.Logger:Log (UnityEngine.LogType,object)
UnityEngine.Debug:LogError (object)
UnityEditor.EditorAssemblies:ProcessInitializeOnLoadMethodAttributes ()

Mono: successfully reloaded assembly
- Completed reload, in  2.686 seconds
Domain Reload Profiling:
	ReloadAssembly (2687ms)
		BeginReloadAssembly (345ms)
			ExecutionOrderSort (0ms)
			DisableScriptedObjects (6ms)
			BackupInstance (0ms)
			ReleaseScriptingObjects (0ms)
			CreateAndSetChildDomain (84ms)
		EndReloadAssembly (2163ms)
			LoadAssemblies (289ms)
			RebuildTransferFunctionScriptingTraits (0ms)
			SetupTypeCache (600ms)
			ReleaseScriptCaches (4ms)
			RebuildScriptCaches (102ms)
			SetupLoadedEditorAssemblies (967ms)
				LogAssemblyErrors (0ms)
				InitializePlatformSupportModulesInManaged (35ms)
				SetLoadedEditorAssemblies (1ms)
				RefreshPlugins (5ms)
				BeforeProcessingInitializeOnLoad (158ms)
				ProcessInitializeOnLoadAttributes (586ms)
				ProcessInitializeOnLoadMethodAttributes (164ms)
				AfterProcessingInitializeOnLoad (16ms)
				EditorAssembliesLoaded (0ms)
			ExecutionOrderSort2 (0ms)
			AwakeInstancesAfterBackupRestoration (22ms)
Platform modules already initialized, skipping
Refreshing native plugins compatible for Editor in 12.78 ms, found 13 plugins.
Preloading 1 native plugins for Editor in 0.09 ms.
Unloading 6604 Unused Serialized files (Serialized files now loaded: 0)
Unloading 78 unused Assets / (1.4 MB). Loaded Objects now: 7386.
Memory consumption went from 275.6 MB to 274.2 MB.
Total: 9.817900 ms (FindLiveObjects: 0.755400 ms CreateObjectMapping: 0.205800 ms MarkObjects: 7.876800 ms  DeleteObjects: 0.978600 ms)

AssetImportParameters requested are different than current active one (requested -> active):
  custom:video-decoder-ogg-theora: a1e56fd34408186e4bbccfd4996cb3dc -> 
  custom:container-muxer-webm: aa71ff27fc2769a1b78a27578f13a17b -> 
  custom:container-demuxer-webm: 4f35f7cbe854078d1ac9338744f61a02 -> 
  custom:video-encoder-webm-vp8: eb34c28f22e8b96e1ab97ce403110664 -> 
  custom:audio-encoder-webm-vorbis: bf7c407c2cedff20999df2af8eb42d56 -> 
  custom:framework-win-MediaFoundation: 216162199b28c13a410421893ffa2e32 -> 
  custom:container-demuxer-ogg: 62fdf1f143b41e24485cea50d1cbac27 -> 
  custom:video-decoder-webm-vp8: 9c59270c3fd7afecdb556c50c9e8de78 -> 
  custom:audio-decoder-ogg-vorbis: bf7c407c2cedff20999df2af8eb42d56 -> 
========================================================================
Received Import Request.
  Time since last request: 935.984482 seconds.
  path: Assets/Models/Cine/Mbutaca/Un_butaca.fbx
  artifactKey: Guid(65376ceed2fe9614489dede9498311a1) Importer(815301076,1909f56bfc062723c751e8b465ee728b)
Start importing Assets/Models/Cine/Mbutaca/Un_butaca.fbx using Guid(65376ceed2fe9614489dede9498311a1) Importer(815301076,1909f56bfc062723c751e8b465ee728b)  -> (artifact id: 'd96fa91081bc751e7ce0595dd5cd892c') in 0.666393 seconds 
========================================================================
Received Import Request.
  Time since last request: 128.475006 seconds.
  path: Assets/Models/FinalBoss/Ch44_1001_Diffuse.png
  artifactKey: Guid(56986de1e2e172b43a7bbc989713b65c) Importer(815301076,1909f56bfc062723c751e8b465ee728b)
Start importing Assets/Models/FinalBoss/Ch44_1001_Diffuse.png using Guid(56986de1e2e172b43a7bbc989713b65c) Importer(815301076,1909f56bfc062723c751e8b465ee728b)  -> (artifact id: 'ce8abbdc94c7a0fefd2092bb5242e91e') in 0.320311 seconds 
========================================================================
Received Import Request.
  Time since last request: 0.000067 seconds.
  path: Assets/Models/FinalBoss/Ch44_1002_Specular.png
  artifactKey: Guid(f56beeaad46b0a34f9f54c3c7c6729e6) Importer(815301076,1909f56bfc062723c751e8b465ee728b)
Start importing Assets/Models/FinalBoss/Ch44_1002_Specular.png using Guid(f56beeaad46b0a34f9f54c3c7c6729e6) Importer(815301076,1909f56bfc062723c751e8b465ee728b)  -> (artifact id: '214aba4ea909a2d3a29e758c297112b6') in 0.099972 seconds 
========================================================================
Received Import Request.
  Time since last request: 0.000050 seconds.
  path: Assets/Models/FinalBoss/Ch44_1002_Emissive.png
  artifactKey: Guid(a342af5afaba65d4bbebdc31db85573f) Importer(815301076,1909f56bfc062723c751e8b465ee728b)
Start importing Assets/Models/FinalBoss/Ch44_1002_Emissive.png using Guid(a342af5afaba65d4bbebdc31db85573f) Importer(815301076,1909f56bfc062723c751e8b465ee728b)  -> (artifact id: '078d077133a37808b93b5d0cb07eec30') in 0.233558 seconds 
========================================================================
Received Import Request.
  Time since last request: 0.000038 seconds.
  path: Assets/Models/FinalBoss/Ch44_1001_Specular.png
  artifactKey: Guid(06c34baf423edba4d97a2fee4c281378) Importer(815301076,1909f56bfc062723c751e8b465ee728b)
Start importing Assets/Models/FinalBoss/Ch44_1001_Specular.png using Guid(06c34baf423edba4d97a2fee4c281378) Importer(815301076,1909f56bfc062723c751e8b465ee728b)  -> (artifact id: '3b70649ea6fc3e59ab8d4316219a2c5c') in 0.100665 seconds 
========================================================================
Received Import Request.
  Time since last request: 0.000036 seconds.
  path: Assets/Models/FinalBoss/Ch44_1001_Normal.png
  artifactKey: Guid(09a8d3c448f22b147b604c1ed5c0ed54) Importer(815301076,1909f56bfc062723c751e8b465ee728b)
Start importing Assets/Models/FinalBoss/Ch44_1001_Normal.png using Guid(09a8d3c448f22b147b604c1ed5c0ed54) Importer(815301076,1909f56bfc062723c751e8b465ee728b)  -> (artifact id: 'c9e9c735098157cd7c3cee83a88e8306') in 0.209892 seconds 
========================================================================
Received Import Request.
  Time since last request: 0.000042 seconds.
  path: Assets/Models/FinalBoss/Ch44_1002_Diffuse.png
  artifactKey: Guid(013c0c99fd996a243b9acf6004c74867) Importer(815301076,1909f56bfc062723c751e8b465ee728b)
Start importing Assets/Models/FinalBoss/Ch44_1002_Diffuse.png using Guid(013c0c99fd996a243b9acf6004c74867) Importer(815301076,1909f56bfc062723c751e8b465ee728b)  -> (artifact id: '544959ae488f5ed8201e72a7d0ba52ac') in 0.149833 seconds 
========================================================================
Received Import Request.
  Time since last request: 0.000061 seconds.
  path: Assets/Models/FinalBoss/Ch44_1002_Glossiness.png
  artifactKey: Guid(5abe37d6cd1b4424894c9492e697d724) Importer(815301076,1909f56bfc062723c751e8b465ee728b)
Start importing Assets/Models/FinalBoss/Ch44_1002_Glossiness.png using Guid(5abe37d6cd1b4424894c9492e697d724) Importer(815301076,1909f56bfc062723c751e8b465ee728b)  -> (artifact id: 'dec84dcaaa802c65abbebf15ca0bad77') in 0.060147 seconds 
========================================================================
Received Import Request.
  Time since last request: 0.000027 seconds.
  path: Assets/Models/FinalBoss/Ch44_1002_Normal.png
  artifactKey: Guid(82e5bedc2c3cd1444b1eba002ee51dad) Importer(815301076,1909f56bfc062723c751e8b465ee728b)
Start importing Assets/Models/FinalBoss/Ch44_1002_Normal.png using Guid(82e5bedc2c3cd1444b1eba002ee51dad) Importer(815301076,1909f56bfc062723c751e8b465ee728b)  -> (artifact id: 'e5ba0c6b750ca0231505c3bb3f4abf78') in 0.095633 seconds 
========================================================================
Received Import Request.
  Time since last request: 0.705103 seconds.
  path: Assets/Models/Door/Puerta2.fbx
  artifactKey: Guid(efd9880b20196d34894b65b892c31450) Importer(815301076,1909f56bfc062723c751e8b465ee728b)
Start importing Assets/Models/Door/Puerta2.fbx using Guid(efd9880b20196d34894b65b892c31450) Importer(815301076,1909f56bfc062723c751e8b465ee728b)  -> (artifact id: '697fc96bda2342cb61371435814db232') in 0.216892 seconds 
========================================================================
Received Import Request.
  Time since last request: 2.699119 seconds.
  path: Assets/Models/Chair/Theater_Chair.fbx
  artifactKey: Guid(56b41b8fe9376fb4fb4a8c379b898271) Importer(815301076,1909f56bfc062723c751e8b465ee728b)
Start importing Assets/Models/Chair/Theater_Chair.fbx using Guid(56b41b8fe9376fb4fb4a8c379b898271) Importer(815301076,1909f56bfc062723c751e8b465ee728b)  -> (artifact id: '79229b76d1321dea81c7fb5a8bc4153f') in 0.399112 seconds 
========================================================================
Received Import Request.
  Time since last request: 1.289794 seconds.
  path: Assets/Models/brother/Looking Through Files Low.fbx
  artifactKey: Guid(ed24c59a129959945bd93e5b31c2bde6) Importer(815301076,1909f56bfc062723c751e8b465ee728b)
Start importing Assets/Models/brother/Looking Through Files Low.fbx using Guid(ed24c59a129959945bd93e5b31c2bde6) Importer(815301076,1909f56bfc062723c751e8b465ee728b)  -> (artifact id: '85148f47d264f358b60b38600f236e30') in 1.369722 seconds 
========================================================================
Received Import Request.
  Time since last request: 0.000031 seconds.
  path: Assets/Models/brother/Walking (5).fbx
  artifactKey: Guid(82477b8e5707b21408471592b1fb3d33) Importer(815301076,1909f56bfc062723c751e8b465ee728b)
Start importing Assets/Models/brother/Walking (5).fbx using Guid(82477b8e5707b21408471592b1fb3d33) Importer(815301076,1909f56bfc062723c751e8b465ee728b)  -> (artifact id: '6790a1d9772cc9bd1cc8aaa6b2851456') in 0.263805 seconds 
========================================================================
Received Import Request.
  Time since last request: 1.052513 seconds.
  path: Assets/Models/cage/source
  artifactKey: Guid(f64c016f71e736844869021e92de0201) Importer(815301076,1909f56bfc062723c751e8b465ee728b)
Start importing Assets/Models/cage/source using Guid(f64c016f71e736844869021e92de0201) Importer(815301076,1909f56bfc062723c751e8b465ee728b)  -> (artifact id: '0ce9a50b006672a87ac3c02771e94031') in 0.018256 seconds 
========================================================================
Received Import Request.
  Time since last request: 0.000039 seconds.
  path: Assets/Models/cage/source/cage.mat
  artifactKey: Guid(144e33f9432bd1243a1ba6182112d588) Importer(815301076,1909f56bfc062723c751e8b465ee728b)
Start importing Assets/Models/cage/source/cage.mat using Guid(144e33f9432bd1243a1ba6182112d588) Importer(815301076,1909f56bfc062723c751e8b465ee728b)  -> (artifact id: 'f4d1eb20673498cc9ede88510df5b317') in 0.416969 seconds 
========================================================================
Received Import Request.
  Time since last request: 53.396310 seconds.
  path: Assets/Models/cage/source/UN_cine_luz cine.fbx
  artifactKey: Guid(e3a0ec2bd2cf3e54cba18604a710303a) Importer(815301076,1909f56bfc062723c751e8b465ee728b)
Start importing Assets/Models/cage/source/UN_cine_luz cine.fbx using Guid(e3a0ec2bd2cf3e54cba18604a710303a) Importer(815301076,1909f56bfc062723c751e8b465ee728b)  -> (artifact id: '0140d0d2b8036add83659502010c9359') in 0.074163 seconds 
========================================================================
Received Import Request.
  Time since last request: 355.009535 seconds.
  path: Assets/Models/brother/source/source/Evan Afton/0081-leather-texture-seamless-hr.jpg
  artifactKey: Guid(591c00982bd6f1c44a52ded1527898a4) Importer(815301076,1909f56bfc062723c751e8b465ee728b)
Start importing Assets/Models/brother/source/source/Evan Afton/0081-leather-texture-seamless-hr.jpg using Guid(591c00982bd6f1c44a52ded1527898a4) Importer(815301076,1909f56bfc062723c751e8b465ee728b)  -> (artifact id: 'fd05cfb39de95df8ca22e6560d032885') in 0.076704 seconds 
========================================================================
Received Import Request.
  Time since last request: 0.000051 seconds.
  path: Assets/AnyUI/AnyUILibrary/AnyUIHemisphere.prefab
  artifactKey: Guid(b79e4ef2569abcc4592cf9bb15a8021b) Importer(815301076,1909f56bfc062723c751e8b465ee728b)
Start importing Assets/AnyUI/AnyUILibrary/AnyUIHemisphere.prefab using Guid(b79e4ef2569abcc4592cf9bb15a8021b) Importer(815301076,1909f56bfc062723c751e8b465ee728b)  -> (artifact id: 'b7bc6894cfcef0833b662b6b4fca34ab') in 0.270369 seconds 
========================================================================
Received Import Request.
  Time since last request: 0.000064 seconds.
  path: Assets/Models/brother/source/source/Evan Afton/Materials/Schermafbeelding 2022-02-05 124714.mat
  artifactKey: Guid(5d2f904bd6469724aa57fd5be5935d91) Importer(815301076,1909f56bfc062723c751e8b465ee728b)
Start importing Assets/Models/brother/source/source/Evan Afton/Materials/Schermafbeelding 2022-02-05 124714.mat using Guid(5d2f904bd6469724aa57fd5be5935d91) Importer(815301076,1909f56bfc062723c751e8b465ee728b)  -> (artifact id: '62f097edf18b66d433ae963164fb4c75') in 0.086077 seconds 
========================================================================
Received Import Request.
  Time since last request: 0.000052 seconds.
  path: Assets/Models/brother/source/source/Evan Afton/Schermafbeelding 2022-02-05 124438.png
  artifactKey: Guid(210ed68324843424ba190905cb121a75) Importer(815301076,1909f56bfc062723c751e8b465ee728b)
Start importing Assets/Models/brother/source/source/Evan Afton/Schermafbeelding 2022-02-05 124438.png using Guid(210ed68324843424ba190905cb121a75) Importer(815301076,1909f56bfc062723c751e8b465ee728b)  -> (artifact id: '7412f542feef7d85243edbe983a54e80') in 0.050543 seconds 
========================================================================
Received Import Request.
  Time since last request: 0.000047 seconds.
  path: Assets/Models/brother/source/source/Evan Afton/Schermafbeelding 2022-02-05 124714.png
  artifactKey: Guid(58e6d48d1b40805429dd9c812468da4e) Importer(815301076,1909f56bfc062723c751e8b465ee728b)
Start importing Assets/Models/brother/source/source/Evan Afton/Schermafbeelding 2022-02-05 124714.png using Guid(58e6d48d1b40805429dd9c812468da4e) Importer(815301076,1909f56bfc062723c751e8b465ee728b)  -> (artifact id: 'ff9429c91781599f92cba198b2a6b7e2') in 0.031794 seconds 
========================================================================
Received Import Request.
  Time since last request: 0.000048 seconds.
  path: Assets/Audios/susurro mujer/Comehere001 (1) (mp3cut.net).mp3
  artifactKey: Guid(ae37666832cfb644ebbc8ed483a36386) Importer(815301076,1909f56bfc062723c751e8b465ee728b)
Start importing Assets/Audios/susurro mujer/Comehere001 (1) (mp3cut.net).mp3 using Guid(ae37666832cfb644ebbc8ed483a36386) Importer(815301076,1909f56bfc062723c751e8b465ee728b)  -> (artifact id: 'f4cddf7a71d54f77fb65ff749359aa29') in 0.339425 seconds 
========================================================================
Received Import Request.
  Time since last request: 0.000070 seconds.
  path: Assets/Models/brother/textures/Schermafbeelding 2022-02-05 124924.png
  artifactKey: Guid(309c4111ce27a5848ac2ce00a3104aed) Importer(815301076,1909f56bfc062723c751e8b465ee728b)
Start importing Assets/Models/brother/textures/Schermafbeelding 2022-02-05 124924.png using Guid(309c4111ce27a5848ac2ce00a3104aed) Importer(815301076,1909f56bfc062723c751e8b465ee728b)  -> (artifact id: 'f68643e16e6220d7a2176b842399c434') in 0.022657 seconds 
========================================================================
Received Import Request.
  Time since last request: 0.000041 seconds.
  path: Assets/AnyUI/Demo/AnyUIDemoRenderTexturesAndMaterials/AnyUI_MaterialAnyUISphered1ec0547-adfe-4612-b213-89c92238ecfe.mat
  artifactKey: Guid(931ac72a3973e7448baac6e8bd99fc0f) Importer(815301076,1909f56bfc062723c751e8b465ee728b)
Start importing Assets/AnyUI/Demo/AnyUIDemoRenderTexturesAndMaterials/AnyUI_MaterialAnyUISphered1ec0547-adfe-4612-b213-89c92238ecfe.mat using Guid(931ac72a3973e7448baac6e8bd99fc0f) Importer(815301076,1909f56bfc062723c751e8b465ee728b)  -> (artifact id: '4431a2e759d68da405f6d42a969811de') in 0.051301 seconds 
========================================================================
Received Import Request.
  Time since last request: 0.000052 seconds.
  path: Assets/Models/brother/source/textures/Schermafbeelding 2022-02-05 124855.png
  artifactKey: Guid(868a6f71367178f4f8913354210e01b5) Importer(815301076,1909f56bfc062723c751e8b465ee728b)
Start importing Assets/Models/brother/source/textures/Schermafbeelding 2022-02-05 124855.png using Guid(868a6f71367178f4f8913354210e01b5) Importer(815301076,1909f56bfc062723c751e8b465ee728b)  -> (artifact id: 'bb8f864c1177d21bfd703ab37ded7f7a') in 0.056973 seconds 
========================================================================
Received Import Request.
  Time since last request: 0.000108 seconds.
  path: Assets/Models/brother/textures/Schermafbeelding 2022-02-05 124855.png
  artifactKey: Guid(8abcd1bae3eae5d4b8c0f62ba55af90a) Importer(815301076,1909f56bfc062723c751e8b465ee728b)
Start importing Assets/Models/brother/textures/Schermafbeelding 2022-02-05 124855.png using Guid(8abcd1bae3eae5d4b8c0f62ba55af90a) Importer(815301076,1909f56bfc062723c751e8b465ee728b)  -> (artifact id: '7e0ac0fc3430bcaa11c91846e7c5bbbc') in 0.026250 seconds 
========================================================================
Received Import Request.
  Time since last request: 0.000050 seconds.
  path: Assets/Models/brother/source/textures/Schermafbeelding 2022-02-05 124924.png
  artifactKey: Guid(ace90fb0363e6cb4b8baa3c7275b57e8) Importer(815301076,1909f56bfc062723c751e8b465ee728b)
Start importing Assets/Models/brother/source/textures/Schermafbeelding 2022-02-05 124924.png using Guid(ace90fb0363e6cb4b8baa3c7275b57e8) Importer(815301076,1909f56bfc062723c751e8b465ee728b)  -> (artifact id: '40166a9971da2b29b99df480f6f07609') in 0.022526 seconds 
========================================================================
Received Import Request.
  Time since last request: 0.000055 seconds.
  path: Assets/Scenes/Scripts/ShootingMinigame/Objects/Dummy/Robot/source/IRB120_platform_simple_v03.fbx
  artifactKey: Guid(1b34c0b9e4c3ea741acd0879daee1319) Importer(815301076,1909f56bfc062723c751e8b465ee728b)
Start importing Assets/Scenes/Scripts/ShootingMinigame/Objects/Dummy/Robot/source/IRB120_platform_simple_v03.fbx using Guid(1b34c0b9e4c3ea741acd0879daee1319) Importer(815301076,1909f56bfc062723c751e8b465ee728b)  -> (artifact id: 'e5fd5c151f604e01e75c93ae18018fc3') in 4.024353 seconds 
========================================================================
Received Import Request.
  Time since last request: 217.330838 seconds.
  path: Assets/Models/brother/Terrified.fbx
  artifactKey: Guid(8ee60f751fd3d064f860804239d4b707) Importer(815301076,1909f56bfc062723c751e8b465ee728b)
Start importing Assets/Models/brother/Terrified.fbx using Guid(8ee60f751fd3d064f860804239d4b707) Importer(815301076,1909f56bfc062723c751e8b465ee728b)  -> (artifact id: '514a8823024d7a9a3b192415b58300ac') in 0.036258 seconds 
========================================================================
Received Import Request.
  Time since last request: 114.515146 seconds.
  path: Assets/Models/brother/Terrified (1).fbx
  artifactKey: Guid(19a4d60f737704a40bf4b91a9928e4f4) Importer(815301076,1909f56bfc062723c751e8b465ee728b)
Start importing Assets/Models/brother/Terrified (1).fbx using Guid(19a4d60f737704a40bf4b91a9928e4f4) Importer(815301076,1909f56bfc062723c751e8b465ee728b)  -> (artifact id: 'ed8f4e8c6526a69184cf775e985cc673') in 0.469261 seconds 
========================================================================
Received Import Request.
  Time since last request: 84.548816 seconds.
  path: Assets/Models/Boss/scream.anim
  artifactKey: Guid(26262a047654a3648ac945b02cb7b8bc) Importer(815301076,1909f56bfc062723c751e8b465ee728b)
Start importing Assets/Models/Boss/scream.anim using Guid(26262a047654a3648ac945b02cb7b8bc) Importer(815301076,1909f56bfc062723c751e8b465ee728b)  -> (artifact id: '19ac44a8c3019df3c5a770cf17ef1a8a') in 0.380093 seconds 
========================================================================
Received Import Request.
  Time since last request: 0.000053 seconds.
  path: Assets/Models/Boss/ZombieScreamMixamo.fbx
  artifactKey: Guid(e18e1bbfda5261242b06207786d5fe0c) Importer(815301076,1909f56bfc062723c751e8b465ee728b)
Start importing Assets/Models/Boss/ZombieScreamMixamo.fbx using Guid(e18e1bbfda5261242b06207786d5fe0c) Importer(815301076,1909f56bfc062723c751e8b465ee728b)  -> (artifact id: '6fc578da7fb744bb760452816d9394d6') in 0.133815 seconds 
========================================================================
Received Import Request.
  Time since last request: 254.487329 seconds.
  path: Assets/Models/brother/Terrified (1).fbx
  artifactKey: Guid(19a4d60f737704a40bf4b91a9928e4f4) Importer(815301076,1909f56bfc062723c751e8b465ee728b)
Start importing Assets/Models/brother/Terrified (1).fbx using Guid(19a4d60f737704a40bf4b91a9928e4f4) Importer(815301076,1909f56bfc062723c751e8b465ee728b)  -> (artifact id: '8414bbdfb6c6f30de013090427be7bd6') in 0.249381 seconds 
========================================================================
Received Import Request.
  Time since last request: 47.107809 seconds.
  path: Assets/Models/brother/UN_Cinema_Jaula.fbx
  artifactKey: Guid(98863df51802f744a85235c1a46186c0) Importer(815301076,1909f56bfc062723c751e8b465ee728b)
Start importing Assets/Models/brother/UN_Cinema_Jaula.fbx using Guid(98863df51802f744a85235c1a46186c0) Importer(815301076,1909f56bfc062723c751e8b465ee728b)  -> (artifact id: 'f7255b1ee5d3dd316fc34bc35ac2560b') in 0.230730 seconds 
========================================================================
Received Import Request.
  Time since last request: 290.756370 seconds.
  path: Assets/Scenes/Scripts/ShootingMinigame/Objects/Map/UN_ShootingRange 1.fbx
  artifactKey: Guid(55c39b33b325f5e4481925a281367227) Importer(815301076,1909f56bfc062723c751e8b465ee728b)
Start importing Assets/Scenes/Scripts/ShootingMinigame/Objects/Map/UN_ShootingRange 1.fbx using Guid(55c39b33b325f5e4481925a281367227) Importer(815301076,1909f56bfc062723c751e8b465ee728b)  -> (artifact id: '18ff90fcb98836e4782b00f85d0775de') in 4.171063 seconds 
