Using pre-set license
Built from '2021.3/staging' branch; Version is '2021.3.9f1 (ad3870b89536) revision 11352176'; Using compiler version '192829333'; Build Type 'Release'
OS: 'Windows 10  (10.0.19044) 64bit Professional' Language: 'ca' Physical Memory: 32442 MB
BatchMode: 1, IsHumanControllingUs: 0, StartBugReporterOnCrash: 0, Is64bit: 1, IsPro: 1

COMMAND LINE ARGUMENTS:
C:\Program Files\Unity\Hub\Editor\2021.3.9f1\Editor\Unity.exe
-adb2
-batchMode
-noUpm
-name
AssetImportWorker1
-projectPath
D:/Usuaris/super/Documents/GitHub/Unf0und_VR/Unf0und_VR
-logFile
Logs/AssetImportWorker1.log
-srvPort
60347
Successfully changed project path to: D:/Usuaris/super/Documents/GitHub/Unf0und_VR/Unf0und_VR
D:/Usuaris/super/Documents/GitHub/Unf0und_VR/Unf0und_VR
[UnityMemory] Configuration Parameters - Can be set up in boot.config
    "memorysetup-bucket-allocator-granularity=16"
    "memorysetup-bucket-allocator-bucket-count=8"
    "memorysetup-bucket-allocator-block-size=33554432"
    "memorysetup-bucket-allocator-block-count=8"
    "memorysetup-main-allocator-block-size=16777216"
    "memorysetup-thread-allocator-block-size=16777216"
    "memorysetup-gfx-main-allocator-block-size=16777216"
    "memorysetup-gfx-thread-allocator-block-size=16777216"
    "memorysetup-cache-allocator-block-size=4194304"
    "memorysetup-typetree-allocator-block-size=2097152"
    "memorysetup-profiler-bucket-allocator-granularity=16"
    "memorysetup-profiler-bucket-allocator-bucket-count=8"
    "memorysetup-profiler-bucket-allocator-block-size=33554432"
    "memorysetup-profiler-bucket-allocator-block-count=8"
    "memorysetup-profiler-allocator-block-size=16777216"
    "memorysetup-profiler-editor-allocator-block-size=1048576"
    "memorysetup-temp-allocator-size-main=16777216"
    "memorysetup-job-temp-allocator-block-size=2097152"
    "memorysetup-job-temp-allocator-block-size-background=1048576"
    "memorysetup-job-temp-allocator-reduction-small-platforms=262144"
    "memorysetup-temp-allocator-size-background-worker=32768"
    "memorysetup-temp-allocator-size-job-worker=262144"
    "memorysetup-temp-allocator-size-preload-manager=33554432"
    "memorysetup-temp-allocator-size-nav-mesh-worker=65536"
    "memorysetup-temp-allocator-size-audio-worker=65536"
    "memorysetup-temp-allocator-size-cloud-worker=32768"
    "memorysetup-temp-allocator-size-gi-baking-worker=262144"
    "memorysetup-temp-allocator-size-gfx=262144"
Refreshing native plugins compatible for Editor in 548.35 ms, found 11 plugins.
Preloading 1 native plugins for Editor in 0.82 ms.
Initialize engine version: 2021.3.9f1 (ad3870b89536)
[Subsystems] Discovering subsystems at path C:/Program Files/Unity/Hub/Editor/2021.3.9f1/Editor/Data/Resources/UnitySubsystems
[Subsystems] Discovering subsystems at path D:/Usuaris/super/Documents/GitHub/Unf0und_VR/Unf0und_VR/Assets
GfxDevice: creating device client; threaded=0; jobified=0
Direct3D:
    Version:  Direct3D 11.0 [level 11.1]
    Renderer: NVIDIA T1000 8GB (ID=0x1ff0)
    Vendor:   NVIDIA
    VRAM:     8042 MB
    Driver:   30.0.14.7239
Initialize mono
Mono path[0] = 'C:/Program Files/Unity/Hub/Editor/2021.3.9f1/Editor/Data/Managed'
Mono path[1] = 'C:/Program Files/Unity/Hub/Editor/2021.3.9f1/Editor/Data/MonoBleedingEdge/lib/mono/unityjit-win32'
Mono config path = 'C:/Program Files/Unity/Hub/Editor/2021.3.9f1/Editor/Data/MonoBleedingEdge/etc'
Using monoOptions --debugger-agent=transport=dt_socket,embedding=1,server=y,suspend=n,address=127.0.0.1:56000
Begin MonoManager ReloadAssembly
Registering precompiled unity dll's ...
Register platform support module: C:/Program Files/Unity/Hub/Editor/2021.3.9f1/Editor/Data/PlaybackEngines/AndroidPlayer/UnityEditor.Android.Extensions.dll
Register platform support module: C:/Program Files/Unity/Hub/Editor/2021.3.9f1/Editor/Data/PlaybackEngines/WindowsStandaloneSupport/UnityEditor.WindowsStandalone.Extensions.dll
Registered in 0.038871 seconds.
Native extension for WindowsStandalone target not found
Native extension for Android target not found
Refreshing native plugins compatible for Editor in 123.35 ms, found 11 plugins.
Preloading 1 native plugins for Editor in 0.18 ms.
Mono: successfully reloaded assembly
- Completed reload, in  1.591 seconds
Domain Reload Profiling:
	ReloadAssembly (1591ms)
		BeginReloadAssembly (822ms)
			ExecutionOrderSort (0ms)
			DisableScriptedObjects (0ms)
			BackupInstance (0ms)
			ReleaseScriptingObjects (0ms)
			CreateAndSetChildDomain (1ms)
		EndReloadAssembly (602ms)
			LoadAssemblies (819ms)
			RebuildTransferFunctionScriptingTraits (0ms)
			SetupTypeCache (159ms)
			ReleaseScriptCaches (0ms)
			RebuildScriptCaches (30ms)
			SetupLoadedEditorAssemblies (353ms)
				LogAssemblyErrors (0ms)
				InitializePlatformSupportModulesInManaged (64ms)
				SetLoadedEditorAssemblies (2ms)
				RefreshPlugins (124ms)
				BeforeProcessingInitializeOnLoad (2ms)
				ProcessInitializeOnLoadAttributes (109ms)
				ProcessInitializeOnLoadMethodAttributes (53ms)
				AfterProcessingInitializeOnLoad (0ms)
				EditorAssembliesLoaded (0ms)
			ExecutionOrderSort2 (0ms)
			AwakeInstancesAfterBackupRestoration (0ms)
Platform modules already initialized, skipping
Registering precompiled user dll's ...
Registered in 0.170606 seconds.
Android Extension - Scanning For ADB Devices 4594 ms
Begin MonoManager ReloadAssembly
Symbol file LoadedFromMemory doesn't match image D:\Usuaris\super\Documents\GitHub\Unf0und_VR\Unf0und_VR\Library\PackageCache\com.unity.visualscripting@1.7.8\Editor\VisualScripting.Core\Dependencies\DotNetZip\Unity.VisualScripting.IonicZip.dll
Symbol file LoadedFromMemory doesn't match image D:\Usuaris\super\Documents\GitHub\Unf0und_VR\Unf0und_VR\Library\PackageCache\com.unity.visualscripting@1.7.8\Editor\VisualScripting.Core\Dependencies\YamlDotNet\Unity.VisualScripting.YamlDotNet.dll
Native extension for WindowsStandalone target not found
Native extension for Android target not found
Refreshing native plugins compatible for Editor in 132.27 ms, found 11 plugins.
Preloading 1 native plugins for Editor in 0.06 ms.
Package Manager log level set to [2]
System.Reflection.TargetInvocationException: Exception has been thrown by the target of an invocation. ---> System.NullReferenceException: Object reference not set to an instance of an object
  at Unity.XR.Oculus.OculusLoader.AssetPathToAbsolutePath (System.String assetPath) [0x0003d] in D:\Usuaris\super\Documents\GitHub\Unf0und_VR\Unf0und_VR\Library\PackageCache\com.unity.xr.oculus@3.0.2\Runtime\OculusLoader.cs:271 
  at Unity.XR.Oculus.OculusLoader.EditorLoadOVRPlugin () [0x0007b] in D:\Usuaris\super\Documents\GitHub\Unf0und_VR\Unf0und_VR\Library\PackageCache\com.unity.xr.oculus@3.0.2\Runtime\OculusLoader.cs:256 
  at (wrapper managed-to-native) System.Reflection.RuntimeMethodInfo.InternalInvoke(System.Reflection.RuntimeMethodInfo,object,object[],System.Exception&)
  at System.Reflection.RuntimeMethodInfo.Invoke (System.Object obj, System.Reflection.BindingFlags invokeAttr, System.Reflection.Binder binder, System.Object[] parameters, System.Globalization.CultureInfo culture) [0x0006a] in <9aad1b3a47484d63ba2b3985692d80e9>:0 
   --- End of inner exception stack trace ---
  at System.Reflection.RuntimeMethodInfo.Invoke (System.Object obj, System.Reflection.BindingFlags invokeAttr, System.Reflection.Binder binder, System.Object[] parameters, System.Globalization.CultureInfo culture) [0x00083] in <9aad1b3a47484d63ba2b3985692d80e9>:0 
  at System.Reflection.MethodBase.Invoke (System.Object obj, System.Object[] parameters) [0x00000] in <9aad1b3a47484d63ba2b3985692d80e9>:0 
  at UnityEditor.EditorAssemblies.ProcessInitializeOnLoadMethodAttributes () [0x000a5] in <0d6ce211ebbc47e1a35a84c3672ff58f>:0 
UnityEngine.StackTraceUtility:ExtractStackTrace ()
UnityEngine.DebugLogHandler:LogFormat (UnityEngine.LogType,UnityEngine.Object,string,object[])
UnityEngine.Logger:Log (UnityEngine.LogType,object)
UnityEngine.Debug:LogError (object)
UnityEditor.EditorAssemblies:ProcessInitializeOnLoadMethodAttributes ()

Mono: successfully reloaded assembly
- Completed reload, in  3.236 seconds
Domain Reload Profiling:
	ReloadAssembly (3237ms)
		BeginReloadAssembly (115ms)
			ExecutionOrderSort (0ms)
			DisableScriptedObjects (7ms)
			BackupInstance (0ms)
			ReleaseScriptingObjects (0ms)
			CreateAndSetChildDomain (19ms)
		EndReloadAssembly (2944ms)
			LoadAssemblies (1220ms)
			RebuildTransferFunctionScriptingTraits (0ms)
			SetupTypeCache (402ms)
			ReleaseScriptCaches (1ms)
			RebuildScriptCaches (88ms)
			SetupLoadedEditorAssemblies (1166ms)
				LogAssemblyErrors (0ms)
				InitializePlatformSupportModulesInManaged (16ms)
				SetLoadedEditorAssemblies (0ms)
				RefreshPlugins (132ms)
				BeforeProcessingInitializeOnLoad (141ms)
				ProcessInitializeOnLoadAttributes (495ms)
				ProcessInitializeOnLoadMethodAttributes (373ms)
				AfterProcessingInitializeOnLoad (9ms)
				EditorAssembliesLoaded (0ms)
			ExecutionOrderSort2 (0ms)
			AwakeInstancesAfterBackupRestoration (6ms)
Platform modules already initialized, skipping
========================================================================
Worker process is ready to serve import requests
Launched and connected shader compiler UnityShaderCompiler.exe after 0.04 seconds
Refreshing native plugins compatible for Editor in 1.37 ms, found 11 plugins.
Preloading 1 native plugins for Editor in 0.10 ms.
Unloading 6189 Unused Serialized files (Serialized files now loaded: 0)
Unloading 78 unused Assets / (1.1 MB). Loaded Objects now: 6626.
Memory consumption went from 242.0 MB to 240.9 MB.
Total: 6.765700 ms (FindLiveObjects: 0.893300 ms CreateObjectMapping: 0.283800 ms MarkObjects: 5.048000 ms  DeleteObjects: 0.539300 ms)

AssetImportParameters requested are different than current active one (requested -> active):
  custom:video-decoder-ogg-theora: a1e56fd34408186e4bbccfd4996cb3dc -> 
  custom:container-muxer-webm: aa71ff27fc2769a1b78a27578f13a17b -> 
  custom:container-demuxer-webm: 4f35f7cbe854078d1ac9338744f61a02 -> 
  custom:video-encoder-webm-vp8: eb34c28f22e8b96e1ab97ce403110664 -> 
  custom:audio-encoder-webm-vorbis: bf7c407c2cedff20999df2af8eb42d56 -> 
  custom:framework-win-MediaFoundation: 216162199b28c13a410421893ffa2e32 -> 
  custom:container-demuxer-ogg: 62fdf1f143b41e24485cea50d1cbac27 -> 
  custom:video-decoder-webm-vp8: 9c59270c3fd7afecdb556c50c9e8de78 -> 
  custom:audio-decoder-ogg-vorbis: bf7c407c2cedff20999df2af8eb42d56 -> 
========================================================================
Received Import Request.
  Time since last request: 4791.423149 seconds.
  path: Assets/Scenes/Entregas/Beta.unity
  artifactKey: Guid(758458100dc06ef48bd8e95b12c0035f) Importer(815301076,1909f56bfc062723c751e8b465ee728b)
Start importing Assets/Scenes/Entregas/Beta.unity using Guid(758458100dc06ef48bd8e95b12c0035f) Importer(815301076,1909f56bfc062723c751e8b465ee728b)  -> (artifact id: 'e0cdb29729fabf6dffd24a9149f88960') in 0.010261 seconds 
========================================================================
Received Import Request.
  Time since last request: 61.460896 seconds.
  path: Assets/AnyUI/Demo/AnyUILogo.png
  artifactKey: Guid(ab58766bbe258d543baf271d130b809f) Importer(815301076,1909f56bfc062723c751e8b465ee728b)
Start importing Assets/AnyUI/Demo/AnyUILogo.png using Guid(ab58766bbe258d543baf271d130b809f) Importer(815301076,1909f56bfc062723c751e8b465ee728b)  -> (artifact id: '0b2983f4665d2ad0c272d4afde19ad6a') in 0.160299 seconds 
========================================================================
Received Import Request.
  Time since last request: 0.000029 seconds.
  path: Assets/Textures/Park/Arenal/Arenal_UV_SpecularSmoothness.tga
  artifactKey: Guid(d51353a9e5cd2ce48b727ab045eeb732) Importer(815301076,1909f56bfc062723c751e8b465ee728b)
Start importing Assets/Textures/Park/Arenal/Arenal_UV_SpecularSmoothness.tga using Guid(d51353a9e5cd2ce48b727ab045eeb732) Importer(815301076,1909f56bfc062723c751e8b465ee728b)  -> (artifact id: '2bb76f29249e5a09c53ae458eaeaac1e') in 0.342193 seconds 
========================================================================
Received Import Request.
  Time since last request: 0.000046 seconds.
  path: Assets/Sprites/IconHierarchy/Minigames/basket.png
  artifactKey: Guid(c527e72e5c426264db46a01cf47e7755) Importer(815301076,1909f56bfc062723c751e8b465ee728b)
Start importing Assets/Sprites/IconHierarchy/Minigames/basket.png using Guid(c527e72e5c426264db46a01cf47e7755) Importer(815301076,1909f56bfc062723c751e8b465ee728b)  -> (artifact id: 'ba147f3ece14ab3cc41e264b50b0f311') in 0.020053 seconds 
========================================================================
Received Import Request.
  Time since last request: 0.000032 seconds.
  path: Assets/Sprites/IconHierarchy/audioManager.png
  artifactKey: Guid(f1a4d05545494224f993598db8c5395e) Importer(815301076,1909f56bfc062723c751e8b465ee728b)
Start importing Assets/Sprites/IconHierarchy/audioManager.png using Guid(f1a4d05545494224f993598db8c5395e) Importer(815301076,1909f56bfc062723c751e8b465ee728b)  -> (artifact id: '1a8c425f4cadaaa8cf3d2fa99b7ea5c0') in 0.010413 seconds 
========================================================================
Received Import Request.
  Time since last request: 0.000027 seconds.
  path: Assets/AnyUI/Demo/CurvedScreen/Assets/arrow.png
  artifactKey: Guid(db66af99a41c67e489d67f5336c4eaf3) Importer(815301076,1909f56bfc062723c751e8b465ee728b)
Start importing Assets/AnyUI/Demo/CurvedScreen/Assets/arrow.png using Guid(db66af99a41c67e489d67f5336c4eaf3) Importer(815301076,1909f56bfc062723c751e8b465ee728b)  -> (artifact id: 'cffca6c833dc17f7c76a9dfcd3ea8d48') in 0.018124 seconds 
========================================================================
Received Import Request.
  Time since last request: 0.000027 seconds.
  path: Assets/AnyUI/Demo/CurvedScreen/Assets/boxOutline.png
  artifactKey: Guid(433108266502db1418ce1f0dd8fea1eb) Importer(815301076,1909f56bfc062723c751e8b465ee728b)
Start importing Assets/AnyUI/Demo/CurvedScreen/Assets/boxOutline.png using Guid(433108266502db1418ce1f0dd8fea1eb) Importer(815301076,1909f56bfc062723c751e8b465ee728b)  -> (artifact id: '1b017471602a4745503dbd58f83a83e5') in 0.048393 seconds 
Editor requested this worker to shutdown with reason: Scaling down because of idle timeout
AssetImportWorkerClient::OnTransportError - code=2 error=End of file
AssetImportWorker is now disconnected from the server
Process exiting
Exiting without the bug reporter. Application will terminate with return code 0