Using pre-set license
Built from '2021.3/staging' branch; Version is '2021.3.9f1 (ad3870b89536) revision 11352176'; Using compiler version '192829333'; Build Type 'Release'
OS: 'Windows 10  (10.0.19044) 64bit Professional' Language: 'ca' Physical Memory: 32442 MB
BatchMode: 1, IsHumanControllingUs: 0, StartBugReporterOnCrash: 0, Is64bit: 1, IsPro: 1

COMMAND LINE ARGUMENTS:
C:\Program Files\Unity\Hub\Editor\2021.3.9f1-x86_64\Editor\Unity.exe
-adb2
-batchMode
-noUpm
-name
AssetImportWorker12
-projectPath
D:/Usuaris/super/Documents/GitHub/Unf0und_VR/Unf0und_VR
-logFile
Logs/AssetImportWorker12.log
-srvPort
49749
Successfully changed project path to: D:/Usuaris/super/Documents/GitHub/Unf0und_VR/Unf0und_VR
D:/Usuaris/super/Documents/GitHub/Unf0und_VR/Unf0und_VR
[UnityMemory] Configuration Parameters - Can be set up in boot.config
    "memorysetup-bucket-allocator-granularity=16"
    "memorysetup-bucket-allocator-bucket-count=8"
    "memorysetup-bucket-allocator-block-size=33554432"
    "memorysetup-bucket-allocator-block-count=8"
    "memorysetup-main-allocator-block-size=16777216"
    "memorysetup-thread-allocator-block-size=16777216"
    "memorysetup-gfx-main-allocator-block-size=16777216"
    "memorysetup-gfx-thread-allocator-block-size=16777216"
    "memorysetup-cache-allocator-block-size=4194304"
    "memorysetup-typetree-allocator-block-size=2097152"
    "memorysetup-profiler-bucket-allocator-granularity=16"
    "memorysetup-profiler-bucket-allocator-bucket-count=8"
    "memorysetup-profiler-bucket-allocator-block-size=33554432"
    "memorysetup-profiler-bucket-allocator-block-count=8"
    "memorysetup-profiler-allocator-block-size=16777216"
    "memorysetup-profiler-editor-allocator-block-size=1048576"
    "memorysetup-temp-allocator-size-main=16777216"
    "memorysetup-job-temp-allocator-block-size=2097152"
    "memorysetup-job-temp-allocator-block-size-background=1048576"
    "memorysetup-job-temp-allocator-reduction-small-platforms=262144"
    "memorysetup-temp-allocator-size-background-worker=32768"
    "memorysetup-temp-allocator-size-job-worker=262144"
    "memorysetup-temp-allocator-size-preload-manager=33554432"
    "memorysetup-temp-allocator-size-nav-mesh-worker=65536"
    "memorysetup-temp-allocator-size-audio-worker=65536"
    "memorysetup-temp-allocator-size-cloud-worker=32768"
    "memorysetup-temp-allocator-size-gi-baking-worker=262144"
    "memorysetup-temp-allocator-size-gfx=262144"
Refreshing native plugins compatible for Editor in 225.77 ms, found 13 plugins.
Preloading 1 native plugins for Editor in 4.84 ms.
Initialize engine version: 2021.3.9f1 (ad3870b89536)
[Subsystems] Discovering subsystems at path C:/Program Files/Unity/Hub/Editor/2021.3.9f1-x86_64/Editor/Data/Resources/UnitySubsystems
[Subsystems] Discovering subsystems at path D:/Usuaris/super/Documents/GitHub/Unf0und_VR/Unf0und_VR/Assets
GfxDevice: creating device client; threaded=0; jobified=0
Direct3D:
    Version:  Direct3D 11.0 [level 11.1]
    Renderer: NVIDIA T1000 8GB (ID=0x1ff0)
    Vendor:   NVIDIA
    VRAM:     8042 MB
    Driver:   30.0.14.7239
Initialize mono
Mono path[0] = 'C:/Program Files/Unity/Hub/Editor/2021.3.9f1-x86_64/Editor/Data/Managed'
Mono path[1] = 'C:/Program Files/Unity/Hub/Editor/2021.3.9f1-x86_64/Editor/Data/MonoBleedingEdge/lib/mono/unityjit-win32'
Mono config path = 'C:/Program Files/Unity/Hub/Editor/2021.3.9f1-x86_64/Editor/Data/MonoBleedingEdge/etc'
Using monoOptions --debugger-agent=transport=dt_socket,embedding=1,server=y,suspend=n,address=127.0.0.1:56020
Begin MonoManager ReloadAssembly
Registering precompiled unity dll's ...
Register platform support module: C:/Program Files/Unity/Hub/Editor/2021.3.9f1-x86_64/Editor/Data/PlaybackEngines/WindowsStandaloneSupport/UnityEditor.WindowsStandalone.Extensions.dll
Registered in 0.007585 seconds.
Native extension for WindowsStandalone target not found
Refreshing native plugins compatible for Editor in 146.98 ms, found 13 plugins.
Preloading 1 native plugins for Editor in 0.06 ms.
Mono: successfully reloaded assembly
- Completed reload, in  0.920 seconds
Domain Reload Profiling:
	ReloadAssembly (921ms)
		BeginReloadAssembly (107ms)
			ExecutionOrderSort (0ms)
			DisableScriptedObjects (0ms)
			BackupInstance (0ms)
			ReleaseScriptingObjects (0ms)
			CreateAndSetChildDomain (1ms)
		EndReloadAssembly (642ms)
			LoadAssemblies (103ms)
			RebuildTransferFunctionScriptingTraits (0ms)
			SetupTypeCache (157ms)
			ReleaseScriptCaches (0ms)
			RebuildScriptCaches (31ms)
			SetupLoadedEditorAssemblies (381ms)
				LogAssemblyErrors (0ms)
				InitializePlatformSupportModulesInManaged (9ms)
				SetLoadedEditorAssemblies (0ms)
				RefreshPlugins (147ms)
				BeforeProcessingInitializeOnLoad (2ms)
				ProcessInitializeOnLoadAttributes (169ms)
				ProcessInitializeOnLoadMethodAttributes (53ms)
				AfterProcessingInitializeOnLoad (0ms)
				EditorAssembliesLoaded (0ms)
			ExecutionOrderSort2 (0ms)
			AwakeInstancesAfterBackupRestoration (0ms)
Platform modules already initialized, skipping
Registering precompiled user dll's ...
Registered in 0.010547 seconds.
Begin MonoManager ReloadAssembly
Symbol file LoadedFromMemory doesn't match image D:\Usuaris\super\Documents\GitHub\Unf0und_VR\Unf0und_VR\Library\PackageCache\com.unity.visualscripting@1.7.8\Editor\VisualScripting.Core\Dependencies\DotNetZip\Unity.VisualScripting.IonicZip.dll
Symbol file LoadedFromMemory doesn't match image D:\Usuaris\super\Documents\GitHub\Unf0und_VR\Unf0und_VR\Library\PackageCache\com.unity.visualscripting@1.7.8\Editor\VisualScripting.Core\Dependencies\YamlDotNet\Unity.VisualScripting.YamlDotNet.dll
Native extension for WindowsStandalone target not found
Refreshing native plugins compatible for Editor in 148.67 ms, found 13 plugins.
Preloading 1 native plugins for Editor in 0.05 ms.
Package Manager log level set to [2]
System.Reflection.TargetInvocationException: Exception has been thrown by the target of an invocation. ---> System.NullReferenceException: Object reference not set to an instance of an object
  at Unity.XR.Oculus.OculusLoader.AssetPathToAbsolutePath (System.String assetPath) [0x0003d] in D:\Usuaris\super\Documents\GitHub\Unf0und_VR\Unf0und_VR\Library\PackageCache\com.unity.xr.oculus@3.0.2\Runtime\OculusLoader.cs:271 
  at Unity.XR.Oculus.OculusLoader.EditorLoadOVRPlugin () [0x0007b] in D:\Usuaris\super\Documents\GitHub\Unf0und_VR\Unf0und_VR\Library\PackageCache\com.unity.xr.oculus@3.0.2\Runtime\OculusLoader.cs:256 
  at (wrapper managed-to-native) System.Reflection.RuntimeMethodInfo.InternalInvoke(System.Reflection.RuntimeMethodInfo,object,object[],System.Exception&)
  at System.Reflection.RuntimeMethodInfo.Invoke (System.Object obj, System.Reflection.BindingFlags invokeAttr, System.Reflection.Binder binder, System.Object[] parameters, System.Globalization.CultureInfo culture) [0x0006a] in <9aad1b3a47484d63ba2b3985692d80e9>:0 
   --- End of inner exception stack trace ---
  at System.Reflection.RuntimeMethodInfo.Invoke (System.Object obj, System.Reflection.BindingFlags invokeAttr, System.Reflection.Binder binder, System.Object[] parameters, System.Globalization.CultureInfo culture) [0x00083] in <9aad1b3a47484d63ba2b3985692d80e9>:0 
  at System.Reflection.MethodBase.Invoke (System.Object obj, System.Object[] parameters) [0x00000] in <9aad1b3a47484d63ba2b3985692d80e9>:0 
  at UnityEditor.EditorAssemblies.ProcessInitializeOnLoadMethodAttributes () [0x000a5] in <0d6ce211ebbc47e1a35a84c3672ff58f>:0 
UnityEngine.StackTraceUtility:ExtractStackTrace ()
UnityEngine.DebugLogHandler:LogFormat (UnityEngine.LogType,UnityEngine.Object,string,object[])
UnityEngine.Logger:Log (UnityEngine.LogType,object)
UnityEngine.Debug:LogError (object)
UnityEditor.EditorAssemblies:ProcessInitializeOnLoadMethodAttributes ()

Mono: successfully reloaded assembly
- Completed reload, in  2.381 seconds
Domain Reload Profiling:
	ReloadAssembly (2382ms)
		BeginReloadAssembly (119ms)
			ExecutionOrderSort (0ms)
			DisableScriptedObjects (7ms)
			BackupInstance (0ms)
			ReleaseScriptingObjects (0ms)
			CreateAndSetChildDomain (18ms)
		EndReloadAssembly (2125ms)
			LoadAssemblies (102ms)
			RebuildTransferFunctionScriptingTraits (0ms)
			SetupTypeCache (379ms)
			ReleaseScriptCaches (1ms)
			RebuildScriptCaches (100ms)
			SetupLoadedEditorAssemblies (1172ms)
				LogAssemblyErrors (0ms)
				InitializePlatformSupportModulesInManaged (6ms)
				SetLoadedEditorAssemblies (0ms)
				RefreshPlugins (149ms)
				BeforeProcessingInitializeOnLoad (154ms)
				ProcessInitializeOnLoadAttributes (637ms)
				ProcessInitializeOnLoadMethodAttributes (214ms)
				AfterProcessingInitializeOnLoad (11ms)
				EditorAssembliesLoaded (0ms)
			ExecutionOrderSort2 (0ms)
			AwakeInstancesAfterBackupRestoration (14ms)
Platform modules already initialized, skipping
========================================================================
Worker process is ready to serve import requests
Launched and connected shader compiler UnityShaderCompiler.exe after 0.05 seconds
Refreshing native plugins compatible for Editor in 2.38 ms, found 13 plugins.
Preloading 1 native plugins for Editor in 0.09 ms.
Unloading 6748 Unused Serialized files (Serialized files now loaded: 0)
Unloading 89 unused Assets / (0.8 MB). Loaded Objects now: 7216.
Memory consumption went from 289.6 MB to 288.8 MB.
Total: 8.276100 ms (FindLiveObjects: 0.879600 ms CreateObjectMapping: 0.912000 ms MarkObjects: 6.017500 ms  DeleteObjects: 0.465800 ms)

AssetImportParameters requested are different than current active one (requested -> active):
  custom:video-decoder-ogg-theora: a1e56fd34408186e4bbccfd4996cb3dc -> 
  custom:container-muxer-webm: aa71ff27fc2769a1b78a27578f13a17b -> 
  custom:container-demuxer-webm: 4f35f7cbe854078d1ac9338744f61a02 -> 
  custom:video-encoder-webm-vp8: eb34c28f22e8b96e1ab97ce403110664 -> 
  custom:audio-encoder-webm-vorbis: bf7c407c2cedff20999df2af8eb42d56 -> 
  custom:framework-win-MediaFoundation: 216162199b28c13a410421893ffa2e32 -> 
  custom:container-demuxer-ogg: 62fdf1f143b41e24485cea50d1cbac27 -> 
  custom:video-decoder-webm-vp8: 9c59270c3fd7afecdb556c50c9e8de78 -> 
  custom:audio-decoder-ogg-vorbis: bf7c407c2cedff20999df2af8eb42d56 -> 
========================================================================
Received Import Request.
  Time since last request: 4591.308614 seconds.
  path: Assets/AutoHand/Examples/Prefabs/Demo/StabTower.prefab
  artifactKey: Guid(78a6638ced92b9e4b9b75eeaaf28b6a6) Importer(815301076,1909f56bfc062723c751e8b465ee728b)
Start importing Assets/AutoHand/Examples/Prefabs/Demo/StabTower.prefab using Guid(78a6638ced92b9e4b9b75eeaaf28b6a6) Importer(815301076,1909f56bfc062723c751e8b465ee728b)  -> (artifact id: '5b9d1950c15464f7b4b71ad8f05b9e6c') in 0.502333 seconds 
========================================================================
Received Import Request.
  Time since last request: 0.000034 seconds.
  path: Assets/Scenes/Scripts/ShootingMinigame/Prefabs/Pistol/UN_Pistol.fbx
  artifactKey: Guid(6007ec0d9a4381f4793995b679f3fef5) Importer(815301076,1909f56bfc062723c751e8b465ee728b)
Start importing Assets/Scenes/Scripts/ShootingMinigame/Prefabs/Pistol/UN_Pistol.fbx using Guid(6007ec0d9a4381f4793995b679f3fef5) Importer(815301076,1909f56bfc062723c751e8b465ee728b)  -> (artifact id: '3f54adeab325a0e7520749fc36a9a071') in 0.401871 seconds 
========================================================================
Received Prepare
Registering precompiled user dll's ...
Registered in 0.011064 seconds.
Begin MonoManager ReloadAssembly
Symbol file LoadedFromMemory doesn't match image D:\Usuaris\super\Documents\GitHub\Unf0und_VR\Unf0und_VR\Library\PackageCache\com.unity.visualscripting@1.7.8\Editor\VisualScripting.Core\Dependencies\DotNetZip\Unity.VisualScripting.IonicZip.dll
Symbol file LoadedFromMemory doesn't match image D:\Usuaris\super\Documents\GitHub\Unf0und_VR\Unf0und_VR\Library\PackageCache\com.unity.visualscripting@1.7.8\Editor\VisualScripting.Core\Dependencies\YamlDotNet\Unity.VisualScripting.YamlDotNet.dll
Native extension for WindowsStandalone target not found
Refreshing native plugins compatible for Editor in 1.48 ms, found 13 plugins.
Preloading 1 native plugins for Editor in 0.06 ms.
System.Reflection.TargetInvocationException: Exception has been thrown by the target of an invocation. ---> System.NullReferenceException: Object reference not set to an instance of an object
  at Unity.XR.Oculus.OculusLoader.AssetPathToAbsolutePath (System.String assetPath) [0x0003d] in D:\Usuaris\super\Documents\GitHub\Unf0und_VR\Unf0und_VR\Library\PackageCache\com.unity.xr.oculus@3.0.2\Runtime\OculusLoader.cs:271 
  at Unity.XR.Oculus.OculusLoader.EditorLoadOVRPlugin () [0x0007b] in D:\Usuaris\super\Documents\GitHub\Unf0und_VR\Unf0und_VR\Library\PackageCache\com.unity.xr.oculus@3.0.2\Runtime\OculusLoader.cs:256 
  at (wrapper managed-to-native) System.Reflection.RuntimeMethodInfo.InternalInvoke(System.Reflection.RuntimeMethodInfo,object,object[],System.Exception&)
  at System.Reflection.RuntimeMethodInfo.Invoke (System.Object obj, System.Reflection.BindingFlags invokeAttr, System.Reflection.Binder binder, System.Object[] parameters, System.Globalization.CultureInfo culture) [0x0006a] in <9aad1b3a47484d63ba2b3985692d80e9>:0 
   --- End of inner exception stack trace ---
  at System.Reflection.RuntimeMethodInfo.Invoke (System.Object obj, System.Reflection.BindingFlags invokeAttr, System.Reflection.Binder binder, System.Object[] parameters, System.Globalization.CultureInfo culture) [0x00083] in <9aad1b3a47484d63ba2b3985692d80e9>:0 
  at System.Reflection.MethodBase.Invoke (System.Object obj, System.Object[] parameters) [0x00000] in <9aad1b3a47484d63ba2b3985692d80e9>:0 
  at UnityEditor.EditorAssemblies.ProcessInitializeOnLoadMethodAttributes () [0x000a5] in <0d6ce211ebbc47e1a35a84c3672ff58f>:0 
UnityEngine.StackTraceUtility:ExtractStackTrace ()
UnityEngine.DebugLogHandler:LogFormat (UnityEngine.LogType,UnityEngine.Object,string,object[])
UnityEngine.Logger:Log (UnityEngine.LogType,object)
UnityEngine.Debug:LogError (object)
UnityEditor.EditorAssemblies:ProcessInitializeOnLoadMethodAttributes ()

Mono: successfully reloaded assembly
- Completed reload, in  1.741 seconds
Domain Reload Profiling:
	ReloadAssembly (1742ms)
		BeginReloadAssembly (165ms)
			ExecutionOrderSort (0ms)
			DisableScriptedObjects (10ms)
			BackupInstance (0ms)
			ReleaseScriptingObjects (0ms)
			CreateAndSetChildDomain (50ms)
		EndReloadAssembly (1467ms)
			LoadAssemblies (100ms)
			RebuildTransferFunctionScriptingTraits (0ms)
			SetupTypeCache (338ms)
			ReleaseScriptCaches (2ms)
			RebuildScriptCaches (63ms)
			SetupLoadedEditorAssemblies (685ms)
				LogAssemblyErrors (0ms)
				InitializePlatformSupportModulesInManaged (14ms)
				SetLoadedEditorAssemblies (1ms)
				RefreshPlugins (2ms)
				BeforeProcessingInitializeOnLoad (110ms)
				ProcessInitializeOnLoadAttributes (432ms)
				ProcessInitializeOnLoadMethodAttributes (119ms)
				AfterProcessingInitializeOnLoad (8ms)
				EditorAssembliesLoaded (0ms)
			ExecutionOrderSort2 (0ms)
			AwakeInstancesAfterBackupRestoration (24ms)
Platform modules already initialized, skipping
Refreshing native plugins compatible for Editor in 7.25 ms, found 13 plugins.
Preloading 1 native plugins for Editor in 0.06 ms.
Unloading 6565 Unused Serialized files (Serialized files now loaded: 0)
Unloading 67 unused Assets / (0.8 MB). Loaded Objects now: 7295.
Memory consumption went from 284.6 MB to 283.8 MB.
Total: 8.019500 ms (FindLiveObjects: 0.864600 ms CreateObjectMapping: 0.250400 ms MarkObjects: 6.488000 ms  DeleteObjects: 0.414900 ms)

AssetImportParameters requested are different than current active one (requested -> active):
  custom:video-decoder-ogg-theora: a1e56fd34408186e4bbccfd4996cb3dc -> 
  custom:container-muxer-webm: aa71ff27fc2769a1b78a27578f13a17b -> 
  custom:container-demuxer-webm: 4f35f7cbe854078d1ac9338744f61a02 -> 
  custom:video-encoder-webm-vp8: eb34c28f22e8b96e1ab97ce403110664 -> 
  custom:audio-encoder-webm-vorbis: bf7c407c2cedff20999df2af8eb42d56 -> 
  custom:framework-win-MediaFoundation: 216162199b28c13a410421893ffa2e32 -> 
  custom:container-demuxer-ogg: 62fdf1f143b41e24485cea50d1cbac27 -> 
  custom:video-decoder-webm-vp8: 9c59270c3fd7afecdb556c50c9e8de78 -> 
  custom:audio-decoder-ogg-vorbis: bf7c407c2cedff20999df2af8eb42d56 -> 
========================================================================
Received Prepare
Registering precompiled user dll's ...
Registered in 0.010407 seconds.
Begin MonoManager ReloadAssembly
Symbol file LoadedFromMemory doesn't match image D:\Usuaris\super\Documents\GitHub\Unf0und_VR\Unf0und_VR\Library\PackageCache\com.unity.visualscripting@1.7.8\Editor\VisualScripting.Core\Dependencies\DotNetZip\Unity.VisualScripting.IonicZip.dll
Symbol file LoadedFromMemory doesn't match image D:\Usuaris\super\Documents\GitHub\Unf0und_VR\Unf0und_VR\Library\PackageCache\com.unity.visualscripting@1.7.8\Editor\VisualScripting.Core\Dependencies\YamlDotNet\Unity.VisualScripting.YamlDotNet.dll
Native extension for WindowsStandalone target not found
Refreshing native plugins compatible for Editor in 1.73 ms, found 13 plugins.
Preloading 1 native plugins for Editor in 0.07 ms.
System.Reflection.TargetInvocationException: Exception has been thrown by the target of an invocation. ---> System.NullReferenceException: Object reference not set to an instance of an object
  at Unity.XR.Oculus.OculusLoader.AssetPathToAbsolutePath (System.String assetPath) [0x0003d] in D:\Usuaris\super\Documents\GitHub\Unf0und_VR\Unf0und_VR\Library\PackageCache\com.unity.xr.oculus@3.0.2\Runtime\OculusLoader.cs:271 
  at Unity.XR.Oculus.OculusLoader.EditorLoadOVRPlugin () [0x0007b] in D:\Usuaris\super\Documents\GitHub\Unf0und_VR\Unf0und_VR\Library\PackageCache\com.unity.xr.oculus@3.0.2\Runtime\OculusLoader.cs:256 
  at (wrapper managed-to-native) System.Reflection.RuntimeMethodInfo.InternalInvoke(System.Reflection.RuntimeMethodInfo,object,object[],System.Exception&)
  at System.Reflection.RuntimeMethodInfo.Invoke (System.Object obj, System.Reflection.BindingFlags invokeAttr, System.Reflection.Binder binder, System.Object[] parameters, System.Globalization.CultureInfo culture) [0x0006a] in <9aad1b3a47484d63ba2b3985692d80e9>:0 
   --- End of inner exception stack trace ---
  at System.Reflection.RuntimeMethodInfo.Invoke (System.Object obj, System.Reflection.BindingFlags invokeAttr, System.Reflection.Binder binder, System.Object[] parameters, System.Globalization.CultureInfo culture) [0x00083] in <9aad1b3a47484d63ba2b3985692d80e9>:0 
  at System.Reflection.MethodBase.Invoke (System.Object obj, System.Object[] parameters) [0x00000] in <9aad1b3a47484d63ba2b3985692d80e9>:0 
  at UnityEditor.EditorAssemblies.ProcessInitializeOnLoadMethodAttributes () [0x000a5] in <0d6ce211ebbc47e1a35a84c3672ff58f>:0 
UnityEngine.StackTraceUtility:ExtractStackTrace ()
UnityEngine.DebugLogHandler:LogFormat (UnityEngine.LogType,UnityEngine.Object,string,object[])
UnityEngine.Logger:Log (UnityEngine.LogType,object)
UnityEngine.Debug:LogError (object)
UnityEditor.EditorAssemblies:ProcessInitializeOnLoadMethodAttributes ()

Mono: successfully reloaded assembly
- Completed reload, in  1.768 seconds
Domain Reload Profiling:
	ReloadAssembly (1769ms)
		BeginReloadAssembly (153ms)
			ExecutionOrderSort (0ms)
			DisableScriptedObjects (5ms)
			BackupInstance (0ms)
			ReleaseScriptingObjects (0ms)
			CreateAndSetChildDomain (46ms)
		EndReloadAssembly (1505ms)
			LoadAssemblies (105ms)
			RebuildTransferFunctionScriptingTraits (0ms)
			SetupTypeCache (338ms)
			ReleaseScriptCaches (2ms)
			RebuildScriptCaches (62ms)
			SetupLoadedEditorAssemblies (689ms)
				LogAssemblyErrors (0ms)
				InitializePlatformSupportModulesInManaged (14ms)
				SetLoadedEditorAssemblies (1ms)
				RefreshPlugins (2ms)
				BeforeProcessingInitializeOnLoad (109ms)
				ProcessInitializeOnLoadAttributes (436ms)
				ProcessInitializeOnLoadMethodAttributes (119ms)
				AfterProcessingInitializeOnLoad (9ms)
				EditorAssembliesLoaded (0ms)
			ExecutionOrderSort2 (0ms)
			AwakeInstancesAfterBackupRestoration (20ms)
Platform modules already initialized, skipping
Refreshing native plugins compatible for Editor in 5.90 ms, found 13 plugins.
Preloading 1 native plugins for Editor in 0.06 ms.
Unloading 6565 Unused Serialized files (Serialized files now loaded: 0)
Unloading 67 unused Assets / (0.8 MB). Loaded Objects now: 7312.
Memory consumption went from 284.6 MB to 283.8 MB.
Total: 6.968700 ms (FindLiveObjects: 0.823200 ms CreateObjectMapping: 0.287300 ms MarkObjects: 5.456700 ms  DeleteObjects: 0.400200 ms)

AssetImportParameters requested are different than current active one (requested -> active):
  custom:video-decoder-ogg-theora: a1e56fd34408186e4bbccfd4996cb3dc -> 
  custom:container-muxer-webm: aa71ff27fc2769a1b78a27578f13a17b -> 
  custom:container-demuxer-webm: 4f35f7cbe854078d1ac9338744f61a02 -> 
  custom:video-encoder-webm-vp8: eb34c28f22e8b96e1ab97ce403110664 -> 
  custom:audio-encoder-webm-vorbis: bf7c407c2cedff20999df2af8eb42d56 -> 
  custom:framework-win-MediaFoundation: 216162199b28c13a410421893ffa2e32 -> 
  custom:container-demuxer-ogg: 62fdf1f143b41e24485cea50d1cbac27 -> 
  custom:video-decoder-webm-vp8: 9c59270c3fd7afecdb556c50c9e8de78 -> 
  custom:audio-decoder-ogg-vorbis: bf7c407c2cedff20999df2af8eb42d56 -> 
========================================================================
Received Prepare
Registering precompiled user dll's ...
Registered in 0.012244 seconds.
Begin MonoManager ReloadAssembly
Symbol file LoadedFromMemory doesn't match image D:\Usuaris\super\Documents\GitHub\Unf0und_VR\Unf0und_VR\Library\PackageCache\com.unity.visualscripting@1.7.8\Editor\VisualScripting.Core\Dependencies\DotNetZip\Unity.VisualScripting.IonicZip.dll
Symbol file LoadedFromMemory doesn't match image D:\Usuaris\super\Documents\GitHub\Unf0und_VR\Unf0und_VR\Library\PackageCache\com.unity.visualscripting@1.7.8\Editor\VisualScripting.Core\Dependencies\YamlDotNet\Unity.VisualScripting.YamlDotNet.dll
Native extension for WindowsStandalone target not found
Refreshing native plugins compatible for Editor in 1.54 ms, found 13 plugins.
Preloading 1 native plugins for Editor in 0.07 ms.
System.Reflection.TargetInvocationException: Exception has been thrown by the target of an invocation. ---> System.NullReferenceException: Object reference not set to an instance of an object
  at Unity.XR.Oculus.OculusLoader.AssetPathToAbsolutePath (System.String assetPath) [0x0003d] in D:\Usuaris\super\Documents\GitHub\Unf0und_VR\Unf0und_VR\Library\PackageCache\com.unity.xr.oculus@3.0.2\Runtime\OculusLoader.cs:271 
  at Unity.XR.Oculus.OculusLoader.EditorLoadOVRPlugin () [0x0007b] in D:\Usuaris\super\Documents\GitHub\Unf0und_VR\Unf0und_VR\Library\PackageCache\com.unity.xr.oculus@3.0.2\Runtime\OculusLoader.cs:256 
  at (wrapper managed-to-native) System.Reflection.RuntimeMethodInfo.InternalInvoke(System.Reflection.RuntimeMethodInfo,object,object[],System.Exception&)
  at System.Reflection.RuntimeMethodInfo.Invoke (System.Object obj, System.Reflection.BindingFlags invokeAttr, System.Reflection.Binder binder, System.Object[] parameters, System.Globalization.CultureInfo culture) [0x0006a] in <9aad1b3a47484d63ba2b3985692d80e9>:0 
   --- End of inner exception stack trace ---
  at System.Reflection.RuntimeMethodInfo.Invoke (System.Object obj, System.Reflection.BindingFlags invokeAttr, System.Reflection.Binder binder, System.Object[] parameters, System.Globalization.CultureInfo culture) [0x00083] in <9aad1b3a47484d63ba2b3985692d80e9>:0 
  at System.Reflection.MethodBase.Invoke (System.Object obj, System.Object[] parameters) [0x00000] in <9aad1b3a47484d63ba2b3985692d80e9>:0 
  at UnityEditor.EditorAssemblies.ProcessInitializeOnLoadMethodAttributes () [0x000a5] in <0d6ce211ebbc47e1a35a84c3672ff58f>:0 
UnityEngine.StackTraceUtility:ExtractStackTrace ()
UnityEngine.DebugLogHandler:LogFormat (UnityEngine.LogType,UnityEngine.Object,string,object[])
UnityEngine.Logger:Log (UnityEngine.LogType,object)
UnityEngine.Debug:LogError (object)
UnityEditor.EditorAssemblies:ProcessInitializeOnLoadMethodAttributes ()

Mono: successfully reloaded assembly
- Completed reload, in  1.937 seconds
Domain Reload Profiling:
	ReloadAssembly (1938ms)
		BeginReloadAssembly (173ms)
			ExecutionOrderSort (0ms)
			DisableScriptedObjects (7ms)
			BackupInstance (0ms)
			ReleaseScriptingObjects (0ms)
			CreateAndSetChildDomain (60ms)
		EndReloadAssembly (1626ms)
			LoadAssemblies (106ms)
			RebuildTransferFunctionScriptingTraits (0ms)
			SetupTypeCache (356ms)
			ReleaseScriptCaches (3ms)
			RebuildScriptCaches (68ms)
			SetupLoadedEditorAssemblies (816ms)
				LogAssemblyErrors (0ms)
				InitializePlatformSupportModulesInManaged (14ms)
				SetLoadedEditorAssemblies (1ms)
				RefreshPlugins (2ms)
				BeforeProcessingInitializeOnLoad (111ms)
				ProcessInitializeOnLoadAttributes (539ms)
				ProcessInitializeOnLoadMethodAttributes (141ms)
				AfterProcessingInitializeOnLoad (9ms)
				EditorAssembliesLoaded (0ms)
			ExecutionOrderSort2 (0ms)
			AwakeInstancesAfterBackupRestoration (26ms)
Platform modules already initialized, skipping
Refreshing native plugins compatible for Editor in 6.67 ms, found 13 plugins.
Preloading 1 native plugins for Editor in 0.07 ms.
Unloading 6580 Unused Serialized files (Serialized files now loaded: 0)
Unloading 75 unused Assets / (2.5 MB). Loaded Objects now: 7347.
Memory consumption went from 288.1 MB to 285.6 MB.
Total: 7.545300 ms (FindLiveObjects: 0.820800 ms CreateObjectMapping: 0.290500 ms MarkObjects: 5.751200 ms  DeleteObjects: 0.681300 ms)

AssetImportParameters requested are different than current active one (requested -> active):
  custom:video-decoder-ogg-theora: a1e56fd34408186e4bbccfd4996cb3dc -> 
  custom:container-muxer-webm: aa71ff27fc2769a1b78a27578f13a17b -> 
  custom:container-demuxer-webm: 4f35f7cbe854078d1ac9338744f61a02 -> 
  custom:video-encoder-webm-vp8: eb34c28f22e8b96e1ab97ce403110664 -> 
  custom:audio-encoder-webm-vorbis: bf7c407c2cedff20999df2af8eb42d56 -> 
  custom:framework-win-MediaFoundation: 216162199b28c13a410421893ffa2e32 -> 
  custom:container-demuxer-ogg: 62fdf1f143b41e24485cea50d1cbac27 -> 
  custom:video-decoder-webm-vp8: 9c59270c3fd7afecdb556c50c9e8de78 -> 
  custom:audio-decoder-ogg-vorbis: bf7c407c2cedff20999df2af8eb42d56 -> 
========================================================================
Received Import Request.
  Time since last request: 622.967115 seconds.
  path: Assets/Visual Design Cafe/Nature Renderer/Editor Resources/Unity VSP Badge.png
  artifactKey: Guid(86b5a92c2a67e844fbedae11089e4551) Importer(815301076,1909f56bfc062723c751e8b465ee728b)
Start importing Assets/Visual Design Cafe/Nature Renderer/Editor Resources/Unity VSP Badge.png using Guid(86b5a92c2a67e844fbedae11089e4551) Importer(815301076,1909f56bfc062723c751e8b465ee728b)  -> (artifact id: '965daf0f61680f0a1d17b994b45b3365') in 0.095277 seconds 
========================================================================
Received Import Request.
  Time since last request: 4.636436 seconds.
  path: Assets/Visual Design Cafe/Nature Renderer/Resources/Nature Renderer Instancing.compute
  artifactKey: Guid(a671038a69583dc4ab6241cb321d2a85) Importer(815301076,1909f56bfc062723c751e8b465ee728b)
Start importing Assets/Visual Design Cafe/Nature Renderer/Resources/Nature Renderer Instancing.compute using Guid(a671038a69583dc4ab6241cb321d2a85) Importer(815301076,1909f56bfc062723c751e8b465ee728b)  -> (artifact id: 'ee37bc24f5e8ed302a9f246e6c63010e') in 0.003492 seconds 
========================================================================
Received Import Request.
  Time since last request: 2.999049 seconds.
  path: Assets/Visual Design Cafe/Nature Renderer/Resources/Nature Renderer Templates/Grass Patch Large.fbx
  artifactKey: Guid(1fecb7808d26bad4883e8ba13d4db2fe) Importer(815301076,1909f56bfc062723c751e8b465ee728b)
Start importing Assets/Visual Design Cafe/Nature Renderer/Resources/Nature Renderer Templates/Grass Patch Large.fbx using Guid(1fecb7808d26bad4883e8ba13d4db2fe) Importer(815301076,1909f56bfc062723c751e8b465ee728b)  -> (artifact id: 'ba556bdbd039a3c9ab5d095f4fcc806e') in 1.492849 seconds 
========================================================================
Received Import Request.
  Time since last request: 0.000032 seconds.
  path: Assets/Visual Design Cafe/Nature Renderer/Resources/Nature Renderer Templates/Grass Patch Small.fbx
  artifactKey: Guid(034920dfd3e4ecb4b931c766a5b08f50) Importer(815301076,1909f56bfc062723c751e8b465ee728b)
Start importing Assets/Visual Design Cafe/Nature Renderer/Resources/Nature Renderer Templates/Grass Patch Small.fbx using Guid(034920dfd3e4ecb4b931c766a5b08f50) Importer(815301076,1909f56bfc062723c751e8b465ee728b)  -> (artifact id: '424c708dc51a754b769cf68fa388a3e0') in 0.040892 seconds 
========================================================================
Received Import Request.
  Time since last request: 29.961662 seconds.
  path: Assets/Visual Design Cafe/Nature Renderer Demo/Realistic/Art/Trees/Cypress.prefab
  artifactKey: Guid(5f935f8fac3d57e47bf64ce987cf46a8) Importer(815301076,1909f56bfc062723c751e8b465ee728b)
Start importing Assets/Visual Design Cafe/Nature Renderer Demo/Realistic/Art/Trees/Cypress.prefab using Guid(5f935f8fac3d57e47bf64ce987cf46a8) Importer(815301076,1909f56bfc062723c751e8b465ee728b)  -> (artifact id: '6c7f17ef51855ce1da479f477fcbaa4d') in 2.451592 seconds 
========================================================================
Received Import Request.
  Time since last request: 0.000036 seconds.
  path: Assets/Visual Design Cafe/Nature Renderer Demo/Realistic/Art/Trees/Source Assets/Cypress.fbx
  artifactKey: Guid(edae4aeba61861a448b96cc6df69c608) Importer(815301076,1909f56bfc062723c751e8b465ee728b)
Start importing Assets/Visual Design Cafe/Nature Renderer Demo/Realistic/Art/Trees/Source Assets/Cypress.fbx using Guid(edae4aeba61861a448b96cc6df69c608) Importer(815301076,1909f56bfc062723c751e8b465ee728b)  -> (artifact id: 'a1a478bb8ec378196305cfd2001ae768') in 1.310000 seconds 
========================================================================
Received Import Request.
  Time since last request: 0.000037 seconds.
  path: Assets/Scenes/Scripts/ShootingMinigame/Testing/Prefabs/Materials/bulletMarks.mat
  artifactKey: Guid(d8e668281bae5b94dabc984ac138cd26) Importer(815301076,1909f56bfc062723c751e8b465ee728b)
Start importing Assets/Scenes/Scripts/ShootingMinigame/Testing/Prefabs/Materials/bulletMarks.mat using Guid(d8e668281bae5b94dabc984ac138cd26) Importer(815301076,1909f56bfc062723c751e8b465ee728b)  -> (artifact id: '46376f68a6b804b537db390bfb07e643') in 0.083453 seconds 
========================================================================
Received Import Request.
  Time since last request: 0.000029 seconds.
  path: Assets/Visual Design Cafe/Nature Renderer Demo/Realistic/Timeline/Camera Gizmo.mat
  artifactKey: Guid(3f90e092079cb3d4ca36fbbea6236408) Importer(815301076,1909f56bfc062723c751e8b465ee728b)
Start importing Assets/Visual Design Cafe/Nature Renderer Demo/Realistic/Timeline/Camera Gizmo.mat using Guid(3f90e092079cb3d4ca36fbbea6236408) Importer(815301076,1909f56bfc062723c751e8b465ee728b)  -> (artifact id: 'e59f4c3ca7abc97c5416b9b8f9e8413e') in 0.026706 seconds 
========================================================================
Received Import Request.
  Time since last request: 0.000032 seconds.
  path: Assets/Visual Design Cafe/Nature Renderer Demo/Realistic/Art/Trees/Source Assets/Conifer_Cap.mat
  artifactKey: Guid(869de798d1018874785f1dfbb10a01a7) Importer(815301076,1909f56bfc062723c751e8b465ee728b)
Start importing Assets/Visual Design Cafe/Nature Renderer Demo/Realistic/Art/Trees/Source Assets/Conifer_Cap.mat using Guid(869de798d1018874785f1dfbb10a01a7) Importer(815301076,1909f56bfc062723c751e8b465ee728b)  -> (artifact id: '4b4939a27dee2772507210fd4c9e04fc') in 0.015240 seconds 
========================================================================
Received Import Request.
  Time since last request: 0.000035 seconds.
  path: Assets/Visual Design Cafe/Nature Renderer Demo/Realistic/Art/Trees/Source Assets/Conifer_Bark.mat
  artifactKey: Guid(c27accfbe09d7274ea785a7b4e21a7c4) Importer(815301076,1909f56bfc062723c751e8b465ee728b)
Start importing Assets/Visual Design Cafe/Nature Renderer Demo/Realistic/Art/Trees/Source Assets/Conifer_Bark.mat using Guid(c27accfbe09d7274ea785a7b4e21a7c4) Importer(815301076,1909f56bfc062723c751e8b465ee728b)  -> (artifact id: 'fc4b6812133a4c0e7a46ab10cfe05fe7') in 0.025322 seconds 
========================================================================
Received Import Request.
  Time since last request: 0.000031 seconds.
  path: Assets/Visual Design Cafe/Nature Renderer Demo/Realistic/Art/Flowering Plants/Source Assets/Flowering Plant 02.mat
  artifactKey: Guid(47f95c06ce016d9448dbc0eb920fa0bd) Importer(815301076,1909f56bfc062723c751e8b465ee728b)
Start importing Assets/Visual Design Cafe/Nature Renderer Demo/Realistic/Art/Flowering Plants/Source Assets/Flowering Plant 02.mat using Guid(47f95c06ce016d9448dbc0eb920fa0bd) Importer(815301076,1909f56bfc062723c751e8b465ee728b)  -> (artifact id: 'd1ea8aeea97ab16594f1fec7d5e11617') in 1.679614 seconds 
========================================================================
Received Import Request.
  Time since last request: 0.000032 seconds.
  path: Assets/Visual Design Cafe/Nature Renderer Demo/Realistic/Settings/Universal Terrain.mat
  artifactKey: Guid(0e7aa49ac539c95448c6a361a634e133) Importer(815301076,1909f56bfc062723c751e8b465ee728b)
Start importing Assets/Visual Design Cafe/Nature Renderer Demo/Realistic/Settings/Universal Terrain.mat using Guid(0e7aa49ac539c95448c6a361a634e133) Importer(815301076,1909f56bfc062723c751e8b465ee728b)  -> (artifact id: 'e25781d0928a60c021c1cf655c88997b') in 0.018895 seconds 
========================================================================
Received Import Request.
  Time since last request: 0.000048 seconds.
  path: Assets/Visual Design Cafe/Nature Renderer Demo/Realistic/Art/Trees/Source Assets/Conifer_Billboard.mat
  artifactKey: Guid(f38129caef3a2854e806254192b46337) Importer(815301076,1909f56bfc062723c751e8b465ee728b)
Start importing Assets/Visual Design Cafe/Nature Renderer Demo/Realistic/Art/Trees/Source Assets/Conifer_Billboard.mat using Guid(f38129caef3a2854e806254192b46337) Importer(815301076,1909f56bfc062723c751e8b465ee728b)  -> (artifact id: '5976bde97762c1334bce0c0985e91894') in 0.489441 seconds 
========================================================================
Received Import Request.
  Time since last request: 0.000034 seconds.
  path: Assets/Visual Design Cafe/Nature Renderer Demo/Realistic/Art/Grass/Source Assets/Detailed Grass 01 LOD0.mat
  artifactKey: Guid(ecbc095465bcd0948b9ae5c6a7504ad9) Importer(815301076,1909f56bfc062723c751e8b465ee728b)
Start importing Assets/Visual Design Cafe/Nature Renderer Demo/Realistic/Art/Grass/Source Assets/Detailed Grass 01 LOD0.mat using Guid(ecbc095465bcd0948b9ae5c6a7504ad9) Importer(815301076,1909f56bfc062723c751e8b465ee728b)  -> (artifact id: '01840142c740ec14431d2813b5003833') in 1.893670 seconds 
========================================================================
Received Import Request.
  Time since last request: 0.000039 seconds.
  path: Assets/Visual Design Cafe/Nature Renderer Demo/Realistic/Art/Trees/Source Assets/Cypress_Forest_Desktop_Billboard.mat
  artifactKey: Guid(7b3b0bbb41aad8d498346c69e3af75aa) Importer(815301076,1909f56bfc062723c751e8b465ee728b)
Start importing Assets/Visual Design Cafe/Nature Renderer Demo/Realistic/Art/Trees/Source Assets/Cypress_Forest_Desktop_Billboard.mat using Guid(7b3b0bbb41aad8d498346c69e3af75aa) Importer(815301076,1909f56bfc062723c751e8b465ee728b)  -> (artifact id: 'a1191af7e63ae4792e3824bfe36056f4') in 0.022683 seconds 
========================================================================
Received Import Request.
  Time since last request: 0.000025 seconds.
  path: Assets/Visual Design Cafe/Nature Renderer Demo/Realistic/Timeline/Line URP.mat
  artifactKey: Guid(90462939b4a17f643b8f3627da48d477) Importer(815301076,1909f56bfc062723c751e8b465ee728b)
Start importing Assets/Visual Design Cafe/Nature Renderer Demo/Realistic/Timeline/Line URP.mat using Guid(90462939b4a17f643b8f3627da48d477) Importer(815301076,1909f56bfc062723c751e8b465ee728b)  -> (artifact id: 'f214a6535685eada1ff9d5f9c3177f44') in 0.021142 seconds 
========================================================================
Received Import Request.
  Time since last request: 0.000033 seconds.
  path: Assets/Visual Design Cafe/Nature Renderer Demo/Realistic/Art/Grass/Source Assets/Detailed Grass 01 LOD1.mat
  artifactKey: Guid(f692413a7eabe3e4f8312dacd24335e6) Importer(815301076,1909f56bfc062723c751e8b465ee728b)
Start importing Assets/Visual Design Cafe/Nature Renderer Demo/Realistic/Art/Grass/Source Assets/Detailed Grass 01 LOD1.mat using Guid(f692413a7eabe3e4f8312dacd24335e6) Importer(815301076,1909f56bfc062723c751e8b465ee728b)  -> (artifact id: 'c2677e1832f6d1e013e9d18b3f3029d4') in 1.637906 seconds 
========================================================================
Received Import Request.
  Time since last request: 0.000030 seconds.
  path: Assets/Visual Design Cafe/Nature Renderer Demo/Realistic/Settings/Universal Sky.mat
  artifactKey: Guid(4eaec2a2266e50b4d865fafeaa7f6141) Importer(815301076,1909f56bfc062723c751e8b465ee728b)
Start importing Assets/Visual Design Cafe/Nature Renderer Demo/Realistic/Settings/Universal Sky.mat using Guid(4eaec2a2266e50b4d865fafeaa7f6141) Importer(815301076,1909f56bfc062723c751e8b465ee728b)  -> (artifact id: '85c46daaa3e9af69409b552ffda27ce6') in 0.016881 seconds 
========================================================================
Received Import Request.
  Time since last request: 0.000040 seconds.
  path: Assets/Visual Design Cafe/Nature Renderer Demo/Realistic/Timeline/Camera Gizmo HD.mat
  artifactKey: Guid(272c68470e4b1314097d5d652e02350b) Importer(815301076,1909f56bfc062723c751e8b465ee728b)
Start importing Assets/Visual Design Cafe/Nature Renderer Demo/Realistic/Timeline/Camera Gizmo HD.mat using Guid(272c68470e4b1314097d5d652e02350b) Importer(815301076,1909f56bfc062723c751e8b465ee728b)  -> (artifact id: '0d0f78a4c2e8688451e4cbd1c9d8d063') in 0.020653 seconds 
========================================================================
Received Import Request.
  Time since last request: 0.000030 seconds.
  path: Assets/Visual Design Cafe/Nature Renderer Demo/Realistic/Art/Trees/Source Assets/Conifer_Branches.mat
  artifactKey: Guid(2d8f43f89265fc742ae7f01886320b95) Importer(815301076,1909f56bfc062723c751e8b465ee728b)
Start importing Assets/Visual Design Cafe/Nature Renderer Demo/Realistic/Art/Trees/Source Assets/Conifer_Branches.mat using Guid(2d8f43f89265fc742ae7f01886320b95) Importer(815301076,1909f56bfc062723c751e8b465ee728b)  -> (artifact id: 'd039b331aa2f5056e83d96e8e2efd618') in 3.178237 seconds 
========================================================================
Received Import Request.
  Time since last request: 31.584063 seconds.
  path: Assets/Visual Design Cafe/Nature Renderer Demo/Realistic/Art/Grass/Source Assets/Detailed Grass 01 Variant 2.fbx
  artifactKey: Guid(61663b936e8ed8e478b3ca473242a904) Importer(815301076,1909f56bfc062723c751e8b465ee728b)
Start importing Assets/Visual Design Cafe/Nature Renderer Demo/Realistic/Art/Grass/Source Assets/Detailed Grass 01 Variant 2.fbx using Guid(61663b936e8ed8e478b3ca473242a904) Importer(815301076,1909f56bfc062723c751e8b465ee728b)  -> (artifact id: '0c0ba1d56ab2ffc8419370ee9244fcd2') in 0.085514 seconds 
Editor requested this worker to shutdown with reason: Scaling down because of idle timeout
AssetImportWorker is now disconnected from the server
Process exiting
Exiting without the bug reporter. Application will terminate with return code 0