Using pre-set license
Built from '2021.3/staging' branch; Version is '2021.3.9f1 (ad3870b89536) revision 11352176'; Using compiler version '192829333'; Build Type 'Release'
OS: 'Windows 10  (10.0.19044) 64bit Professional' Language: 'ca' Physical Memory: 32442 MB
BatchMode: 1, IsHumanControllingUs: 0, StartBugReporterOnCrash: 0, Is64bit: 1, IsPro: 1

COMMAND LINE ARGUMENTS:
C:\Program Files\Unity\Hub\Editor\2021.3.9f1-x86_64\Editor\Unity.exe
-adb2
-batchMode
-noUpm
-name
AssetImportWorker4
-projectPath
D:/Usuaris/super/Documents/GitHub/Unf0und_VR/Unf0und_VR
-logFile
Logs/AssetImportWorker4.log
-srvPort
57342
Successfully changed project path to: D:/Usuaris/super/Documents/GitHub/Unf0und_VR/Unf0und_VR
D:/Usuaris/super/Documents/GitHub/Unf0und_VR/Unf0und_VR
[UnityMemory] Configuration Parameters - Can be set up in boot.config
    "memorysetup-bucket-allocator-granularity=16"
    "memorysetup-bucket-allocator-bucket-count=8"
    "memorysetup-bucket-allocator-block-size=33554432"
    "memorysetup-bucket-allocator-block-count=8"
    "memorysetup-main-allocator-block-size=16777216"
    "memorysetup-thread-allocator-block-size=16777216"
    "memorysetup-gfx-main-allocator-block-size=16777216"
    "memorysetup-gfx-thread-allocator-block-size=16777216"
    "memorysetup-cache-allocator-block-size=4194304"
    "memorysetup-typetree-allocator-block-size=2097152"
    "memorysetup-profiler-bucket-allocator-granularity=16"
    "memorysetup-profiler-bucket-allocator-bucket-count=8"
    "memorysetup-profiler-bucket-allocator-block-size=33554432"
    "memorysetup-profiler-bucket-allocator-block-count=8"
    "memorysetup-profiler-allocator-block-size=16777216"
    "memorysetup-profiler-editor-allocator-block-size=1048576"
    "memorysetup-temp-allocator-size-main=16777216"
    "memorysetup-job-temp-allocator-block-size=2097152"
    "memorysetup-job-temp-allocator-block-size-background=1048576"
    "memorysetup-job-temp-allocator-reduction-small-platforms=262144"
    "memorysetup-temp-allocator-size-background-worker=32768"
    "memorysetup-temp-allocator-size-job-worker=262144"
    "memorysetup-temp-allocator-size-preload-manager=33554432"
    "memorysetup-temp-allocator-size-nav-mesh-worker=65536"
    "memorysetup-temp-allocator-size-audio-worker=65536"
    "memorysetup-temp-allocator-size-cloud-worker=32768"
    "memorysetup-temp-allocator-size-gi-baking-worker=262144"
    "memorysetup-temp-allocator-size-gfx=262144"
Refreshing native plugins compatible for Editor in 213.31 ms, found 13 plugins.
Preloading 1 native plugins for Editor in 0.73 ms.
Initialize engine version: 2021.3.9f1 (ad3870b89536)
[Subsystems] Discovering subsystems at path C:/Program Files/Unity/Hub/Editor/2021.3.9f1-x86_64/Editor/Data/Resources/UnitySubsystems
[Subsystems] Discovering subsystems at path D:/Usuaris/super/Documents/GitHub/Unf0und_VR/Unf0und_VR/Assets
GfxDevice: creating device client; threaded=0; jobified=0
Direct3D:
    Version:  Direct3D 11.0 [level 11.1]
    Renderer: NVIDIA T1000 8GB (ID=0x1ff0)
    Vendor:   NVIDIA
    VRAM:     8042 MB
    Driver:   30.0.14.7239
Initialize mono
Mono path[0] = 'C:/Program Files/Unity/Hub/Editor/2021.3.9f1-x86_64/Editor/Data/Managed'
Mono path[1] = 'C:/Program Files/Unity/Hub/Editor/2021.3.9f1-x86_64/Editor/Data/MonoBleedingEdge/lib/mono/unityjit-win32'
Mono config path = 'C:/Program Files/Unity/Hub/Editor/2021.3.9f1-x86_64/Editor/Data/MonoBleedingEdge/etc'
Using monoOptions --debugger-agent=transport=dt_socket,embedding=1,server=y,suspend=n,address=127.0.0.1:56620
Begin MonoManager ReloadAssembly
Registering precompiled unity dll's ...
Register platform support module: C:/Program Files/Unity/Hub/Editor/2021.3.9f1-x86_64/Editor/Data/PlaybackEngines/AndroidPlayer/UnityEditor.Android.Extensions.dll
Register platform support module: C:/Program Files/Unity/Hub/Editor/2021.3.9f1-x86_64/Editor/Data/PlaybackEngines/WindowsStandaloneSupport/UnityEditor.WindowsStandalone.Extensions.dll
Registered in 0.008761 seconds.
Native extension for WindowsStandalone target not found
Native extension for Android target not found
Refreshing native plugins compatible for Editor in 194.73 ms, found 13 plugins.
Preloading 1 native plugins for Editor in 0.53 ms.
Mono: successfully reloaded assembly
- Completed reload, in  1.086 seconds
Domain Reload Profiling:
	ReloadAssembly (1087ms)
		BeginReloadAssembly (92ms)
			ExecutionOrderSort (0ms)
			DisableScriptedObjects (0ms)
			BackupInstance (0ms)
			ReleaseScriptingObjects (0ms)
			CreateAndSetChildDomain (1ms)
		EndReloadAssembly (812ms)
			LoadAssemblies (90ms)
			RebuildTransferFunctionScriptingTraits (0ms)
			SetupTypeCache (140ms)
			ReleaseScriptCaches (0ms)
			RebuildScriptCaches (61ms)
			SetupLoadedEditorAssemblies (521ms)
				LogAssemblyErrors (0ms)
				InitializePlatformSupportModulesInManaged (86ms)
				SetLoadedEditorAssemblies (0ms)
				RefreshPlugins (195ms)
				BeforeProcessingInitializeOnLoad (1ms)
				ProcessInitializeOnLoadAttributes (173ms)
				ProcessInitializeOnLoadMethodAttributes (65ms)
				AfterProcessingInitializeOnLoad (0ms)
				EditorAssembliesLoaded (0ms)
			ExecutionOrderSort2 (0ms)
			AwakeInstancesAfterBackupRestoration (0ms)
Platform modules already initialized, skipping
Registering precompiled user dll's ...
Registered in 0.011499 seconds.
Begin MonoManager ReloadAssembly
Symbol file LoadedFromMemory doesn't match image D:\Usuaris\super\Documents\GitHub\Unf0und_VR\Unf0und_VR\Library\PackageCache\com.unity.visualscripting@1.7.8\Editor\VisualScripting.Core\Dependencies\DotNetZip\Unity.VisualScripting.IonicZip.dll
Symbol file LoadedFromMemory doesn't match image D:\Usuaris\super\Documents\GitHub\Unf0und_VR\Unf0und_VR\Library\PackageCache\com.unity.visualscripting@1.7.8\Editor\VisualScripting.Core\Dependencies\YamlDotNet\Unity.VisualScripting.YamlDotNet.dll
Native extension for WindowsStandalone target not found
Native extension for Android target not found
Refreshing native plugins compatible for Editor in 200.45 ms, found 13 plugins.
Preloading 1 native plugins for Editor in 0.06 ms.
Package Manager log level set to [2]
System.Reflection.TargetInvocationException: Exception has been thrown by the target of an invocation. ---> System.NullReferenceException: Object reference not set to an instance of an object
  at Unity.XR.Oculus.OculusLoader.AssetPathToAbsolutePath (System.String assetPath) [0x0003d] in D:\Usuaris\super\Documents\GitHub\Unf0und_VR\Unf0und_VR\Library\PackageCache\com.unity.xr.oculus@3.0.2\Runtime\OculusLoader.cs:271 
  at Unity.XR.Oculus.OculusLoader.EditorLoadOVRPlugin () [0x0007b] in D:\Usuaris\super\Documents\GitHub\Unf0und_VR\Unf0und_VR\Library\PackageCache\com.unity.xr.oculus@3.0.2\Runtime\OculusLoader.cs:256 
  at (wrapper managed-to-native) System.Reflection.RuntimeMethodInfo.InternalInvoke(System.Reflection.RuntimeMethodInfo,object,object[],System.Exception&)
  at System.Reflection.RuntimeMethodInfo.Invoke (System.Object obj, System.Reflection.BindingFlags invokeAttr, System.Reflection.Binder binder, System.Object[] parameters, System.Globalization.CultureInfo culture) [0x0006a] in <9aad1b3a47484d63ba2b3985692d80e9>:0 
   --- End of inner exception stack trace ---
  at System.Reflection.RuntimeMethodInfo.Invoke (System.Object obj, System.Reflection.BindingFlags invokeAttr, System.Reflection.Binder binder, System.Object[] parameters, System.Globalization.CultureInfo culture) [0x00083] in <9aad1b3a47484d63ba2b3985692d80e9>:0 
  at System.Reflection.MethodBase.Invoke (System.Object obj, System.Object[] parameters) [0x00000] in <9aad1b3a47484d63ba2b3985692d80e9>:0 
  at UnityEditor.EditorAssemblies.ProcessInitializeOnLoadMethodAttributes () [0x000a5] in <0d6ce211ebbc47e1a35a84c3672ff58f>:0 
UnityEngine.StackTraceUtility:ExtractStackTrace ()
UnityEngine.DebugLogHandler:LogFormat (UnityEngine.LogType,UnityEngine.Object,string,object[])
UnityEngine.Logger:Log (UnityEngine.LogType,object)
UnityEngine.Debug:LogError (object)
UnityEditor.EditorAssemblies:ProcessInitializeOnLoadMethodAttributes ()

Mono: successfully reloaded assembly
- Completed reload, in  2.766 seconds
Domain Reload Profiling:
	ReloadAssembly (2767ms)
		BeginReloadAssembly (201ms)
			ExecutionOrderSort (0ms)
			DisableScriptedObjects (8ms)
			BackupInstance (0ms)
			ReleaseScriptingObjects (0ms)
			CreateAndSetChildDomain (120ms)
		EndReloadAssembly (2382ms)
			LoadAssemblies (102ms)
			RebuildTransferFunctionScriptingTraits (0ms)
			SetupTypeCache (491ms)
			ReleaseScriptCaches (1ms)
			RebuildScriptCaches (125ms)
			SetupLoadedEditorAssemblies (1240ms)
				LogAssemblyErrors (0ms)
				InitializePlatformSupportModulesInManaged (16ms)
				SetLoadedEditorAssemblies (0ms)
				RefreshPlugins (201ms)
				BeforeProcessingInitializeOnLoad (188ms)
				ProcessInitializeOnLoadAttributes (688ms)
				ProcessInitializeOnLoadMethodAttributes (139ms)
				AfterProcessingInitializeOnLoad (9ms)
				EditorAssembliesLoaded (0ms)
			ExecutionOrderSort2 (0ms)
			AwakeInstancesAfterBackupRestoration (6ms)
Platform modules already initialized, skipping
========================================================================
Worker process is ready to serve import requests
Launched and connected shader compiler UnityShaderCompiler.exe after 0.04 seconds
Refreshing native plugins compatible for Editor in 1.65 ms, found 13 plugins.
Preloading 1 native plugins for Editor in 0.07 ms.
Unloading 6771 Unused Serialized files (Serialized files now loaded: 0)
Unloading 92 unused Assets / (1.1 MB). Loaded Objects now: 7246.
Memory consumption went from 297.4 MB to 296.2 MB.
Total: 7.689700 ms (FindLiveObjects: 0.951600 ms CreateObjectMapping: 0.394200 ms MarkObjects: 5.765000 ms  DeleteObjects: 0.577400 ms)

AssetImportParameters requested are different than current active one (requested -> active):
  custom:video-decoder-ogg-theora: a1e56fd34408186e4bbccfd4996cb3dc -> 
  custom:container-muxer-webm: aa71ff27fc2769a1b78a27578f13a17b -> 
  custom:container-demuxer-webm: 4f35f7cbe854078d1ac9338744f61a02 -> 
  custom:video-encoder-webm-vp8: eb34c28f22e8b96e1ab97ce403110664 -> 
  custom:audio-encoder-webm-vorbis: bf7c407c2cedff20999df2af8eb42d56 -> 
  custom:framework-win-MediaFoundation: 216162199b28c13a410421893ffa2e32 -> 
  custom:container-demuxer-ogg: 62fdf1f143b41e24485cea50d1cbac27 -> 
  custom:video-decoder-webm-vp8: 9c59270c3fd7afecdb556c50c9e8de78 -> 
  custom:audio-decoder-ogg-vorbis: bf7c407c2cedff20999df2af8eb42d56 -> 
========================================================================
Received Import Request.
  Time since last request: 13015.317570 seconds.
  path: Assets/Prefabs/BowlingMinigame/maquina_sacar_bolas.prefab
  artifactKey: Guid(17498d1672329404984a70c00b383dfe) Importer(815301076,1909f56bfc062723c751e8b465ee728b)
Start importing Assets/Prefabs/BowlingMinigame/maquina_sacar_bolas.prefab using Guid(17498d1672329404984a70c00b383dfe) Importer(815301076,1909f56bfc062723c751e8b465ee728b)  -> (artifact id: '68bcb004c6e905c89ff7f818eaac739b') in 1.423758 seconds 
========================================================================
Received Import Request.
  Time since last request: 0.000032 seconds.
  path: Assets/AutoHand/Examples/Mesh/diamond.fbx
  artifactKey: Guid(515b5a09ff6953244bec74667502ecac) Importer(815301076,1909f56bfc062723c751e8b465ee728b)
Start importing Assets/AutoHand/Examples/Mesh/diamond.fbx using Guid(515b5a09ff6953244bec74667502ecac) Importer(815301076,1909f56bfc062723c751e8b465ee728b)  -> (artifact id: '01aad2abfccbe752fc47e07df8a93b2c') in 0.044641 seconds 
========================================================================
Received Import Request.
  Time since last request: 0.000040 seconds.
  path: Assets/Scenes/Scripts/ShootingMinigame/Prefabs/bala.fbx
  artifactKey: Guid(a71aaeb8f71d80b45ac6f1c90fa2af78) Importer(815301076,1909f56bfc062723c751e8b465ee728b)
Start importing Assets/Scenes/Scripts/ShootingMinigame/Prefabs/bala.fbx using Guid(a71aaeb8f71d80b45ac6f1c90fa2af78) Importer(815301076,1909f56bfc062723c751e8b465ee728b)  -> (artifact id: '6c50427a1f084204b38aff791e419fb4') in 0.069640 seconds 
========================================================================
Received Import Request.
  Time since last request: 0.000026 seconds.
  path: Assets/AutoHand/Examples/Prefabs/Demo/MonkeyBar.prefab
  artifactKey: Guid(bd835e44f502bf540b6cc7ea7a7a7c00) Importer(815301076,1909f56bfc062723c751e8b465ee728b)
Start importing Assets/AutoHand/Examples/Prefabs/Demo/MonkeyBar.prefab using Guid(bd835e44f502bf540b6cc7ea7a7a7c00) Importer(815301076,1909f56bfc062723c751e8b465ee728b)  -> (artifact id: '65df0b9870512d2314c1c3859fe7bb61') in 0.035645 seconds 
========================================================================
Received Import Request.
  Time since last request: 0.000029 seconds.
  path: Assets/AutoHand/Examples/Mesh/meatTenderizer.fbx
  artifactKey: Guid(5dee120cea365a7429acdc6ad517fcea) Importer(815301076,1909f56bfc062723c751e8b465ee728b)
Start importing Assets/AutoHand/Examples/Mesh/meatTenderizer.fbx using Guid(5dee120cea365a7429acdc6ad517fcea) Importer(815301076,1909f56bfc062723c751e8b465ee728b)  -> (artifact id: '1e0accc09ca8d7bdcb1885851c699d21') in 0.048522 seconds 
========================================================================
Received Import Request.
  Time since last request: 0.000030 seconds.
  path: Assets/AnyUI/AnyUILibrary/Meshes/AnyUIRing.FBX
  artifactKey: Guid(e1a7f3958166c1648bd492dfc3d2c747) Importer(815301076,1909f56bfc062723c751e8b465ee728b)
Start importing Assets/AnyUI/AnyUILibrary/Meshes/AnyUIRing.FBX using Guid(e1a7f3958166c1648bd492dfc3d2c747) Importer(815301076,1909f56bfc062723c751e8b465ee728b)  -> (artifact id: '2f4a41d3624e204a5a794d12bce9669d') in 0.034360 seconds 
========================================================================
Received Import Request.
  Time since last request: 0.000031 seconds.
  path: Assets/AutoHand/Examples/Mesh/mk-2-grenade/source/Mk2grenade.FBX
  artifactKey: Guid(914e7af7336da4f4a8985ba1500e3ff5) Importer(815301076,1909f56bfc062723c751e8b465ee728b)
Start importing Assets/AutoHand/Examples/Mesh/mk-2-grenade/source/Mk2grenade.FBX using Guid(914e7af7336da4f4a8985ba1500e3ff5) Importer(815301076,1909f56bfc062723c751e8b465ee728b)  -> (artifact id: '099b4dd2f290e9a6dc620a01f385f89b') in 0.034864 seconds 
========================================================================
Received Import Request.
  Time since last request: 0.000036 seconds.
  path: Assets/AnyUI/AnyUILibrary/AnyUIRing.prefab
  artifactKey: Guid(eeec8fc9cbd456a43b93a1f9ba7d50e2) Importer(815301076,1909f56bfc062723c751e8b465ee728b)
Start importing Assets/AnyUI/AnyUILibrary/AnyUIRing.prefab using Guid(eeec8fc9cbd456a43b93a1f9ba7d50e2) Importer(815301076,1909f56bfc062723c751e8b465ee728b)  -> (artifact id: 'd552bb47d003255b00d95233a952753e') in 0.089688 seconds 
========================================================================
Received Import Request.
  Time since last request: 0.000032 seconds.
  path: Assets/AutoHand/Examples/Mesh/Dial.fbx
  artifactKey: Guid(e670e4720e64cf44bbcd26e145d479b6) Importer(815301076,1909f56bfc062723c751e8b465ee728b)
Start importing Assets/AutoHand/Examples/Mesh/Dial.fbx using Guid(e670e4720e64cf44bbcd26e145d479b6) Importer(815301076,1909f56bfc062723c751e8b465ee728b)  -> (artifact id: '4e7c8092b83961a3abe631420e02dfe2') in 0.048425 seconds 
========================================================================
Received Import Request.
  Time since last request: 0.000034 seconds.
  path: Assets/AnyUI/Demo/Globe/Assets/Globe.FBX
  artifactKey: Guid(6a4f7a50379d0d649ad393ad88f71ae5) Importer(815301076,1909f56bfc062723c751e8b465ee728b)
Start importing Assets/AnyUI/Demo/Globe/Assets/Globe.FBX using Guid(6a4f7a50379d0d649ad393ad88f71ae5) Importer(815301076,1909f56bfc062723c751e8b465ee728b)  -> (artifact id: '6f6166ea6f0ea02d918cdadcec1e41a4') in 0.124165 seconds 
========================================================================
Received Import Request.
  Time since last request: 0.000030 seconds.
  path: Assets/Scenes/Scripts/ShootingMinigame/Objects/Laser/laser.fbx
  artifactKey: Guid(93baa0820db7232479f34d44472e56fb) Importer(815301076,1909f56bfc062723c751e8b465ee728b)
Start importing Assets/Scenes/Scripts/ShootingMinigame/Objects/Laser/laser.fbx using Guid(93baa0820db7232479f34d44472e56fb) Importer(815301076,1909f56bfc062723c751e8b465ee728b)  -> (artifact id: 'ccdeece60d17f6601225162fbbe44b4e') in 0.090694 seconds 
========================================================================
Received Import Request.
  Time since last request: 0.000041 seconds.
  path: Assets/Models/BowlingMinigame/bowlingTV.fbx
  artifactKey: Guid(0adc1ec3a37930c43b89af78eeaca8d6) Importer(815301076,1909f56bfc062723c751e8b465ee728b)
Start importing Assets/Models/BowlingMinigame/bowlingTV.fbx using Guid(0adc1ec3a37930c43b89af78eeaca8d6) Importer(815301076,1909f56bfc062723c751e8b465ee728b)  -> (artifact id: '02b6c1daf2afb1847a43412cbcda1e41') in 1.153982 seconds 
========================================================================
Received Import Request.
  Time since last request: 0.000035 seconds.
  path: Assets/AutoHand/Examples/Mesh/Basketball/Basketball_dl.fbx
  artifactKey: Guid(9116168301f0c5441ad2a7698201a73b) Importer(815301076,1909f56bfc062723c751e8b465ee728b)
Start importing Assets/AutoHand/Examples/Mesh/Basketball/Basketball_dl.fbx using Guid(9116168301f0c5441ad2a7698201a73b) Importer(815301076,1909f56bfc062723c751e8b465ee728b)  -> (artifact id: 'a7f6fbf0f5288dafcd98e7cbbfa445af') in 0.075218 seconds 
========================================================================
Received Import Request.
  Time since last request: 0.000044 seconds.
  path: Assets/Models/Tutorial/Assets/Projector/Filmoscope_low.fbx
  artifactKey: Guid(2ba8eb87f44532442ae558f7861c4500) Importer(815301076,1909f56bfc062723c751e8b465ee728b)
Start importing Assets/Models/Tutorial/Assets/Projector/Filmoscope_low.fbx using Guid(2ba8eb87f44532442ae558f7861c4500) Importer(815301076,1909f56bfc062723c751e8b465ee728b)  -> (artifact id: '324e50da47270e978c48b56802aefa48') in 1.225416 seconds 
========================================================================
Received Import Request.
  Time since last request: 0.000035 seconds.
  path: Assets/Prefabs/BowlingMinigame/bowlingPin.prefab
  artifactKey: Guid(bdc0279bd4e4cca49a3e3d200078f4b1) Importer(815301076,1909f56bfc062723c751e8b465ee728b)
Start importing Assets/Prefabs/BowlingMinigame/bowlingPin.prefab using Guid(bdc0279bd4e4cca49a3e3d200078f4b1) Importer(815301076,1909f56bfc062723c751e8b465ee728b)  -> (artifact id: 'f7a3d5d5c6ea9ccf871d1d487e4d3a97') in 0.065415 seconds 
========================================================================
Received Import Request.
  Time since last request: 0.000038 seconds.
  path: Assets/AutoHand/Examples/Mesh/Basketball/model.dae
  artifactKey: Guid(89505a1abd2422e4d8d91264c5be938a) Importer(815301076,1909f56bfc062723c751e8b465ee728b)
Start importing Assets/AutoHand/Examples/Mesh/Basketball/model.dae using Guid(89505a1abd2422e4d8d91264c5be938a) Importer(815301076,1909f56bfc062723c751e8b465ee728b)  -> (artifact id: '4e72c68ffd664c05785d8f2267f7df89') in 0.171446 seconds 
========================================================================
Received Import Request.
  Time since last request: 0.007258 seconds.
  path: Assets/AutoHand/Examples/Prefabs/Demo/NormalCar.prefab
  artifactKey: Guid(7dba55f491823c44b9d7449daf828272) Importer(815301076,1909f56bfc062723c751e8b465ee728b)
Start importing Assets/AutoHand/Examples/Prefabs/Demo/NormalCar.prefab using Guid(7dba55f491823c44b9d7449daf828272) Importer(815301076,1909f56bfc062723c751e8b465ee728b)  -> (artifact id: '11c09c240d2a394abf73689bbc6a5a5f') in 0.124694 seconds 
========================================================================
Received Import Request.
  Time since last request: 0.000032 seconds.
  path: Assets/AutoHand/Examples/Mesh/barrel.fbx
  artifactKey: Guid(ff8fd017c5db29946945ad5da13a5a30) Importer(815301076,1909f56bfc062723c751e8b465ee728b)
Start importing Assets/AutoHand/Examples/Mesh/barrel.fbx using Guid(ff8fd017c5db29946945ad5da13a5a30) Importer(815301076,1909f56bfc062723c751e8b465ee728b)  -> (artifact id: '66e8b73adc3bd752dac9d7969b459e0d') in 0.078638 seconds 
========================================================================
Received Import Request.
  Time since last request: 0.009145 seconds.
  path: Assets/AnyUI/AnyUILibrary/Meshes/AnyUIHemisphere.FBX
  artifactKey: Guid(4541b9d2aa2239944bf8e3a86f640c5f) Importer(815301076,1909f56bfc062723c751e8b465ee728b)
Start importing Assets/AnyUI/AnyUILibrary/Meshes/AnyUIHemisphere.FBX using Guid(4541b9d2aa2239944bf8e3a86f640c5f) Importer(815301076,1909f56bfc062723c751e8b465ee728b)  -> (artifact id: '9724cf3f7a99c99c010b1ac79d2d8824') in 0.064215 seconds 
========================================================================
Received Import Request.
  Time since last request: 0.000025 seconds.
  path: Assets/Prefabs/Boss/Boss.prefab
  artifactKey: Guid(6c4ac098e50fdca489b42f7c7423d378) Importer(815301076,1909f56bfc062723c751e8b465ee728b)
Start importing Assets/Prefabs/Boss/Boss.prefab using Guid(6c4ac098e50fdca489b42f7c7423d378) Importer(815301076,1909f56bfc062723c751e8b465ee728b)  -> (artifact id: '3f1a99b9750e51377bbe47487e8cb7c4') in 1.075382 seconds 
========================================================================
Received Import Request.
  Time since last request: 0.000034 seconds.
  path: Assets/AutoHand/Examples/Prefabs/Non-VR Hand.prefab
  artifactKey: Guid(b800951fddcb5e84d8567b32b94b6443) Importer(815301076,1909f56bfc062723c751e8b465ee728b)
Start importing Assets/AutoHand/Examples/Prefabs/Non-VR Hand.prefab using Guid(b800951fddcb5e84d8567b32b94b6443) Importer(815301076,1909f56bfc062723c751e8b465ee728b)  -> (artifact id: 'ec14acb4d246f225d6f7ae16cff986aa') in 0.441370 seconds 
========================================================================
Received Import Request.
  Time since last request: 0.000039 seconds.
  path: Assets/AutoHand/Examples/Prefabs/Kitchen/Mushroom.prefab
  artifactKey: Guid(60ccd2789c7a1a143ad16fa284839268) Importer(815301076,1909f56bfc062723c751e8b465ee728b)
Start importing Assets/AutoHand/Examples/Prefabs/Kitchen/Mushroom.prefab using Guid(60ccd2789c7a1a143ad16fa284839268) Importer(815301076,1909f56bfc062723c751e8b465ee728b)  -> (artifact id: 'cace9efc4e9b31ee1326bf3fe1102385') in 0.039071 seconds 
========================================================================
Received Import Request.
  Time since last request: 0.000213 seconds.
  path: Assets/Scenes/Scripts/ShootingMinigame/Objects/Barrier/Fence 2.0.obj
  artifactKey: Guid(1e496fab4f7023b4ebc09afe05172300) Importer(815301076,1909f56bfc062723c751e8b465ee728b)
Start importing Assets/Scenes/Scripts/ShootingMinigame/Objects/Barrier/Fence 2.0.obj using Guid(1e496fab4f7023b4ebc09afe05172300) Importer(815301076,1909f56bfc062723c751e8b465ee728b)  -> (artifact id: 'bd4f6f80e8149a5884491c0506087fac') in 0.043314 seconds 
========================================================================
Received Import Request.
  Time since last request: 0.000027 seconds.
  path: Assets/AnyUI/AnyUILibrary/AnyUISphere.prefab
  artifactKey: Guid(d2287a9efd46ba1429e6966120a60685) Importer(815301076,1909f56bfc062723c751e8b465ee728b)
Start importing Assets/AnyUI/AnyUILibrary/AnyUISphere.prefab using Guid(d2287a9efd46ba1429e6966120a60685) Importer(815301076,1909f56bfc062723c751e8b465ee728b)  -> (artifact id: 'd1952d69c62baf41e6abd7b8022d42e0') in 0.191411 seconds 
========================================================================
Received Import Request.
  Time since last request: 0.000051 seconds.
  path: Assets/AutoHand/Examples/Mesh/key.fbx
  artifactKey: Guid(b2509f136cb9dfd4bbdea400c2017bf4) Importer(815301076,1909f56bfc062723c751e8b465ee728b)
Start importing Assets/AutoHand/Examples/Mesh/key.fbx using Guid(b2509f136cb9dfd4bbdea400c2017bf4) Importer(815301076,1909f56bfc062723c751e8b465ee728b)  -> (artifact id: '0b36856590cf6a593fae981f24140e6f') in 0.150237 seconds 
========================================================================
Received Import Request.
  Time since last request: 0.000041 seconds.
  path: Assets/AutoHand/Examples/Mesh/Controller.fbx
  artifactKey: Guid(01bda0fe6eb1bee47b0bb7b7eb2a65d8) Importer(815301076,1909f56bfc062723c751e8b465ee728b)
Start importing Assets/AutoHand/Examples/Mesh/Controller.fbx using Guid(01bda0fe6eb1bee47b0bb7b7eb2a65d8) Importer(815301076,1909f56bfc062723c751e8b465ee728b)  -> (artifact id: '251a8a0d945d05955a3889469d3d433a') in 0.155026 seconds 
========================================================================
Received Import Request.
  Time since last request: 0.000962 seconds.
  path: Assets/Scenes/Scripts/ShootingMinigame/Objects/Dummy/Robot/source/IRB120_platform_simple_v03.fbx
  artifactKey: Guid(1b34c0b9e4c3ea741acd0879daee1319) Importer(815301076,1909f56bfc062723c751e8b465ee728b)
Start importing Assets/Scenes/Scripts/ShootingMinigame/Objects/Dummy/Robot/source/IRB120_platform_simple_v03.fbx using Guid(1b34c0b9e4c3ea741acd0879daee1319) Importer(815301076,1909f56bfc062723c751e8b465ee728b)  -> (artifact id: '4cbf13a455aab26bc93f8ad7d4e4dd8e') in 1.279656 seconds 
========================================================================
Received Import Request.
  Time since last request: 1.902764 seconds.
  path: Assets/AutoHand/Examples/Mesh/NormalCar1.fbx
  artifactKey: Guid(1ce937b39ea5e614eac6cc1e3a29a564) Importer(815301076,1909f56bfc062723c751e8b465ee728b)
Start importing Assets/AutoHand/Examples/Mesh/NormalCar1.fbx using Guid(1ce937b39ea5e614eac6cc1e3a29a564) Importer(815301076,1909f56bfc062723c751e8b465ee728b)  -> (artifact id: '76a39408e3cb226c2e6ecf0bf242b434') in 0.484181 seconds 
========================================================================
Received Import Request.
  Time since last request: 0.000037 seconds.
  path: Assets/Fonts/PrefabLedGlowGreen.prefab
  artifactKey: Guid(800eef6b7db2c9d4ea73e0263a9961d4) Importer(815301076,1909f56bfc062723c751e8b465ee728b)
Start importing Assets/Fonts/PrefabLedGlowGreen.prefab using Guid(800eef6b7db2c9d4ea73e0263a9961d4) Importer(815301076,1909f56bfc062723c751e8b465ee728b)  -> (artifact id: '52ec7bd087e58bd2e6bbfe1561bd45f6') in 0.078771 seconds 
========================================================================
Received Import Request.
  Time since last request: 0.000050 seconds.
  path: Assets/Models/Pool/pool/paredes_abajo.fbx
  artifactKey: Guid(0fcea7c0f14909e4e8ca9ef2fcc407b9) Importer(815301076,1909f56bfc062723c751e8b465ee728b)
Start importing Assets/Models/Pool/pool/paredes_abajo.fbx using Guid(0fcea7c0f14909e4e8ca9ef2fcc407b9) Importer(815301076,1909f56bfc062723c751e8b465ee728b)  -> (artifact id: '0724a5f3215942c9490dea72e836737c') in 0.195322 seconds 
========================================================================
Received Import Request.
  Time since last request: 0.000046 seconds.
  path: Assets/AutoHand/Examples/Mesh/pistol.fbx
  artifactKey: Guid(152c449fcbb079049a38e5953ab3376b) Importer(815301076,1909f56bfc062723c751e8b465ee728b)
Start importing Assets/AutoHand/Examples/Mesh/pistol.fbx using Guid(152c449fcbb079049a38e5953ab3376b) Importer(815301076,1909f56bfc062723c751e8b465ee728b)  -> (artifact id: 'cb03502193ca381efb6fe0500de8c4b2') in 0.701980 seconds 
========================================================================
Received Import Request.
  Time since last request: 0.000040 seconds.
  path: Assets/Prefabs/Pool.prefab
  artifactKey: Guid(1b88ba242a7a203459920242e9f9e451) Importer(815301076,1909f56bfc062723c751e8b465ee728b)
Start importing Assets/Prefabs/Pool.prefab using Guid(1b88ba242a7a203459920242e9f9e451) Importer(815301076,1909f56bfc062723c751e8b465ee728b)  -> (artifact id: '7d628eee04d0178ee236c1123c6d2862') in 4.154666 seconds 
========================================================================
Received Import Request.
  Time since last request: 0.010802 seconds.
  path: Assets/AutoHand/Examples/Mesh/Table2.fbx
  artifactKey: Guid(55d3e30edd5e12446b458f0c16ff3615) Importer(815301076,1909f56bfc062723c751e8b465ee728b)
Start importing Assets/AutoHand/Examples/Mesh/Table2.fbx using Guid(55d3e30edd5e12446b458f0c16ff3615) Importer(815301076,1909f56bfc062723c751e8b465ee728b)  -> (artifact id: '490427d17d0f2c6efa8279f937b576ef') in 0.200597 seconds 
========================================================================
Received Import Request.
  Time since last request: 0.000031 seconds.
  path: Assets/AutoHand/Examples/Prefabs/Gadgets/Slider.prefab
  artifactKey: Guid(e6f33fb09ad74dc498a68a3b4dc76f75) Importer(815301076,1909f56bfc062723c751e8b465ee728b)
Start importing Assets/AutoHand/Examples/Prefabs/Gadgets/Slider.prefab using Guid(e6f33fb09ad74dc498a68a3b4dc76f75) Importer(815301076,1909f56bfc062723c751e8b465ee728b)  -> (artifact id: '0d8302f47a5965f5b1e54f86b1885e04') in 0.051608 seconds 
========================================================================
Received Import Request.
  Time since last request: 0.000048 seconds.
  path: Assets/AnyUI/Assets/Resources/Sphere.fbx
  artifactKey: Guid(293e8daa4c8c0124182a3b9715fff7c2) Importer(815301076,1909f56bfc062723c751e8b465ee728b)
Start importing Assets/AnyUI/Assets/Resources/Sphere.fbx using Guid(293e8daa4c8c0124182a3b9715fff7c2) Importer(815301076,1909f56bfc062723c751e8b465ee728b)  -> (artifact id: '25250bd2dae0cc6613c9bae21bf21521') in 0.046775 seconds 
========================================================================
Received Import Request.
  Time since last request: 0.000040 seconds.
  path: Assets/AutoHand/Examples/Prefabs/Kitchen/SmashTaco.prefab
  artifactKey: Guid(ae95971c2f52c7a49b273f7a6547f819) Importer(815301076,1909f56bfc062723c751e8b465ee728b)
Start importing Assets/AutoHand/Examples/Prefabs/Kitchen/SmashTaco.prefab using Guid(ae95971c2f52c7a49b273f7a6547f819) Importer(815301076,1909f56bfc062723c751e8b465ee728b)  -> (artifact id: 'f9c8e8665f3cd72d7d5db492cf1e0294') in 0.832241 seconds 
========================================================================
Received Import Request.
  Time since last request: 0.000031 seconds.
  path: Assets/AutoHand/Examples/Mesh/Table 1.fbx
  artifactKey: Guid(0efbd4c9f25507f4eba14d4e92a2ab29) Importer(815301076,1909f56bfc062723c751e8b465ee728b)
Start importing Assets/AutoHand/Examples/Mesh/Table 1.fbx using Guid(0efbd4c9f25507f4eba14d4e92a2ab29) Importer(815301076,1909f56bfc062723c751e8b465ee728b)  -> (artifact id: 'a6a4ce3e9fa78c15efcb123aae8ea7bc') in 0.204379 seconds 
========================================================================
Received Import Request.
  Time since last request: 0.000053 seconds.
  path: Assets/AnyUI/Assets/Circular/Assets/ramp.FBX
  artifactKey: Guid(289d994879570094dab294d796a28c13) Importer(815301076,1909f56bfc062723c751e8b465ee728b)
Start importing Assets/AnyUI/Assets/Circular/Assets/ramp.FBX using Guid(289d994879570094dab294d796a28c13) Importer(815301076,1909f56bfc062723c751e8b465ee728b)  -> (artifact id: '73807071a862ea34b121ce437c23d3e8') in 0.070141 seconds 
========================================================================
Received Import Request.
  Time since last request: 0.000039 seconds.
  path: Assets/AutoHand/Examples/Mesh/Slide3.fbx
  artifactKey: Guid(1db2bca27ad6b29408e7fa2e2829815e) Importer(815301076,1909f56bfc062723c751e8b465ee728b)
Start importing Assets/AutoHand/Examples/Mesh/Slide3.fbx using Guid(1db2bca27ad6b29408e7fa2e2829815e) Importer(815301076,1909f56bfc062723c751e8b465ee728b)  -> (artifact id: '889d582a0b12947f74d921b5228a87f9') in 0.320947 seconds 
========================================================================
Received Import Request.
  Time since last request: 0.002515 seconds.
  path: Assets/AnyUI/Demo/Globe/Assets/sphere.FBX
  artifactKey: Guid(04fd0bf4f67ef0c4ba2d528359cc1727) Importer(815301076,1909f56bfc062723c751e8b465ee728b)
Start importing Assets/AnyUI/Demo/Globe/Assets/sphere.FBX using Guid(04fd0bf4f67ef0c4ba2d528359cc1727) Importer(815301076,1909f56bfc062723c751e8b465ee728b)  -> (artifact id: 'cbdcb58679bf716ceb6a14aba0009ee2') in 0.059746 seconds 
========================================================================
Received Import Request.
  Time since last request: 0.690694 seconds.
  path: Assets/Models/Chair/Theater_Chair.fbx
  artifactKey: Guid(56b41b8fe9376fb4fb4a8c379b898271) Importer(815301076,1909f56bfc062723c751e8b465ee728b)
Start importing Assets/Models/Chair/Theater_Chair.fbx using Guid(56b41b8fe9376fb4fb4a8c379b898271) Importer(815301076,1909f56bfc062723c751e8b465ee728b)  -> (artifact id: '3bc27a929538ae210395dd1344661a85') in 0.824772 seconds 
========================================================================
Received Import Request.
  Time since last request: 0.000032 seconds.
  path: Assets/Models/Pool/props/Un_Cubo.fbx
  artifactKey: Guid(d644e7b2b97242e4d919fbb81f0bcaf4) Importer(815301076,1909f56bfc062723c751e8b465ee728b)
Start importing Assets/Models/Pool/props/Un_Cubo.fbx using Guid(d644e7b2b97242e4d919fbb81f0bcaf4) Importer(815301076,1909f56bfc062723c751e8b465ee728b)  -> (artifact id: '06a3b2074e98deabb3aada967c55d7bb') in 0.215315 seconds 
========================================================================
Received Import Request.
  Time since last request: 0.000049 seconds.
  path: Assets/AutoHand/Examples/Prefabs/Kitchen/Tomato.prefab
  artifactKey: Guid(684adc7d54241db44994b67ace3e5b08) Importer(815301076,1909f56bfc062723c751e8b465ee728b)
Start importing Assets/AutoHand/Examples/Prefabs/Kitchen/Tomato.prefab using Guid(684adc7d54241db44994b67ace3e5b08) Importer(815301076,1909f56bfc062723c751e8b465ee728b)  -> (artifact id: '25220f52fbb1190941135885466c9bb7') in 0.104724 seconds 
========================================================================
Received Import Request.
  Time since last request: 0.000042 seconds.
  path: Assets/Models/Cine/UN_Cine.fbx
  artifactKey: Guid(e5972588d61b45947b816a36c768923b) Importer(815301076,1909f56bfc062723c751e8b465ee728b)
Start importing Assets/Models/Cine/UN_Cine.fbx using Guid(e5972588d61b45947b816a36c768923b) Importer(815301076,1909f56bfc062723c751e8b465ee728b)  -> (artifact id: '4bbb676f54b3890705f4f986a40b5a42') in 4.586415 seconds 
========================================================================
Received Import Request.
  Time since last request: 0.002561 seconds.
  path: Assets/Prefabs/Pool/Un_Pool_Down_2.fbx
  artifactKey: Guid(b3ecd88b21cde924f9436865514d094d) Importer(815301076,1909f56bfc062723c751e8b465ee728b)
Start importing Assets/Prefabs/Pool/Un_Pool_Down_2.fbx using Guid(b3ecd88b21cde924f9436865514d094d) Importer(815301076,1909f56bfc062723c751e8b465ee728b)  -> (artifact id: '7280e230ec4b1dc147c04436e33f4932') in 0.262143 seconds 
========================================================================
Received Import Request.
  Time since last request: 0.000070 seconds.
  path: Assets/Models/BowlingMinigame/UN_saladejuegos_bowlingpin.fbx
  artifactKey: Guid(9251e272aef9c024192aaf397dc2ce6e) Importer(815301076,1909f56bfc062723c751e8b465ee728b)
Start importing Assets/Models/BowlingMinigame/UN_saladejuegos_bowlingpin.fbx using Guid(9251e272aef9c024192aaf397dc2ce6e) Importer(815301076,1909f56bfc062723c751e8b465ee728b)  -> (artifact id: '3cdfbeda890a66b152ac857026fdeb70') in 0.042036 seconds 
========================================================================
Received Import Request.
  Time since last request: 0.000046 seconds.
  path: Assets/Models/BowlingMinigame/UN_saladejuegos_bolo.fbx
  artifactKey: Guid(ed5c87d57c6db744292987adaf4de409) Importer(815301076,1909f56bfc062723c751e8b465ee728b)
Start importing Assets/Models/BowlingMinigame/UN_saladejuegos_bolo.fbx using Guid(ed5c87d57c6db744292987adaf4de409) Importer(815301076,1909f56bfc062723c751e8b465ee728b)  -> (artifact id: 'a88e47c0ceedaecf9344d4775a3df3b4') in 0.029036 seconds 
========================================================================
Received Import Request.
  Time since last request: 0.000040 seconds.
  path: Assets/Models/Recreativos/UN_saladejuegos_bombilla.fbx
  artifactKey: Guid(0ce457f63755e6b4cba5a038dc108dcf) Importer(815301076,1909f56bfc062723c751e8b465ee728b)
Start importing Assets/Models/Recreativos/UN_saladejuegos_bombilla.fbx using Guid(0ce457f63755e6b4cba5a038dc108dcf) Importer(815301076,1909f56bfc062723c751e8b465ee728b)  -> (artifact id: '86fffc3b83ac629d831adea3ecd579e2') in 0.030632 seconds 
========================================================================
Received Import Request.
  Time since last request: 1.129045 seconds.
  path: Assets/Models/Recreativos/UN_saladejuegos_maquina hockey.fbx
  artifactKey: Guid(b3ed1828188c79045915a4af252927d7) Importer(815301076,1909f56bfc062723c751e8b465ee728b)
Start importing Assets/Models/Recreativos/UN_saladejuegos_maquina hockey.fbx using Guid(b3ed1828188c79045915a4af252927d7) Importer(815301076,1909f56bfc062723c751e8b465ee728b)  -> (artifact id: 'e220cfd575b47a3d5406d01c26f02da7') in 0.022406 seconds 
========================================================================
Received Import Request.
  Time since last request: 0.000032 seconds.
  path: Assets/Models/Recreativos/UN_saladejuegos_maquinarecreativa1.fbx
  artifactKey: Guid(92bb66d51e885aa4ba12e72abadff309) Importer(815301076,1909f56bfc062723c751e8b465ee728b)
Start importing Assets/Models/Recreativos/UN_saladejuegos_maquinarecreativa1.fbx using Guid(92bb66d51e885aa4ba12e72abadff309) Importer(815301076,1909f56bfc062723c751e8b465ee728b)  -> (artifact id: '9291be4554bc9ab5e0905447c3d8cee1') in 0.025321 seconds 
========================================================================
Received Import Request.
  Time since last request: 0.000041 seconds.
  path: Assets/Models/Recreativos/UN_saladejuegos_maquinapinball.fbx
  artifactKey: Guid(7858851930ff5c4499af639406f2ec06) Importer(815301076,1909f56bfc062723c751e8b465ee728b)
Start importing Assets/Models/Recreativos/UN_saladejuegos_maquinapinball.fbx using Guid(7858851930ff5c4499af639406f2ec06) Importer(815301076,1909f56bfc062723c751e8b465ee728b)  -> (artifact id: '2791cafe496b7e51236604acc370591e') in 0.054181 seconds 
========================================================================
Received Import Request.
  Time since last request: 0.000033 seconds.
  path: Assets/Models/Recreativos/UN_saladejuegos_maquinasacabolas.fbx
  artifactKey: Guid(6d08067138f3eac43a3fc878a5ae6857) Importer(815301076,1909f56bfc062723c751e8b465ee728b)
Start importing Assets/Models/Recreativos/UN_saladejuegos_maquinasacabolas.fbx using Guid(6d08067138f3eac43a3fc878a5ae6857) Importer(815301076,1909f56bfc062723c751e8b465ee728b)  -> (artifact id: '3ba52c5c4bf762d78c61fc43695846ba') in 0.083821 seconds 
========================================================================
Received Import Request.
  Time since last request: 0.900034 seconds.
  path: Assets/Models/Recreativos/UN_saladejuegos_maquinatopos.fbx
  artifactKey: Guid(472baabb866cbaf469a48dcb8f5dab32) Importer(815301076,1909f56bfc062723c751e8b465ee728b)
Start importing Assets/Models/Recreativos/UN_saladejuegos_maquinatopos.fbx using Guid(472baabb866cbaf469a48dcb8f5dab32) Importer(815301076,1909f56bfc062723c751e8b465ee728b)  -> (artifact id: '378cda8dd2ab51ab80f4d502485f6057') in 0.061131 seconds 
========================================================================
Received Import Request.
  Time since last request: 0.000031 seconds.
  path: Assets/Models/Recreativos/UN_saladejuegos_suelo main hub-recreativas.fbx
  artifactKey: Guid(95fb15707abafb249a5ec38b74c73a8a) Importer(815301076,1909f56bfc062723c751e8b465ee728b)
Start importing Assets/Models/Recreativos/UN_saladejuegos_suelo main hub-recreativas.fbx using Guid(95fb15707abafb249a5ec38b74c73a8a) Importer(815301076,1909f56bfc062723c751e8b465ee728b)  -> (artifact id: '58fef728f2faa37f1e67786d8c2ed2c4') in 0.033823 seconds 
========================================================================
Received Import Request.
  Time since last request: 0.000031 seconds.
  path: Assets/modelados y texturas/texturas sala bolera/main hub y recreativas/UN_saladejuegos_suelo main hub-recreativas.fbx
  artifactKey: Guid(4a4d4d522a482854cbb729fa3bafaac5) Importer(815301076,1909f56bfc062723c751e8b465ee728b)
Start importing Assets/modelados y texturas/texturas sala bolera/main hub y recreativas/UN_saladejuegos_suelo main hub-recreativas.fbx using Guid(4a4d4d522a482854cbb729fa3bafaac5) Importer(815301076,1909f56bfc062723c751e8b465ee728b)  -> (artifact id: '8b68b4d2c5df959b79d7715c0f864109') in 0.033229 seconds 
========================================================================
Received Import Request.
  Time since last request: 0.938295 seconds.
  path: Assets/Models/Recreativos/UN_saladejuegos_techo.fbx
  artifactKey: Guid(8e71ee41d1b09cb448df982071556308) Importer(815301076,1909f56bfc062723c751e8b465ee728b)
Start importing Assets/Models/Recreativos/UN_saladejuegos_techo.fbx using Guid(8e71ee41d1b09cb448df982071556308) Importer(815301076,1909f56bfc062723c751e8b465ee728b)  -> (artifact id: '6c7b19467c93c52f8c344e20e8432b8f') in 0.030883 seconds 
========================================================================
Received Import Request.
  Time since last request: 0.000028 seconds.
  path: Assets/Models/ShootingScene/Un_ShootingRange.fbx
  artifactKey: Guid(e7b6c12d83456e54eabcc10a1eac72bc) Importer(815301076,1909f56bfc062723c751e8b465ee728b)
Start importing Assets/Models/ShootingScene/Un_ShootingRange.fbx using Guid(e7b6c12d83456e54eabcc10a1eac72bc) Importer(815301076,1909f56bfc062723c751e8b465ee728b)  -> (artifact id: '3dd3cfb87ca712123da6244b8cee826b') in 0.047159 seconds 
========================================================================
Received Import Request.
  Time since last request: 0.000039 seconds.
  path: Assets/Models/Pool/props/Mvoley/UN_volleyball.fbx
  artifactKey: Guid(a0d12f71fd7206e4583fa3c7e32d5811) Importer(815301076,1909f56bfc062723c751e8b465ee728b)
Start importing Assets/Models/Pool/props/Mvoley/UN_volleyball.fbx using Guid(a0d12f71fd7206e4583fa3c7e32d5811) Importer(815301076,1909f56bfc062723c751e8b465ee728b)  -> (artifact id: '1b7ddba55c88fa25c764a70b0ba212ea') in 0.026337 seconds 
========================================================================
Received Import Request.
  Time since last request: 0.000042 seconds.
  path: Assets/AnyUI/Assets/Resources/unwrappedcube.fbx
  artifactKey: Guid(e9b487127a9e7c0459cef80e8c6e4f84) Importer(815301076,1909f56bfc062723c751e8b465ee728b)
Start importing Assets/AnyUI/Assets/Resources/unwrappedcube.fbx using Guid(e9b487127a9e7c0459cef80e8c6e4f84) Importer(815301076,1909f56bfc062723c751e8b465ee728b)  -> (artifact id: 'dc8d94f4435382658735525ffb67bad2') in 0.399216 seconds 
========================================================================
Received Import Request.
  Time since last request: 0.000431 seconds.
  path: Assets/Models/Boss/Zombie Scream (1).fbx
  artifactKey: Guid(d8d7a63ef218c944380a645cd8c42af5) Importer(815301076,1909f56bfc062723c751e8b465ee728b)
Start importing Assets/Models/Boss/Zombie Scream (1).fbx using Guid(d8d7a63ef218c944380a645cd8c42af5) Importer(815301076,1909f56bfc062723c751e8b465ee728b)  -> (artifact id: '00ad820be06070631e0732660f0a82d8') in 0.016519 seconds 
========================================================================
Received Import Request.
  Time since last request: 0.000041 seconds.
  path: Assets/Prefabs/Boss/Zombie Scream.fbx
  artifactKey: Guid(28ff3d70801f4ae48901f23cb4bc162c) Importer(815301076,1909f56bfc062723c751e8b465ee728b)
Start importing Assets/Prefabs/Boss/Zombie Scream.fbx using Guid(28ff3d70801f4ae48901f23cb4bc162c) Importer(815301076,1909f56bfc062723c751e8b465ee728b)  -> (artifact id: '966b79d9fee00ce69ad426edb961d2be') in 0.258975 seconds 
========================================================================
Received Import Request.
  Time since last request: 0.000042 seconds.
  path: Assets/AutoHand/Examples/Prefabs/Simple/WoodBlock_Rectangle.prefab
  artifactKey: Guid(fba6933f763c9204c88b0562db3589f4) Importer(815301076,1909f56bfc062723c751e8b465ee728b)
Start importing Assets/AutoHand/Examples/Prefabs/Simple/WoodBlock_Rectangle.prefab using Guid(fba6933f763c9204c88b0562db3589f4) Importer(815301076,1909f56bfc062723c751e8b465ee728b)  -> (artifact id: '80111e7ef86cbc55af69add5eca4385c') in 0.085575 seconds 
========================================================================
Received Import Request.
  Time since last request: 0.002811 seconds.
  path: Assets/AutoHand/Examples/Scenes/XR/Prefabs/XRPlayer.prefab
  artifactKey: Guid(a5226a72c9553294abfe172a458b5805) Importer(815301076,1909f56bfc062723c751e8b465ee728b)
Start importing Assets/AutoHand/Examples/Scenes/XR/Prefabs/XRPlayer.prefab using Guid(a5226a72c9553294abfe172a458b5805) Importer(815301076,1909f56bfc062723c751e8b465ee728b)  -> (artifact id: '70c01f7e7a2fa594aedfbc9e7f801fba') in 0.396387 seconds 
========================================================================
Received Import Request.
  Time since last request: 0.000044 seconds.
  path: Assets/Models/brother/Walking (4).fbx
  artifactKey: Guid(4f6bac82e9d050747a7084a46bcc32e5) Importer(815301076,1909f56bfc062723c751e8b465ee728b)
Start importing Assets/Models/brother/Walking (4).fbx using Guid(4f6bac82e9d050747a7084a46bcc32e5) Importer(815301076,1909f56bfc062723c751e8b465ee728b)  -> (artifact id: 'a24208d6817b1180d3e3e4da143026d0') in 1.635924 seconds 
========================================================================
Received Import Request.
  Time since last request: 31.574006 seconds.
  path: Assets/Visual Design Cafe/Nature Shaders/Shaders/Tree Billboard.shaderx
  artifactKey: Guid(0009bf16d300b604aab1aa049f49e06c) Importer(815301076,1909f56bfc062723c751e8b465ee728b)
Start importing Assets/Visual Design Cafe/Nature Shaders/Shaders/Tree Billboard.shaderx using Guid(0009bf16d300b604aab1aa049f49e06c) Importer(815301076,1909f56bfc062723c751e8b465ee728b)  -> (artifact id: '57e9e30f826eaa29896c5eeff6ca1fce') in 0.003049 seconds 
========================================================================
Received Import Request.
  Time since last request: 0.830509 seconds.
  path: Packages/com.unity.inputsystem/InputSystem/Editor/AssetEditor/Resources/personal/actionTreeBackground.png
  artifactKey: Guid(ce5f11cd993284c4f9c54f854bdc8c9c) Importer(815301076,1909f56bfc062723c751e8b465ee728b)
Start importing Packages/com.unity.inputsystem/InputSystem/Editor/AssetEditor/Resources/personal/actionTreeBackground.png using Guid(ce5f11cd993284c4f9c54f854bdc8c9c) Importer(815301076,1909f56bfc062723c751e8b465ee728b)  -> (artifact id: '8678e31827933289c79cf16be5c29da0') in 0.105421 seconds 
========================================================================
Received Import Request.
  Time since last request: 2.280004 seconds.
  path: Packages/com.unity.collab-proxy/Editor/PlasticSCM/UI/Tree
  artifactKey: Guid(b642e1c7eeddd064c9520df476000c0c) Importer(815301076,1909f56bfc062723c751e8b465ee728b)
Start importing Packages/com.unity.collab-proxy/Editor/PlasticSCM/UI/Tree using Guid(b642e1c7eeddd064c9520df476000c0c) Importer(815301076,1909f56bfc062723c751e8b465ee728b)  -> (artifact id: 'd28cce7b204be41f053892a1e646d8d5') in 0.001556 seconds 
========================================================================
Received Import Request.
  Time since last request: 23.569287 seconds.
  path: Assets/Visual Design Cafe/Packages
  artifactKey: Guid(d42d5d0eadc58ea45b073c166e81169b) Importer(815301076,1909f56bfc062723c751e8b465ee728b)
Start importing Assets/Visual Design Cafe/Packages using Guid(d42d5d0eadc58ea45b073c166e81169b) Importer(815301076,1909f56bfc062723c751e8b465ee728b)  -> (artifact id: '89afb98e051917914ea8d8c9266c6233') in 0.001077 seconds 
========================================================================
Received Import Request.
  Time since last request: 1.312116 seconds.
  path: Assets/Visual Design Cafe/Nature Shaders/Nature Shaders.asset
  artifactKey: Guid(0fce007ad0e4ea448a4a94335d320e19) Importer(815301076,1909f56bfc062723c751e8b465ee728b)
Start importing Assets/Visual Design Cafe/Nature Shaders/Nature Shaders.asset using Guid(0fce007ad0e4ea448a4a94335d320e19) Importer(815301076,1909f56bfc062723c751e8b465ee728b)  -> (artifact id: '086cf2ee48d670806cd6487e0f184392') in 0.003279 seconds 
========================================================================
Received Import Request.
  Time since last request: 7.753623 seconds.
  path: Assets/Visual Design Cafe/Package Manager/Package Manager.asset
  artifactKey: Guid(89110aed2370d1145950b94767bd5d03) Importer(815301076,1909f56bfc062723c751e8b465ee728b)
Start importing Assets/Visual Design Cafe/Package Manager/Package Manager.asset using Guid(89110aed2370d1145950b94767bd5d03) Importer(815301076,1909f56bfc062723c751e8b465ee728b)  -> (artifact id: '9af5335f8e4a06c0a3784b56c788c406') in 0.002348 seconds 
========================================================================
Received Import Request.
  Time since last request: 1.611494 seconds.
  path: Assets/Visual Design Cafe/ShaderX/ShaderX.asset
  artifactKey: Guid(34c6b4122e4750041ac42641b9e049de) Importer(815301076,1909f56bfc062723c751e8b465ee728b)
Start importing Assets/Visual Design Cafe/ShaderX/ShaderX.asset using Guid(34c6b4122e4750041ac42641b9e049de) Importer(815301076,1909f56bfc062723c751e8b465ee728b)  -> (artifact id: '34de07f2e4cb4968a7a6f93f5715772f') in 0.001925 seconds 
========================================================================
Received Import Request.
  Time since last request: 2.147202 seconds.
  path: Assets/Visual Design Cafe/Nature Shaders/Resources/GustNoise.tga
  artifactKey: Guid(b564ef71400a25f48a92b590802a9b99) Importer(815301076,1909f56bfc062723c751e8b465ee728b)
Start importing Assets/Visual Design Cafe/Nature Shaders/Resources/GustNoise.tga using Guid(b564ef71400a25f48a92b590802a9b99) Importer(815301076,1909f56bfc062723c751e8b465ee728b)  -> (artifact id: '1e7e3b4e9a7adcf990011f0c459225ba') in 0.099439 seconds 
========================================================================
Received Import Request.
  Time since last request: 2.464483 seconds.
  path: Assets/Visual Design Cafe/Nature Shaders/Conversion Profiles/Fallback.asset
  artifactKey: Guid(1570153ddd4f0e846b01286beed88cf3) Importer(815301076,1909f56bfc062723c751e8b465ee728b)
Start importing Assets/Visual Design Cafe/Nature Shaders/Conversion Profiles/Fallback.asset using Guid(1570153ddd4f0e846b01286beed88cf3) Importer(815301076,1909f56bfc062723c751e8b465ee728b)  -> (artifact id: '1e70aabe34e623a33ac8df2ac6992fac') in 0.005970 seconds 
========================================================================
Received Import Request.
  Time since last request: 0.000028 seconds.
  path: Assets/Visual Design Cafe/Nature Shaders/Conversion Profiles/VDC - Nature Shaders Legacy HDRP.asset
  artifactKey: Guid(141f4535adee2b14d8de5c245c8176b0) Importer(815301076,1909f56bfc062723c751e8b465ee728b)
Start importing Assets/Visual Design Cafe/Nature Shaders/Conversion Profiles/VDC - Nature Shaders Legacy HDRP.asset using Guid(141f4535adee2b14d8de5c245c8176b0) Importer(815301076,1909f56bfc062723c751e8b465ee728b)  -> (artifact id: '1eb04bd720f868920c0c114a09fd383f') in 0.002148 seconds 
========================================================================
Received Import Request.
  Time since last request: 11.814357 seconds.
  path: Assets/Visual Design Cafe/Packages/com.vdc.nature-renderer.hdrp.uas-1.6.1.unitypackage
  artifactKey: Guid(bb5475c7fe39dfc45b2ad3425064e5fd) Importer(815301076,1909f56bfc062723c751e8b465ee728b)
Start importing Assets/Visual Design Cafe/Packages/com.vdc.nature-renderer.hdrp.uas-1.6.1.unitypackage using Guid(bb5475c7fe39dfc45b2ad3425064e5fd) Importer(815301076,1909f56bfc062723c751e8b465ee728b)  -> (artifact id: 'ebdd5cfc7bb4b913d986c57383c4ae01') in 0.002920 seconds 
========================================================================
Received Prepare
Registering precompiled user dll's ...
Registered in 0.015990 seconds.
Begin MonoManager ReloadAssembly
Symbol file LoadedFromMemory doesn't match image D:\Usuaris\super\Documents\GitHub\Unf0und_VR\Unf0und_VR\Library\PackageCache\com.unity.visualscripting@1.7.8\Editor\VisualScripting.Core\Dependencies\DotNetZip\Unity.VisualScripting.IonicZip.dll
Symbol file LoadedFromMemory doesn't match image D:\Usuaris\super\Documents\GitHub\Unf0und_VR\Unf0und_VR\Library\PackageCache\com.unity.visualscripting@1.7.8\Editor\VisualScripting.Core\Dependencies\YamlDotNet\Unity.VisualScripting.YamlDotNet.dll
Native extension for WindowsStandalone target not found
Native extension for Android target not found
Refreshing native plugins compatible for Editor in 1.61 ms, found 13 plugins.
Preloading 1 native plugins for Editor in 0.06 ms.
System.Reflection.TargetInvocationException: Exception has been thrown by the target of an invocation. ---> System.NullReferenceException: Object reference not set to an instance of an object
  at Unity.XR.Oculus.OculusLoader.AssetPathToAbsolutePath (System.String assetPath) [0x0003d] in D:\Usuaris\super\Documents\GitHub\Unf0und_VR\Unf0und_VR\Library\PackageCache\com.unity.xr.oculus@3.0.2\Runtime\OculusLoader.cs:271 
  at Unity.XR.Oculus.OculusLoader.EditorLoadOVRPlugin () [0x0007b] in D:\Usuaris\super\Documents\GitHub\Unf0und_VR\Unf0und_VR\Library\PackageCache\com.unity.xr.oculus@3.0.2\Runtime\OculusLoader.cs:256 
  at (wrapper managed-to-native) System.Reflection.RuntimeMethodInfo.InternalInvoke(System.Reflection.RuntimeMethodInfo,object,object[],System.Exception&)
  at System.Reflection.RuntimeMethodInfo.Invoke (System.Object obj, System.Reflection.BindingFlags invokeAttr, System.Reflection.Binder binder, System.Object[] parameters, System.Globalization.CultureInfo culture) [0x0006a] in <9aad1b3a47484d63ba2b3985692d80e9>:0 
   --- End of inner exception stack trace ---
  at System.Reflection.RuntimeMethodInfo.Invoke (System.Object obj, System.Reflection.BindingFlags invokeAttr, System.Reflection.Binder binder, System.Object[] parameters, System.Globalization.CultureInfo culture) [0x00083] in <9aad1b3a47484d63ba2b3985692d80e9>:0 
  at System.Reflection.MethodBase.Invoke (System.Object obj, System.Object[] parameters) [0x00000] in <9aad1b3a47484d63ba2b3985692d80e9>:0 
  at UnityEditor.EditorAssemblies.ProcessInitializeOnLoadMethodAttributes () [0x000a5] in <0d6ce211ebbc47e1a35a84c3672ff58f>:0 
UnityEngine.StackTraceUtility:ExtractStackTrace ()
UnityEngine.DebugLogHandler:LogFormat (UnityEngine.LogType,UnityEngine.Object,string,object[])
UnityEngine.Logger:Log (UnityEngine.LogType,object)
UnityEngine.Debug:LogError (object)
UnityEditor.EditorAssemblies:ProcessInitializeOnLoadMethodAttributes ()

Mono: successfully reloaded assembly
- Completed reload, in  1.894 seconds
Domain Reload Profiling:
	ReloadAssembly (1894ms)
		BeginReloadAssembly (169ms)
			ExecutionOrderSort (0ms)
			DisableScriptedObjects (8ms)
			BackupInstance (0ms)
			ReleaseScriptingObjects (0ms)
			CreateAndSetChildDomain (56ms)
		EndReloadAssembly (1615ms)
			LoadAssemblies (106ms)
			RebuildTransferFunctionScriptingTraits (0ms)
			SetupTypeCache (361ms)
			ReleaseScriptCaches (2ms)
			RebuildScriptCaches (65ms)
			SetupLoadedEditorAssemblies (726ms)
				LogAssemblyErrors (0ms)
				InitializePlatformSupportModulesInManaged (25ms)
				SetLoadedEditorAssemblies (1ms)
				RefreshPlugins (2ms)
				BeforeProcessingInitializeOnLoad (114ms)
				ProcessInitializeOnLoadAttributes (451ms)
				ProcessInitializeOnLoadMethodAttributes (125ms)
				AfterProcessingInitializeOnLoad (9ms)
				EditorAssembliesLoaded (0ms)
			ExecutionOrderSort2 (0ms)
			AwakeInstancesAfterBackupRestoration (24ms)
Platform modules already initialized, skipping
Refreshing native plugins compatible for Editor in 6.87 ms, found 13 plugins.
Preloading 1 native plugins for Editor in 0.06 ms.
Unloading 6605 Unused Serialized files (Serialized files now loaded: 0)
Unloading 87 unused Assets / (1.3 MB). Loaded Objects now: 7370.
Memory consumption went from 309.9 MB to 308.6 MB.
Total: 7.936800 ms (FindLiveObjects: 0.798800 ms CreateObjectMapping: 0.260600 ms MarkObjects: 6.195300 ms  DeleteObjects: 0.680500 ms)

AssetImportParameters requested are different than current active one (requested -> active):
  custom:video-decoder-ogg-theora: a1e56fd34408186e4bbccfd4996cb3dc -> 
  custom:container-muxer-webm: aa71ff27fc2769a1b78a27578f13a17b -> 
  custom:container-demuxer-webm: 4f35f7cbe854078d1ac9338744f61a02 -> 
  custom:video-encoder-webm-vp8: eb34c28f22e8b96e1ab97ce403110664 -> 
  custom:audio-encoder-webm-vorbis: bf7c407c2cedff20999df2af8eb42d56 -> 
  custom:framework-win-MediaFoundation: 216162199b28c13a410421893ffa2e32 -> 
  custom:container-demuxer-ogg: 62fdf1f143b41e24485cea50d1cbac27 -> 
  custom:video-decoder-webm-vp8: 9c59270c3fd7afecdb556c50c9e8de78 -> 
  custom:audio-decoder-ogg-vorbis: bf7c407c2cedff20999df2af8eb42d56 -> 
========================================================================
Received Import Request.
  Time since last request: 59.394573 seconds.
  path: Assets/Visual Design Cafe/Nature Renderer/Nature Renderer.asset
  artifactKey: Guid(c34b4f167b2c16542b4dd862579bc4c4) Importer(815301076,1909f56bfc062723c751e8b465ee728b)
Start importing Assets/Visual Design Cafe/Nature Renderer/Nature Renderer.asset using Guid(c34b4f167b2c16542b4dd862579bc4c4) Importer(815301076,1909f56bfc062723c751e8b465ee728b)  -> (artifact id: 'ef317bc469c421efc363c13b1eff5bca') in 0.025794 seconds 
========================================================================
Received Import Request.
  Time since last request: 1.145179 seconds.
  path: Assets/Visual Design Cafe/Nature Renderer/Resources/Default Grass Patch.fbx
  artifactKey: Guid(34ffaddba4b8fba47bf3a6a0496f47f3) Importer(815301076,1909f56bfc062723c751e8b465ee728b)
Start importing Assets/Visual Design Cafe/Nature Renderer/Resources/Default Grass Patch.fbx using Guid(34ffaddba4b8fba47bf3a6a0496f47f3) Importer(815301076,1909f56bfc062723c751e8b465ee728b)  -> (artifact id: '4e46bb2e25b4a1c3878aa0c1762404f9') in 1.157484 seconds 
========================================================================
Received Import Request.
  Time since last request: 2.058102 seconds.
  path: Assets/Visual Design Cafe/Stylized Nature - Grasslands/Grass/Grass Generic Group Medium.prefab
  artifactKey: Guid(7a98af77471fb984ebdc521519ec42a8) Importer(815301076,1909f56bfc062723c751e8b465ee728b)
Start importing Assets/Visual Design Cafe/Stylized Nature - Grasslands/Grass/Grass Generic Group Medium.prefab using Guid(7a98af77471fb984ebdc521519ec42a8) Importer(815301076,1909f56bfc062723c751e8b465ee728b)  -> (artifact id: '54bbbd6aef7b9b2a3ed8cecf105b2db0') in 1.165087 seconds 
========================================================================
Received Import Request.
  Time since last request: 29.516472 seconds.
  path: Assets/Visual Design Cafe/Nature Renderer/Resources
  artifactKey: Guid(f6515e65e017b63448caa2f20f923f8c) Importer(815301076,1909f56bfc062723c751e8b465ee728b)
Start importing Assets/Visual Design Cafe/Nature Renderer/Resources using Guid(f6515e65e017b63448caa2f20f923f8c) Importer(815301076,1909f56bfc062723c751e8b465ee728b)  -> (artifact id: '3be0840c0e4b76c6bd740505720d5bd1') in 0.001119 seconds 
========================================================================
Received Import Request.
  Time since last request: 0.141788 seconds.
  path: Assets/Visual Design Cafe/Nature Renderer/Resources/Default Grass.mat
  artifactKey: Guid(3652705531e58a743a1876fa8d7ad67c) Importer(815301076,1909f56bfc062723c751e8b465ee728b)
Start importing Assets/Visual Design Cafe/Nature Renderer/Resources/Default Grass.mat using Guid(3652705531e58a743a1876fa8d7ad67c) Importer(815301076,1909f56bfc062723c751e8b465ee728b)  -> (artifact id: '98b201763020e255eba2e697a5a519ad') in 0.038778 seconds 
========================================================================
Received Import Request.
  Time since last request: 2.314671 seconds.
  path: Assets/Visual Design Cafe/Nature Renderer/Editor Resources/Nature Renderer Banner.png
  artifactKey: Guid(031694cc289d5de42b935dba9d2658a1) Importer(815301076,1909f56bfc062723c751e8b465ee728b)
Start importing Assets/Visual Design Cafe/Nature Renderer/Editor Resources/Nature Renderer Banner.png using Guid(031694cc289d5de42b935dba9d2658a1) Importer(815301076,1909f56bfc062723c751e8b465ee728b)  -> (artifact id: '099e8610ec0b9cea204b19b847cc1fb5') in 0.098401 seconds 
========================================================================
Received Import Request.
  Time since last request: 2.226300 seconds.
  path: Assets/Visual Design Cafe/Nature Renderer/Shader Graph/Procedural Instancing.shadersubgraph
  artifactKey: Guid(159794dee5aed4948ab4faae4edf6a9a) Importer(815301076,1909f56bfc062723c751e8b465ee728b)
Start importing Assets/Visual Design Cafe/Nature Renderer/Shader Graph/Procedural Instancing.shadersubgraph using Guid(159794dee5aed4948ab4faae4edf6a9a) Importer(815301076,1909f56bfc062723c751e8b465ee728b)  -> (artifact id: 'f92102eba1cceb64a258924e477d4bae') in 0.004470 seconds 
========================================================================
Received Import Request.
  Time since last request: 2.688157 seconds.
  path: Assets/Visual Design Cafe/Nature Renderer Demo/Common
  artifactKey: Guid(c19e64c5eded21143a3d73f190814ba9) Importer(815301076,1909f56bfc062723c751e8b465ee728b)
Start importing Assets/Visual Design Cafe/Nature Renderer Demo/Common using Guid(c19e64c5eded21143a3d73f190814ba9) Importer(815301076,1909f56bfc062723c751e8b465ee728b)  -> (artifact id: '5df3a7a5df47a4199e3f1077aaf3b4ec') in 0.001230 seconds 
========================================================================
Received Import Request.
  Time since last request: 0.196642 seconds.
  path: Assets/Visual Design Cafe/Nature Renderer Demo/Common/SampleTerrain.asset
  artifactKey: Guid(1961ec1f53b47044d89c8f19d5b1fc54) Importer(815301076,1909f56bfc062723c751e8b465ee728b)
Start importing Assets/Visual Design Cafe/Nature Renderer Demo/Common/SampleTerrain.asset using Guid(1961ec1f53b47044d89c8f19d5b1fc54) Importer(815301076,1909f56bfc062723c751e8b465ee728b)  -> (artifact id: 'a44e388987d13a9d991ed7a72f3c5cc9') in 0.052110 seconds 
========================================================================
Received Import Request.
  Time since last request: 11.625871 seconds.
  path: Assets/Visual Design Cafe/Stylized Nature - Grasslands/Trees
  artifactKey: Guid(d835c0a694ad209499e609b2f5211ec4) Importer(815301076,1909f56bfc062723c751e8b465ee728b)
Start importing Assets/Visual Design Cafe/Stylized Nature - Grasslands/Trees using Guid(d835c0a694ad209499e609b2f5211ec4) Importer(815301076,1909f56bfc062723c751e8b465ee728b)  -> (artifact id: '31f4f8bb792f88440363623e200a268d') in 0.001241 seconds 
========================================================================
Received Import Request.
  Time since last request: 0.173298 seconds.
  path: Assets/Visual Design Cafe/Stylized Nature - Grasslands/Trees/Tree Broadleaf XL1.prefab
  artifactKey: Guid(817b12eb384dea244b294784b75777da) Importer(815301076,1909f56bfc062723c751e8b465ee728b)
Start importing Assets/Visual Design Cafe/Stylized Nature - Grasslands/Trees/Tree Broadleaf XL1.prefab using Guid(817b12eb384dea244b294784b75777da) Importer(815301076,1909f56bfc062723c751e8b465ee728b)  -> (artifact id: '4984d149f17ed749848b2501428fffb4') in 2.132537 seconds 
========================================================================
Received Import Request.
  Time since last request: 2.327122 seconds.
  path: Assets/Visual Design Cafe/Stylized Nature - Grasslands/(Source Assets)/Meshes/tree_Broadleaf_XL1_LOD0.fbx
  artifactKey: Guid(dac470a0a89459842a6e69246f347c87) Importer(815301076,1909f56bfc062723c751e8b465ee728b)
Start importing Assets/Visual Design Cafe/Stylized Nature - Grasslands/(Source Assets)/Meshes/tree_Broadleaf_XL1_LOD0.fbx using Guid(dac470a0a89459842a6e69246f347c87) Importer(815301076,1909f56bfc062723c751e8b465ee728b)  -> (artifact id: '736415bd54f6c6d5debf56ae72710604') in 0.420439 seconds 
